[W] invalid valud of CUDA_VISIBLE_DEVICES: "NoDevFiles"
[W] invalid valud of CUDA_VISIBLE_DEVICES: "NoDevFiles"
[W] invalid valud of CUDA_VISIBLE_DEVICES: "NoDevFiles"
[W] invalid valud of CUDA_VISIBLE_DEVICES: "NoDevFiles"
[W] invalid valud of CUDA_VISIBLE_DEVICES: "NoDevFiles"
[[1;34m172.16.240.1.10001[m::[1;35mstderr[m] 2023-10-01 18:11:39.365728: I tensorflow/stream_executor/platform/default/dso_loader.cc:49] Successfully opened dynamic library libcudart.so.10.1
[[1;33m172.16.240.1.10002[m::[1;35mstderr[m] 2023-10-01 18:11:39.365727: I tensorflow/stream_executor/platform/default/dso_loader.cc:49] Successfully opened dynamic library libcudart.so.10.1
[[1;32m172.16.240.1.10000[m::[1;35mstderr[m] 2023-10-01 18:11:39.365729: I tensorflow/stream_executor/platform/default/dso_loader.cc:49] Successfully opened dynamic library libcudart.so.10.1
[[1;36m172.16.240.1.10003[m::[1;35mstderr[m] 2023-10-01 18:11:39.365966: I tensorflow/stream_executor/platform/default/dso_loader.cc:49] Successfully opened dynamic library libcudart.so.10.1
[[1;32m172.16.240.1.10004[m::[1;35mstderr[m] 2023-10-01 18:11:39.365742: I tensorflow/stream_executor/platform/default/dso_loader.cc:49] Successfully opened dynamic library libcudart.so.10.1
[[1;33m172.16.240.1.10002[m::[1;35mstderr[m] 2023-10-01 18:11:51.239760: I tensorflow/stream_executor/platform/default/dso_loader.cc:49] Successfully opened dynamic library libcuda.so.1
[[1;32m172.16.240.1.10000[m::[1;35mstderr[m] 2023-10-01 18:11:51.239759: I tensorflow/stream_executor/platform/default/dso_loader.cc:49] Successfully opened dynamic library libcuda.so.1
[[1;36m172.16.240.1.10003[m::[1;35mstderr[m] 2023-10-01 18:11:51.239759: I tensorflow/stream_executor/platform/default/dso_loader.cc:49] Successfully opened dynamic library libcuda.so.1
[[1;34m172.16.240.1.10001[m::[1;35mstderr[m] 2023-10-01 18:11:51.239759: I tensorflow/stream_executor/platform/default/dso_loader.cc:49] Successfully opened dynamic library libcuda.so.1
[[1;32m172.16.240.1.10004[m::[1;35mstderr[m] 2023-10-01 18:11:51.239759: I tensorflow/stream_executor/platform/default/dso_loader.cc:49] Successfully opened dynamic library libcuda.so.1
[[1;34m172.16.240.1.10001[m::[1;35mstderr[m] 2023-10-01 18:11:51.308432: E tensorflow/stream_executor/cuda/cuda_driver.cc:328] failed call to cuInit: CUDA_ERROR_NO_DEVICE: no CUDA-capable device is detected
[[1;34m172.16.240.1.10001[m::[1;35mstderr[m] 2023-10-01 18:11:51.308523: I tensorflow/stream_executor/cuda/cuda_diagnostics.cc:169] retrieving CUDA diagnostic information for host: gpu21
[[1;34m172.16.240.1.10001[m::[1;35mstderr[m] 2023-10-01 18:11:51.308543: I tensorflow/stream_executor/cuda/cuda_diagnostics.cc:176] hostname: gpu21
[[1;32m172.16.240.1.10004[m::[1;35mstderr[m] 2023-10-01 18:11:51.308488: E tensorflow/stream_executor/cuda/cuda_driver.cc:328] failed call to cuInit: CUDA_ERROR_NO_DEVICE: no CUDA-capable device is detected
[[1;33m172.16.240.1.10002[m::[1;35mstderr[m] 2023-10-01 18:11:51.308458: E tensorflow/stream_executor/cuda/cuda_driver.cc:328] failed call to cuInit: CUDA_ERROR_NO_DEVICE: no CUDA-capable device is detected
[[1;32m172.16.240.1.10004[m::[1;35mstderr[m] 2023-10-01 18:11:51.308573: I tensorflow/stream_executor/cuda/cuda_diagnostics.cc:169] retrieving CUDA diagnostic information for host: gpu21
[[1;33m172.16.240.1.10002[m::[1;35mstderr[m] 2023-10-01 18:11:51.308542: I tensorflow/stream_executor/cuda/cuda_diagnostics.cc:169] retrieving CUDA diagnostic information for host: gpu21
[[1;32m172.16.240.1.10004[m::[1;35mstderr[m] 2023-10-01 18:11:51.308593: I tensorflow/stream_executor/cuda/cuda_diagnostics.cc:176] hostname: gpu21
[[1;36m172.16.240.1.10003[m::[1;35mstderr[m] 2023-10-01 18:11:51.308450: E tensorflow/stream_executor/cuda/cuda_driver.cc:328] failed call to cuInit: CUDA_ERROR_NO_DEVICE: no CUDA-capable device is detected
[[1;33m172.16.240.1.10002[m::[1;35mstderr[m] 2023-10-01 18:11:51.308562: I tensorflow/stream_executor/cuda/cuda_diagnostics.cc:176] hostname: gpu21
[[1;36m172.16.240.1.10003[m::[1;35mstderr[m] 2023-10-01 18:11:51.308529: I tensorflow/stream_executor/cuda/cuda_diagnostics.cc:169] retrieving CUDA diagnostic information for host: gpu21
[[1;36m172.16.240.1.10003[m::[1;35mstderr[m] 2023-10-01 18:11:51.308550: I tensorflow/stream_executor/cuda/cuda_diagnostics.cc:176] hostname: gpu21
[[1;32m172.16.240.1.10000[m::[1;35mstderr[m] 2023-10-01 18:11:51.308678: E tensorflow/stream_executor/cuda/cuda_driver.cc:328] failed call to cuInit: CUDA_ERROR_NO_DEVICE: no CUDA-capable device is detected
[[1;32m172.16.240.1.10000[m::[1;35mstderr[m] 2023-10-01 18:11:51.308765: I tensorflow/stream_executor/cuda/cuda_diagnostics.cc:169] retrieving CUDA diagnostic information for host: gpu21
[[1;32m172.16.240.1.10000[m::[1;35mstderr[m] 2023-10-01 18:11:51.308785: I tensorflow/stream_executor/cuda/cuda_diagnostics.cc:176] hostname: gpu21
[[1;32m172.16.240.1.10004[m::[1;35mstderr[m] 2023-10-01 18:11:51.308802: I tensorflow/stream_executor/cuda/cuda_diagnostics.cc:200] libcuda reported version is: 418.67.0
[[1;33m172.16.240.1.10002[m::[1;35mstderr[m] 2023-10-01 18:11:51.308783: I tensorflow/stream_executor/cuda/cuda_diagnostics.cc:200] libcuda reported version is: 418.67.0
[[1;36m172.16.240.1.10003[m::[1;35mstderr[m] 2023-10-01 18:11:51.308780: I tensorflow/stream_executor/cuda/cuda_diagnostics.cc:200] libcuda reported version is: 418.67.0
[[1;34m172.16.240.1.10001[m::[1;35mstderr[m] 2023-10-01 18:11:51.308785: I tensorflow/stream_executor/cuda/cuda_diagnostics.cc:200] libcuda reported version is: 418.67.0
[[1;36m172.16.240.1.10003[m::[1;35mstderr[m] 2023-10-01 18:11:51.308876: I tensorflow/stream_executor/cuda/cuda_diagnostics.cc:204] kernel reported version is: 418.67.0
[[1;34m172.16.240.1.10001[m::[1;35mstderr[m] 2023-10-01 18:11:51.308882: I tensorflow/stream_executor/cuda/cuda_diagnostics.cc:204] kernel reported version is: 418.67.0
[[1;33m172.16.240.1.10002[m::[1;35mstderr[m] 2023-10-01 18:11:51.308883: I tensorflow/stream_executor/cuda/cuda_diagnostics.cc:204] kernel reported version is: 418.67.0
[[1;36m172.16.240.1.10003[m::[1;35mstderr[m] 2023-10-01 18:11:51.308896: I tensorflow/stream_executor/cuda/cuda_diagnostics.cc:310] kernel version seems to match DSO: 418.67.0
[[1;34m172.16.240.1.10001[m::[1;35mstderr[m] 2023-10-01 18:11:51.308901: I tensorflow/stream_executor/cuda/cuda_diagnostics.cc:310] kernel version seems to match DSO: 418.67.0
[[1;33m172.16.240.1.10002[m::[1;35mstderr[m] 2023-10-01 18:11:51.308902: I tensorflow/stream_executor/cuda/cuda_diagnostics.cc:310] kernel version seems to match DSO: 418.67.0
[[1;32m172.16.240.1.10004[m::[1;35mstderr[m] 2023-10-01 18:11:51.308890: I tensorflow/stream_executor/cuda/cuda_diagnostics.cc:204] kernel reported version is: 418.67.0
[[1;32m172.16.240.1.10004[m::[1;35mstderr[m] 2023-10-01 18:11:51.308910: I tensorflow/stream_executor/cuda/cuda_diagnostics.cc:310] kernel version seems to match DSO: 418.67.0
[[1;32m172.16.240.1.10000[m::[1;35mstderr[m] 2023-10-01 18:11:51.308983: I tensorflow/stream_executor/cuda/cuda_diagnostics.cc:200] libcuda reported version is: 418.67.0
[[1;32m172.16.240.1.10000[m::[1;35mstderr[m] 2023-10-01 18:11:51.309085: I tensorflow/stream_executor/cuda/cuda_diagnostics.cc:204] kernel reported version is: 418.67.0
[[1;32m172.16.240.1.10000[m::[1;35mstderr[m] 2023-10-01 18:11:51.309107: I tensorflow/stream_executor/cuda/cuda_diagnostics.cc:310] kernel version seems to match DSO: 418.67.0
[[1;33m172.16.240.1.10002[m::[1;35mstderr[m] 2023-10-01 18:11:51.310747: I tensorflow/core/platform/cpu_feature_guard.cc:142] This TensorFlow binary is optimized with oneAPI Deep Neural Network Library (oneDNN) to use the following CPU instructions in performance-critical operations:  SSE3 SSE4.1 SSE4.2 AVX AVX2 FMA
[[1;32m172.16.240.1.10000[m::[1;35mstderr[m] 2023-10-01 18:11:51.310738: I tensorflow/core/platform/cpu_feature_guard.cc:142] This TensorFlow binary is optimized with oneAPI Deep Neural Network Library (oneDNN) to use the following CPU instructions in performance-critical operations:  SSE3 SSE4.1 SSE4.2 AVX AVX2 FMA
[[1;34m172.16.240.1.10001[m::[1;35mstderr[m] 2023-10-01 18:11:51.310752: I tensorflow/core/platform/cpu_feature_guard.cc:142] This TensorFlow binary is optimized with oneAPI Deep Neural Network Library (oneDNN) to use the following CPU instructions in performance-critical operations:  SSE3 SSE4.1 SSE4.2 AVX AVX2 FMA
[[1;32m172.16.240.1.10000[m::[1;35mstderr[m] To enable them in other operations, rebuild TensorFlow with the appropriate compiler flags.
[[1;33m172.16.240.1.10002[m::[1;35mstderr[m] To enable them in other operations, rebuild TensorFlow with the appropriate compiler flags.
[[1;34m172.16.240.1.10001[m::[1;35mstderr[m] To enable them in other operations, rebuild TensorFlow with the appropriate compiler flags.
[[1;32m172.16.240.1.10004[m::[1;35mstderr[m] 2023-10-01 18:11:51.310736: I tensorflow/core/platform/cpu_feature_guard.cc:142] This TensorFlow binary is optimized with oneAPI Deep Neural Network Library (oneDNN) to use the following CPU instructions in performance-critical operations:  SSE3 SSE4.1 SSE4.2 AVX AVX2 FMA
[[1;36m172.16.240.1.10003[m::[1;35mstderr[m] 2023-10-01 18:11:51.310721: I tensorflow/core/platform/cpu_feature_guard.cc:142] This TensorFlow binary is optimized with oneAPI Deep Neural Network Library (oneDNN) to use the following CPU instructions in performance-critical operations:  SSE3 SSE4.1 SSE4.2 AVX AVX2 FMA
[[1;32m172.16.240.1.10004[m::[1;35mstderr[m] To enable them in other operations, rebuild TensorFlow with the appropriate compiler flags.
[[1;36m172.16.240.1.10003[m::[1;35mstderr[m] To enable them in other operations, rebuild TensorFlow with the appropriate compiler flags.
[[1;34m172.16.240.1.10001[m::[1;35mstderr[m] 2023-10-01 18:11:51.326224: I tensorflow/core/platform/profile_utils/cpu_utils.cc:112] CPU Frequency: 2600180000 Hz
[[1;32m172.16.240.1.10000[m::[1;35mstderr[m] 2023-10-01 18:11:51.329330: I tensorflow/core/platform/profile_utils/cpu_utils.cc:112] CPU Frequency: 2600180000 Hz
[[1;33m172.16.240.1.10002[m::[1;35mstderr[m] 2023-10-01 18:11:51.329633: I tensorflow/core/platform/profile_utils/cpu_utils.cc:112] CPU Frequency: 2600180000 Hz
[[1;34m172.16.240.1.10001[m::[1;35mstderr[m] 2023-10-01 18:11:51.329803: I tensorflow/compiler/xla/service/service.cc:168] XLA service 0x5418180 initialized for platform Host (this does not guarantee that XLA will be used). Devices:
[[1;34m172.16.240.1.10001[m::[1;35mstderr[m] 2023-10-01 18:11:51.329848: I tensorflow/compiler/xla/service/service.cc:176]   StreamExecutor device (0): Host, Default Version
[[1;32m172.16.240.1.10004[m::[1;35mstderr[m] 2023-10-01 18:11:51.329924: I tensorflow/core/platform/profile_utils/cpu_utils.cc:112] CPU Frequency: 2600180000 Hz
[[1;36m172.16.240.1.10003[m::[1;35mstderr[m] 2023-10-01 18:11:51.330378: I tensorflow/core/platform/profile_utils/cpu_utils.cc:112] CPU Frequency: 2600180000 Hz
[[1;32m172.16.240.1.10000[m::[1;35mstderr[m] 2023-10-01 18:11:51.332915: I tensorflow/compiler/xla/service/service.cc:168] XLA service 0x5d06390 initialized for platform Host (this does not guarantee that XLA will be used). Devices:
[[1;32m172.16.240.1.10000[m::[1;35mstderr[m] 2023-10-01 18:11:51.332968: I tensorflow/compiler/xla/service/service.cc:176]   StreamExecutor device (0): Host, Default Version
[[1;33m172.16.240.1.10002[m::[1;35mstderr[m] 2023-10-01 18:11:51.333235: I tensorflow/compiler/xla/service/service.cc:168] XLA service 0x43f0190 initialized for platform Host (this does not guarantee that XLA will be used). Devices:
[[1;33m172.16.240.1.10002[m::[1;35mstderr[m] 2023-10-01 18:11:51.333275: I tensorflow/compiler/xla/service/service.cc:176]   StreamExecutor device (0): Host, Default Version
[[1;32m172.16.240.1.10004[m::[1;35mstderr[m] 2023-10-01 18:11:51.333548: I tensorflow/compiler/xla/service/service.cc:168] XLA service 0x406a0f0 initialized for platform Host (this does not guarantee that XLA will be used). Devices:
[[1;32m172.16.240.1.10004[m::[1;35mstderr[m] 2023-10-01 18:11:51.333588: I tensorflow/compiler/xla/service/service.cc:176]   StreamExecutor device (0): Host, Default Version
[[1;36m172.16.240.1.10003[m::[1;35mstderr[m] 2023-10-01 18:11:51.334333: I tensorflow/compiler/xla/service/service.cc:168] XLA service 0x55132a0 initialized for platform Host (this does not guarantee that XLA will be used). Devices:
[[1;36m172.16.240.1.10003[m::[1;35mstderr[m] 2023-10-01 18:11:51.334369: I tensorflow/compiler/xla/service/service.cc:176]   StreamExecutor device (0): Host, Default Version
[[1;32m172.16.240.1.10004[m::[1;35mstderr[m] 2023-10-01 18:11:53.423600: I tensorflow/compiler/mlir/mlir_graph_optimization_pass.cc:116] None of the MLIR optimization passes are enabled (registered 2)
[[1;34m172.16.240.1.10001[m::[1;35mstderr[m] 2023-10-01 18:11:53.427742: I tensorflow/compiler/mlir/mlir_graph_optimization_pass.cc:116] None of the MLIR optimization passes are enabled (registered 2)
[[1;36m172.16.240.1.10003[m::[1;35mstderr[m] 2023-10-01 18:11:53.428065: I tensorflow/compiler/mlir/mlir_graph_optimization_pass.cc:116] None of the MLIR optimization passes are enabled (registered 2)
[[1;33m172.16.240.1.10002[m::[1;35mstderr[m] 2023-10-01 18:11:53.431748: I tensorflow/compiler/mlir/mlir_graph_optimization_pass.cc:116] None of the MLIR optimization passes are enabled (registered 2)
[[1;32m172.16.240.1.10000[m::[1;35mstderr[m] 2023-10-01 18:11:53.462436: I tensorflow/compiler/mlir/mlir_graph_optimization_pass.cc:116] None of the MLIR optimization passes are enabled (registered 2)
[W] invalid valud of CUDA_VISIBLE_DEVICES: "NoDevFiles"
[W] invalid valud of CUDA_VISIBLE_DEVICES: "NoDevFiles"
[W] invalid valud of CUDA_VISIBLE_DEVICES: "NoDevFiles"
[W] invalid valud of CUDA_VISIBLE_DEVICES: "NoDevFiles"
[W] invalid valud of CUDA_VISIBLE_DEVICES: "NoDevFiles"
[[1;36m172.16.240.1.10003[m::[1;35mstderr[m] 2023-10-01 18:13:59.865548: I tensorflow/stream_executor/platform/default/dso_loader.cc:49] Successfully opened dynamic library libcudart.so.10.1
[[1;32m172.16.240.1.10004[m::[1;35mstderr[m] 2023-10-01 18:13:59.866693: I tensorflow/stream_executor/platform/default/dso_loader.cc:49] Successfully opened dynamic library libcudart.so.10.1
[[1;32m172.16.240.1.10000[m::[1;35mstderr[m] 2023-10-01 18:13:59.866687: I tensorflow/stream_executor/platform/default/dso_loader.cc:49] Successfully opened dynamic library libcudart.so.10.1
[[1;33m172.16.240.1.10002[m::[1;35mstderr[m] 2023-10-01 18:13:59.866689: I tensorflow/stream_executor/platform/default/dso_loader.cc:49] Successfully opened dynamic library libcudart.so.10.1
[[1;34m172.16.240.1.10001[m::[1;35mstderr[m] 2023-10-01 18:13:59.866684: I tensorflow/stream_executor/platform/default/dso_loader.cc:49] Successfully opened dynamic library libcudart.so.10.1
[[1;36m172.16.240.1.10003[m::[1;35mstderr[m] 2023-10-01 18:14:10.578256: I tensorflow/stream_executor/platform/default/dso_loader.cc:49] Successfully opened dynamic library libcuda.so.1
[[1;32m172.16.240.1.10000[m::[1;35mstderr[m] 2023-10-01 18:14:10.578253: I tensorflow/stream_executor/platform/default/dso_loader.cc:49] Successfully opened dynamic library libcuda.so.1
[[1;34m172.16.240.1.10001[m::[1;35mstderr[m] 2023-10-01 18:14:10.578255: I tensorflow/stream_executor/platform/default/dso_loader.cc:49] Successfully opened dynamic library libcuda.so.1
[[1;33m172.16.240.1.10002[m::[1;35mstderr[m] 2023-10-01 18:14:10.578256: I tensorflow/stream_executor/platform/default/dso_loader.cc:49] Successfully opened dynamic library libcuda.so.1
[[1;32m172.16.240.1.10004[m::[1;35mstderr[m] 2023-10-01 18:14:10.578253: I tensorflow/stream_executor/platform/default/dso_loader.cc:49] Successfully opened dynamic library libcuda.so.1
[[1;32m172.16.240.1.10000[m::[1;35mstderr[m] 2023-10-01 18:14:10.646080: E tensorflow/stream_executor/cuda/cuda_driver.cc:328] failed call to cuInit: CUDA_ERROR_NO_DEVICE: no CUDA-capable device is detected
[[1;32m172.16.240.1.10000[m::[1;35mstderr[m] 2023-10-01 18:14:10.646166: I tensorflow/stream_executor/cuda/cuda_diagnostics.cc:169] retrieving CUDA diagnostic information for host: gpu21
[[1;32m172.16.240.1.10000[m::[1;35mstderr[m] 2023-10-01 18:14:10.646186: I tensorflow/stream_executor/cuda/cuda_diagnostics.cc:176] hostname: gpu21
[[1;36m172.16.240.1.10003[m::[1;35mstderr[m] 2023-10-01 18:14:10.646216: E tensorflow/stream_executor/cuda/cuda_driver.cc:328] failed call to cuInit: CUDA_ERROR_NO_DEVICE: no CUDA-capable device is detected
[[1;36m172.16.240.1.10003[m::[1;35mstderr[m] 2023-10-01 18:14:10.646288: I tensorflow/stream_executor/cuda/cuda_diagnostics.cc:169] retrieving CUDA diagnostic information for host: gpu21
[[1;36m172.16.240.1.10003[m::[1;35mstderr[m] 2023-10-01 18:14:10.646311: I tensorflow/stream_executor/cuda/cuda_diagnostics.cc:176] hostname: gpu21
[[1;32m172.16.240.1.10000[m::[1;35mstderr[m] 2023-10-01 18:14:10.646385: I tensorflow/stream_executor/cuda/cuda_diagnostics.cc:200] libcuda reported version is: 418.67.0
[[1;32m172.16.240.1.10000[m::[1;35mstderr[m] 2023-10-01 18:14:10.646493: I tensorflow/stream_executor/cuda/cuda_diagnostics.cc:204] kernel reported version is: 418.67.0
[[1;32m172.16.240.1.10000[m::[1;35mstderr[m] 2023-10-01 18:14:10.646516: I tensorflow/stream_executor/cuda/cuda_diagnostics.cc:310] kernel version seems to match DSO: 418.67.0
[[1;36m172.16.240.1.10003[m::[1;35mstderr[m] 2023-10-01 18:14:10.646509: I tensorflow/stream_executor/cuda/cuda_diagnostics.cc:200] libcuda reported version is: 418.67.0
[[1;33m172.16.240.1.10002[m::[1;35mstderr[m] 2023-10-01 18:14:10.646561: E tensorflow/stream_executor/cuda/cuda_driver.cc:328] failed call to cuInit: CUDA_ERROR_NO_DEVICE: no CUDA-capable device is detected
[[1;36m172.16.240.1.10003[m::[1;35mstderr[m] 2023-10-01 18:14:10.646608: I tensorflow/stream_executor/cuda/cuda_diagnostics.cc:204] kernel reported version is: 418.67.0
[[1;36m172.16.240.1.10003[m::[1;35mstderr[m] 2023-10-01 18:14:10.646630: I tensorflow/stream_executor/cuda/cuda_diagnostics.cc:310] kernel version seems to match DSO: 418.67.0
[[1;33m172.16.240.1.10002[m::[1;35mstderr[m] 2023-10-01 18:14:10.646636: I tensorflow/stream_executor/cuda/cuda_diagnostics.cc:169] retrieving CUDA diagnostic information for host: gpu21
[[1;33m172.16.240.1.10002[m::[1;35mstderr[m] 2023-10-01 18:14:10.646656: I tensorflow/stream_executor/cuda/cuda_diagnostics.cc:176] hostname: gpu21
[[1;33m172.16.240.1.10002[m::[1;35mstderr[m] 2023-10-01 18:14:10.646852: I tensorflow/stream_executor/cuda/cuda_diagnostics.cc:200] libcuda reported version is: 418.67.0
[[1;33m172.16.240.1.10002[m::[1;35mstderr[m] 2023-10-01 18:14:10.646947: I tensorflow/stream_executor/cuda/cuda_diagnostics.cc:204] kernel reported version is: 418.67.0
[[1;33m172.16.240.1.10002[m::[1;35mstderr[m] 2023-10-01 18:14:10.646969: I tensorflow/stream_executor/cuda/cuda_diagnostics.cc:310] kernel version seems to match DSO: 418.67.0
[[1;34m172.16.240.1.10001[m::[1;35mstderr[m] 2023-10-01 18:14:10.647002: E tensorflow/stream_executor/cuda/cuda_driver.cc:328] failed call to cuInit: CUDA_ERROR_NO_DEVICE: no CUDA-capable device is detected
[[1;32m172.16.240.1.10004[m::[1;35mstderr[m] 2023-10-01 18:14:10.647009: E tensorflow/stream_executor/cuda/cuda_driver.cc:328] failed call to cuInit: CUDA_ERROR_NO_DEVICE: no CUDA-capable device is detected
[[1;34m172.16.240.1.10001[m::[1;35mstderr[m] 2023-10-01 18:14:10.647086: I tensorflow/stream_executor/cuda/cuda_diagnostics.cc:169] retrieving CUDA diagnostic information for host: gpu21
[[1;34m172.16.240.1.10001[m::[1;35mstderr[m] 2023-10-01 18:14:10.647108: I tensorflow/stream_executor/cuda/cuda_diagnostics.cc:176] hostname: gpu21
[[1;32m172.16.240.1.10004[m::[1;35mstderr[m] 2023-10-01 18:14:10.647092: I tensorflow/stream_executor/cuda/cuda_diagnostics.cc:169] retrieving CUDA diagnostic information for host: gpu21
[[1;32m172.16.240.1.10004[m::[1;35mstderr[m] 2023-10-01 18:14:10.647111: I tensorflow/stream_executor/cuda/cuda_diagnostics.cc:176] hostname: gpu21
[[1;32m172.16.240.1.10004[m::[1;35mstderr[m] 2023-10-01 18:14:10.647319: I tensorflow/stream_executor/cuda/cuda_diagnostics.cc:200] libcuda reported version is: 418.67.0
[[1;34m172.16.240.1.10001[m::[1;35mstderr[m] 2023-10-01 18:14:10.647327: I tensorflow/stream_executor/cuda/cuda_diagnostics.cc:200] libcuda reported version is: 418.67.0
[[1;32m172.16.240.1.10004[m::[1;35mstderr[m] 2023-10-01 18:14:10.647417: I tensorflow/stream_executor/cuda/cuda_diagnostics.cc:204] kernel reported version is: 418.67.0
[[1;32m172.16.240.1.10004[m::[1;35mstderr[m] 2023-10-01 18:14:10.647438: I tensorflow/stream_executor/cuda/cuda_diagnostics.cc:310] kernel version seems to match DSO: 418.67.0
[[1;32m172.16.240.1.10000[m::[1;35mstderr[m] 2023-10-01 18:14:10.647432: I tensorflow/core/platform/cpu_feature_guard.cc:142] This TensorFlow binary is optimized with oneAPI Deep Neural Network Library (oneDNN) to use the following CPU instructions in performance-critical operations:  SSE3 SSE4.1 SSE4.2 AVX AVX2 FMA
[[1;32m172.16.240.1.10000[m::[1;35mstderr[m] To enable them in other operations, rebuild TensorFlow with the appropriate compiler flags.
[[1;36m172.16.240.1.10003[m::[1;35mstderr[m] 2023-10-01 18:14:10.647431: I tensorflow/core/platform/cpu_feature_guard.cc:142] This TensorFlow binary is optimized with oneAPI Deep Neural Network Library (oneDNN) to use the following CPU instructions in performance-critical operations:  SSE3 SSE4.1 SSE4.2 AVX AVX2 FMA
[[1;34m172.16.240.1.10001[m::[1;35mstderr[m] 2023-10-01 18:14:10.647428: I tensorflow/stream_executor/cuda/cuda_diagnostics.cc:204] kernel reported version is: 418.67.0
[[1;34m172.16.240.1.10001[m::[1;35mstderr[m] 2023-10-01 18:14:10.647447: I tensorflow/stream_executor/cuda/cuda_diagnostics.cc:310] kernel version seems to match DSO: 418.67.0
[[1;36m172.16.240.1.10003[m::[1;35mstderr[m] To enable them in other operations, rebuild TensorFlow with the appropriate compiler flags.
[[1;33m172.16.240.1.10002[m::[1;35mstderr[m] 2023-10-01 18:14:10.647750: I tensorflow/core/platform/cpu_feature_guard.cc:142] This TensorFlow binary is optimized with oneAPI Deep Neural Network Library (oneDNN) to use the following CPU instructions in performance-critical operations:  SSE3 SSE4.1 SSE4.2 AVX AVX2 FMA
[[1;33m172.16.240.1.10002[m::[1;35mstderr[m] To enable them in other operations, rebuild TensorFlow with the appropriate compiler flags.
[[1;34m172.16.240.1.10001[m::[1;35mstderr[m] 2023-10-01 18:14:10.648309: I tensorflow/core/platform/cpu_feature_guard.cc:142] This TensorFlow binary is optimized with oneAPI Deep Neural Network Library (oneDNN) to use the following CPU instructions in performance-critical operations:  SSE3 SSE4.1 SSE4.2 AVX AVX2 FMA
[[1;34m172.16.240.1.10001[m::[1;35mstderr[m] To enable them in other operations, rebuild TensorFlow with the appropriate compiler flags.
[[1;32m172.16.240.1.10004[m::[1;35mstderr[m] 2023-10-01 18:14:10.648283: I tensorflow/core/platform/cpu_feature_guard.cc:142] This TensorFlow binary is optimized with oneAPI Deep Neural Network Library (oneDNN) to use the following CPU instructions in performance-critical operations:  SSE3 SSE4.1 SSE4.2 AVX AVX2 FMA
[[1;32m172.16.240.1.10004[m::[1;35mstderr[m] To enable them in other operations, rebuild TensorFlow with the appropriate compiler flags.
[[1;36m172.16.240.1.10003[m::[1;35mstderr[m] 2023-10-01 18:14:10.664653: I tensorflow/core/platform/profile_utils/cpu_utils.cc:112] CPU Frequency: 2600180000 Hz
[[1;32m172.16.240.1.10000[m::[1;35mstderr[m] 2023-10-01 18:14:10.664917: I tensorflow/core/platform/profile_utils/cpu_utils.cc:112] CPU Frequency: 2600180000 Hz
[[1;33m172.16.240.1.10002[m::[1;35mstderr[m] 2023-10-01 18:14:10.665111: I tensorflow/core/platform/profile_utils/cpu_utils.cc:112] CPU Frequency: 2600180000 Hz
[[1;32m172.16.240.1.10004[m::[1;35mstderr[m] 2023-10-01 18:14:10.665171: I tensorflow/core/platform/profile_utils/cpu_utils.cc:112] CPU Frequency: 2600180000 Hz
[[1;34m172.16.240.1.10001[m::[1;35mstderr[m] 2023-10-01 18:14:10.666028: I tensorflow/core/platform/profile_utils/cpu_utils.cc:112] CPU Frequency: 2600180000 Hz
[[1;32m172.16.240.1.10000[m::[1;35mstderr[m] 2023-10-01 18:14:10.668123: I tensorflow/compiler/xla/service/service.cc:168] XLA service 0x43f12f0 initialized for platform Host (this does not guarantee that XLA will be used). Devices:
[[1;32m172.16.240.1.10000[m::[1;35mstderr[m] 2023-10-01 18:14:10.668153: I tensorflow/compiler/xla/service/service.cc:176]   StreamExecutor device (0): Host, Default Version
[[1;36m172.16.240.1.10003[m::[1;35mstderr[m] 2023-10-01 18:14:10.668444: I tensorflow/compiler/xla/service/service.cc:168] XLA service 0x4546140 initialized for platform Host (this does not guarantee that XLA will be used). Devices:
[[1;36m172.16.240.1.10003[m::[1;35mstderr[m] 2023-10-01 18:14:10.668467: I tensorflow/compiler/xla/service/service.cc:176]   StreamExecutor device (0): Host, Default Version
[[1;32m172.16.240.1.10004[m::[1;35mstderr[m] 2023-10-01 18:14:10.668757: I tensorflow/compiler/xla/service/service.cc:168] XLA service 0x4ec2c60 initialized for platform Host (this does not guarantee that XLA will be used). Devices:
[[1;32m172.16.240.1.10004[m::[1;35mstderr[m] 2023-10-01 18:14:10.668802: I tensorflow/compiler/xla/service/service.cc:176]   StreamExecutor device (0): Host, Default Version
[[1;34m172.16.240.1.10001[m::[1;35mstderr[m] 2023-10-01 18:14:10.669083: I tensorflow/compiler/xla/service/service.cc:168] XLA service 0x4260200 initialized for platform Host (this does not guarantee that XLA will be used). Devices:
[[1;34m172.16.240.1.10001[m::[1;35mstderr[m] 2023-10-01 18:14:10.669103: I tensorflow/compiler/xla/service/service.cc:176]   StreamExecutor device (0): Host, Default Version
[[1;33m172.16.240.1.10002[m::[1;35mstderr[m] 2023-10-01 18:14:10.669147: I tensorflow/compiler/xla/service/service.cc:168] XLA service 0x56c00c0 initialized for platform Host (this does not guarantee that XLA will be used). Devices:
[[1;33m172.16.240.1.10002[m::[1;35mstderr[m] 2023-10-01 18:14:10.669187: I tensorflow/compiler/xla/service/service.cc:176]   StreamExecutor device (0): Host, Default Version
[[1;33m172.16.240.1.10002[m::[1;35mstderr[m] 2023-10-01 18:14:12.739250: I tensorflow/compiler/mlir/mlir_graph_optimization_pass.cc:116] None of the MLIR optimization passes are enabled (registered 2)
[[1;32m172.16.240.1.10000[m::[1;35mstderr[m] 2023-10-01 18:14:12.740756: I tensorflow/compiler/mlir/mlir_graph_optimization_pass.cc:116] None of the MLIR optimization passes are enabled (registered 2)
[[1;32m172.16.240.1.10004[m::[1;35mstderr[m] 2023-10-01 18:14:12.743995: I tensorflow/compiler/mlir/mlir_graph_optimization_pass.cc:116] None of the MLIR optimization passes are enabled (registered 2)
[[1;36m172.16.240.1.10003[m::[1;35mstderr[m] 2023-10-01 18:14:12.752460: I tensorflow/compiler/mlir/mlir_graph_optimization_pass.cc:116] None of the MLIR optimization passes are enabled (registered 2)
[[1;34m172.16.240.1.10001[m::[1;35mstderr[m] 2023-10-01 18:14:12.786478: I tensorflow/compiler/mlir/mlir_graph_optimization_pass.cc:116] None of the MLIR optimization passes are enabled (registered 2)
srun: Job step aborted: Waiting up to 32 seconds for job step to finish.
srun: got SIGCONT
slurmstepd: error: *** STEP 1535636.0 ON gpu21 CANCELLED AT 2023-10-01T18:15:53 ***
slurmstepd: error: *** JOB 1535636 ON gpu21 CANCELLED AT 2023-10-01T18:15:53 ***
srun: forcing job termination
srun: error: gpu21: task 0: Terminated
srun: Terminating job step 1535636.0
