[W] invalid valud of CUDA_VISIBLE_DEVICES: "NoDevFiles"
[W] invalid valud of CUDA_VISIBLE_DEVICES: "NoDevFiles"
[W] invalid valud of CUDA_VISIBLE_DEVICES: "NoDevFiles"
[W] invalid valud of CUDA_VISIBLE_DEVICES: "NoDevFiles"
[W] invalid valud of CUDA_VISIBLE_DEVICES: "NoDevFiles"
[W] invalid valud of CUDA_VISIBLE_DEVICES: "NoDevFiles"
[[1;34m172.16.239.3.10001[m::[1;35mstderr[m] 2023-10-21 11:41:41.083779: E tensorflow/stream_executor/cuda/cuda_driver.cc:271] failed call to cuInit: CUDA_ERROR_NO_DEVICE: no CUDA-capable device is detected
[[1;32m172.16.239.3.10000[m::[1;35mstderr[m] 2023-10-21 11:41:41.083788: E tensorflow/stream_executor/cuda/cuda_driver.cc:271] failed call to cuInit: CUDA_ERROR_NO_DEVICE: no CUDA-capable device is detected
[[1;32m172.16.240.6.10000[m::[1;35mstderr[m] 2023-10-21 11:41:41.105565: E tensorflow/stream_executor/cuda/cuda_driver.cc:271] failed call to cuInit: CUDA_ERROR_NO_DEVICE: no CUDA-capable device is detected
[[1;34m172.16.240.6.10001[m::[1;35mstderr[m] 2023-10-21 11:41:41.105566: E tensorflow/stream_executor/cuda/cuda_driver.cc:271] failed call to cuInit: CUDA_ERROR_NO_DEVICE: no CUDA-capable device is detected
[[1;34m172.16.239.3.10001[m::[1;35mstderr[m] 2023-10-21 11:41:41.087803: I tensorflow/stream_executor/cuda/cuda_diagnostics.cc:169] retrieving CUDA diagnostic information for host: gpu03
[[1;34m172.16.239.3.10001[m::[1;35mstderr[m] 2023-10-21 11:41:41.087863: I tensorflow/stream_executor/cuda/cuda_diagnostics.cc:176] hostname: gpu03
[[1;34m172.16.239.3.10001[m::[1;35mstderr[m] 2023-10-21 11:41:41.088094: I tensorflow/stream_executor/cuda/cuda_diagnostics.cc:200] libcuda reported version is: 418.67.0
[[1;34m172.16.239.3.10001[m::[1;35mstderr[m] 2023-10-21 11:41:41.088210: I tensorflow/stream_executor/cuda/cuda_diagnostics.cc:204] kernel reported version is: 418.67.0
[[1;34m172.16.239.3.10001[m::[1;35mstderr[m] 2023-10-21 11:41:41.088232: I tensorflow/stream_executor/cuda/cuda_diagnostics.cc:310] kernel version seems to match DSO: 418.67.0
[[1;34m172.16.239.3.10001[m::[1;35mstderr[m] 2023-10-21 11:41:41.112875: I tensorflow/compiler/xla/service/service.cc:171] XLA service 0x632c280 initialized for platform Host (this does not guarantee that XLA will be used). Devices:
[[1;34m172.16.239.3.10001[m::[1;35mstderr[m] 2023-10-21 11:41:41.112914: I tensorflow/compiler/xla/service/service.cc:179]   StreamExecutor device (0): Host, Default Version
[[1;32m172.16.239.3.10000[m::[1;35mstderr[m] 2023-10-21 11:41:41.087848: I tensorflow/stream_executor/cuda/cuda_diagnostics.cc:169] retrieving CUDA diagnostic information for host: gpu03
[[1;32m172.16.239.3.10000[m::[1;35mstderr[m] 2023-10-21 11:41:41.087884: I tensorflow/stream_executor/cuda/cuda_diagnostics.cc:176] hostname: gpu03
[[1;32m172.16.239.3.10000[m::[1;35mstderr[m] 2023-10-21 11:41:41.088112: I tensorflow/stream_executor/cuda/cuda_diagnostics.cc:200] libcuda reported version is: 418.67.0
[[1;32m172.16.239.3.10000[m::[1;35mstderr[m] 2023-10-21 11:41:41.088214: I tensorflow/stream_executor/cuda/cuda_diagnostics.cc:204] kernel reported version is: 418.67.0
[[1;32m172.16.239.3.10000[m::[1;35mstderr[m] 2023-10-21 11:41:41.088237: I tensorflow/stream_executor/cuda/cuda_diagnostics.cc:310] kernel version seems to match DSO: 418.67.0
[[1;32m172.16.239.3.10000[m::[1;35mstderr[m] 2023-10-21 11:41:41.110335: I tensorflow/compiler/xla/service/service.cc:171] XLA service 0x5163540 initialized for platform Host (this does not guarantee that XLA will be used). Devices:
[[1;32m172.16.239.3.10000[m::[1;35mstderr[m] 2023-10-21 11:41:41.110384: I tensorflow/compiler/xla/service/service.cc:179]   StreamExecutor device (0): Host, Default Version
[[1;32m172.16.240.6.10000[m::[1;35mstderr[m] 2023-10-21 11:41:41.109904: I tensorflow/stream_executor/cuda/cuda_diagnostics.cc:169] retrieving CUDA diagnostic information for host: gpu26
[[1;32m172.16.240.6.10000[m::[1;35mstderr[m] 2023-10-21 11:41:41.109936: I tensorflow/stream_executor/cuda/cuda_diagnostics.cc:176] hostname: gpu26
[[1;32m172.16.240.6.10000[m::[1;35mstderr[m] 2023-10-21 11:41:41.110144: I tensorflow/stream_executor/cuda/cuda_diagnostics.cc:200] libcuda reported version is: 418.67.0
[[1;32m172.16.240.6.10000[m::[1;35mstderr[m] 2023-10-21 11:41:41.110251: I tensorflow/stream_executor/cuda/cuda_diagnostics.cc:204] kernel reported version is: 418.67.0
[[1;32m172.16.240.6.10000[m::[1;35mstderr[m] 2023-10-21 11:41:41.110271: I tensorflow/stream_executor/cuda/cuda_diagnostics.cc:310] kernel version seems to match DSO: 418.67.0
[[1;32m172.16.240.6.10000[m::[1;35mstderr[m] 2023-10-21 11:41:41.134129: I tensorflow/compiler/xla/service/service.cc:171] XLA service 0x5eea750 initialized for platform Host (this does not guarantee that XLA will be used). Devices:
[[1;32m172.16.240.6.10000[m::[1;35mstderr[m] 2023-10-21 11:41:41.134176: I tensorflow/compiler/xla/service/service.cc:179]   StreamExecutor device (0): Host, Default Version
[[1;34m172.16.240.6.10001[m::[1;35mstderr[m] 2023-10-21 11:41:41.109863: I tensorflow/stream_executor/cuda/cuda_diagnostics.cc:169] retrieving CUDA diagnostic information for host: gpu26
[[1;34m172.16.240.6.10001[m::[1;35mstderr[m] 2023-10-21 11:41:41.109917: I tensorflow/stream_executor/cuda/cuda_diagnostics.cc:176] hostname: gpu26
[[1;34m172.16.240.6.10001[m::[1;35mstderr[m] 2023-10-21 11:41:41.110132: I tensorflow/stream_executor/cuda/cuda_diagnostics.cc:200] libcuda reported version is: 418.67.0
[[1;34m172.16.240.6.10001[m::[1;35mstderr[m] 2023-10-21 11:41:41.110246: I tensorflow/stream_executor/cuda/cuda_diagnostics.cc:204] kernel reported version is: 418.67.0
[[1;34m172.16.240.6.10001[m::[1;35mstderr[m] 2023-10-21 11:41:41.110267: I tensorflow/stream_executor/cuda/cuda_diagnostics.cc:310] kernel version seems to match DSO: 418.67.0
[[1;34m172.16.240.6.10001[m::[1;35mstderr[m] 2023-10-21 11:41:41.134615: I tensorflow/compiler/xla/service/service.cc:171] XLA service 0x616d540 initialized for platform Host (this does not guarantee that XLA will be used). Devices:
[[1;34m172.16.240.6.10001[m::[1;35mstderr[m] 2023-10-21 11:41:41.134656: I tensorflow/compiler/xla/service/service.cc:179]   StreamExecutor device (0): Host, Default Version
[[1;34m172.16.239.2.10001[m::[1;35mstderr[m] 2023-10-21 11:41:45.463347: E tensorflow/stream_executor/cuda/cuda_driver.cc:271] failed call to cuInit: CUDA_ERROR_NO_DEVICE: no CUDA-capable device is detected
[[1;32m172.16.239.2.10000[m::[1;35mstderr[m] 2023-10-21 11:41:45.463342: E tensorflow/stream_executor/cuda/cuda_driver.cc:271] failed call to cuInit: CUDA_ERROR_NO_DEVICE: no CUDA-capable device is detected
[[1;32m172.16.239.2.10000[m::[1;35mstderr[m] 2023-10-21 11:41:45.463593: I tensorflow/stream_executor/cuda/cuda_diagnostics.cc:169] retrieving CUDA diagnostic information for host: gpu02
[[1;32m172.16.239.2.10000[m::[1;35mstderr[m] 2023-10-21 11:41:45.463633: I tensorflow/stream_executor/cuda/cuda_diagnostics.cc:176] hostname: gpu02
[[1;32m172.16.239.2.10000[m::[1;35mstderr[m] 2023-10-21 11:41:45.463949: I tensorflow/stream_executor/cuda/cuda_diagnostics.cc:200] libcuda reported version is: 418.67.0
[[1;32m172.16.239.2.10000[m::[1;35mstderr[m] 2023-10-21 11:41:45.464060: I tensorflow/stream_executor/cuda/cuda_diagnostics.cc:204] kernel reported version is: 418.67.0
[[1;32m172.16.239.2.10000[m::[1;35mstderr[m] 2023-10-21 11:41:45.464082: I tensorflow/stream_executor/cuda/cuda_diagnostics.cc:310] kernel version seems to match DSO: 418.67.0
[[1;32m172.16.239.2.10000[m::[1;35mstderr[m] 2023-10-21 11:41:45.488606: I tensorflow/compiler/xla/service/service.cc:171] XLA service 0x5d61750 initialized for platform Host (this does not guarantee that XLA will be used). Devices:
[[1;32m172.16.239.2.10000[m::[1;35mstderr[m] 2023-10-21 11:41:45.488661: I tensorflow/compiler/xla/service/service.cc:179]   StreamExecutor device (0): Host, Default Version
[[1;34m172.16.239.2.10001[m::[1;35mstderr[m] 2023-10-21 11:41:45.463662: I tensorflow/stream_executor/cuda/cuda_diagnostics.cc:169] retrieving CUDA diagnostic information for host: gpu02
[[1;34m172.16.239.2.10001[m::[1;35mstderr[m] 2023-10-21 11:41:45.463699: I tensorflow/stream_executor/cuda/cuda_diagnostics.cc:176] hostname: gpu02
[[1;34m172.16.239.2.10001[m::[1;35mstderr[m] 2023-10-21 11:41:45.463991: I tensorflow/stream_executor/cuda/cuda_diagnostics.cc:200] libcuda reported version is: 418.67.0
[[1;34m172.16.239.2.10001[m::[1;35mstderr[m] 2023-10-21 11:41:45.464093: I tensorflow/stream_executor/cuda/cuda_diagnostics.cc:204] kernel reported version is: 418.67.0
[[1;34m172.16.239.2.10001[m::[1;35mstderr[m] 2023-10-21 11:41:45.464113: I tensorflow/stream_executor/cuda/cuda_diagnostics.cc:310] kernel version seems to match DSO: 418.67.0
[[1;34m172.16.239.2.10001[m::[1;35mstderr[m] 2023-10-21 11:41:45.488606: I tensorflow/compiler/xla/service/service.cc:171] XLA service 0x54264b0 initialized for platform Host (this does not guarantee that XLA will be used). Devices:
[[1;34m172.16.239.2.10001[m::[1;35mstderr[m] 2023-10-21 11:41:45.488662: I tensorflow/compiler/xla/service/service.cc:179]   StreamExecutor device (0): Host, Default Version
[W] invalid valud of CUDA_VISIBLE_DEVICES: "NoDevFiles"
[W] invalid valud of CUDA_VISIBLE_DEVICES: "NoDevFiles"
[W] invalid valud of CUDA_VISIBLE_DEVICES: "NoDevFiles"
[W] invalid valud of CUDA_VISIBLE_DEVICES: "NoDevFiles"
[W] invalid valud of CUDA_VISIBLE_DEVICES: "NoDevFiles"
[W] invalid valud of CUDA_VISIBLE_DEVICES: "NoDevFiles"
[[1;34m172.16.239.2.10001[m::[1;35mstderr[m] 2023-10-21 12:32:54.925883: E tensorflow/stream_executor/cuda/cuda_driver.cc:271] failed call to cuInit: CUDA_ERROR_NO_DEVICE: no CUDA-capable device is detected
[[1;32m172.16.239.2.10000[m::[1;35mstderr[m] 2023-10-21 12:32:54.925885: E tensorflow/stream_executor/cuda/cuda_driver.cc:271] failed call to cuInit: CUDA_ERROR_NO_DEVICE: no CUDA-capable device is detected
[[1;34m172.16.240.6.10001[m::[1;35mstderr[m] 2023-10-21 12:32:54.927901: E tensorflow/stream_executor/cuda/cuda_driver.cc:271] failed call to cuInit: CUDA_ERROR_NO_DEVICE: no CUDA-capable device is detected
[[1;32m172.16.240.6.10000[m::[1;35mstderr[m] 2023-10-21 12:32:54.927904: E tensorflow/stream_executor/cuda/cuda_driver.cc:271] failed call to cuInit: CUDA_ERROR_NO_DEVICE: no CUDA-capable device is detected
[[1;34m172.16.239.3.10001[m::[1;35mstderr[m] 2023-10-21 12:32:54.928135: E tensorflow/stream_executor/cuda/cuda_driver.cc:271] failed call to cuInit: CUDA_ERROR_NO_DEVICE: no CUDA-capable device is detected
[[1;32m172.16.239.3.10000[m::[1;35mstderr[m] 2023-10-21 12:32:54.928136: E tensorflow/stream_executor/cuda/cuda_driver.cc:271] failed call to cuInit: CUDA_ERROR_NO_DEVICE: no CUDA-capable device is detected
[[1;34m172.16.239.2.10001[m::[1;35mstderr[m] 2023-10-21 12:32:54.925994: I tensorflow/stream_executor/cuda/cuda_diagnostics.cc:169] retrieving CUDA diagnostic information for host: gpu02
[[1;34m172.16.239.2.10001[m::[1;35mstderr[m] 2023-10-21 12:32:54.926016: I tensorflow/stream_executor/cuda/cuda_diagnostics.cc:176] hostname: gpu02
[[1;34m172.16.239.2.10001[m::[1;35mstderr[m] 2023-10-21 12:32:54.926258: I tensorflow/stream_executor/cuda/cuda_diagnostics.cc:200] libcuda reported version is: 418.67.0
[[1;34m172.16.239.2.10001[m::[1;35mstderr[m] 2023-10-21 12:32:54.926356: I tensorflow/stream_executor/cuda/cuda_diagnostics.cc:204] kernel reported version is: 418.67.0
[[1;34m172.16.239.2.10001[m::[1;35mstderr[m] 2023-10-21 12:32:54.926377: I tensorflow/stream_executor/cuda/cuda_diagnostics.cc:310] kernel version seems to match DSO: 418.67.0
[[1;32m172.16.239.2.10000[m::[1;35mstderr[m] 2023-10-21 12:32:54.925996: I tensorflow/stream_executor/cuda/cuda_diagnostics.cc:169] retrieving CUDA diagnostic information for host: gpu02
[[1;32m172.16.239.2.10000[m::[1;35mstderr[m] 2023-10-21 12:32:54.926019: I tensorflow/stream_executor/cuda/cuda_diagnostics.cc:176] hostname: gpu02
[[1;32m172.16.239.2.10000[m::[1;35mstderr[m] 2023-10-21 12:32:54.926258: I tensorflow/stream_executor/cuda/cuda_diagnostics.cc:200] libcuda reported version is: 418.67.0
[[1;32m172.16.239.2.10000[m::[1;35mstderr[m] 2023-10-21 12:32:54.926351: I tensorflow/stream_executor/cuda/cuda_diagnostics.cc:204] kernel reported version is: 418.67.0
[[1;32m172.16.239.2.10000[m::[1;35mstderr[m] 2023-10-21 12:32:54.926371: I tensorflow/stream_executor/cuda/cuda_diagnostics.cc:310] kernel version seems to match DSO: 418.67.0
[[1;34m172.16.239.3.10001[m::[1;35mstderr[m] 2023-10-21 12:32:54.928243: I tensorflow/stream_executor/cuda/cuda_diagnostics.cc:169] retrieving CUDA diagnostic information for host: gpu03
[[1;34m172.16.239.3.10001[m::[1;35mstderr[m] 2023-10-21 12:32:54.928266: I tensorflow/stream_executor/cuda/cuda_diagnostics.cc:176] hostname: gpu03
[[1;34m172.16.239.3.10001[m::[1;35mstderr[m] 2023-10-21 12:32:54.928502: I tensorflow/stream_executor/cuda/cuda_diagnostics.cc:200] libcuda reported version is: 418.67.0
[[1;34m172.16.239.3.10001[m::[1;35mstderr[m] 2023-10-21 12:32:54.928603: I tensorflow/stream_executor/cuda/cuda_diagnostics.cc:204] kernel reported version is: 418.67.0
[[1;34m172.16.239.3.10001[m::[1;35mstderr[m] 2023-10-21 12:32:54.928623: I tensorflow/stream_executor/cuda/cuda_diagnostics.cc:310] kernel version seems to match DSO: 418.67.0
[[1;34m172.16.240.6.10001[m::[1;35mstderr[m] 2023-10-21 12:32:54.928010: I tensorflow/stream_executor/cuda/cuda_diagnostics.cc:169] retrieving CUDA diagnostic information for host: gpu26
[[1;34m172.16.240.6.10001[m::[1;35mstderr[m] 2023-10-21 12:32:54.928034: I tensorflow/stream_executor/cuda/cuda_diagnostics.cc:176] hostname: gpu26
[[1;34m172.16.240.6.10001[m::[1;35mstderr[m] 2023-10-21 12:32:54.928264: I tensorflow/stream_executor/cuda/cuda_diagnostics.cc:200] libcuda reported version is: 418.67.0
[[1;34m172.16.240.6.10001[m::[1;35mstderr[m] 2023-10-21 12:32:54.928374: I tensorflow/stream_executor/cuda/cuda_diagnostics.cc:204] kernel reported version is: 418.67.0
[[1;34m172.16.240.6.10001[m::[1;35mstderr[m] 2023-10-21 12:32:54.928400: I tensorflow/stream_executor/cuda/cuda_diagnostics.cc:310] kernel version seems to match DSO: 418.67.0
[[1;34m172.16.239.3.10001[m::[1;35mstderr[m] 2023-10-21 12:32:54.950194: I tensorflow/compiler/xla/service/service.cc:171] XLA service 0x4fcc690 initialized for platform Host (this does not guarantee that XLA will be used). Devices:
[[1;34m172.16.239.3.10001[m::[1;35mstderr[m] 2023-10-21 12:32:54.950216: I tensorflow/compiler/xla/service/service.cc:179]   StreamExecutor device (0): Host, Default Version
[[1;32m172.16.239.2.10000[m::[1;35mstderr[m] 2023-10-21 12:32:54.951498: I tensorflow/compiler/xla/service/service.cc:171] XLA service 0x69367b0 initialized for platform Host (this does not guarantee that XLA will be used). Devices:
[[1;32m172.16.239.2.10000[m::[1;35mstderr[m] 2023-10-21 12:32:54.951541: I tensorflow/compiler/xla/service/service.cc:179]   StreamExecutor device (0): Host, Default Version
[[1;34m172.16.239.2.10001[m::[1;35mstderr[m] 2023-10-21 12:32:54.952021: I tensorflow/compiler/xla/service/service.cc:171] XLA service 0x54b6500 initialized for platform Host (this does not guarantee that XLA will be used). Devices:
[[1;34m172.16.239.2.10001[m::[1;35mstderr[m] 2023-10-21 12:32:54.952065: I tensorflow/compiler/xla/service/service.cc:179]   StreamExecutor device (0): Host, Default Version
[[1;34m172.16.240.6.10001[m::[1;35mstderr[m] 2023-10-21 12:32:54.952612: I tensorflow/compiler/xla/service/service.cc:171] XLA service 0x5a5c550 initialized for platform Host (this does not guarantee that XLA will be used). Devices:
[[1;34m172.16.240.6.10001[m::[1;35mstderr[m] 2023-10-21 12:32:54.952652: I tensorflow/compiler/xla/service/service.cc:179]   StreamExecutor device (0): Host, Default Version
[[1;32m172.16.239.3.10000[m::[1;35mstderr[m] 2023-10-21 12:32:54.928242: I tensorflow/stream_executor/cuda/cuda_diagnostics.cc:169] retrieving CUDA diagnostic information for host: gpu03
[[1;32m172.16.239.3.10000[m::[1;35mstderr[m] 2023-10-21 12:32:54.928264: I tensorflow/stream_executor/cuda/cuda_diagnostics.cc:176] hostname: gpu03
[[1;32m172.16.239.3.10000[m::[1;35mstderr[m] 2023-10-21 12:32:54.928504: I tensorflow/stream_executor/cuda/cuda_diagnostics.cc:200] libcuda reported version is: 418.67.0
[[1;32m172.16.239.3.10000[m::[1;35mstderr[m] 2023-10-21 12:32:54.928595: I tensorflow/stream_executor/cuda/cuda_diagnostics.cc:204] kernel reported version is: 418.67.0
[[1;32m172.16.239.3.10000[m::[1;35mstderr[m] 2023-10-21 12:32:54.928615: I tensorflow/stream_executor/cuda/cuda_diagnostics.cc:310] kernel version seems to match DSO: 418.67.0
[[1;32m172.16.239.3.10000[m::[1;35mstderr[m] 2023-10-21 12:32:54.949734: I tensorflow/compiler/xla/service/service.cc:171] XLA service 0x4bd64f0 initialized for platform Host (this does not guarantee that XLA will be used). Devices:
[[1;32m172.16.239.3.10000[m::[1;35mstderr[m] 2023-10-21 12:32:54.949778: I tensorflow/compiler/xla/service/service.cc:179]   StreamExecutor device (0): Host, Default Version
[[1;32m172.16.240.6.10000[m::[1;35mstderr[m] 2023-10-21 12:32:54.928006: I tensorflow/stream_executor/cuda/cuda_diagnostics.cc:169] retrieving CUDA diagnostic information for host: gpu26
[[1;32m172.16.240.6.10000[m::[1;35mstderr[m] 2023-10-21 12:32:54.928030: I tensorflow/stream_executor/cuda/cuda_diagnostics.cc:176] hostname: gpu26
[[1;32m172.16.240.6.10000[m::[1;35mstderr[m] 2023-10-21 12:32:54.928266: I tensorflow/stream_executor/cuda/cuda_diagnostics.cc:200] libcuda reported version is: 418.67.0
[[1;32m172.16.240.6.10000[m::[1;35mstderr[m] 2023-10-21 12:32:54.928379: I tensorflow/stream_executor/cuda/cuda_diagnostics.cc:204] kernel reported version is: 418.67.0
[[1;32m172.16.240.6.10000[m::[1;35mstderr[m] 2023-10-21 12:32:54.928407: I tensorflow/stream_executor/cuda/cuda_diagnostics.cc:310] kernel version seems to match DSO: 418.67.0
[[1;32m172.16.240.6.10000[m::[1;35mstderr[m] 2023-10-21 12:32:54.950102: I tensorflow/compiler/xla/service/service.cc:171] XLA service 0x61353b0 initialized for platform Host (this does not guarantee that XLA will be used). Devices:
[[1;32m172.16.240.6.10000[m::[1;35mstderr[m] 2023-10-21 12:32:54.950150: I tensorflow/compiler/xla/service/service.cc:179]   StreamExecutor device (0): Host, Default Version
[W] invalid valud of CUDA_VISIBLE_DEVICES: "NoDevFiles"
[W] invalid valud of CUDA_VISIBLE_DEVICES: "NoDevFiles"
[W] invalid valud of CUDA_VISIBLE_DEVICES: "NoDevFiles"
[W] invalid valud of CUDA_VISIBLE_DEVICES: "NoDevFiles"
[W] invalid valud of CUDA_VISIBLE_DEVICES: "NoDevFiles"
[W] invalid valud of CUDA_VISIBLE_DEVICES: "NoDevFiles"
[[1;34m172.16.239.3.10001[m::[1;35mstderr[m] 2023-10-21 12:52:38.663132: E tensorflow/stream_executor/cuda/cuda_driver.cc:271] failed call to cuInit: CUDA_ERROR_NO_DEVICE: no CUDA-capable device is detected
[[1;32m172.16.239.3.10000[m::[1;35mstderr[m] 2023-10-21 12:52:38.663130: E tensorflow/stream_executor/cuda/cuda_driver.cc:271] failed call to cuInit: CUDA_ERROR_NO_DEVICE: no CUDA-capable device is detected
[[1;34m172.16.240.6.10001[m::[1;35mstderr[m] 2023-10-21 12:52:38.663068: E tensorflow/stream_executor/cuda/cuda_driver.cc:271] failed call to cuInit: CUDA_ERROR_NO_DEVICE: no CUDA-capable device is detected
[[1;32m172.16.240.6.10000[m::[1;35mstderr[m] 2023-10-21 12:52:38.663064: E tensorflow/stream_executor/cuda/cuda_driver.cc:271] failed call to cuInit: CUDA_ERROR_NO_DEVICE: no CUDA-capable device is detected
[[1;34m172.16.240.6.10001[m::[1;35mstderr[m] 2023-10-21 12:52:38.663170: I tensorflow/stream_executor/cuda/cuda_diagnostics.cc:169] retrieving CUDA diagnostic information for host: gpu26
[[1;34m172.16.239.3.10001[m::[1;35mstderr[m] 2023-10-21 12:52:38.663239: I tensorflow/stream_executor/cuda/cuda_diagnostics.cc:169] retrieving CUDA diagnostic information for host: gpu03
[[1;34m172.16.240.6.10001[m::[1;35mstderr[m] 2023-10-21 12:52:38.663192: I tensorflow/stream_executor/cuda/cuda_diagnostics.cc:176] hostname: gpu26
[[1;34m172.16.240.6.10001[m::[1;35mstderr[m] 2023-10-21 12:52:38.663431: I tensorflow/stream_executor/cuda/cuda_diagnostics.cc:200] libcuda reported version is: 418.67.0
[[1;34m172.16.240.6.10001[m::[1;35mstderr[m] 2023-10-21 12:52:38.663521: I tensorflow/stream_executor/cuda/cuda_diagnostics.cc:204] kernel reported version is: 418.67.0
[[1;34m172.16.240.6.10001[m::[1;35mstderr[m] 2023-10-21 12:52:38.663540: I tensorflow/stream_executor/cuda/cuda_diagnostics.cc:310] kernel version seems to match DSO: 418.67.0
[[1;34m172.16.239.3.10001[m::[1;35mstderr[m] 2023-10-21 12:52:38.663262: I tensorflow/stream_executor/cuda/cuda_diagnostics.cc:176] hostname: gpu03
[[1;34m172.16.239.3.10001[m::[1;35mstderr[m] 2023-10-21 12:52:38.663484: I tensorflow/stream_executor/cuda/cuda_diagnostics.cc:200] libcuda reported version is: 418.67.0
[[1;34m172.16.239.3.10001[m::[1;35mstderr[m] 2023-10-21 12:52:38.663578: I tensorflow/stream_executor/cuda/cuda_diagnostics.cc:204] kernel reported version is: 418.67.0
[[1;34m172.16.239.3.10001[m::[1;35mstderr[m] 2023-10-21 12:52:38.663600: I tensorflow/stream_executor/cuda/cuda_diagnostics.cc:310] kernel version seems to match DSO: 418.67.0
[[1;32m172.16.240.6.10000[m::[1;35mstderr[m] 2023-10-21 12:52:38.663168: I tensorflow/stream_executor/cuda/cuda_diagnostics.cc:169] retrieving CUDA diagnostic information for host: gpu26
[[1;32m172.16.240.6.10000[m::[1;35mstderr[m] 2023-10-21 12:52:38.663191: I tensorflow/stream_executor/cuda/cuda_diagnostics.cc:176] hostname: gpu26
[[1;32m172.16.240.6.10000[m::[1;35mstderr[m] 2023-10-21 12:52:38.663429: I tensorflow/stream_executor/cuda/cuda_diagnostics.cc:200] libcuda reported version is: 418.67.0
[[1;32m172.16.240.6.10000[m::[1;35mstderr[m] 2023-10-21 12:52:38.663527: I tensorflow/stream_executor/cuda/cuda_diagnostics.cc:204] kernel reported version is: 418.67.0
[[1;32m172.16.240.6.10000[m::[1;35mstderr[m] 2023-10-21 12:52:38.663547: I tensorflow/stream_executor/cuda/cuda_diagnostics.cc:310] kernel version seems to match DSO: 418.67.0
[[1;32m172.16.239.3.10000[m::[1;35mstderr[m] 2023-10-21 12:52:38.663236: I tensorflow/stream_executor/cuda/cuda_diagnostics.cc:169] retrieving CUDA diagnostic information for host: gpu03
[[1;32m172.16.239.3.10000[m::[1;35mstderr[m] 2023-10-21 12:52:38.663260: I tensorflow/stream_executor/cuda/cuda_diagnostics.cc:176] hostname: gpu03
[[1;32m172.16.239.3.10000[m::[1;35mstderr[m] 2023-10-21 12:52:38.663507: I tensorflow/stream_executor/cuda/cuda_diagnostics.cc:200] libcuda reported version is: 418.67.0
[[1;32m172.16.239.3.10000[m::[1;35mstderr[m] 2023-10-21 12:52:38.663602: I tensorflow/stream_executor/cuda/cuda_diagnostics.cc:204] kernel reported version is: 418.67.0
[[1;32m172.16.239.3.10000[m::[1;35mstderr[m] 2023-10-21 12:52:38.663622: I tensorflow/stream_executor/cuda/cuda_diagnostics.cc:310] kernel version seems to match DSO: 418.67.0
[[1;32m172.16.239.2.10000[m::[1;35mstderr[m] 2023-10-21 12:52:38.668640: E tensorflow/stream_executor/cuda/cuda_driver.cc:271] failed call to cuInit: CUDA_ERROR_NO_DEVICE: no CUDA-capable device is detected
[[1;34m172.16.239.2.10001[m::[1;35mstderr[m] 2023-10-21 12:52:38.668649: E tensorflow/stream_executor/cuda/cuda_driver.cc:271] failed call to cuInit: CUDA_ERROR_NO_DEVICE: no CUDA-capable device is detected
[[1;32m172.16.239.2.10000[m::[1;35mstderr[m] 2023-10-21 12:52:38.668740: I tensorflow/stream_executor/cuda/cuda_diagnostics.cc:169] retrieving CUDA diagnostic information for host: gpu02
[[1;32m172.16.239.2.10000[m::[1;35mstderr[m] 2023-10-21 12:52:38.668763: I tensorflow/stream_executor/cuda/cuda_diagnostics.cc:176] hostname: gpu02
[[1;32m172.16.239.2.10000[m::[1;35mstderr[m] 2023-10-21 12:52:38.669004: I tensorflow/stream_executor/cuda/cuda_diagnostics.cc:200] libcuda reported version is: 418.67.0
[[1;32m172.16.239.2.10000[m::[1;35mstderr[m] 2023-10-21 12:52:38.669100: I tensorflow/stream_executor/cuda/cuda_diagnostics.cc:204] kernel reported version is: 418.67.0
[[1;32m172.16.239.2.10000[m::[1;35mstderr[m] 2023-10-21 12:52:38.669121: I tensorflow/stream_executor/cuda/cuda_diagnostics.cc:310] kernel version seems to match DSO: 418.67.0
[[1;34m172.16.239.2.10001[m::[1;35mstderr[m] 2023-10-21 12:52:38.668748: I tensorflow/stream_executor/cuda/cuda_diagnostics.cc:169] retrieving CUDA diagnostic information for host: gpu02
[[1;34m172.16.239.2.10001[m::[1;35mstderr[m] 2023-10-21 12:52:38.668769: I tensorflow/stream_executor/cuda/cuda_diagnostics.cc:176] hostname: gpu02
[[1;34m172.16.239.2.10001[m::[1;35mstderr[m] 2023-10-21 12:52:38.669018: I tensorflow/stream_executor/cuda/cuda_diagnostics.cc:200] libcuda reported version is: 418.67.0
[[1;34m172.16.239.2.10001[m::[1;35mstderr[m] 2023-10-21 12:52:38.669109: I tensorflow/stream_executor/cuda/cuda_diagnostics.cc:204] kernel reported version is: 418.67.0
[[1;34m172.16.239.2.10001[m::[1;35mstderr[m] 2023-10-21 12:52:38.669129: I tensorflow/stream_executor/cuda/cuda_diagnostics.cc:310] kernel version seems to match DSO: 418.67.0
[[1;34m172.16.239.3.10001[m::[1;35mstderr[m] 2023-10-21 12:52:38.681973: I tensorflow/compiler/xla/service/service.cc:171] XLA service 0x4ece500 initialized for platform Host (this does not guarantee that XLA will be used). Devices:
[[1;34m172.16.239.3.10001[m::[1;35mstderr[m] 2023-10-21 12:52:38.682006: I tensorflow/compiler/xla/service/service.cc:179]   StreamExecutor device (0): Host, Default Version
[[1;32m172.16.239.3.10000[m::[1;35mstderr[m] 2023-10-21 12:52:38.686868: I tensorflow/compiler/xla/service/service.cc:171] XLA service 0x56cf7c0 initialized for platform Host (this does not guarantee that XLA will be used). Devices:
[[1;32m172.16.240.6.10000[m::[1;35mstderr[m] 2023-10-21 12:52:38.686578: I tensorflow/compiler/xla/service/service.cc:171] XLA service 0x5178210 initialized for platform Host (this does not guarantee that XLA will be used). Devices:
[[1;32m172.16.239.3.10000[m::[1;35mstderr[m] 2023-10-21 12:52:38.686892: I tensorflow/compiler/xla/service/service.cc:179]   StreamExecutor device (0): Host, Default Version
[[1;32m172.16.240.6.10000[m::[1;35mstderr[m] 2023-10-21 12:52:38.686625: I tensorflow/compiler/xla/service/service.cc:179]   StreamExecutor device (0): Host, Default Version
[[1;34m172.16.240.6.10001[m::[1;35mstderr[m] 2023-10-21 12:52:38.686704: I tensorflow/compiler/xla/service/service.cc:171] XLA service 0x5f23400 initialized for platform Host (this does not guarantee that XLA will be used). Devices:
[[1;34m172.16.240.6.10001[m::[1;35mstderr[m] 2023-10-21 12:52:38.686725: I tensorflow/compiler/xla/service/service.cc:179]   StreamExecutor device (0): Host, Default Version
[[1;34m172.16.239.2.10001[m::[1;35mstderr[m] 2023-10-21 12:52:38.692680: I tensorflow/compiler/xla/service/service.cc:171] XLA service 0x65957c0 initialized for platform Host (this does not guarantee that XLA will be used). Devices:
[[1;34m172.16.239.2.10001[m::[1;35mstderr[m] 2023-10-21 12:52:38.692703: I tensorflow/compiler/xla/service/service.cc:179]   StreamExecutor device (0): Host, Default Version
[[1;32m172.16.239.2.10000[m::[1;35mstderr[m] 2023-10-21 12:52:38.692870: I tensorflow/compiler/xla/service/service.cc:171] XLA service 0x5806550 initialized for platform Host (this does not guarantee that XLA will be used). Devices:
[[1;32m172.16.239.2.10000[m::[1;35mstderr[m] 2023-10-21 12:52:38.692909: I tensorflow/compiler/xla/service/service.cc:179]   StreamExecutor device (0): Host, Default Version
[W] invalid valud of CUDA_VISIBLE_DEVICES: "NoDevFiles"
[W] invalid valud of CUDA_VISIBLE_DEVICES: "NoDevFiles"
[W] invalid valud of CUDA_VISIBLE_DEVICES: "NoDevFiles"
[W] invalid valud of CUDA_VISIBLE_DEVICES: "NoDevFiles"
[W] invalid valud of CUDA_VISIBLE_DEVICES: "NoDevFiles"
[W] invalid valud of CUDA_VISIBLE_DEVICES: "NoDevFiles"
[[1;34m172.16.239.3.10001[m::[1;35mstderr[m] 2023-10-21 13:07:03.883880: E tensorflow/stream_executor/cuda/cuda_driver.cc:271] failed call to cuInit: CUDA_ERROR_NO_DEVICE: no CUDA-capable device is detected
[[1;32m172.16.239.3.10000[m::[1;35mstderr[m] 2023-10-21 13:07:03.883879: E tensorflow/stream_executor/cuda/cuda_driver.cc:271] failed call to cuInit: CUDA_ERROR_NO_DEVICE: no CUDA-capable device is detected
[[1;34m172.16.239.3.10001[m::[1;35mstderr[m] 2023-10-21 13:07:03.883987: I tensorflow/stream_executor/cuda/cuda_diagnostics.cc:169] retrieving CUDA diagnostic information for host: gpu03
[[1;34m172.16.239.3.10001[m::[1;35mstderr[m] 2023-10-21 13:07:03.884009: I tensorflow/stream_executor/cuda/cuda_diagnostics.cc:176] hostname: gpu03
[[1;34m172.16.239.3.10001[m::[1;35mstderr[m] 2023-10-21 13:07:03.884235: I tensorflow/stream_executor/cuda/cuda_diagnostics.cc:200] libcuda reported version is: 418.67.0
[[1;34m172.16.239.3.10001[m::[1;35mstderr[m] 2023-10-21 13:07:03.884325: I tensorflow/stream_executor/cuda/cuda_diagnostics.cc:204] kernel reported version is: 418.67.0
[[1;34m172.16.239.3.10001[m::[1;35mstderr[m] 2023-10-21 13:07:03.884345: I tensorflow/stream_executor/cuda/cuda_diagnostics.cc:310] kernel version seems to match DSO: 418.67.0
[[1;32m172.16.239.3.10000[m::[1;35mstderr[m] 2023-10-21 13:07:03.883984: I tensorflow/stream_executor/cuda/cuda_diagnostics.cc:169] retrieving CUDA diagnostic information for host: gpu03
[[1;32m172.16.239.3.10000[m::[1;35mstderr[m] 2023-10-21 13:07:03.884006: I tensorflow/stream_executor/cuda/cuda_diagnostics.cc:176] hostname: gpu03
[[1;32m172.16.239.3.10000[m::[1;35mstderr[m] 2023-10-21 13:07:03.884268: I tensorflow/stream_executor/cuda/cuda_diagnostics.cc:200] libcuda reported version is: 418.67.0
[[1;32m172.16.239.3.10000[m::[1;35mstderr[m] 2023-10-21 13:07:03.884359: I tensorflow/stream_executor/cuda/cuda_diagnostics.cc:204] kernel reported version is: 418.67.0
[[1;32m172.16.239.3.10000[m::[1;35mstderr[m] 2023-10-21 13:07:03.884379: I tensorflow/stream_executor/cuda/cuda_diagnostics.cc:310] kernel version seems to match DSO: 418.67.0
[[1;34m172.16.239.2.10001[m::[1;35mstderr[m] 2023-10-21 13:07:03.887735: E tensorflow/stream_executor/cuda/cuda_driver.cc:271] failed call to cuInit: CUDA_ERROR_NO_DEVICE: no CUDA-capable device is detected
[[1;32m172.16.239.2.10000[m::[1;35mstderr[m] 2023-10-21 13:07:03.887734: E tensorflow/stream_executor/cuda/cuda_driver.cc:271] failed call to cuInit: CUDA_ERROR_NO_DEVICE: no CUDA-capable device is detected
[[1;34m172.16.239.2.10001[m::[1;35mstderr[m] 2023-10-21 13:07:03.887843: I tensorflow/stream_executor/cuda/cuda_diagnostics.cc:169] retrieving CUDA diagnostic information for host: gpu02
[[1;34m172.16.239.2.10001[m::[1;35mstderr[m] 2023-10-21 13:07:03.887865: I tensorflow/stream_executor/cuda/cuda_diagnostics.cc:176] hostname: gpu02
[[1;34m172.16.239.2.10001[m::[1;35mstderr[m] 2023-10-21 13:07:03.888114: I tensorflow/stream_executor/cuda/cuda_diagnostics.cc:200] libcuda reported version is: 418.67.0
[[1;34m172.16.239.2.10001[m::[1;35mstderr[m] 2023-10-21 13:07:03.888218: I tensorflow/stream_executor/cuda/cuda_diagnostics.cc:204] kernel reported version is: 418.67.0
[[1;34m172.16.239.2.10001[m::[1;35mstderr[m] 2023-10-21 13:07:03.888239: I tensorflow/stream_executor/cuda/cuda_diagnostics.cc:310] kernel version seems to match DSO: 418.67.0
[[1;32m172.16.239.2.10000[m::[1;35mstderr[m] 2023-10-21 13:07:03.887846: I tensorflow/stream_executor/cuda/cuda_diagnostics.cc:169] retrieving CUDA diagnostic information for host: gpu02
[[1;32m172.16.239.2.10000[m::[1;35mstderr[m] 2023-10-21 13:07:03.887868: I tensorflow/stream_executor/cuda/cuda_diagnostics.cc:176] hostname: gpu02
[[1;32m172.16.239.2.10000[m::[1;35mstderr[m] 2023-10-21 13:07:03.888116: I tensorflow/stream_executor/cuda/cuda_diagnostics.cc:200] libcuda reported version is: 418.67.0
[[1;32m172.16.239.2.10000[m::[1;35mstderr[m] 2023-10-21 13:07:03.888211: I tensorflow/stream_executor/cuda/cuda_diagnostics.cc:204] kernel reported version is: 418.67.0
[[1;32m172.16.239.2.10000[m::[1;35mstderr[m] 2023-10-21 13:07:03.888230: I tensorflow/stream_executor/cuda/cuda_diagnostics.cc:310] kernel version seems to match DSO: 418.67.0
[[1;34m172.16.239.3.10001[m::[1;35mstderr[m] 2023-10-21 13:07:03.907382: I tensorflow/compiler/xla/service/service.cc:171] XLA service 0x6457660 initialized for platform Host (this does not guarantee that XLA will be used). Devices:
[[1;34m172.16.239.3.10001[m::[1;35mstderr[m] 2023-10-21 13:07:03.907433: I tensorflow/compiler/xla/service/service.cc:179]   StreamExecutor device (0): Host, Default Version
[[1;32m172.16.239.3.10000[m::[1;35mstderr[m] 2023-10-21 13:07:03.907656: I tensorflow/compiler/xla/service/service.cc:171] XLA service 0x4bfa370 initialized for platform Host (this does not guarantee that XLA will be used). Devices:
[[1;32m172.16.239.3.10000[m::[1;35mstderr[m] 2023-10-21 13:07:03.907679: I tensorflow/compiler/xla/service/service.cc:179]   StreamExecutor device (0): Host, Default Version
[[1;34m172.16.239.2.10001[m::[1;35mstderr[m] 2023-10-21 13:07:03.912207: I tensorflow/compiler/xla/service/service.cc:171] XLA service 0x55391f0 initialized for platform Host (this does not guarantee that XLA will be used). Devices:
[[1;32m172.16.239.2.10000[m::[1;35mstderr[m] 2023-10-21 13:07:03.912209: I tensorflow/compiler/xla/service/service.cc:171] XLA service 0x4f108c0 initialized for platform Host (this does not guarantee that XLA will be used). Devices:
[[1;34m172.16.239.2.10001[m::[1;35mstderr[m] 2023-10-21 13:07:03.912254: I tensorflow/compiler/xla/service/service.cc:179]   StreamExecutor device (0): Host, Default Version
[[1;32m172.16.239.2.10000[m::[1;35mstderr[m] 2023-10-21 13:07:03.912249: I tensorflow/compiler/xla/service/service.cc:179]   StreamExecutor device (0): Host, Default Version
[[1;32m172.16.240.6.10000[m::[1;35mstderr[m] 2023-10-21 13:07:03.963235: E tensorflow/stream_executor/cuda/cuda_driver.cc:271] failed call to cuInit: CUDA_ERROR_NO_DEVICE: no CUDA-capable device is detected
[[1;34m172.16.240.6.10001[m::[1;35mstderr[m] 2023-10-21 13:07:03.963232: E tensorflow/stream_executor/cuda/cuda_driver.cc:271] failed call to cuInit: CUDA_ERROR_NO_DEVICE: no CUDA-capable device is detected
[[1;32m172.16.240.6.10000[m::[1;35mstderr[m] 2023-10-21 13:07:03.963351: I tensorflow/stream_executor/cuda/cuda_diagnostics.cc:169] retrieving CUDA diagnostic information for host: gpu26
[[1;32m172.16.240.6.10000[m::[1;35mstderr[m] 2023-10-21 13:07:03.963373: I tensorflow/stream_executor/cuda/cuda_diagnostics.cc:176] hostname: gpu26
[[1;32m172.16.240.6.10000[m::[1;35mstderr[m] 2023-10-21 13:07:03.963604: I tensorflow/stream_executor/cuda/cuda_diagnostics.cc:200] libcuda reported version is: 418.67.0
[[1;32m172.16.240.6.10000[m::[1;35mstderr[m] 2023-10-21 13:07:03.963696: I tensorflow/stream_executor/cuda/cuda_diagnostics.cc:204] kernel reported version is: 418.67.0
[[1;32m172.16.240.6.10000[m::[1;35mstderr[m] 2023-10-21 13:07:03.963719: I tensorflow/stream_executor/cuda/cuda_diagnostics.cc:310] kernel version seems to match DSO: 418.67.0
[[1;34m172.16.240.6.10001[m::[1;35mstderr[m] 2023-10-21 13:07:03.963346: I tensorflow/stream_executor/cuda/cuda_diagnostics.cc:169] retrieving CUDA diagnostic information for host: gpu26
[[1;34m172.16.240.6.10001[m::[1;35mstderr[m] 2023-10-21 13:07:03.963369: I tensorflow/stream_executor/cuda/cuda_diagnostics.cc:176] hostname: gpu26
[[1;34m172.16.240.6.10001[m::[1;35mstderr[m] 2023-10-21 13:07:03.963615: I tensorflow/stream_executor/cuda/cuda_diagnostics.cc:200] libcuda reported version is: 418.67.0
[[1;34m172.16.240.6.10001[m::[1;35mstderr[m] 2023-10-21 13:07:03.963712: I tensorflow/stream_executor/cuda/cuda_diagnostics.cc:204] kernel reported version is: 418.67.0
[[1;34m172.16.240.6.10001[m::[1;35mstderr[m] 2023-10-21 13:07:03.963737: I tensorflow/stream_executor/cuda/cuda_diagnostics.cc:310] kernel version seems to match DSO: 418.67.0
[[1;34m172.16.240.6.10001[m::[1;35mstderr[m] 2023-10-21 13:07:03.986233: I tensorflow/compiler/xla/service/service.cc:171] XLA service 0x4e00600 initialized for platform Host (this does not guarantee that XLA will be used). Devices:
[[1;34m172.16.240.6.10001[m::[1;35mstderr[m] 2023-10-21 13:07:03.986261: I tensorflow/compiler/xla/service/service.cc:179]   StreamExecutor device (0): Host, Default Version
[[1;32m172.16.240.6.10000[m::[1;35mstderr[m] 2023-10-21 13:07:03.986559: I tensorflow/compiler/xla/service/service.cc:171] XLA service 0x558a550 initialized for platform Host (this does not guarantee that XLA will be used). Devices:
[[1;32m172.16.240.6.10000[m::[1;35mstderr[m] 2023-10-21 13:07:03.986596: I tensorflow/compiler/xla/service/service.cc:179]   StreamExecutor device (0): Host, Default Version
[W] invalid valud of CUDA_VISIBLE_DEVICES: "NoDevFiles"
[W] invalid valud of CUDA_VISIBLE_DEVICES: "NoDevFiles"
[W] invalid valud of CUDA_VISIBLE_DEVICES: "NoDevFiles"
[W] invalid valud of CUDA_VISIBLE_DEVICES: "NoDevFiles"
[W] invalid valud of CUDA_VISIBLE_DEVICES: "NoDevFiles"
[W] invalid valud of CUDA_VISIBLE_DEVICES: "NoDevFiles"
[[1;32m172.16.240.6.10000[m::[1;35mstderr[m] 2023-10-21 13:22:58.985961: E tensorflow/stream_executor/cuda/cuda_driver.cc:271] failed call to cuInit: CUDA_ERROR_NO_DEVICE: no CUDA-capable device is detected
[[1;34m172.16.240.6.10001[m::[1;35mstderr[m] 2023-10-21 13:22:58.985962: E tensorflow/stream_executor/cuda/cuda_driver.cc:271] failed call to cuInit: CUDA_ERROR_NO_DEVICE: no CUDA-capable device is detected
[[1;32m172.16.240.6.10000[m::[1;35mstderr[m] 2023-10-21 13:22:58.986071: I tensorflow/stream_executor/cuda/cuda_diagnostics.cc:169] retrieving CUDA diagnostic information for host: gpu26
[[1;32m172.16.240.6.10000[m::[1;35mstderr[m] 2023-10-21 13:22:58.986093: I tensorflow/stream_executor/cuda/cuda_diagnostics.cc:176] hostname: gpu26
[[1;32m172.16.240.6.10000[m::[1;35mstderr[m] 2023-10-21 13:22:58.986351: I tensorflow/stream_executor/cuda/cuda_diagnostics.cc:200] libcuda reported version is: 418.67.0
[[1;32m172.16.240.6.10000[m::[1;35mstderr[m] 2023-10-21 13:22:58.986443: I tensorflow/stream_executor/cuda/cuda_diagnostics.cc:204] kernel reported version is: 418.67.0
[[1;32m172.16.240.6.10000[m::[1;35mstderr[m] 2023-10-21 13:22:58.986462: I tensorflow/stream_executor/cuda/cuda_diagnostics.cc:310] kernel version seems to match DSO: 418.67.0
[[1;34m172.16.240.6.10001[m::[1;35mstderr[m] 2023-10-21 13:22:58.986068: I tensorflow/stream_executor/cuda/cuda_diagnostics.cc:169] retrieving CUDA diagnostic information for host: gpu26
[[1;34m172.16.240.6.10001[m::[1;35mstderr[m] 2023-10-21 13:22:58.986091: I tensorflow/stream_executor/cuda/cuda_diagnostics.cc:176] hostname: gpu26
[[1;34m172.16.240.6.10001[m::[1;35mstderr[m] 2023-10-21 13:22:58.986315: I tensorflow/stream_executor/cuda/cuda_diagnostics.cc:200] libcuda reported version is: 418.67.0
[[1;34m172.16.240.6.10001[m::[1;35mstderr[m] 2023-10-21 13:22:58.986408: I tensorflow/stream_executor/cuda/cuda_diagnostics.cc:204] kernel reported version is: 418.67.0
[[1;34m172.16.240.6.10001[m::[1;35mstderr[m] 2023-10-21 13:22:58.986431: I tensorflow/stream_executor/cuda/cuda_diagnostics.cc:310] kernel version seems to match DSO: 418.67.0
[[1;32m172.16.239.2.10000[m::[1;35mstderr[m] 2023-10-21 13:22:58.993218: E tensorflow/stream_executor/cuda/cuda_driver.cc:271] failed call to cuInit: CUDA_ERROR_NO_DEVICE: no CUDA-capable device is detected
[[1;34m172.16.239.2.10001[m::[1;35mstderr[m] 2023-10-21 13:22:58.993219: E tensorflow/stream_executor/cuda/cuda_driver.cc:271] failed call to cuInit: CUDA_ERROR_NO_DEVICE: no CUDA-capable device is detected
[[1;32m172.16.239.2.10000[m::[1;35mstderr[m] 2023-10-21 13:22:58.993325: I tensorflow/stream_executor/cuda/cuda_diagnostics.cc:169] retrieving CUDA diagnostic information for host: gpu02
[[1;32m172.16.239.2.10000[m::[1;35mstderr[m] 2023-10-21 13:22:58.993347: I tensorflow/stream_executor/cuda/cuda_diagnostics.cc:176] hostname: gpu02
[[1;32m172.16.239.2.10000[m::[1;35mstderr[m] 2023-10-21 13:22:58.993576: I tensorflow/stream_executor/cuda/cuda_diagnostics.cc:200] libcuda reported version is: 418.67.0
[[1;32m172.16.239.2.10000[m::[1;35mstderr[m] 2023-10-21 13:22:58.993662: I tensorflow/stream_executor/cuda/cuda_diagnostics.cc:204] kernel reported version is: 418.67.0
[[1;32m172.16.239.2.10000[m::[1;35mstderr[m] 2023-10-21 13:22:58.993681: I tensorflow/stream_executor/cuda/cuda_diagnostics.cc:310] kernel version seems to match DSO: 418.67.0
[[1;34m172.16.239.2.10001[m::[1;35mstderr[m] 2023-10-21 13:22:58.993320: I tensorflow/stream_executor/cuda/cuda_diagnostics.cc:169] retrieving CUDA diagnostic information for host: gpu02
[[1;34m172.16.239.2.10001[m::[1;35mstderr[m] 2023-10-21 13:22:58.993342: I tensorflow/stream_executor/cuda/cuda_diagnostics.cc:176] hostname: gpu02
[[1;34m172.16.239.2.10001[m::[1;35mstderr[m] 2023-10-21 13:22:58.993571: I tensorflow/stream_executor/cuda/cuda_diagnostics.cc:200] libcuda reported version is: 418.67.0
[[1;34m172.16.239.2.10001[m::[1;35mstderr[m] 2023-10-21 13:22:58.993668: I tensorflow/stream_executor/cuda/cuda_diagnostics.cc:204] kernel reported version is: 418.67.0
[[1;34m172.16.239.2.10001[m::[1;35mstderr[m] 2023-10-21 13:22:58.993688: I tensorflow/stream_executor/cuda/cuda_diagnostics.cc:310] kernel version seems to match DSO: 418.67.0
[[1;32m172.16.240.6.10000[m::[1;35mstderr[m] 2023-10-21 13:22:59.008028: I tensorflow/compiler/xla/service/service.cc:171] XLA service 0x4c7d580 initialized for platform Host (this does not guarantee that XLA will be used). Devices:
[[1;32m172.16.240.6.10000[m::[1;35mstderr[m] 2023-10-21 13:22:59.008058: I tensorflow/compiler/xla/service/service.cc:179]   StreamExecutor device (0): Host, Default Version
[[1;34m172.16.240.6.10001[m::[1;35mstderr[m] 2023-10-21 13:22:59.008758: I tensorflow/compiler/xla/service/service.cc:171] XLA service 0x59548a0 initialized for platform Host (this does not guarantee that XLA will be used). Devices:
[[1;34m172.16.240.6.10001[m::[1;35mstderr[m] 2023-10-21 13:22:59.008782: I tensorflow/compiler/xla/service/service.cc:179]   StreamExecutor device (0): Host, Default Version
[[1;32m172.16.239.2.10000[m::[1;35mstderr[m] 2023-10-21 13:22:59.015548: I tensorflow/compiler/xla/service/service.cc:171] XLA service 0x4a73480 initialized for platform Host (this does not guarantee that XLA will be used). Devices:
[[1;32m172.16.239.2.10000[m::[1;35mstderr[m] 2023-10-21 13:22:59.015577: I tensorflow/compiler/xla/service/service.cc:179]   StreamExecutor device (0): Host, Default Version
[[1;34m172.16.239.2.10001[m::[1;35mstderr[m] 2023-10-21 13:22:59.015590: I tensorflow/compiler/xla/service/service.cc:171] XLA service 0x68664d0 initialized for platform Host (this does not guarantee that XLA will be used). Devices:
[[1;34m172.16.239.2.10001[m::[1;35mstderr[m] 2023-10-21 13:22:59.015626: I tensorflow/compiler/xla/service/service.cc:179]   StreamExecutor device (0): Host, Default Version
[[1;34m172.16.239.3.10001[m::[1;35mstderr[m] 2023-10-21 13:22:59.021040: E tensorflow/stream_executor/cuda/cuda_driver.cc:271] failed call to cuInit: CUDA_ERROR_NO_DEVICE: no CUDA-capable device is detected
[[1;32m172.16.239.3.10000[m::[1;35mstderr[m] 2023-10-21 13:22:59.021040: E tensorflow/stream_executor/cuda/cuda_driver.cc:271] failed call to cuInit: CUDA_ERROR_NO_DEVICE: no CUDA-capable device is detected
[[1;34m172.16.239.3.10001[m::[1;35mstderr[m] 2023-10-21 13:22:59.021151: I tensorflow/stream_executor/cuda/cuda_diagnostics.cc:169] retrieving CUDA diagnostic information for host: gpu03
[[1;34m172.16.239.3.10001[m::[1;35mstderr[m] 2023-10-21 13:22:59.021173: I tensorflow/stream_executor/cuda/cuda_diagnostics.cc:176] hostname: gpu03
[[1;34m172.16.239.3.10001[m::[1;35mstderr[m] 2023-10-21 13:22:59.021411: I tensorflow/stream_executor/cuda/cuda_diagnostics.cc:200] libcuda reported version is: 418.67.0
[[1;34m172.16.239.3.10001[m::[1;35mstderr[m] 2023-10-21 13:22:59.021510: I tensorflow/stream_executor/cuda/cuda_diagnostics.cc:204] kernel reported version is: 418.67.0
[[1;34m172.16.239.3.10001[m::[1;35mstderr[m] 2023-10-21 13:22:59.021530: I tensorflow/stream_executor/cuda/cuda_diagnostics.cc:310] kernel version seems to match DSO: 418.67.0
[[1;32m172.16.239.3.10000[m::[1;35mstderr[m] 2023-10-21 13:22:59.021155: I tensorflow/stream_executor/cuda/cuda_diagnostics.cc:169] retrieving CUDA diagnostic information for host: gpu03
[[1;32m172.16.239.3.10000[m::[1;35mstderr[m] 2023-10-21 13:22:59.021178: I tensorflow/stream_executor/cuda/cuda_diagnostics.cc:176] hostname: gpu03
[[1;32m172.16.239.3.10000[m::[1;35mstderr[m] 2023-10-21 13:22:59.021412: I tensorflow/stream_executor/cuda/cuda_diagnostics.cc:200] libcuda reported version is: 418.67.0
[[1;32m172.16.239.3.10000[m::[1;35mstderr[m] 2023-10-21 13:22:59.021516: I tensorflow/stream_executor/cuda/cuda_diagnostics.cc:204] kernel reported version is: 418.67.0
[[1;32m172.16.239.3.10000[m::[1;35mstderr[m] 2023-10-21 13:22:59.021537: I tensorflow/stream_executor/cuda/cuda_diagnostics.cc:310] kernel version seems to match DSO: 418.67.0
[[1;32m172.16.239.3.10000[m::[1;35mstderr[m] 2023-10-21 13:22:59.045450: I tensorflow/compiler/xla/service/service.cc:171] XLA service 0x63e55e0 initialized for platform Host (this does not guarantee that XLA will be used). Devices:
[[1;32m172.16.239.3.10000[m::[1;35mstderr[m] 2023-10-21 13:22:59.045495: I tensorflow/compiler/xla/service/service.cc:179]   StreamExecutor device (0): Host, Default Version
[[1;34m172.16.239.3.10001[m::[1;35mstderr[m] 2023-10-21 13:22:59.045924: I tensorflow/compiler/xla/service/service.cc:171] XLA service 0x58f6750 initialized for platform Host (this does not guarantee that XLA will be used). Devices:
[[1;34m172.16.239.3.10001[m::[1;35mstderr[m] 2023-10-21 13:22:59.045961: I tensorflow/compiler/xla/service/service.cc:179]   StreamExecutor device (0): Host, Default Version
[W] invalid valud of CUDA_VISIBLE_DEVICES: "NoDevFiles"
[W] invalid valud of CUDA_VISIBLE_DEVICES: "NoDevFiles"
[W] invalid valud of CUDA_VISIBLE_DEVICES: "NoDevFiles"
[W] invalid valud of CUDA_VISIBLE_DEVICES: "NoDevFiles"
[W] invalid valud of CUDA_VISIBLE_DEVICES: "NoDevFiles"
[W] invalid valud of CUDA_VISIBLE_DEVICES: "NoDevFiles"
[[1;32m172.16.239.2.10000[m::[1;35mstderr[m] 2023-10-21 13:34:35.099528: E tensorflow/stream_executor/cuda/cuda_driver.cc:271] failed call to cuInit: CUDA_ERROR_NO_DEVICE: no CUDA-capable device is detected
[[1;34m172.16.239.3.10001[m::[1;35mstderr[m] 2023-10-21 13:34:35.107203: E tensorflow/stream_executor/cuda/cuda_driver.cc:271] failed call to cuInit: CUDA_ERROR_NO_DEVICE: no CUDA-capable device is detected
[[1;32m172.16.240.6.10000[m::[1;35mstderr[m] 2023-10-21 13:34:35.108961: E tensorflow/stream_executor/cuda/cuda_driver.cc:271] failed call to cuInit: CUDA_ERROR_NO_DEVICE: no CUDA-capable device is detected
[[1;32m172.16.240.6.10000[m::[1;35mstderr[m] 2023-10-21 13:34:35.109062: I tensorflow/stream_executor/cuda/cuda_diagnostics.cc:169] retrieving CUDA diagnostic information for host: gpu26
[[1;32m172.16.240.6.10000[m::[1;35mstderr[m] 2023-10-21 13:34:35.109083: I tensorflow/stream_executor/cuda/cuda_diagnostics.cc:176] hostname: gpu26
[[1;32m172.16.240.6.10000[m::[1;35mstderr[m] 2023-10-21 13:34:35.109290: I tensorflow/stream_executor/cuda/cuda_diagnostics.cc:200] libcuda reported version is: 418.67.0
[[1;32m172.16.240.6.10000[m::[1;35mstderr[m] 2023-10-21 13:34:35.109389: I tensorflow/stream_executor/cuda/cuda_diagnostics.cc:204] kernel reported version is: 418.67.0
[[1;32m172.16.240.6.10000[m::[1;35mstderr[m] 2023-10-21 13:34:35.109409: I tensorflow/stream_executor/cuda/cuda_diagnostics.cc:310] kernel version seems to match DSO: 418.67.0
[[1;34m172.16.240.6.10001[m::[1;35mstderr[m] 2023-10-21 13:34:35.110316: E tensorflow/stream_executor/cuda/cuda_driver.cc:271] failed call to cuInit: CUDA_ERROR_NO_DEVICE: no CUDA-capable device is detected
[[1;34m172.16.239.2.10001[m::[1;35mstderr[m] 2023-10-21 13:34:35.101251: E tensorflow/stream_executor/cuda/cuda_driver.cc:271] failed call to cuInit: CUDA_ERROR_NO_DEVICE: no CUDA-capable device is detected
[[1;34m172.16.240.6.10001[m::[1;35mstderr[m] 2023-10-21 13:34:35.110408: I tensorflow/stream_executor/cuda/cuda_diagnostics.cc:169] retrieving CUDA diagnostic information for host: gpu26
[[1;34m172.16.240.6.10001[m::[1;35mstderr[m] 2023-10-21 13:34:35.110429: I tensorflow/stream_executor/cuda/cuda_diagnostics.cc:176] hostname: gpu26
[[1;34m172.16.240.6.10001[m::[1;35mstderr[m] 2023-10-21 13:34:35.110630: I tensorflow/stream_executor/cuda/cuda_diagnostics.cc:200] libcuda reported version is: 418.67.0
[[1;34m172.16.240.6.10001[m::[1;35mstderr[m] 2023-10-21 13:34:35.110720: I tensorflow/stream_executor/cuda/cuda_diagnostics.cc:204] kernel reported version is: 418.67.0
[[1;34m172.16.240.6.10001[m::[1;35mstderr[m] 2023-10-21 13:34:35.110739: I tensorflow/stream_executor/cuda/cuda_diagnostics.cc:310] kernel version seems to match DSO: 418.67.0
[[1;32m172.16.239.3.10000[m::[1;35mstderr[m] 2023-10-21 13:34:35.109595: E tensorflow/stream_executor/cuda/cuda_driver.cc:271] failed call to cuInit: CUDA_ERROR_NO_DEVICE: no CUDA-capable device is detected
[[1;34m172.16.239.3.10001[m::[1;35mstderr[m] 2023-10-21 13:34:35.107313: I tensorflow/stream_executor/cuda/cuda_diagnostics.cc:169] retrieving CUDA diagnostic information for host: gpu03
[[1;34m172.16.239.3.10001[m::[1;35mstderr[m] 2023-10-21 13:34:35.107335: I tensorflow/stream_executor/cuda/cuda_diagnostics.cc:176] hostname: gpu03
[[1;34m172.16.239.3.10001[m::[1;35mstderr[m] 2023-10-21 13:34:35.107574: I tensorflow/stream_executor/cuda/cuda_diagnostics.cc:200] libcuda reported version is: 418.67.0
[[1;34m172.16.239.3.10001[m::[1;35mstderr[m] 2023-10-21 13:34:35.107671: I tensorflow/stream_executor/cuda/cuda_diagnostics.cc:204] kernel reported version is: 418.67.0
[[1;34m172.16.239.3.10001[m::[1;35mstderr[m] 2023-10-21 13:34:35.107692: I tensorflow/stream_executor/cuda/cuda_diagnostics.cc:310] kernel version seems to match DSO: 418.67.0
[[1;32m172.16.239.2.10000[m::[1;35mstderr[m] 2023-10-21 13:34:35.099631: I tensorflow/stream_executor/cuda/cuda_diagnostics.cc:169] retrieving CUDA diagnostic information for host: gpu02
[[1;32m172.16.239.2.10000[m::[1;35mstderr[m] 2023-10-21 13:34:35.099652: I tensorflow/stream_executor/cuda/cuda_diagnostics.cc:176] hostname: gpu02
[[1;32m172.16.239.2.10000[m::[1;35mstderr[m] 2023-10-21 13:34:35.099860: I tensorflow/stream_executor/cuda/cuda_diagnostics.cc:200] libcuda reported version is: 418.67.0
[[1;32m172.16.239.2.10000[m::[1;35mstderr[m] 2023-10-21 13:34:35.099964: I tensorflow/stream_executor/cuda/cuda_diagnostics.cc:204] kernel reported version is: 418.67.0
[[1;32m172.16.239.2.10000[m::[1;35mstderr[m] 2023-10-21 13:34:35.099986: I tensorflow/stream_executor/cuda/cuda_diagnostics.cc:310] kernel version seems to match DSO: 418.67.0
[[1;32m172.16.239.2.10000[m::[1;35mstderr[m] 2023-10-21 13:34:35.123319: I tensorflow/compiler/xla/service/service.cc:171] XLA service 0x66005e0 initialized for platform Host (this does not guarantee that XLA will be used). Devices:
[[1;32m172.16.239.2.10000[m::[1;35mstderr[m] 2023-10-21 13:34:35.123347: I tensorflow/compiler/xla/service/service.cc:179]   StreamExecutor device (0): Host, Default Version
[[1;34m172.16.239.2.10001[m::[1;35mstderr[m] 2023-10-21 13:34:35.101340: I tensorflow/stream_executor/cuda/cuda_diagnostics.cc:169] retrieving CUDA diagnostic information for host: gpu02
[[1;34m172.16.239.2.10001[m::[1;35mstderr[m] 2023-10-21 13:34:35.101361: I tensorflow/stream_executor/cuda/cuda_diagnostics.cc:176] hostname: gpu02
[[1;34m172.16.239.2.10001[m::[1;35mstderr[m] 2023-10-21 13:34:35.101566: I tensorflow/stream_executor/cuda/cuda_diagnostics.cc:200] libcuda reported version is: 418.67.0
[[1;34m172.16.239.2.10001[m::[1;35mstderr[m] 2023-10-21 13:34:35.101656: I tensorflow/stream_executor/cuda/cuda_diagnostics.cc:204] kernel reported version is: 418.67.0
[[1;34m172.16.239.2.10001[m::[1;35mstderr[m] 2023-10-21 13:34:35.101675: I tensorflow/stream_executor/cuda/cuda_diagnostics.cc:310] kernel version seems to match DSO: 418.67.0
[[1;34m172.16.239.2.10001[m::[1;35mstderr[m] 2023-10-21 13:34:35.124310: I tensorflow/compiler/xla/service/service.cc:171] XLA service 0x571a4d0 initialized for platform Host (this does not guarantee that XLA will be used). Devices:
[[1;34m172.16.239.2.10001[m::[1;35mstderr[m] 2023-10-21 13:34:35.124334: I tensorflow/compiler/xla/service/service.cc:179]   StreamExecutor device (0): Host, Default Version
[[1;34m172.16.239.3.10001[m::[1;35mstderr[m] 2023-10-21 13:34:35.128405: I tensorflow/compiler/xla/service/service.cc:171] XLA service 0x68e13c0 initialized for platform Host (this does not guarantee that XLA will be used). Devices:
[[1;34m172.16.239.3.10001[m::[1;35mstderr[m] 2023-10-21 13:34:35.128430: I tensorflow/compiler/xla/service/service.cc:179]   StreamExecutor device (0): Host, Default Version
[[1;32m172.16.239.3.10000[m::[1;35mstderr[m] 2023-10-21 13:34:35.109685: I tensorflow/stream_executor/cuda/cuda_diagnostics.cc:169] retrieving CUDA diagnostic information for host: gpu03
[[1;32m172.16.239.3.10000[m::[1;35mstderr[m] 2023-10-21 13:34:35.109706: I tensorflow/stream_executor/cuda/cuda_diagnostics.cc:176] hostname: gpu03
[[1;32m172.16.239.3.10000[m::[1;35mstderr[m] 2023-10-21 13:34:35.109922: I tensorflow/stream_executor/cuda/cuda_diagnostics.cc:200] libcuda reported version is: 418.67.0
[[1;32m172.16.239.3.10000[m::[1;35mstderr[m] 2023-10-21 13:34:35.110012: I tensorflow/stream_executor/cuda/cuda_diagnostics.cc:204] kernel reported version is: 418.67.0
[[1;32m172.16.239.3.10000[m::[1;35mstderr[m] 2023-10-21 13:34:35.110032: I tensorflow/stream_executor/cuda/cuda_diagnostics.cc:310] kernel version seems to match DSO: 418.67.0
[[1;32m172.16.239.3.10000[m::[1;35mstderr[m] 2023-10-21 13:34:35.134198: I tensorflow/compiler/xla/service/service.cc:171] XLA service 0x4eb5a10 initialized for platform Host (this does not guarantee that XLA will be used). Devices:
[[1;32m172.16.239.3.10000[m::[1;35mstderr[m] 2023-10-21 13:34:35.134240: I tensorflow/compiler/xla/service/service.cc:179]   StreamExecutor device (0): Host, Default Version
[[1;32m172.16.240.6.10000[m::[1;35mstderr[m] 2023-10-21 13:34:35.134168: I tensorflow/compiler/xla/service/service.cc:171] XLA service 0x64e3660 initialized for platform Host (this does not guarantee that XLA will be used). Devices:
[[1;32m172.16.240.6.10000[m::[1;35mstderr[m] 2023-10-21 13:34:35.134213: I tensorflow/compiler/xla/service/service.cc:179]   StreamExecutor device (0): Host, Default Version
[[1;34m172.16.240.6.10001[m::[1;35mstderr[m] 2023-10-21 13:34:35.135123: I tensorflow/compiler/xla/service/service.cc:171] XLA service 0x65488b0 initialized for platform Host (this does not guarantee that XLA will be used). Devices:
[[1;34m172.16.240.6.10001[m::[1;35mstderr[m] 2023-10-21 13:34:35.135163: I tensorflow/compiler/xla/service/service.cc:179]   StreamExecutor device (0): Host, Default Version
