[W] invalid valud of CUDA_VISIBLE_DEVICES: "NoDevFiles"
[W] invalid valud of CUDA_VISIBLE_DEVICES: "NoDevFiles"
[W] invalid valud of CUDA_VISIBLE_DEVICES: "NoDevFiles"
[W] invalid valud of CUDA_VISIBLE_DEVICES: "NoDevFiles"
[[1;32m172.16.239.6.10000[m::[1;35mstderr[m] 2023-10-21 12:31:18.186252: E tensorflow/stream_executor/cuda/cuda_driver.cc:271] failed call to cuInit: CUDA_ERROR_NO_DEVICE: no CUDA-capable device is detected
[[1;34m172.16.239.6.10001[m::[1;35mstderr[m] 2023-10-21 12:31:18.186254: E tensorflow/stream_executor/cuda/cuda_driver.cc:271] failed call to cuInit: CUDA_ERROR_NO_DEVICE: no CUDA-capable device is detected
[[1;32m172.16.239.6.10000[m::[1;35mstderr[m] 2023-10-21 12:31:18.190550: I tensorflow/stream_executor/cuda/cuda_diagnostics.cc:169] retrieving CUDA diagnostic information for host: gpu06
[[1;32m172.16.239.6.10000[m::[1;35mstderr[m] 2023-10-21 12:31:18.190618: I tensorflow/stream_executor/cuda/cuda_diagnostics.cc:176] hostname: gpu06
[[1;32m172.16.239.6.10000[m::[1;35mstderr[m] 2023-10-21 12:31:18.190856: I tensorflow/stream_executor/cuda/cuda_diagnostics.cc:200] libcuda reported version is: 418.67.0
[[1;32m172.16.239.6.10000[m::[1;35mstderr[m] 2023-10-21 12:31:18.190972: I tensorflow/stream_executor/cuda/cuda_diagnostics.cc:204] kernel reported version is: 418.67.0
[[1;32m172.16.239.6.10000[m::[1;35mstderr[m] 2023-10-21 12:31:18.190996: I tensorflow/stream_executor/cuda/cuda_diagnostics.cc:310] kernel version seems to match DSO: 418.67.0
[[1;34m172.16.239.6.10001[m::[1;35mstderr[m] 2023-10-21 12:31:18.190540: I tensorflow/stream_executor/cuda/cuda_diagnostics.cc:169] retrieving CUDA diagnostic information for host: gpu06
[[1;34m172.16.239.6.10001[m::[1;35mstderr[m] 2023-10-21 12:31:18.190605: I tensorflow/stream_executor/cuda/cuda_diagnostics.cc:176] hostname: gpu06
[[1;34m172.16.239.6.10001[m::[1;35mstderr[m] 2023-10-21 12:31:18.190846: I tensorflow/stream_executor/cuda/cuda_diagnostics.cc:200] libcuda reported version is: 418.67.0
[[1;34m172.16.239.6.10001[m::[1;35mstderr[m] 2023-10-21 12:31:18.190979: I tensorflow/stream_executor/cuda/cuda_diagnostics.cc:204] kernel reported version is: 418.67.0
[[1;34m172.16.239.6.10001[m::[1;35mstderr[m] 2023-10-21 12:31:18.191001: I tensorflow/stream_executor/cuda/cuda_diagnostics.cc:310] kernel version seems to match DSO: 418.67.0
[[1;32m172.16.239.6.10000[m::[1;35mstderr[m] 2023-10-21 12:31:18.214586: I tensorflow/compiler/xla/service/service.cc:171] XLA service 0x5af8580 initialized for platform Host (this does not guarantee that XLA will be used). Devices:
[[1;32m172.16.239.6.10000[m::[1;35mstderr[m] 2023-10-21 12:31:18.214623: I tensorflow/compiler/xla/service/service.cc:179]   StreamExecutor device (0): Host, Default Version
[[1;34m172.16.239.6.10001[m::[1;35mstderr[m] 2023-10-21 12:31:18.215066: I tensorflow/compiler/xla/service/service.cc:171] XLA service 0x5914500 initialized for platform Host (this does not guarantee that XLA will be used). Devices:
[[1;34m172.16.239.6.10001[m::[1;35mstderr[m] 2023-10-21 12:31:18.215103: I tensorflow/compiler/xla/service/service.cc:179]   StreamExecutor device (0): Host, Default Version
[[1;34m172.16.240.1.10001[m::[1;35mstderr[m] 2023-10-21 12:31:21.331458: E tensorflow/stream_executor/cuda/cuda_driver.cc:271] failed call to cuInit: CUDA_ERROR_NO_DEVICE: no CUDA-capable device is detected
[[1;32m172.16.240.1.10000[m::[1;35mstderr[m] 2023-10-21 12:31:21.332796: E tensorflow/stream_executor/cuda/cuda_driver.cc:271] failed call to cuInit: CUDA_ERROR_NO_DEVICE: no CUDA-capable device is detected
[[1;34m172.16.240.1.10001[m::[1;35mstderr[m] 2023-10-21 12:31:21.331626: I tensorflow/stream_executor/cuda/cuda_diagnostics.cc:169] retrieving CUDA diagnostic information for host: gpu21
[[1;34m172.16.240.1.10001[m::[1;35mstderr[m] 2023-10-21 12:31:21.331655: I tensorflow/stream_executor/cuda/cuda_diagnostics.cc:176] hostname: gpu21
[[1;34m172.16.240.1.10001[m::[1;35mstderr[m] 2023-10-21 12:31:21.331866: I tensorflow/stream_executor/cuda/cuda_diagnostics.cc:200] libcuda reported version is: 418.67.0
[[1;34m172.16.240.1.10001[m::[1;35mstderr[m] 2023-10-21 12:31:21.331982: I tensorflow/stream_executor/cuda/cuda_diagnostics.cc:204] kernel reported version is: 418.67.0
[[1;34m172.16.240.1.10001[m::[1;35mstderr[m] 2023-10-21 12:31:21.332003: I tensorflow/stream_executor/cuda/cuda_diagnostics.cc:310] kernel version seems to match DSO: 418.67.0
[[1;32m172.16.240.1.10000[m::[1;35mstderr[m] 2023-10-21 12:31:21.332893: I tensorflow/stream_executor/cuda/cuda_diagnostics.cc:169] retrieving CUDA diagnostic information for host: gpu21
[[1;32m172.16.240.1.10000[m::[1;35mstderr[m] 2023-10-21 12:31:21.332913: I tensorflow/stream_executor/cuda/cuda_diagnostics.cc:176] hostname: gpu21
[[1;32m172.16.240.1.10000[m::[1;35mstderr[m] 2023-10-21 12:31:21.333124: I tensorflow/stream_executor/cuda/cuda_diagnostics.cc:200] libcuda reported version is: 418.67.0
[[1;32m172.16.240.1.10000[m::[1;35mstderr[m] 2023-10-21 12:31:21.333216: I tensorflow/stream_executor/cuda/cuda_diagnostics.cc:204] kernel reported version is: 418.67.0
[[1;32m172.16.240.1.10000[m::[1;35mstderr[m] 2023-10-21 12:31:21.333235: I tensorflow/stream_executor/cuda/cuda_diagnostics.cc:310] kernel version seems to match DSO: 418.67.0
[[1;32m172.16.240.1.10000[m::[1;35mstderr[m] 2023-10-21 12:31:21.357791: I tensorflow/compiler/xla/service/service.cc:171] XLA service 0x5b5c510 initialized for platform Host (this does not guarantee that XLA will be used). Devices:
[[1;32m172.16.240.1.10000[m::[1;35mstderr[m] 2023-10-21 12:31:21.357813: I tensorflow/compiler/xla/service/service.cc:179]   StreamExecutor device (0): Host, Default Version
[[1;34m172.16.240.1.10001[m::[1;35mstderr[m] 2023-10-21 12:31:21.357920: I tensorflow/compiler/xla/service/service.cc:171] XLA service 0x53664c0 initialized for platform Host (this does not guarantee that XLA will be used). Devices:
[[1;34m172.16.240.1.10001[m::[1;35mstderr[m] 2023-10-21 12:31:21.357941: I tensorflow/compiler/xla/service/service.cc:179]   StreamExecutor device (0): Host, Default Version
[W] invalid valud of CUDA_VISIBLE_DEVICES: "NoDevFiles"
[W] invalid valud of CUDA_VISIBLE_DEVICES: "NoDevFiles"
[W] invalid valud of CUDA_VISIBLE_DEVICES: "NoDevFiles"
[W] invalid valud of CUDA_VISIBLE_DEVICES: "NoDevFiles"
[[1;32m172.16.240.1.10000[m::[1;35mstderr[m] 2023-10-21 13:15:57.351338: E tensorflow/stream_executor/cuda/cuda_driver.cc:271] failed call to cuInit: CUDA_ERROR_NO_DEVICE: no CUDA-capable device is detected
[[1;34m172.16.240.1.10001[m::[1;35mstderr[m] 2023-10-21 13:15:57.351341: E tensorflow/stream_executor/cuda/cuda_driver.cc:271] failed call to cuInit: CUDA_ERROR_NO_DEVICE: no CUDA-capable device is detected
[[1;32m172.16.240.1.10000[m::[1;35mstderr[m] 2023-10-21 13:15:57.351437: I tensorflow/stream_executor/cuda/cuda_diagnostics.cc:169] retrieving CUDA diagnostic information for host: gpu21
[[1;32m172.16.240.1.10000[m::[1;35mstderr[m] 2023-10-21 13:15:57.351459: I tensorflow/stream_executor/cuda/cuda_diagnostics.cc:176] hostname: gpu21
[[1;32m172.16.240.1.10000[m::[1;35mstderr[m] 2023-10-21 13:15:57.351694: I tensorflow/stream_executor/cuda/cuda_diagnostics.cc:200] libcuda reported version is: 418.67.0
[[1;32m172.16.240.1.10000[m::[1;35mstderr[m] 2023-10-21 13:15:57.351795: I tensorflow/stream_executor/cuda/cuda_diagnostics.cc:204] kernel reported version is: 418.67.0
[[1;32m172.16.240.1.10000[m::[1;35mstderr[m] 2023-10-21 13:15:57.351814: I tensorflow/stream_executor/cuda/cuda_diagnostics.cc:310] kernel version seems to match DSO: 418.67.0
[[1;34m172.16.240.1.10001[m::[1;35mstderr[m] 2023-10-21 13:15:57.351441: I tensorflow/stream_executor/cuda/cuda_diagnostics.cc:169] retrieving CUDA diagnostic information for host: gpu21
[[1;34m172.16.240.1.10001[m::[1;35mstderr[m] 2023-10-21 13:15:57.351462: I tensorflow/stream_executor/cuda/cuda_diagnostics.cc:176] hostname: gpu21
[[1;34m172.16.240.1.10001[m::[1;35mstderr[m] 2023-10-21 13:15:57.351694: I tensorflow/stream_executor/cuda/cuda_diagnostics.cc:200] libcuda reported version is: 418.67.0
[[1;34m172.16.240.1.10001[m::[1;35mstderr[m] 2023-10-21 13:15:57.351787: I tensorflow/stream_executor/cuda/cuda_diagnostics.cc:204] kernel reported version is: 418.67.0
[[1;34m172.16.240.1.10001[m::[1;35mstderr[m] 2023-10-21 13:15:57.351806: I tensorflow/stream_executor/cuda/cuda_diagnostics.cc:310] kernel version seems to match DSO: 418.67.0
[[1;32m172.16.240.1.10000[m::[1;35mstderr[m] 2023-10-21 13:15:57.375497: I tensorflow/compiler/xla/service/service.cc:171] XLA service 0x5553550 initialized for platform Host (this does not guarantee that XLA will be used). Devices:
[[1;32m172.16.240.1.10000[m::[1;35mstderr[m] 2023-10-21 13:15:57.375547: I tensorflow/compiler/xla/service/service.cc:179]   StreamExecutor device (0): Host, Default Version
[[1;34m172.16.240.1.10001[m::[1;35mstderr[m] 2023-10-21 13:15:57.375719: I tensorflow/compiler/xla/service/service.cc:171] XLA service 0x51a7800 initialized for platform Host (this does not guarantee that XLA will be used). Devices:
[[1;34m172.16.240.1.10001[m::[1;35mstderr[m] 2023-10-21 13:15:57.375759: I tensorflow/compiler/xla/service/service.cc:179]   StreamExecutor device (0): Host, Default Version
[[1;34m172.16.239.6.10001[m::[1;35mstderr[m] 2023-10-21 13:15:57.411613: E tensorflow/stream_executor/cuda/cuda_driver.cc:271] failed call to cuInit: CUDA_ERROR_NO_DEVICE: no CUDA-capable device is detected
[[1;32m172.16.239.6.10000[m::[1;35mstderr[m] 2023-10-21 13:15:57.411612: E tensorflow/stream_executor/cuda/cuda_driver.cc:271] failed call to cuInit: CUDA_ERROR_NO_DEVICE: no CUDA-capable device is detected
[[1;34m172.16.239.6.10001[m::[1;35mstderr[m] 2023-10-21 13:15:57.411723: I tensorflow/stream_executor/cuda/cuda_diagnostics.cc:169] retrieving CUDA diagnostic information for host: gpu06
[[1;34m172.16.239.6.10001[m::[1;35mstderr[m] 2023-10-21 13:15:57.411745: I tensorflow/stream_executor/cuda/cuda_diagnostics.cc:176] hostname: gpu06
[[1;34m172.16.239.6.10001[m::[1;35mstderr[m] 2023-10-21 13:15:57.411993: I tensorflow/stream_executor/cuda/cuda_diagnostics.cc:200] libcuda reported version is: 418.67.0
[[1;34m172.16.239.6.10001[m::[1;35mstderr[m] 2023-10-21 13:15:57.412094: I tensorflow/stream_executor/cuda/cuda_diagnostics.cc:204] kernel reported version is: 418.67.0
[[1;34m172.16.239.6.10001[m::[1;35mstderr[m] 2023-10-21 13:15:57.412114: I tensorflow/stream_executor/cuda/cuda_diagnostics.cc:310] kernel version seems to match DSO: 418.67.0
[[1;32m172.16.239.6.10000[m::[1;35mstderr[m] 2023-10-21 13:15:57.411725: I tensorflow/stream_executor/cuda/cuda_diagnostics.cc:169] retrieving CUDA diagnostic information for host: gpu06
[[1;32m172.16.239.6.10000[m::[1;35mstderr[m] 2023-10-21 13:15:57.411747: I tensorflow/stream_executor/cuda/cuda_diagnostics.cc:176] hostname: gpu06
[[1;32m172.16.239.6.10000[m::[1;35mstderr[m] 2023-10-21 13:15:57.411991: I tensorflow/stream_executor/cuda/cuda_diagnostics.cc:200] libcuda reported version is: 418.67.0
[[1;32m172.16.239.6.10000[m::[1;35mstderr[m] 2023-10-21 13:15:57.412084: I tensorflow/stream_executor/cuda/cuda_diagnostics.cc:204] kernel reported version is: 418.67.0
[[1;32m172.16.239.6.10000[m::[1;35mstderr[m] 2023-10-21 13:15:57.412103: I tensorflow/stream_executor/cuda/cuda_diagnostics.cc:310] kernel version seems to match DSO: 418.67.0
[[1;34m172.16.239.6.10001[m::[1;35mstderr[m] 2023-10-21 13:15:57.436454: I tensorflow/compiler/xla/service/service.cc:171] XLA service 0x59c3730 initialized for platform Host (this does not guarantee that XLA will be used). Devices:
[[1;34m172.16.239.6.10001[m::[1;35mstderr[m] 2023-10-21 13:15:57.436502: I tensorflow/compiler/xla/service/service.cc:179]   StreamExecutor device (0): Host, Default Version
[[1;32m172.16.239.6.10000[m::[1;35mstderr[m] 2023-10-21 13:15:57.436894: I tensorflow/compiler/xla/service/service.cc:171] XLA service 0x55d6360 initialized for platform Host (this does not guarantee that XLA will be used). Devices:
[[1;32m172.16.239.6.10000[m::[1;35mstderr[m] 2023-10-21 13:15:57.436933: I tensorflow/compiler/xla/service/service.cc:179]   StreamExecutor device (0): Host, Default Version
[W] invalid valud of CUDA_VISIBLE_DEVICES: "NoDevFiles"
[W] invalid valud of CUDA_VISIBLE_DEVICES: "NoDevFiles"
[W] invalid valud of CUDA_VISIBLE_DEVICES: "NoDevFiles"
[W] invalid valud of CUDA_VISIBLE_DEVICES: "NoDevFiles"
[[1;34m172.16.239.6.10001[m::[1;35mstderr[m] 2023-10-21 13:36:40.326938: E tensorflow/stream_executor/cuda/cuda_driver.cc:271] failed call to cuInit: CUDA_ERROR_NO_DEVICE: no CUDA-capable device is detected
[[1;32m172.16.239.6.10000[m::[1;35mstderr[m] 2023-10-21 13:36:40.326938: E tensorflow/stream_executor/cuda/cuda_driver.cc:271] failed call to cuInit: CUDA_ERROR_NO_DEVICE: no CUDA-capable device is detected
[[1;34m172.16.239.6.10001[m::[1;35mstderr[m] 2023-10-21 13:36:40.327051: I tensorflow/stream_executor/cuda/cuda_diagnostics.cc:169] retrieving CUDA diagnostic information for host: gpu06
[[1;34m172.16.239.6.10001[m::[1;35mstderr[m] 2023-10-21 13:36:40.327074: I tensorflow/stream_executor/cuda/cuda_diagnostics.cc:176] hostname: gpu06
[[1;34m172.16.239.6.10001[m::[1;35mstderr[m] 2023-10-21 13:36:40.327324: I tensorflow/stream_executor/cuda/cuda_diagnostics.cc:200] libcuda reported version is: 418.67.0
[[1;34m172.16.239.6.10001[m::[1;35mstderr[m] 2023-10-21 13:36:40.327431: I tensorflow/stream_executor/cuda/cuda_diagnostics.cc:204] kernel reported version is: 418.67.0
[[1;34m172.16.239.6.10001[m::[1;35mstderr[m] 2023-10-21 13:36:40.327452: I tensorflow/stream_executor/cuda/cuda_diagnostics.cc:310] kernel version seems to match DSO: 418.67.0
[[1;32m172.16.239.6.10000[m::[1;35mstderr[m] 2023-10-21 13:36:40.327048: I tensorflow/stream_executor/cuda/cuda_diagnostics.cc:169] retrieving CUDA diagnostic information for host: gpu06
[[1;32m172.16.239.6.10000[m::[1;35mstderr[m] 2023-10-21 13:36:40.327070: I tensorflow/stream_executor/cuda/cuda_diagnostics.cc:176] hostname: gpu06
[[1;32m172.16.239.6.10000[m::[1;35mstderr[m] 2023-10-21 13:36:40.327325: I tensorflow/stream_executor/cuda/cuda_diagnostics.cc:200] libcuda reported version is: 418.67.0
[[1;32m172.16.239.6.10000[m::[1;35mstderr[m] 2023-10-21 13:36:40.327425: I tensorflow/stream_executor/cuda/cuda_diagnostics.cc:204] kernel reported version is: 418.67.0
[[1;32m172.16.239.6.10000[m::[1;35mstderr[m] 2023-10-21 13:36:40.327444: I tensorflow/stream_executor/cuda/cuda_diagnostics.cc:310] kernel version seems to match DSO: 418.67.0
[[1;32m172.16.240.1.10000[m::[1;35mstderr[m] 2023-10-21 13:36:40.335119: E tensorflow/stream_executor/cuda/cuda_driver.cc:271] failed call to cuInit: CUDA_ERROR_NO_DEVICE: no CUDA-capable device is detected
[[1;34m172.16.240.1.10001[m::[1;35mstderr[m] 2023-10-21 13:36:40.335117: E tensorflow/stream_executor/cuda/cuda_driver.cc:271] failed call to cuInit: CUDA_ERROR_NO_DEVICE: no CUDA-capable device is detected
[[1;34m172.16.240.1.10001[m::[1;35mstderr[m] 2023-10-21 13:36:40.335215: I tensorflow/stream_executor/cuda/cuda_diagnostics.cc:169] retrieving CUDA diagnostic information for host: gpu21
[[1;34m172.16.240.1.10001[m::[1;35mstderr[m] 2023-10-21 13:36:40.335237: I tensorflow/stream_executor/cuda/cuda_diagnostics.cc:176] hostname: gpu21
[[1;34m172.16.240.1.10001[m::[1;35mstderr[m] 2023-10-21 13:36:40.335477: I tensorflow/stream_executor/cuda/cuda_diagnostics.cc:200] libcuda reported version is: 418.67.0
[[1;34m172.16.240.1.10001[m::[1;35mstderr[m] 2023-10-21 13:36:40.335577: I tensorflow/stream_executor/cuda/cuda_diagnostics.cc:204] kernel reported version is: 418.67.0
[[1;34m172.16.240.1.10001[m::[1;35mstderr[m] 2023-10-21 13:36:40.335598: I tensorflow/stream_executor/cuda/cuda_diagnostics.cc:310] kernel version seems to match DSO: 418.67.0
[[1;32m172.16.239.6.10000[m::[1;35mstderr[m] 2023-10-21 13:36:40.349281: I tensorflow/compiler/xla/service/service.cc:171] XLA service 0x65d9500 initialized for platform Host (this does not guarantee that XLA will be used). Devices:
[[1;32m172.16.239.6.10000[m::[1;35mstderr[m] 2023-10-21 13:36:40.349313: I tensorflow/compiler/xla/service/service.cc:179]   StreamExecutor device (0): Host, Default Version
[[1;34m172.16.239.6.10001[m::[1;35mstderr[m] 2023-10-21 13:36:40.349675: I tensorflow/compiler/xla/service/service.cc:171] XLA service 0x4c424e0 initialized for platform Host (this does not guarantee that XLA will be used). Devices:
[[1;34m172.16.239.6.10001[m::[1;35mstderr[m] 2023-10-21 13:36:40.349698: I tensorflow/compiler/xla/service/service.cc:179]   StreamExecutor device (0): Host, Default Version
[[1;32m172.16.240.1.10000[m::[1;35mstderr[m] 2023-10-21 13:36:40.335219: I tensorflow/stream_executor/cuda/cuda_diagnostics.cc:169] retrieving CUDA diagnostic information for host: gpu21
[[1;32m172.16.240.1.10000[m::[1;35mstderr[m] 2023-10-21 13:36:40.335241: I tensorflow/stream_executor/cuda/cuda_diagnostics.cc:176] hostname: gpu21
[[1;32m172.16.240.1.10000[m::[1;35mstderr[m] 2023-10-21 13:36:40.335479: I tensorflow/stream_executor/cuda/cuda_diagnostics.cc:200] libcuda reported version is: 418.67.0
[[1;32m172.16.240.1.10000[m::[1;35mstderr[m] 2023-10-21 13:36:40.335583: I tensorflow/stream_executor/cuda/cuda_diagnostics.cc:204] kernel reported version is: 418.67.0
[[1;32m172.16.240.1.10000[m::[1;35mstderr[m] 2023-10-21 13:36:40.335604: I tensorflow/stream_executor/cuda/cuda_diagnostics.cc:310] kernel version seems to match DSO: 418.67.0
[[1;32m172.16.240.1.10000[m::[1;35mstderr[m] 2023-10-21 13:36:40.357633: I tensorflow/compiler/xla/service/service.cc:171] XLA service 0x571e6a0 initialized for platform Host (this does not guarantee that XLA will be used). Devices:
[[1;32m172.16.240.1.10000[m::[1;35mstderr[m] 2023-10-21 13:36:40.357666: I tensorflow/compiler/xla/service/service.cc:179]   StreamExecutor device (0): Host, Default Version
[[1;34m172.16.240.1.10001[m::[1;35mstderr[m] 2023-10-21 13:36:40.357893: I tensorflow/compiler/xla/service/service.cc:171] XLA service 0x571c370 initialized for platform Host (this does not guarantee that XLA will be used). Devices:
[[1;34m172.16.240.1.10001[m::[1;35mstderr[m] 2023-10-21 13:36:40.357930: I tensorflow/compiler/xla/service/service.cc:179]   StreamExecutor device (0): Host, Default Version
[W] invalid valud of CUDA_VISIBLE_DEVICES: "NoDevFiles"
[W] invalid valud of CUDA_VISIBLE_DEVICES: "NoDevFiles"
[W] invalid valud of CUDA_VISIBLE_DEVICES: "NoDevFiles"
[W] invalid valud of CUDA_VISIBLE_DEVICES: "NoDevFiles"
[[1;32m172.16.239.6.10000[m::[1;35mstderr[m] 2023-10-21 13:53:52.386150: E tensorflow/stream_executor/cuda/cuda_driver.cc:271] failed call to cuInit: CUDA_ERROR_NO_DEVICE: no CUDA-capable device is detected
[[1;34m172.16.239.6.10001[m::[1;35mstderr[m] 2023-10-21 13:53:52.386138: E tensorflow/stream_executor/cuda/cuda_driver.cc:271] failed call to cuInit: CUDA_ERROR_NO_DEVICE: no CUDA-capable device is detected
[[1;34m172.16.240.1.10001[m::[1;35mstderr[m] 2023-10-21 13:53:52.386850: E tensorflow/stream_executor/cuda/cuda_driver.cc:271] failed call to cuInit: CUDA_ERROR_NO_DEVICE: no CUDA-capable device is detected
[[1;32m172.16.239.6.10000[m::[1;35mstderr[m] 2023-10-21 13:53:52.386243: I tensorflow/stream_executor/cuda/cuda_diagnostics.cc:169] retrieving CUDA diagnostic information for host: gpu06
[[1;32m172.16.239.6.10000[m::[1;35mstderr[m] 2023-10-21 13:53:52.386266: I tensorflow/stream_executor/cuda/cuda_diagnostics.cc:176] hostname: gpu06
[[1;32m172.16.239.6.10000[m::[1;35mstderr[m] 2023-10-21 13:53:52.386530: I tensorflow/stream_executor/cuda/cuda_diagnostics.cc:200] libcuda reported version is: 418.67.0
[[1;32m172.16.239.6.10000[m::[1;35mstderr[m] 2023-10-21 13:53:52.386626: I tensorflow/stream_executor/cuda/cuda_diagnostics.cc:204] kernel reported version is: 418.67.0
[[1;32m172.16.239.6.10000[m::[1;35mstderr[m] 2023-10-21 13:53:52.386675: I tensorflow/stream_executor/cuda/cuda_diagnostics.cc:310] kernel version seems to match DSO: 418.67.0
[[1;32m172.16.240.1.10000[m::[1;35mstderr[m] 2023-10-21 13:53:52.386852: E tensorflow/stream_executor/cuda/cuda_driver.cc:271] failed call to cuInit: CUDA_ERROR_NO_DEVICE: no CUDA-capable device is detected
[[1;34m172.16.239.6.10001[m::[1;35mstderr[m] 2023-10-21 13:53:52.386237: I tensorflow/stream_executor/cuda/cuda_diagnostics.cc:169] retrieving CUDA diagnostic information for host: gpu06
[[1;34m172.16.239.6.10001[m::[1;35mstderr[m] 2023-10-21 13:53:52.386259: I tensorflow/stream_executor/cuda/cuda_diagnostics.cc:176] hostname: gpu06
[[1;34m172.16.239.6.10001[m::[1;35mstderr[m] 2023-10-21 13:53:52.386521: I tensorflow/stream_executor/cuda/cuda_diagnostics.cc:200] libcuda reported version is: 418.67.0
[[1;34m172.16.239.6.10001[m::[1;35mstderr[m] 2023-10-21 13:53:52.386617: I tensorflow/stream_executor/cuda/cuda_diagnostics.cc:204] kernel reported version is: 418.67.0
[[1;34m172.16.239.6.10001[m::[1;35mstderr[m] 2023-10-21 13:53:52.386637: I tensorflow/stream_executor/cuda/cuda_diagnostics.cc:310] kernel version seems to match DSO: 418.67.0
[[1;34m172.16.240.1.10001[m::[1;35mstderr[m] 2023-10-21 13:53:52.386959: I tensorflow/stream_executor/cuda/cuda_diagnostics.cc:169] retrieving CUDA diagnostic information for host: gpu21
[[1;34m172.16.240.1.10001[m::[1;35mstderr[m] 2023-10-21 13:53:52.386982: I tensorflow/stream_executor/cuda/cuda_diagnostics.cc:176] hostname: gpu21
[[1;34m172.16.240.1.10001[m::[1;35mstderr[m] 2023-10-21 13:53:52.387196: I tensorflow/stream_executor/cuda/cuda_diagnostics.cc:200] libcuda reported version is: 418.67.0
[[1;34m172.16.240.1.10001[m::[1;35mstderr[m] 2023-10-21 13:53:52.387287: I tensorflow/stream_executor/cuda/cuda_diagnostics.cc:204] kernel reported version is: 418.67.0
[[1;34m172.16.240.1.10001[m::[1;35mstderr[m] 2023-10-21 13:53:52.387307: I tensorflow/stream_executor/cuda/cuda_diagnostics.cc:310] kernel version seems to match DSO: 418.67.0
[[1;34m172.16.240.1.10001[m::[1;35mstderr[m] 2023-10-21 13:53:52.409111: I tensorflow/compiler/xla/service/service.cc:171] XLA service 0x5d326f0 initialized for platform Host (this does not guarantee that XLA will be used). Devices:
[[1;34m172.16.240.1.10001[m::[1;35mstderr[m] 2023-10-21 13:53:52.409155: I tensorflow/compiler/xla/service/service.cc:179]   StreamExecutor device (0): Host, Default Version
[[1;32m172.16.239.6.10000[m::[1;35mstderr[m] 2023-10-21 13:53:52.409705: I tensorflow/compiler/xla/service/service.cc:171] XLA service 0x65b4a10 initialized for platform Host (this does not guarantee that XLA will be used). Devices:
[[1;32m172.16.239.6.10000[m::[1;35mstderr[m] 2023-10-21 13:53:52.409739: I tensorflow/compiler/xla/service/service.cc:179]   StreamExecutor device (0): Host, Default Version
[[1;34m172.16.239.6.10001[m::[1;35mstderr[m] 2023-10-21 13:53:52.410510: I tensorflow/compiler/xla/service/service.cc:171] XLA service 0x570a9c0 initialized for platform Host (this does not guarantee that XLA will be used). Devices:
[[1;34m172.16.239.6.10001[m::[1;35mstderr[m] 2023-10-21 13:53:52.410548: I tensorflow/compiler/xla/service/service.cc:179]   StreamExecutor device (0): Host, Default Version
[[1;32m172.16.240.1.10000[m::[1;35mstderr[m] 2023-10-21 13:53:52.386954: I tensorflow/stream_executor/cuda/cuda_diagnostics.cc:169] retrieving CUDA diagnostic information for host: gpu21
[[1;32m172.16.240.1.10000[m::[1;35mstderr[m] 2023-10-21 13:53:52.386976: I tensorflow/stream_executor/cuda/cuda_diagnostics.cc:176] hostname: gpu21
[[1;32m172.16.240.1.10000[m::[1;35mstderr[m] 2023-10-21 13:53:52.387188: I tensorflow/stream_executor/cuda/cuda_diagnostics.cc:200] libcuda reported version is: 418.67.0
[[1;32m172.16.240.1.10000[m::[1;35mstderr[m] 2023-10-21 13:53:52.387304: I tensorflow/stream_executor/cuda/cuda_diagnostics.cc:204] kernel reported version is: 418.67.0
[[1;32m172.16.240.1.10000[m::[1;35mstderr[m] 2023-10-21 13:53:52.387326: I tensorflow/stream_executor/cuda/cuda_diagnostics.cc:310] kernel version seems to match DSO: 418.67.0
[[1;32m172.16.240.1.10000[m::[1;35mstderr[m] 2023-10-21 13:53:52.411222: I tensorflow/compiler/xla/service/service.cc:171] XLA service 0x5163570 initialized for platform Host (this does not guarantee that XLA will be used). Devices:
[[1;32m172.16.240.1.10000[m::[1;35mstderr[m] 2023-10-21 13:53:52.411260: I tensorflow/compiler/xla/service/service.cc:179]   StreamExecutor device (0): Host, Default Version
[W] invalid valud of CUDA_VISIBLE_DEVICES: "NoDevFiles"
[W] invalid valud of CUDA_VISIBLE_DEVICES: "NoDevFiles"
[W] invalid valud of CUDA_VISIBLE_DEVICES: "NoDevFiles"
[W] invalid valud of CUDA_VISIBLE_DEVICES: "NoDevFiles"
[[1;32m172.16.240.1.10000[m::[1;35mstderr[m] 2023-10-21 14:16:14.814691: E tensorflow/stream_executor/cuda/cuda_driver.cc:271] failed call to cuInit: CUDA_ERROR_NO_DEVICE: no CUDA-capable device is detected
[[1;34m172.16.240.1.10001[m::[1;35mstderr[m] 2023-10-21 14:16:14.814690: E tensorflow/stream_executor/cuda/cuda_driver.cc:271] failed call to cuInit: CUDA_ERROR_NO_DEVICE: no CUDA-capable device is detected
[[1;32m172.16.240.1.10000[m::[1;35mstderr[m] 2023-10-21 14:16:14.814794: I tensorflow/stream_executor/cuda/cuda_diagnostics.cc:169] retrieving CUDA diagnostic information for host: gpu21
[[1;32m172.16.240.1.10000[m::[1;35mstderr[m] 2023-10-21 14:16:14.814817: I tensorflow/stream_executor/cuda/cuda_diagnostics.cc:176] hostname: gpu21
[[1;32m172.16.240.1.10000[m::[1;35mstderr[m] 2023-10-21 14:16:14.815056: I tensorflow/stream_executor/cuda/cuda_diagnostics.cc:200] libcuda reported version is: 418.67.0
[[1;32m172.16.240.1.10000[m::[1;35mstderr[m] 2023-10-21 14:16:14.815148: I tensorflow/stream_executor/cuda/cuda_diagnostics.cc:204] kernel reported version is: 418.67.0
[[1;32m172.16.240.1.10000[m::[1;35mstderr[m] 2023-10-21 14:16:14.815168: I tensorflow/stream_executor/cuda/cuda_diagnostics.cc:310] kernel version seems to match DSO: 418.67.0
[[1;34m172.16.240.1.10001[m::[1;35mstderr[m] 2023-10-21 14:16:14.814800: I tensorflow/stream_executor/cuda/cuda_diagnostics.cc:169] retrieving CUDA diagnostic information for host: gpu21
[[1;34m172.16.240.1.10001[m::[1;35mstderr[m] 2023-10-21 14:16:14.814822: I tensorflow/stream_executor/cuda/cuda_diagnostics.cc:176] hostname: gpu21
[[1;34m172.16.240.1.10001[m::[1;35mstderr[m] 2023-10-21 14:16:14.815058: I tensorflow/stream_executor/cuda/cuda_diagnostics.cc:200] libcuda reported version is: 418.67.0
[[1;34m172.16.240.1.10001[m::[1;35mstderr[m] 2023-10-21 14:16:14.815153: I tensorflow/stream_executor/cuda/cuda_diagnostics.cc:204] kernel reported version is: 418.67.0
[[1;34m172.16.240.1.10001[m::[1;35mstderr[m] 2023-10-21 14:16:14.815173: I tensorflow/stream_executor/cuda/cuda_diagnostics.cc:310] kernel version seems to match DSO: 418.67.0
[[1;34m172.16.240.1.10001[m::[1;35mstderr[m] 2023-10-21 14:16:14.837246: I tensorflow/compiler/xla/service/service.cc:171] XLA service 0x4e33830 initialized for platform Host (this does not guarantee that XLA will be used). Devices:
[[1;34m172.16.240.1.10001[m::[1;35mstderr[m] 2023-10-21 14:16:14.837276: I tensorflow/compiler/xla/service/service.cc:179]   StreamExecutor device (0): Host, Default Version
[[1;32m172.16.240.1.10000[m::[1;35mstderr[m] 2023-10-21 14:16:14.838333: I tensorflow/compiler/xla/service/service.cc:171] XLA service 0x4a21700 initialized for platform Host (this does not guarantee that XLA will be used). Devices:
[[1;32m172.16.240.1.10000[m::[1;35mstderr[m] 2023-10-21 14:16:14.838371: I tensorflow/compiler/xla/service/service.cc:179]   StreamExecutor device (0): Host, Default Version
[[1;34m172.16.239.6.10001[m::[1;35mstderr[m] 2023-10-21 14:16:14.897791: E tensorflow/stream_executor/cuda/cuda_driver.cc:271] failed call to cuInit: CUDA_ERROR_NO_DEVICE: no CUDA-capable device is detected
[[1;32m172.16.239.6.10000[m::[1;35mstderr[m] 2023-10-21 14:16:14.897804: E tensorflow/stream_executor/cuda/cuda_driver.cc:271] failed call to cuInit: CUDA_ERROR_NO_DEVICE: no CUDA-capable device is detected
[[1;34m172.16.239.6.10001[m::[1;35mstderr[m] 2023-10-21 14:16:14.897897: I tensorflow/stream_executor/cuda/cuda_diagnostics.cc:169] retrieving CUDA diagnostic information for host: gpu06
[[1;34m172.16.239.6.10001[m::[1;35mstderr[m] 2023-10-21 14:16:14.897919: I tensorflow/stream_executor/cuda/cuda_diagnostics.cc:176] hostname: gpu06
[[1;34m172.16.239.6.10001[m::[1;35mstderr[m] 2023-10-21 14:16:14.898141: I tensorflow/stream_executor/cuda/cuda_diagnostics.cc:200] libcuda reported version is: 418.67.0
[[1;34m172.16.239.6.10001[m::[1;35mstderr[m] 2023-10-21 14:16:14.898236: I tensorflow/stream_executor/cuda/cuda_diagnostics.cc:204] kernel reported version is: 418.67.0
[[1;34m172.16.239.6.10001[m::[1;35mstderr[m] 2023-10-21 14:16:14.898256: I tensorflow/stream_executor/cuda/cuda_diagnostics.cc:310] kernel version seems to match DSO: 418.67.0
[[1;32m172.16.239.6.10000[m::[1;35mstderr[m] 2023-10-21 14:16:14.897909: I tensorflow/stream_executor/cuda/cuda_diagnostics.cc:169] retrieving CUDA diagnostic information for host: gpu06
[[1;32m172.16.239.6.10000[m::[1;35mstderr[m] 2023-10-21 14:16:14.897932: I tensorflow/stream_executor/cuda/cuda_diagnostics.cc:176] hostname: gpu06
[[1;32m172.16.239.6.10000[m::[1;35mstderr[m] 2023-10-21 14:16:14.898192: I tensorflow/stream_executor/cuda/cuda_diagnostics.cc:200] libcuda reported version is: 418.67.0
[[1;32m172.16.239.6.10000[m::[1;35mstderr[m] 2023-10-21 14:16:14.898310: I tensorflow/stream_executor/cuda/cuda_diagnostics.cc:204] kernel reported version is: 418.67.0
[[1;32m172.16.239.6.10000[m::[1;35mstderr[m] 2023-10-21 14:16:14.898333: I tensorflow/stream_executor/cuda/cuda_diagnostics.cc:310] kernel version seems to match DSO: 418.67.0
[[1;32m172.16.239.6.10000[m::[1;35mstderr[m] 2023-10-21 14:16:14.920099: I tensorflow/compiler/xla/service/service.cc:171] XLA service 0x4ba6380 initialized for platform Host (this does not guarantee that XLA will be used). Devices:
[[1;32m172.16.239.6.10000[m::[1;35mstderr[m] 2023-10-21 14:16:14.920123: I tensorflow/compiler/xla/service/service.cc:179]   StreamExecutor device (0): Host, Default Version
[[1;34m172.16.239.6.10001[m::[1;35mstderr[m] 2023-10-21 14:16:14.920166: I tensorflow/compiler/xla/service/service.cc:171] XLA service 0x6352660 initialized for platform Host (this does not guarantee that XLA will be used). Devices:
[[1;34m172.16.239.6.10001[m::[1;35mstderr[m] 2023-10-21 14:16:14.920201: I tensorflow/compiler/xla/service/service.cc:179]   StreamExecutor device (0): Host, Default Version
[W] invalid valud of CUDA_VISIBLE_DEVICES: "NoDevFiles"
[W] invalid valud of CUDA_VISIBLE_DEVICES: "NoDevFiles"
[W] invalid valud of CUDA_VISIBLE_DEVICES: "NoDevFiles"
[W] invalid valud of CUDA_VISIBLE_DEVICES: "NoDevFiles"
[[1;32m172.16.240.1.10000[m::[1;35mstderr[m] 2023-10-21 14:31:49.435536: E tensorflow/stream_executor/cuda/cuda_driver.cc:271] failed call to cuInit: CUDA_ERROR_NO_DEVICE: no CUDA-capable device is detected
[[1;32m172.16.240.1.10000[m::[1;35mstderr[m] 2023-10-21 14:31:49.435631: I tensorflow/stream_executor/cuda/cuda_diagnostics.cc:169] retrieving CUDA diagnostic information for host: gpu21
[[1;32m172.16.240.1.10000[m::[1;35mstderr[m] 2023-10-21 14:31:49.435651: I tensorflow/stream_executor/cuda/cuda_diagnostics.cc:176] hostname: gpu21
[[1;32m172.16.240.1.10000[m::[1;35mstderr[m] 2023-10-21 14:31:49.435843: I tensorflow/stream_executor/cuda/cuda_diagnostics.cc:200] libcuda reported version is: 418.67.0
[[1;32m172.16.240.1.10000[m::[1;35mstderr[m] 2023-10-21 14:31:49.435928: I tensorflow/stream_executor/cuda/cuda_diagnostics.cc:204] kernel reported version is: 418.67.0
[[1;32m172.16.240.1.10000[m::[1;35mstderr[m] 2023-10-21 14:31:49.435946: I tensorflow/stream_executor/cuda/cuda_diagnostics.cc:310] kernel version seems to match DSO: 418.67.0
[[1;34m172.16.240.1.10001[m::[1;35mstderr[m] 2023-10-21 14:31:49.436889: E tensorflow/stream_executor/cuda/cuda_driver.cc:271] failed call to cuInit: CUDA_ERROR_NO_DEVICE: no CUDA-capable device is detected
[[1;34m172.16.240.1.10001[m::[1;35mstderr[m] 2023-10-21 14:31:49.436979: I tensorflow/stream_executor/cuda/cuda_diagnostics.cc:169] retrieving CUDA diagnostic information for host: gpu21
[[1;34m172.16.240.1.10001[m::[1;35mstderr[m] 2023-10-21 14:31:49.437001: I tensorflow/stream_executor/cuda/cuda_diagnostics.cc:176] hostname: gpu21
[[1;34m172.16.240.1.10001[m::[1;35mstderr[m] 2023-10-21 14:31:49.437206: I tensorflow/stream_executor/cuda/cuda_diagnostics.cc:200] libcuda reported version is: 418.67.0
[[1;34m172.16.240.1.10001[m::[1;35mstderr[m] 2023-10-21 14:31:49.437296: I tensorflow/stream_executor/cuda/cuda_diagnostics.cc:204] kernel reported version is: 418.67.0
[[1;34m172.16.240.1.10001[m::[1;35mstderr[m] 2023-10-21 14:31:49.437316: I tensorflow/stream_executor/cuda/cuda_diagnostics.cc:310] kernel version seems to match DSO: 418.67.0
[[1;32m172.16.239.6.10000[m::[1;35mstderr[m] 2023-10-21 14:31:49.446610: E tensorflow/stream_executor/cuda/cuda_driver.cc:271] failed call to cuInit: CUDA_ERROR_NO_DEVICE: no CUDA-capable device is detected
[[1;34m172.16.239.6.10001[m::[1;35mstderr[m] 2023-10-21 14:31:49.446609: E tensorflow/stream_executor/cuda/cuda_driver.cc:271] failed call to cuInit: CUDA_ERROR_NO_DEVICE: no CUDA-capable device is detected
[[1;32m172.16.239.6.10000[m::[1;35mstderr[m] 2023-10-21 14:31:49.446718: I tensorflow/stream_executor/cuda/cuda_diagnostics.cc:169] retrieving CUDA diagnostic information for host: gpu06
[[1;32m172.16.239.6.10000[m::[1;35mstderr[m] 2023-10-21 14:31:49.446742: I tensorflow/stream_executor/cuda/cuda_diagnostics.cc:176] hostname: gpu06
[[1;32m172.16.239.6.10000[m::[1;35mstderr[m] 2023-10-21 14:31:49.446967: I tensorflow/stream_executor/cuda/cuda_diagnostics.cc:200] libcuda reported version is: 418.67.0
[[1;32m172.16.239.6.10000[m::[1;35mstderr[m] 2023-10-21 14:31:49.447057: I tensorflow/stream_executor/cuda/cuda_diagnostics.cc:204] kernel reported version is: 418.67.0
[[1;32m172.16.239.6.10000[m::[1;35mstderr[m] 2023-10-21 14:31:49.447077: I tensorflow/stream_executor/cuda/cuda_diagnostics.cc:310] kernel version seems to match DSO: 418.67.0
[[1;34m172.16.239.6.10001[m::[1;35mstderr[m] 2023-10-21 14:31:49.446719: I tensorflow/stream_executor/cuda/cuda_diagnostics.cc:169] retrieving CUDA diagnostic information for host: gpu06
[[1;34m172.16.239.6.10001[m::[1;35mstderr[m] 2023-10-21 14:31:49.446742: I tensorflow/stream_executor/cuda/cuda_diagnostics.cc:176] hostname: gpu06
[[1;34m172.16.239.6.10001[m::[1;35mstderr[m] 2023-10-21 14:31:49.446973: I tensorflow/stream_executor/cuda/cuda_diagnostics.cc:200] libcuda reported version is: 418.67.0
[[1;34m172.16.239.6.10001[m::[1;35mstderr[m] 2023-10-21 14:31:49.447063: I tensorflow/stream_executor/cuda/cuda_diagnostics.cc:204] kernel reported version is: 418.67.0
[[1;34m172.16.239.6.10001[m::[1;35mstderr[m] 2023-10-21 14:31:49.447083: I tensorflow/stream_executor/cuda/cuda_diagnostics.cc:310] kernel version seems to match DSO: 418.67.0
[[1;34m172.16.240.1.10001[m::[1;35mstderr[m] 2023-10-21 14:31:49.457808: I tensorflow/compiler/xla/service/service.cc:171] XLA service 0x4e15370 initialized for platform Host (this does not guarantee that XLA will be used). Devices:
[[1;34m172.16.240.1.10001[m::[1;35mstderr[m] 2023-10-21 14:31:49.457841: I tensorflow/compiler/xla/service/service.cc:179]   StreamExecutor device (0): Host, Default Version
[[1;32m172.16.240.1.10000[m::[1;35mstderr[m] 2023-10-21 14:31:49.458006: I tensorflow/compiler/xla/service/service.cc:171] XLA service 0x50b9700 initialized for platform Host (this does not guarantee that XLA will be used). Devices:
[[1;32m172.16.240.1.10000[m::[1;35mstderr[m] 2023-10-21 14:31:49.458029: I tensorflow/compiler/xla/service/service.cc:179]   StreamExecutor device (0): Host, Default Version
[[1;32m172.16.239.6.10000[m::[1;35mstderr[m] 2023-10-21 14:31:49.469153: I tensorflow/compiler/xla/service/service.cc:171] XLA service 0x63745d0 initialized for platform Host (this does not guarantee that XLA will be used). Devices:
[[1;32m172.16.239.6.10000[m::[1;35mstderr[m] 2023-10-21 14:31:49.469174: I tensorflow/compiler/xla/service/service.cc:179]   StreamExecutor device (0): Host, Default Version
[[1;34m172.16.239.6.10001[m::[1;35mstderr[m] 2023-10-21 14:31:49.470249: I tensorflow/compiler/xla/service/service.cc:171] XLA service 0x572d5a0 initialized for platform Host (this does not guarantee that XLA will be used). Devices:
[[1;34m172.16.239.6.10001[m::[1;35mstderr[m] 2023-10-21 14:31:49.470301: I tensorflow/compiler/xla/service/service.cc:179]   StreamExecutor device (0): Host, Default Version
