[W] invalid valud of CUDA_VISIBLE_DEVICES: "NoDevFiles"
[W] invalid valud of CUDA_VISIBLE_DEVICES: "NoDevFiles"
[[1;32m172.16.240.2.10000[m::[1;35mstderr[m] 2023-10-11 17:24:22.635982: I tensorflow/stream_executor/platform/default/dso_loader.cc:49] Successfully opened dynamic library libcudart.so.10.1
[[1;34m172.16.240.2.10001[m::[1;35mstderr[m] 2023-10-11 17:24:22.635978: I tensorflow/stream_executor/platform/default/dso_loader.cc:49] Successfully opened dynamic library libcudart.so.10.1
[[1;32m172.16.240.2.10000[m::[1;35mstderr[m] 2023-10-11 17:24:35.206382: I tensorflow/stream_executor/platform/default/dso_loader.cc:49] Successfully opened dynamic library libcuda.so.1
[[1;34m172.16.240.2.10001[m::[1;35mstderr[m] 2023-10-11 17:24:35.206382: I tensorflow/stream_executor/platform/default/dso_loader.cc:49] Successfully opened dynamic library libcuda.so.1
[[1;34m172.16.240.2.10001[m::[1;35mstderr[m] 2023-10-11 17:24:35.236374: E tensorflow/stream_executor/cuda/cuda_driver.cc:328] failed call to cuInit: CUDA_ERROR_NO_DEVICE: no CUDA-capable device is detected
[[1;32m172.16.240.2.10000[m::[1;35mstderr[m] 2023-10-11 17:24:35.236377: E tensorflow/stream_executor/cuda/cuda_driver.cc:328] failed call to cuInit: CUDA_ERROR_NO_DEVICE: no CUDA-capable device is detected
[[1;34m172.16.240.2.10001[m::[1;35mstderr[m] 2023-10-11 17:24:35.236457: I tensorflow/stream_executor/cuda/cuda_diagnostics.cc:169] retrieving CUDA diagnostic information for host: gpu22
[[1;32m172.16.240.2.10000[m::[1;35mstderr[m] 2023-10-11 17:24:35.236461: I tensorflow/stream_executor/cuda/cuda_diagnostics.cc:169] retrieving CUDA diagnostic information for host: gpu22
[[1;34m172.16.240.2.10001[m::[1;35mstderr[m] 2023-10-11 17:24:35.236477: I tensorflow/stream_executor/cuda/cuda_diagnostics.cc:176] hostname: gpu22
[[1;32m172.16.240.2.10000[m::[1;35mstderr[m] 2023-10-11 17:24:35.236480: I tensorflow/stream_executor/cuda/cuda_diagnostics.cc:176] hostname: gpu22
[[1;34m172.16.240.2.10001[m::[1;35mstderr[m] 2023-10-11 17:24:35.236693: I tensorflow/stream_executor/cuda/cuda_diagnostics.cc:200] libcuda reported version is: 418.67.0
[[1;32m172.16.240.2.10000[m::[1;35mstderr[m] 2023-10-11 17:24:35.236687: I tensorflow/stream_executor/cuda/cuda_diagnostics.cc:200] libcuda reported version is: 418.67.0
[[1;32m172.16.240.2.10000[m::[1;35mstderr[m] 2023-10-11 17:24:35.236788: I tensorflow/stream_executor/cuda/cuda_diagnostics.cc:204] kernel reported version is: 418.67.0
[[1;34m172.16.240.2.10001[m::[1;35mstderr[m] 2023-10-11 17:24:35.236800: I tensorflow/stream_executor/cuda/cuda_diagnostics.cc:204] kernel reported version is: 418.67.0
[[1;34m172.16.240.2.10001[m::[1;35mstderr[m] 2023-10-11 17:24:35.236819: I tensorflow/stream_executor/cuda/cuda_diagnostics.cc:310] kernel version seems to match DSO: 418.67.0
[[1;32m172.16.240.2.10000[m::[1;35mstderr[m] 2023-10-11 17:24:35.236810: I tensorflow/stream_executor/cuda/cuda_diagnostics.cc:310] kernel version seems to match DSO: 418.67.0
[[1;34m172.16.240.2.10001[m::[1;35mstderr[m] 2023-10-11 17:24:35.237717: I tensorflow/core/platform/cpu_feature_guard.cc:142] This TensorFlow binary is optimized with oneAPI Deep Neural Network Library (oneDNN) to use the following CPU instructions in performance-critical operations:  SSE3 SSE4.1 SSE4.2 AVX AVX2 FMA
[[1;34m172.16.240.2.10001[m::[1;35mstderr[m] To enable them in other operations, rebuild TensorFlow with the appropriate compiler flags.
[[1;32m172.16.240.2.10000[m::[1;35mstderr[m] 2023-10-11 17:24:35.237723: I tensorflow/core/platform/cpu_feature_guard.cc:142] This TensorFlow binary is optimized with oneAPI Deep Neural Network Library (oneDNN) to use the following CPU instructions in performance-critical operations:  SSE3 SSE4.1 SSE4.2 AVX AVX2 FMA
[[1;32m172.16.240.2.10000[m::[1;35mstderr[m] To enable them in other operations, rebuild TensorFlow with the appropriate compiler flags.
[[1;32m172.16.240.2.10000[m::[1;35mstderr[m] 2023-10-11 17:24:35.254863: I tensorflow/core/platform/profile_utils/cpu_utils.cc:112] CPU Frequency: 2600190000 Hz
[[1;34m172.16.240.2.10001[m::[1;35mstderr[m] 2023-10-11 17:24:35.254872: I tensorflow/core/platform/profile_utils/cpu_utils.cc:112] CPU Frequency: 2600190000 Hz
[[1;34m172.16.240.2.10001[m::[1;35mstderr[m] 2023-10-11 17:24:35.257914: I tensorflow/compiler/xla/service/service.cc:168] XLA service 0x5435570 initialized for platform Host (this does not guarantee that XLA will be used). Devices:
[[1;34m172.16.240.2.10001[m::[1;35mstderr[m] 2023-10-11 17:24:35.257934: I tensorflow/compiler/xla/service/service.cc:176]   StreamExecutor device (0): Host, Default Version
[[1;32m172.16.240.2.10000[m::[1;35mstderr[m] 2023-10-11 17:24:35.258553: I tensorflow/compiler/xla/service/service.cc:168] XLA service 0x424b750 initialized for platform Host (this does not guarantee that XLA will be used). Devices:
[[1;32m172.16.240.2.10000[m::[1;35mstderr[m] 2023-10-11 17:24:35.258589: I tensorflow/compiler/xla/service/service.cc:176]   StreamExecutor device (0): Host, Default Version
[[1;32m172.16.240.2.10000[m::[1;35mstderr[m] 2023-10-11 17:24:49.217159: I tensorflow/compiler/mlir/mlir_graph_optimization_pass.cc:116] None of the MLIR optimization passes are enabled (registered 2)
[W] invalid valud of CUDA_VISIBLE_DEVICES: "NoDevFiles"
[W] invalid valud of CUDA_VISIBLE_DEVICES: "NoDevFiles"
[[1;32m172.16.240.2.10000[m::[1;35mstderr[m] 2023-10-11 17:45:48.216720: I tensorflow/stream_executor/platform/default/dso_loader.cc:49] Successfully opened dynamic library libcudart.so.10.1
[[1;34m172.16.240.2.10001[m::[1;35mstderr[m] 2023-10-11 17:45:48.216720: I tensorflow/stream_executor/platform/default/dso_loader.cc:49] Successfully opened dynamic library libcudart.so.10.1
[[1;32m172.16.240.2.10000[m::[1;35mstderr[m] 2023-10-11 17:45:58.866786: I tensorflow/stream_executor/platform/default/dso_loader.cc:49] Successfully opened dynamic library libcuda.so.1
[[1;34m172.16.240.2.10001[m::[1;35mstderr[m] 2023-10-11 17:45:58.866798: I tensorflow/stream_executor/platform/default/dso_loader.cc:49] Successfully opened dynamic library libcuda.so.1
[[1;34m172.16.240.2.10001[m::[1;35mstderr[m] 2023-10-11 17:45:58.920646: E tensorflow/stream_executor/cuda/cuda_driver.cc:328] failed call to cuInit: CUDA_ERROR_NO_DEVICE: no CUDA-capable device is detected
[[1;32m172.16.240.2.10000[m::[1;35mstderr[m] 2023-10-11 17:45:58.920639: E tensorflow/stream_executor/cuda/cuda_driver.cc:328] failed call to cuInit: CUDA_ERROR_NO_DEVICE: no CUDA-capable device is detected
[[1;34m172.16.240.2.10001[m::[1;35mstderr[m] 2023-10-11 17:45:58.920729: I tensorflow/stream_executor/cuda/cuda_diagnostics.cc:169] retrieving CUDA diagnostic information for host: gpu22
[[1;32m172.16.240.2.10000[m::[1;35mstderr[m] 2023-10-11 17:45:58.920717: I tensorflow/stream_executor/cuda/cuda_diagnostics.cc:169] retrieving CUDA diagnostic information for host: gpu22
[[1;34m172.16.240.2.10001[m::[1;35mstderr[m] 2023-10-11 17:45:58.920748: I tensorflow/stream_executor/cuda/cuda_diagnostics.cc:176] hostname: gpu22
[[1;32m172.16.240.2.10000[m::[1;35mstderr[m] 2023-10-11 17:45:58.920737: I tensorflow/stream_executor/cuda/cuda_diagnostics.cc:176] hostname: gpu22
[[1;32m172.16.240.2.10000[m::[1;35mstderr[m] 2023-10-11 17:45:58.920944: I tensorflow/stream_executor/cuda/cuda_diagnostics.cc:200] libcuda reported version is: 418.67.0
[[1;34m172.16.240.2.10001[m::[1;35mstderr[m] 2023-10-11 17:45:58.920961: I tensorflow/stream_executor/cuda/cuda_diagnostics.cc:200] libcuda reported version is: 418.67.0
[[1;32m172.16.240.2.10000[m::[1;35mstderr[m] 2023-10-11 17:45:58.921036: I tensorflow/stream_executor/cuda/cuda_diagnostics.cc:204] kernel reported version is: 418.67.0
[[1;32m172.16.240.2.10000[m::[1;35mstderr[m] 2023-10-11 17:45:58.921057: I tensorflow/stream_executor/cuda/cuda_diagnostics.cc:310] kernel version seems to match DSO: 418.67.0
[[1;34m172.16.240.2.10001[m::[1;35mstderr[m] 2023-10-11 17:45:58.921048: I tensorflow/stream_executor/cuda/cuda_diagnostics.cc:204] kernel reported version is: 418.67.0
[[1;34m172.16.240.2.10001[m::[1;35mstderr[m] 2023-10-11 17:45:58.921066: I tensorflow/stream_executor/cuda/cuda_diagnostics.cc:310] kernel version seems to match DSO: 418.67.0
[[1;32m172.16.240.2.10000[m::[1;35mstderr[m] 2023-10-11 17:45:58.921873: I tensorflow/core/platform/cpu_feature_guard.cc:142] This TensorFlow binary is optimized with oneAPI Deep Neural Network Library (oneDNN) to use the following CPU instructions in performance-critical operations:  SSE3 SSE4.1 SSE4.2 AVX AVX2 FMA
[[1;32m172.16.240.2.10000[m::[1;35mstderr[m] To enable them in other operations, rebuild TensorFlow with the appropriate compiler flags.
[[1;34m172.16.240.2.10001[m::[1;35mstderr[m] 2023-10-11 17:45:58.921938: I tensorflow/core/platform/cpu_feature_guard.cc:142] This TensorFlow binary is optimized with oneAPI Deep Neural Network Library (oneDNN) to use the following CPU instructions in performance-critical operations:  SSE3 SSE4.1 SSE4.2 AVX AVX2 FMA
[[1;34m172.16.240.2.10001[m::[1;35mstderr[m] To enable them in other operations, rebuild TensorFlow with the appropriate compiler flags.
[[1;32m172.16.240.2.10000[m::[1;35mstderr[m] 2023-10-11 17:45:58.940120: I tensorflow/core/platform/profile_utils/cpu_utils.cc:112] CPU Frequency: 2600190000 Hz
[[1;34m172.16.240.2.10001[m::[1;35mstderr[m] 2023-10-11 17:45:58.942277: I tensorflow/core/platform/profile_utils/cpu_utils.cc:112] CPU Frequency: 2600190000 Hz
[[1;32m172.16.240.2.10000[m::[1;35mstderr[m] 2023-10-11 17:45:58.943698: I tensorflow/compiler/xla/service/service.cc:168] XLA service 0x5d2c8d0 initialized for platform Host (this does not guarantee that XLA will be used). Devices:
[[1;32m172.16.240.2.10000[m::[1;35mstderr[m] 2023-10-11 17:45:58.943731: I tensorflow/compiler/xla/service/service.cc:176]   StreamExecutor device (0): Host, Default Version
[[1;34m172.16.240.2.10001[m::[1;35mstderr[m] 2023-10-11 17:45:58.946021: I tensorflow/compiler/xla/service/service.cc:168] XLA service 0x52dc8d0 initialized for platform Host (this does not guarantee that XLA will be used). Devices:
[[1;34m172.16.240.2.10001[m::[1;35mstderr[m] 2023-10-11 17:45:58.946055: I tensorflow/compiler/xla/service/service.cc:176]   StreamExecutor device (0): Host, Default Version
[[1;32m172.16.240.2.10000[m::[1;35mstderr[m] 2023-10-11 17:46:12.577208: I tensorflow/compiler/mlir/mlir_graph_optimization_pass.cc:116] None of the MLIR optimization passes are enabled (registered 2)
[W] invalid valud of CUDA_VISIBLE_DEVICES: "NoDevFiles"
[W] invalid valud of CUDA_VISIBLE_DEVICES: "NoDevFiles"
[[1;32m172.16.240.2.10000[m::[1;35mstderr[m] 2023-10-11 18:07:18.524366: I tensorflow/stream_executor/platform/default/dso_loader.cc:49] Successfully opened dynamic library libcudart.so.10.1
[[1;34m172.16.240.2.10001[m::[1;35mstderr[m] 2023-10-11 18:07:18.524577: I tensorflow/stream_executor/platform/default/dso_loader.cc:49] Successfully opened dynamic library libcudart.so.10.1
[[1;34m172.16.240.2.10001[m::[1;35mstderr[m] 2023-10-11 18:07:46.153167: I tensorflow/stream_executor/platform/default/dso_loader.cc:49] Successfully opened dynamic library libcuda.so.1
[[1;32m172.16.240.2.10000[m::[1;35mstderr[m] 2023-10-11 18:07:46.153268: I tensorflow/stream_executor/platform/default/dso_loader.cc:49] Successfully opened dynamic library libcuda.so.1
[[1;34m172.16.240.2.10001[m::[1;35mstderr[m] 2023-10-11 18:07:46.245100: E tensorflow/stream_executor/cuda/cuda_driver.cc:328] failed call to cuInit: CUDA_ERROR_NO_DEVICE: no CUDA-capable device is detected
[[1;32m172.16.240.2.10000[m::[1;35mstderr[m] 2023-10-11 18:07:46.245094: E tensorflow/stream_executor/cuda/cuda_driver.cc:328] failed call to cuInit: CUDA_ERROR_NO_DEVICE: no CUDA-capable device is detected
[[1;34m172.16.240.2.10001[m::[1;35mstderr[m] 2023-10-11 18:07:46.245175: I tensorflow/stream_executor/cuda/cuda_diagnostics.cc:169] retrieving CUDA diagnostic information for host: gpu22
[[1;34m172.16.240.2.10001[m::[1;35mstderr[m] 2023-10-11 18:07:46.245194: I tensorflow/stream_executor/cuda/cuda_diagnostics.cc:176] hostname: gpu22
[[1;32m172.16.240.2.10000[m::[1;35mstderr[m] 2023-10-11 18:07:46.245171: I tensorflow/stream_executor/cuda/cuda_diagnostics.cc:169] retrieving CUDA diagnostic information for host: gpu22
[[1;32m172.16.240.2.10000[m::[1;35mstderr[m] 2023-10-11 18:07:46.245192: I tensorflow/stream_executor/cuda/cuda_diagnostics.cc:176] hostname: gpu22
[[1;32m172.16.240.2.10000[m::[1;35mstderr[m] 2023-10-11 18:07:46.245424: I tensorflow/stream_executor/cuda/cuda_diagnostics.cc:200] libcuda reported version is: 418.67.0
[[1;34m172.16.240.2.10001[m::[1;35mstderr[m] 2023-10-11 18:07:46.245425: I tensorflow/stream_executor/cuda/cuda_diagnostics.cc:200] libcuda reported version is: 418.67.0
[[1;32m172.16.240.2.10000[m::[1;35mstderr[m] 2023-10-11 18:07:46.245521: I tensorflow/stream_executor/cuda/cuda_diagnostics.cc:204] kernel reported version is: 418.67.0
[[1;34m172.16.240.2.10001[m::[1;35mstderr[m] 2023-10-11 18:07:46.245527: I tensorflow/stream_executor/cuda/cuda_diagnostics.cc:204] kernel reported version is: 418.67.0
[[1;32m172.16.240.2.10000[m::[1;35mstderr[m] 2023-10-11 18:07:46.245542: I tensorflow/stream_executor/cuda/cuda_diagnostics.cc:310] kernel version seems to match DSO: 418.67.0
[[1;34m172.16.240.2.10001[m::[1;35mstderr[m] 2023-10-11 18:07:46.245546: I tensorflow/stream_executor/cuda/cuda_diagnostics.cc:310] kernel version seems to match DSO: 418.67.0
[[1;34m172.16.240.2.10001[m::[1;35mstderr[m] 2023-10-11 18:07:46.246436: I tensorflow/core/platform/cpu_feature_guard.cc:142] This TensorFlow binary is optimized with oneAPI Deep Neural Network Library (oneDNN) to use the following CPU instructions in performance-critical operations:  SSE3 SSE4.1 SSE4.2 AVX AVX2 FMA
[[1;34m172.16.240.2.10001[m::[1;35mstderr[m] To enable them in other operations, rebuild TensorFlow with the appropriate compiler flags.
[[1;32m172.16.240.2.10000[m::[1;35mstderr[m] 2023-10-11 18:07:46.246435: I tensorflow/core/platform/cpu_feature_guard.cc:142] This TensorFlow binary is optimized with oneAPI Deep Neural Network Library (oneDNN) to use the following CPU instructions in performance-critical operations:  SSE3 SSE4.1 SSE4.2 AVX AVX2 FMA
[[1;32m172.16.240.2.10000[m::[1;35mstderr[m] To enable them in other operations, rebuild TensorFlow with the appropriate compiler flags.
[[1;34m172.16.240.2.10001[m::[1;35mstderr[m] 2023-10-11 18:07:46.263617: I tensorflow/core/platform/profile_utils/cpu_utils.cc:112] CPU Frequency: 2600190000 Hz
[[1;32m172.16.240.2.10000[m::[1;35mstderr[m] 2023-10-11 18:07:46.263664: I tensorflow/core/platform/profile_utils/cpu_utils.cc:112] CPU Frequency: 2600190000 Hz
[[1;34m172.16.240.2.10001[m::[1;35mstderr[m] 2023-10-11 18:07:46.266885: I tensorflow/compiler/xla/service/service.cc:168] XLA service 0x4449530 initialized for platform Host (this does not guarantee that XLA will be used). Devices:
[[1;34m172.16.240.2.10001[m::[1;35mstderr[m] 2023-10-11 18:07:46.266906: I tensorflow/compiler/xla/service/service.cc:176]   StreamExecutor device (0): Host, Default Version
[[1;32m172.16.240.2.10000[m::[1;35mstderr[m] 2023-10-11 18:07:46.267047: I tensorflow/compiler/xla/service/service.cc:168] XLA service 0x5953a30 initialized for platform Host (this does not guarantee that XLA will be used). Devices:
[[1;32m172.16.240.2.10000[m::[1;35mstderr[m] 2023-10-11 18:07:46.267069: I tensorflow/compiler/xla/service/service.cc:176]   StreamExecutor device (0): Host, Default Version
[[1;32m172.16.240.2.10000[m::[1;35mstderr[m] 2023-10-11 18:07:59.874444: I tensorflow/compiler/mlir/mlir_graph_optimization_pass.cc:116] None of the MLIR optimization passes are enabled (registered 2)
[W] invalid valud of CUDA_VISIBLE_DEVICES: "NoDevFiles"
[W] invalid valud of CUDA_VISIBLE_DEVICES: "NoDevFiles"
[[1;32m172.16.240.2.10000[m::[1;35mstderr[m] 2023-10-11 18:29:07.099024: I tensorflow/stream_executor/platform/default/dso_loader.cc:49] Successfully opened dynamic library libcudart.so.10.1
[[1;34m172.16.240.2.10001[m::[1;35mstderr[m] 2023-10-11 18:29:07.100980: I tensorflow/stream_executor/platform/default/dso_loader.cc:49] Successfully opened dynamic library libcudart.so.10.1
[[1;32m172.16.240.2.10000[m::[1;35mstderr[m] 2023-10-11 18:29:33.835804: I tensorflow/stream_executor/platform/default/dso_loader.cc:49] Successfully opened dynamic library libcuda.so.1
[[1;34m172.16.240.2.10001[m::[1;35mstderr[m] 2023-10-11 18:29:33.835801: I tensorflow/stream_executor/platform/default/dso_loader.cc:49] Successfully opened dynamic library libcuda.so.1
[[1;32m172.16.240.2.10000[m::[1;35mstderr[m] 2023-10-11 18:29:33.879332: E tensorflow/stream_executor/cuda/cuda_driver.cc:328] failed call to cuInit: CUDA_ERROR_NO_DEVICE: no CUDA-capable device is detected
[[1;32m172.16.240.2.10000[m::[1;35mstderr[m] 2023-10-11 18:29:33.879410: I tensorflow/stream_executor/cuda/cuda_diagnostics.cc:169] retrieving CUDA diagnostic information for host: gpu22
[[1;34m172.16.240.2.10001[m::[1;35mstderr[m] 2023-10-11 18:29:33.879327: E tensorflow/stream_executor/cuda/cuda_driver.cc:328] failed call to cuInit: CUDA_ERROR_NO_DEVICE: no CUDA-capable device is detected
[[1;32m172.16.240.2.10000[m::[1;35mstderr[m] 2023-10-11 18:29:33.879430: I tensorflow/stream_executor/cuda/cuda_diagnostics.cc:176] hostname: gpu22
[[1;34m172.16.240.2.10001[m::[1;35mstderr[m] 2023-10-11 18:29:33.879405: I tensorflow/stream_executor/cuda/cuda_diagnostics.cc:169] retrieving CUDA diagnostic information for host: gpu22
[[1;34m172.16.240.2.10001[m::[1;35mstderr[m] 2023-10-11 18:29:33.879425: I tensorflow/stream_executor/cuda/cuda_diagnostics.cc:176] hostname: gpu22
[[1;32m172.16.240.2.10000[m::[1;35mstderr[m] 2023-10-11 18:29:33.879662: I tensorflow/stream_executor/cuda/cuda_diagnostics.cc:200] libcuda reported version is: 418.67.0
[[1;34m172.16.240.2.10001[m::[1;35mstderr[m] 2023-10-11 18:29:33.879658: I tensorflow/stream_executor/cuda/cuda_diagnostics.cc:200] libcuda reported version is: 418.67.0
[[1;34m172.16.240.2.10001[m::[1;35mstderr[m] 2023-10-11 18:29:33.879755: I tensorflow/stream_executor/cuda/cuda_diagnostics.cc:204] kernel reported version is: 418.67.0
[[1;34m172.16.240.2.10001[m::[1;35mstderr[m] 2023-10-11 18:29:33.879776: I tensorflow/stream_executor/cuda/cuda_diagnostics.cc:310] kernel version seems to match DSO: 418.67.0
[[1;32m172.16.240.2.10000[m::[1;35mstderr[m] 2023-10-11 18:29:33.879764: I tensorflow/stream_executor/cuda/cuda_diagnostics.cc:204] kernel reported version is: 418.67.0
[[1;32m172.16.240.2.10000[m::[1;35mstderr[m] 2023-10-11 18:29:33.879783: I tensorflow/stream_executor/cuda/cuda_diagnostics.cc:310] kernel version seems to match DSO: 418.67.0
[[1;32m172.16.240.2.10000[m::[1;35mstderr[m] 2023-10-11 18:29:33.881192: I tensorflow/core/platform/cpu_feature_guard.cc:142] This TensorFlow binary is optimized with oneAPI Deep Neural Network Library (oneDNN) to use the following CPU instructions in performance-critical operations:  SSE3 SSE4.1 SSE4.2 AVX AVX2 FMA
[[1;32m172.16.240.2.10000[m::[1;35mstderr[m] To enable them in other operations, rebuild TensorFlow with the appropriate compiler flags.
[[1;34m172.16.240.2.10001[m::[1;35mstderr[m] 2023-10-11 18:29:33.881207: I tensorflow/core/platform/cpu_feature_guard.cc:142] This TensorFlow binary is optimized with oneAPI Deep Neural Network Library (oneDNN) to use the following CPU instructions in performance-critical operations:  SSE3 SSE4.1 SSE4.2 AVX AVX2 FMA
[[1;34m172.16.240.2.10001[m::[1;35mstderr[m] To enable them in other operations, rebuild TensorFlow with the appropriate compiler flags.
[[1;34m172.16.240.2.10001[m::[1;35mstderr[m] 2023-10-11 18:29:33.897054: I tensorflow/core/platform/profile_utils/cpu_utils.cc:112] CPU Frequency: 2600190000 Hz
[[1;32m172.16.240.2.10000[m::[1;35mstderr[m] 2023-10-11 18:29:33.900171: I tensorflow/core/platform/profile_utils/cpu_utils.cc:112] CPU Frequency: 2600190000 Hz
[[1;34m172.16.240.2.10001[m::[1;35mstderr[m] 2023-10-11 18:29:33.900335: I tensorflow/compiler/xla/service/service.cc:168] XLA service 0x5d34580 initialized for platform Host (this does not guarantee that XLA will be used). Devices:
[[1;34m172.16.240.2.10001[m::[1;35mstderr[m] 2023-10-11 18:29:33.900369: I tensorflow/compiler/xla/service/service.cc:176]   StreamExecutor device (0): Host, Default Version
[[1;32m172.16.240.2.10000[m::[1;35mstderr[m] 2023-10-11 18:29:33.903698: I tensorflow/compiler/xla/service/service.cc:168] XLA service 0x5851850 initialized for platform Host (this does not guarantee that XLA will be used). Devices:
[[1;32m172.16.240.2.10000[m::[1;35mstderr[m] 2023-10-11 18:29:33.903734: I tensorflow/compiler/xla/service/service.cc:176]   StreamExecutor device (0): Host, Default Version
[[1;32m172.16.240.2.10000[m::[1;35mstderr[m] 2023-10-11 18:29:47.856248: I tensorflow/compiler/mlir/mlir_graph_optimization_pass.cc:116] None of the MLIR optimization passes are enabled (registered 2)
[W] invalid valud of CUDA_VISIBLE_DEVICES: "NoDevFiles"
[W] invalid valud of CUDA_VISIBLE_DEVICES: "NoDevFiles"
[[1;32m172.16.240.2.10000[m::[1;35mstderr[m] 2023-10-11 18:50:50.493760: I tensorflow/stream_executor/platform/default/dso_loader.cc:49] Successfully opened dynamic library libcudart.so.10.1
[[1;34m172.16.240.2.10001[m::[1;35mstderr[m] 2023-10-11 18:50:50.494101: I tensorflow/stream_executor/platform/default/dso_loader.cc:49] Successfully opened dynamic library libcudart.so.10.1
[[1;34m172.16.240.2.10001[m::[1;35mstderr[m] 2023-10-11 18:51:01.478518: I tensorflow/stream_executor/platform/default/dso_loader.cc:49] Successfully opened dynamic library libcuda.so.1
[[1;32m172.16.240.2.10000[m::[1;35mstderr[m] 2023-10-11 18:51:01.478518: I tensorflow/stream_executor/platform/default/dso_loader.cc:49] Successfully opened dynamic library libcuda.so.1
[[1;32m172.16.240.2.10000[m::[1;35mstderr[m] 2023-10-11 18:51:01.526035: E tensorflow/stream_executor/cuda/cuda_driver.cc:328] failed call to cuInit: CUDA_ERROR_NO_DEVICE: no CUDA-capable device is detected
[[1;34m172.16.240.2.10001[m::[1;35mstderr[m] 2023-10-11 18:51:01.526030: E tensorflow/stream_executor/cuda/cuda_driver.cc:328] failed call to cuInit: CUDA_ERROR_NO_DEVICE: no CUDA-capable device is detected
[[1;32m172.16.240.2.10000[m::[1;35mstderr[m] 2023-10-11 18:51:01.526120: I tensorflow/stream_executor/cuda/cuda_diagnostics.cc:169] retrieving CUDA diagnostic information for host: gpu22
[[1;32m172.16.240.2.10000[m::[1;35mstderr[m] 2023-10-11 18:51:01.526140: I tensorflow/stream_executor/cuda/cuda_diagnostics.cc:176] hostname: gpu22
[[1;34m172.16.240.2.10001[m::[1;35mstderr[m] 2023-10-11 18:51:01.526117: I tensorflow/stream_executor/cuda/cuda_diagnostics.cc:169] retrieving CUDA diagnostic information for host: gpu22
[[1;34m172.16.240.2.10001[m::[1;35mstderr[m] 2023-10-11 18:51:01.526139: I tensorflow/stream_executor/cuda/cuda_diagnostics.cc:176] hostname: gpu22
[[1;34m172.16.240.2.10001[m::[1;35mstderr[m] 2023-10-11 18:51:01.526364: I tensorflow/stream_executor/cuda/cuda_diagnostics.cc:200] libcuda reported version is: 418.67.0
[[1;32m172.16.240.2.10000[m::[1;35mstderr[m] 2023-10-11 18:51:01.526365: I tensorflow/stream_executor/cuda/cuda_diagnostics.cc:200] libcuda reported version is: 418.67.0
[[1;32m172.16.240.2.10000[m::[1;35mstderr[m] 2023-10-11 18:51:01.526458: I tensorflow/stream_executor/cuda/cuda_diagnostics.cc:204] kernel reported version is: 418.67.0
[[1;34m172.16.240.2.10001[m::[1;35mstderr[m] 2023-10-11 18:51:01.526454: I tensorflow/stream_executor/cuda/cuda_diagnostics.cc:204] kernel reported version is: 418.67.0
[[1;32m172.16.240.2.10000[m::[1;35mstderr[m] 2023-10-11 18:51:01.526477: I tensorflow/stream_executor/cuda/cuda_diagnostics.cc:310] kernel version seems to match DSO: 418.67.0
[[1;34m172.16.240.2.10001[m::[1;35mstderr[m] 2023-10-11 18:51:01.526474: I tensorflow/stream_executor/cuda/cuda_diagnostics.cc:310] kernel version seems to match DSO: 418.67.0
[[1;34m172.16.240.2.10001[m::[1;35mstderr[m] 2023-10-11 18:51:01.527775: I tensorflow/core/platform/cpu_feature_guard.cc:142] This TensorFlow binary is optimized with oneAPI Deep Neural Network Library (oneDNN) to use the following CPU instructions in performance-critical operations:  SSE3 SSE4.1 SSE4.2 AVX AVX2 FMA
[[1;32m172.16.240.2.10000[m::[1;35mstderr[m] 2023-10-11 18:51:01.527771: I tensorflow/core/platform/cpu_feature_guard.cc:142] This TensorFlow binary is optimized with oneAPI Deep Neural Network Library (oneDNN) to use the following CPU instructions in performance-critical operations:  SSE3 SSE4.1 SSE4.2 AVX AVX2 FMA
[[1;34m172.16.240.2.10001[m::[1;35mstderr[m] To enable them in other operations, rebuild TensorFlow with the appropriate compiler flags.
[[1;32m172.16.240.2.10000[m::[1;35mstderr[m] To enable them in other operations, rebuild TensorFlow with the appropriate compiler flags.
[[1;32m172.16.240.2.10000[m::[1;35mstderr[m] 2023-10-11 18:51:01.544430: I tensorflow/core/platform/profile_utils/cpu_utils.cc:112] CPU Frequency: 2600190000 Hz
[[1;34m172.16.240.2.10001[m::[1;35mstderr[m] 2023-10-11 18:51:01.545285: I tensorflow/core/platform/profile_utils/cpu_utils.cc:112] CPU Frequency: 2600190000 Hz
[[1;34m172.16.240.2.10001[m::[1;35mstderr[m] 2023-10-11 18:51:01.548159: I tensorflow/compiler/xla/service/service.cc:168] XLA service 0x412a8b0 initialized for platform Host (this does not guarantee that XLA will be used). Devices:
[[1;34m172.16.240.2.10001[m::[1;35mstderr[m] 2023-10-11 18:51:01.548190: I tensorflow/compiler/xla/service/service.cc:176]   StreamExecutor device (0): Host, Default Version
[[1;32m172.16.240.2.10000[m::[1;35mstderr[m] 2023-10-11 18:51:01.548267: I tensorflow/compiler/xla/service/service.cc:168] XLA service 0x57d3d50 initialized for platform Host (this does not guarantee that XLA will be used). Devices:
[[1;32m172.16.240.2.10000[m::[1;35mstderr[m] 2023-10-11 18:51:01.548305: I tensorflow/compiler/xla/service/service.cc:176]   StreamExecutor device (0): Host, Default Version
[[1;32m172.16.240.2.10000[m::[1;35mstderr[m] 2023-10-11 18:51:15.201526: I tensorflow/compiler/mlir/mlir_graph_optimization_pass.cc:116] None of the MLIR optimization passes are enabled (registered 2)
[W] invalid valud of CUDA_VISIBLE_DEVICES: "NoDevFiles"
[W] invalid valud of CUDA_VISIBLE_DEVICES: "NoDevFiles"
[[1;32m172.16.240.2.10000[m::[1;35mstderr[m] 2023-10-11 19:12:18.722683: I tensorflow/stream_executor/platform/default/dso_loader.cc:49] Successfully opened dynamic library libcudart.so.10.1
[[1;34m172.16.240.2.10001[m::[1;35mstderr[m] 2023-10-11 19:12:18.722683: I tensorflow/stream_executor/platform/default/dso_loader.cc:49] Successfully opened dynamic library libcudart.so.10.1
[[1;34m172.16.240.2.10001[m::[1;35mstderr[m] 2023-10-11 19:12:41.943214: I tensorflow/stream_executor/platform/default/dso_loader.cc:49] Successfully opened dynamic library libcuda.so.1
[[1;32m172.16.240.2.10000[m::[1;35mstderr[m] 2023-10-11 19:12:41.943316: I tensorflow/stream_executor/platform/default/dso_loader.cc:49] Successfully opened dynamic library libcuda.so.1
[[1;34m172.16.240.2.10001[m::[1;35mstderr[m] 2023-10-11 19:12:41.978149: E tensorflow/stream_executor/cuda/cuda_driver.cc:328] failed call to cuInit: CUDA_ERROR_NO_DEVICE: no CUDA-capable device is detected
[[1;34m172.16.240.2.10001[m::[1;35mstderr[m] 2023-10-11 19:12:41.978223: I tensorflow/stream_executor/cuda/cuda_diagnostics.cc:169] retrieving CUDA diagnostic information for host: gpu22
[[1;34m172.16.240.2.10001[m::[1;35mstderr[m] 2023-10-11 19:12:41.978243: I tensorflow/stream_executor/cuda/cuda_diagnostics.cc:176] hostname: gpu22
[[1;32m172.16.240.2.10000[m::[1;35mstderr[m] 2023-10-11 19:12:41.978144: E tensorflow/stream_executor/cuda/cuda_driver.cc:328] failed call to cuInit: CUDA_ERROR_NO_DEVICE: no CUDA-capable device is detected
[[1;32m172.16.240.2.10000[m::[1;35mstderr[m] 2023-10-11 19:12:41.978219: I tensorflow/stream_executor/cuda/cuda_diagnostics.cc:169] retrieving CUDA diagnostic information for host: gpu22
[[1;32m172.16.240.2.10000[m::[1;35mstderr[m] 2023-10-11 19:12:41.978239: I tensorflow/stream_executor/cuda/cuda_diagnostics.cc:176] hostname: gpu22
[[1;34m172.16.240.2.10001[m::[1;35mstderr[m] 2023-10-11 19:12:41.978470: I tensorflow/stream_executor/cuda/cuda_diagnostics.cc:200] libcuda reported version is: 418.67.0
[[1;32m172.16.240.2.10000[m::[1;35mstderr[m] 2023-10-11 19:12:41.978471: I tensorflow/stream_executor/cuda/cuda_diagnostics.cc:200] libcuda reported version is: 418.67.0
[[1;34m172.16.240.2.10001[m::[1;35mstderr[m] 2023-10-11 19:12:41.978569: I tensorflow/stream_executor/cuda/cuda_diagnostics.cc:204] kernel reported version is: 418.67.0
[[1;32m172.16.240.2.10000[m::[1;35mstderr[m] 2023-10-11 19:12:41.978575: I tensorflow/stream_executor/cuda/cuda_diagnostics.cc:204] kernel reported version is: 418.67.0
[[1;34m172.16.240.2.10001[m::[1;35mstderr[m] 2023-10-11 19:12:41.978590: I tensorflow/stream_executor/cuda/cuda_diagnostics.cc:310] kernel version seems to match DSO: 418.67.0
[[1;32m172.16.240.2.10000[m::[1;35mstderr[m] 2023-10-11 19:12:41.978595: I tensorflow/stream_executor/cuda/cuda_diagnostics.cc:310] kernel version seems to match DSO: 418.67.0
[[1;32m172.16.240.2.10000[m::[1;35mstderr[m] 2023-10-11 19:12:41.979505: I tensorflow/core/platform/cpu_feature_guard.cc:142] This TensorFlow binary is optimized with oneAPI Deep Neural Network Library (oneDNN) to use the following CPU instructions in performance-critical operations:  SSE3 SSE4.1 SSE4.2 AVX AVX2 FMA
[[1;34m172.16.240.2.10001[m::[1;35mstderr[m] 2023-10-11 19:12:41.979505: I tensorflow/core/platform/cpu_feature_guard.cc:142] This TensorFlow binary is optimized with oneAPI Deep Neural Network Library (oneDNN) to use the following CPU instructions in performance-critical operations:  SSE3 SSE4.1 SSE4.2 AVX AVX2 FMA
[[1;32m172.16.240.2.10000[m::[1;35mstderr[m] To enable them in other operations, rebuild TensorFlow with the appropriate compiler flags.
[[1;34m172.16.240.2.10001[m::[1;35mstderr[m] To enable them in other operations, rebuild TensorFlow with the appropriate compiler flags.
[[1;32m172.16.240.2.10000[m::[1;35mstderr[m] 2023-10-11 19:12:41.995288: I tensorflow/core/platform/profile_utils/cpu_utils.cc:112] CPU Frequency: 2600190000 Hz
[[1;34m172.16.240.2.10001[m::[1;35mstderr[m] 2023-10-11 19:12:41.995741: I tensorflow/core/platform/profile_utils/cpu_utils.cc:112] CPU Frequency: 2600190000 Hz
[[1;34m172.16.240.2.10001[m::[1;35mstderr[m] 2023-10-11 19:12:41.998540: I tensorflow/compiler/xla/service/service.cc:168] XLA service 0x5a1ab50 initialized for platform Host (this does not guarantee that XLA will be used). Devices:
[[1;34m172.16.240.2.10001[m::[1;35mstderr[m] 2023-10-11 19:12:41.998561: I tensorflow/compiler/xla/service/service.cc:176]   StreamExecutor device (0): Host, Default Version
[[1;32m172.16.240.2.10000[m::[1;35mstderr[m] 2023-10-11 19:12:41.998643: I tensorflow/compiler/xla/service/service.cc:168] XLA service 0x5c3b610 initialized for platform Host (this does not guarantee that XLA will be used). Devices:
[[1;32m172.16.240.2.10000[m::[1;35mstderr[m] 2023-10-11 19:12:41.998663: I tensorflow/compiler/xla/service/service.cc:176]   StreamExecutor device (0): Host, Default Version
[[1;32m172.16.240.2.10000[m::[1;35mstderr[m] 2023-10-11 19:12:55.570834: I tensorflow/compiler/mlir/mlir_graph_optimization_pass.cc:116] None of the MLIR optimization passes are enabled (registered 2)
[W] invalid valud of CUDA_VISIBLE_DEVICES: "NoDevFiles"
[W] invalid valud of CUDA_VISIBLE_DEVICES: "NoDevFiles"
[[1;34m172.16.240.2.10001[m::[1;35mstderr[m] 2023-10-11 19:33:59.074617: I tensorflow/stream_executor/platform/default/dso_loader.cc:49] Successfully opened dynamic library libcudart.so.10.1
[[1;32m172.16.240.2.10000[m::[1;35mstderr[m] 2023-10-11 19:33:59.074616: I tensorflow/stream_executor/platform/default/dso_loader.cc:49] Successfully opened dynamic library libcudart.so.10.1
[[1;34m172.16.240.2.10001[m::[1;35mstderr[m] 2023-10-11 19:34:11.672202: I tensorflow/stream_executor/platform/default/dso_loader.cc:49] Successfully opened dynamic library libcuda.so.1
[[1;32m172.16.240.2.10000[m::[1;35mstderr[m] 2023-10-11 19:34:11.672200: I tensorflow/stream_executor/platform/default/dso_loader.cc:49] Successfully opened dynamic library libcuda.so.1
[[1;32m172.16.240.2.10000[m::[1;35mstderr[m] 2023-10-11 19:34:11.709994: E tensorflow/stream_executor/cuda/cuda_driver.cc:328] failed call to cuInit: CUDA_ERROR_NO_DEVICE: no CUDA-capable device is detected
[[1;32m172.16.240.2.10000[m::[1;35mstderr[m] 2023-10-11 19:34:11.710066: I tensorflow/stream_executor/cuda/cuda_diagnostics.cc:169] retrieving CUDA diagnostic information for host: gpu22
[[1;32m172.16.240.2.10000[m::[1;35mstderr[m] 2023-10-11 19:34:11.710087: I tensorflow/stream_executor/cuda/cuda_diagnostics.cc:176] hostname: gpu22
[[1;34m172.16.240.2.10001[m::[1;35mstderr[m] 2023-10-11 19:34:11.709988: E tensorflow/stream_executor/cuda/cuda_driver.cc:328] failed call to cuInit: CUDA_ERROR_NO_DEVICE: no CUDA-capable device is detected
[[1;34m172.16.240.2.10001[m::[1;35mstderr[m] 2023-10-11 19:34:11.710063: I tensorflow/stream_executor/cuda/cuda_diagnostics.cc:169] retrieving CUDA diagnostic information for host: gpu22
[[1;34m172.16.240.2.10001[m::[1;35mstderr[m] 2023-10-11 19:34:11.710094: I tensorflow/stream_executor/cuda/cuda_diagnostics.cc:176] hostname: gpu22
[[1;34m172.16.240.2.10001[m::[1;35mstderr[m] 2023-10-11 19:34:11.710326: I tensorflow/stream_executor/cuda/cuda_diagnostics.cc:200] libcuda reported version is: 418.67.0
[[1;32m172.16.240.2.10000[m::[1;35mstderr[m] 2023-10-11 19:34:11.710326: I tensorflow/stream_executor/cuda/cuda_diagnostics.cc:200] libcuda reported version is: 418.67.0
[[1;32m172.16.240.2.10000[m::[1;35mstderr[m] 2023-10-11 19:34:11.710430: I tensorflow/stream_executor/cuda/cuda_diagnostics.cc:204] kernel reported version is: 418.67.0
[[1;34m172.16.240.2.10001[m::[1;35mstderr[m] 2023-10-11 19:34:11.710426: I tensorflow/stream_executor/cuda/cuda_diagnostics.cc:204] kernel reported version is: 418.67.0
[[1;32m172.16.240.2.10000[m::[1;35mstderr[m] 2023-10-11 19:34:11.710451: I tensorflow/stream_executor/cuda/cuda_diagnostics.cc:310] kernel version seems to match DSO: 418.67.0
[[1;34m172.16.240.2.10001[m::[1;35mstderr[m] 2023-10-11 19:34:11.710448: I tensorflow/stream_executor/cuda/cuda_diagnostics.cc:310] kernel version seems to match DSO: 418.67.0
[[1;34m172.16.240.2.10001[m::[1;35mstderr[m] 2023-10-11 19:34:11.711905: I tensorflow/core/platform/cpu_feature_guard.cc:142] This TensorFlow binary is optimized with oneAPI Deep Neural Network Library (oneDNN) to use the following CPU instructions in performance-critical operations:  SSE3 SSE4.1 SSE4.2 AVX AVX2 FMA
[[1;34m172.16.240.2.10001[m::[1;35mstderr[m] To enable them in other operations, rebuild TensorFlow with the appropriate compiler flags.
[[1;32m172.16.240.2.10000[m::[1;35mstderr[m] 2023-10-11 19:34:11.711905: I tensorflow/core/platform/cpu_feature_guard.cc:142] This TensorFlow binary is optimized with oneAPI Deep Neural Network Library (oneDNN) to use the following CPU instructions in performance-critical operations:  SSE3 SSE4.1 SSE4.2 AVX AVX2 FMA
[[1;32m172.16.240.2.10000[m::[1;35mstderr[m] To enable them in other operations, rebuild TensorFlow with the appropriate compiler flags.
[[1;32m172.16.240.2.10000[m::[1;35mstderr[m] 2023-10-11 19:34:11.730482: I tensorflow/core/platform/profile_utils/cpu_utils.cc:112] CPU Frequency: 2600190000 Hz
[[1;34m172.16.240.2.10001[m::[1;35mstderr[m] 2023-10-11 19:34:11.731232: I tensorflow/core/platform/profile_utils/cpu_utils.cc:112] CPU Frequency: 2600190000 Hz
[[1;32m172.16.240.2.10000[m::[1;35mstderr[m] 2023-10-11 19:34:11.734180: I tensorflow/compiler/xla/service/service.cc:168] XLA service 0x4c44820 initialized for platform Host (this does not guarantee that XLA will be used). Devices:
[[1;32m172.16.240.2.10000[m::[1;35mstderr[m] 2023-10-11 19:34:11.734213: I tensorflow/compiler/xla/service/service.cc:176]   StreamExecutor device (0): Host, Default Version
[[1;34m172.16.240.2.10001[m::[1;35mstderr[m] 2023-10-11 19:34:11.734826: I tensorflow/compiler/xla/service/service.cc:168] XLA service 0x4b9c730 initialized for platform Host (this does not guarantee that XLA will be used). Devices:
[[1;34m172.16.240.2.10001[m::[1;35mstderr[m] 2023-10-11 19:34:11.734864: I tensorflow/compiler/xla/service/service.cc:176]   StreamExecutor device (0): Host, Default Version
[[1;32m172.16.240.2.10000[m::[1;35mstderr[m] 2023-10-11 19:34:25.228803: I tensorflow/compiler/mlir/mlir_graph_optimization_pass.cc:116] None of the MLIR optimization passes are enabled (registered 2)
[W] invalid valud of CUDA_VISIBLE_DEVICES: "NoDevFiles"
[W] invalid valud of CUDA_VISIBLE_DEVICES: "NoDevFiles"
[[1;32m172.16.240.2.10000[m::[1;35mstderr[m] 2023-10-11 19:55:29.882072: I tensorflow/stream_executor/platform/default/dso_loader.cc:49] Successfully opened dynamic library libcudart.so.10.1
[[1;34m172.16.240.2.10001[m::[1;35mstderr[m] 2023-10-11 19:55:29.882077: I tensorflow/stream_executor/platform/default/dso_loader.cc:49] Successfully opened dynamic library libcudart.so.10.1
[[1;32m172.16.240.2.10000[m::[1;35mstderr[m] 2023-10-11 19:55:40.055145: I tensorflow/stream_executor/platform/default/dso_loader.cc:49] Successfully opened dynamic library libcuda.so.1
[[1;34m172.16.240.2.10001[m::[1;35mstderr[m] 2023-10-11 19:55:40.055145: I tensorflow/stream_executor/platform/default/dso_loader.cc:49] Successfully opened dynamic library libcuda.so.1
[[1;32m172.16.240.2.10000[m::[1;35mstderr[m] 2023-10-11 19:55:40.083327: E tensorflow/stream_executor/cuda/cuda_driver.cc:328] failed call to cuInit: CUDA_ERROR_NO_DEVICE: no CUDA-capable device is detected
[[1;34m172.16.240.2.10001[m::[1;35mstderr[m] 2023-10-11 19:55:40.083324: E tensorflow/stream_executor/cuda/cuda_driver.cc:328] failed call to cuInit: CUDA_ERROR_NO_DEVICE: no CUDA-capable device is detected
[[1;32m172.16.240.2.10000[m::[1;35mstderr[m] 2023-10-11 19:55:40.083465: I tensorflow/stream_executor/cuda/cuda_diagnostics.cc:169] retrieving CUDA diagnostic information for host: gpu22
[[1;34m172.16.240.2.10001[m::[1;35mstderr[m] 2023-10-11 19:55:40.083460: I tensorflow/stream_executor/cuda/cuda_diagnostics.cc:169] retrieving CUDA diagnostic information for host: gpu22
[[1;34m172.16.240.2.10001[m::[1;35mstderr[m] 2023-10-11 19:55:40.083502: I tensorflow/stream_executor/cuda/cuda_diagnostics.cc:176] hostname: gpu22
[[1;32m172.16.240.2.10000[m::[1;35mstderr[m] 2023-10-11 19:55:40.083507: I tensorflow/stream_executor/cuda/cuda_diagnostics.cc:176] hostname: gpu22
[[1;32m172.16.240.2.10000[m::[1;35mstderr[m] 2023-10-11 19:55:40.083855: I tensorflow/stream_executor/cuda/cuda_diagnostics.cc:200] libcuda reported version is: 418.67.0
[[1;34m172.16.240.2.10001[m::[1;35mstderr[m] 2023-10-11 19:55:40.083851: I tensorflow/stream_executor/cuda/cuda_diagnostics.cc:200] libcuda reported version is: 418.67.0
[[1;32m172.16.240.2.10000[m::[1;35mstderr[m] 2023-10-11 19:55:40.083991: I tensorflow/stream_executor/cuda/cuda_diagnostics.cc:204] kernel reported version is: 418.67.0
[[1;32m172.16.240.2.10000[m::[1;35mstderr[m] 2023-10-11 19:55:40.084014: I tensorflow/stream_executor/cuda/cuda_diagnostics.cc:310] kernel version seems to match DSO: 418.67.0
[[1;34m172.16.240.2.10001[m::[1;35mstderr[m] 2023-10-11 19:55:40.084005: I tensorflow/stream_executor/cuda/cuda_diagnostics.cc:204] kernel reported version is: 418.67.0
[[1;34m172.16.240.2.10001[m::[1;35mstderr[m] 2023-10-11 19:55:40.084026: I tensorflow/stream_executor/cuda/cuda_diagnostics.cc:310] kernel version seems to match DSO: 418.67.0
[[1;34m172.16.240.2.10001[m::[1;35mstderr[m] 2023-10-11 19:55:40.085092: I tensorflow/core/platform/cpu_feature_guard.cc:142] This TensorFlow binary is optimized with oneAPI Deep Neural Network Library (oneDNN) to use the following CPU instructions in performance-critical operations:  SSE3 SSE4.1 SSE4.2 AVX AVX2 FMA
[[1;34m172.16.240.2.10001[m::[1;35mstderr[m] To enable them in other operations, rebuild TensorFlow with the appropriate compiler flags.
[[1;32m172.16.240.2.10000[m::[1;35mstderr[m] 2023-10-11 19:55:40.085100: I tensorflow/core/platform/cpu_feature_guard.cc:142] This TensorFlow binary is optimized with oneAPI Deep Neural Network Library (oneDNN) to use the following CPU instructions in performance-critical operations:  SSE3 SSE4.1 SSE4.2 AVX AVX2 FMA
[[1;32m172.16.240.2.10000[m::[1;35mstderr[m] To enable them in other operations, rebuild TensorFlow with the appropriate compiler flags.
[[1;32m172.16.240.2.10000[m::[1;35mstderr[m] 2023-10-11 19:55:40.104490: I tensorflow/core/platform/profile_utils/cpu_utils.cc:112] CPU Frequency: 2600190000 Hz
[[1;34m172.16.240.2.10001[m::[1;35mstderr[m] 2023-10-11 19:55:40.104536: I tensorflow/core/platform/profile_utils/cpu_utils.cc:112] CPU Frequency: 2600190000 Hz
[[1;32m172.16.240.2.10000[m::[1;35mstderr[m] 2023-10-11 19:55:40.107964: I tensorflow/compiler/xla/service/service.cc:168] XLA service 0x5e1e790 initialized for platform Host (this does not guarantee that XLA will be used). Devices:
[[1;32m172.16.240.2.10000[m::[1;35mstderr[m] 2023-10-11 19:55:40.107984: I tensorflow/compiler/xla/service/service.cc:176]   StreamExecutor device (0): Host, Default Version
[[1;34m172.16.240.2.10001[m::[1;35mstderr[m] 2023-10-11 19:55:40.107982: I tensorflow/compiler/xla/service/service.cc:168] XLA service 0x40bf6a0 initialized for platform Host (this does not guarantee that XLA will be used). Devices:
[[1;34m172.16.240.2.10001[m::[1;35mstderr[m] 2023-10-11 19:55:40.108017: I tensorflow/compiler/xla/service/service.cc:176]   StreamExecutor device (0): Host, Default Version
[[1;32m172.16.240.2.10000[m::[1;35mstderr[m] 2023-10-11 19:55:53.695140: I tensorflow/compiler/mlir/mlir_graph_optimization_pass.cc:116] None of the MLIR optimization passes are enabled (registered 2)
[W] invalid valud of CUDA_VISIBLE_DEVICES: "NoDevFiles"
[W] invalid valud of CUDA_VISIBLE_DEVICES: "NoDevFiles"
[[1;34m172.16.240.2.10001[m::[1;35mstderr[m] 2023-10-11 20:17:02.430911: I tensorflow/stream_executor/platform/default/dso_loader.cc:49] Successfully opened dynamic library libcudart.so.10.1
[[1;32m172.16.240.2.10000[m::[1;35mstderr[m] 2023-10-11 20:17:02.430912: I tensorflow/stream_executor/platform/default/dso_loader.cc:49] Successfully opened dynamic library libcudart.so.10.1
[[1;34m172.16.240.2.10001[m::[1;35mstderr[m] 2023-10-11 20:17:12.665459: I tensorflow/stream_executor/platform/default/dso_loader.cc:49] Successfully opened dynamic library libcuda.so.1
[[1;32m172.16.240.2.10000[m::[1;35mstderr[m] 2023-10-11 20:17:12.665459: I tensorflow/stream_executor/platform/default/dso_loader.cc:49] Successfully opened dynamic library libcuda.so.1
[[1;32m172.16.240.2.10000[m::[1;35mstderr[m] 2023-10-11 20:17:12.711949: E tensorflow/stream_executor/cuda/cuda_driver.cc:328] failed call to cuInit: CUDA_ERROR_NO_DEVICE: no CUDA-capable device is detected
[[1;34m172.16.240.2.10001[m::[1;35mstderr[m] 2023-10-11 20:17:12.711944: E tensorflow/stream_executor/cuda/cuda_driver.cc:328] failed call to cuInit: CUDA_ERROR_NO_DEVICE: no CUDA-capable device is detected
[[1;32m172.16.240.2.10000[m::[1;35mstderr[m] 2023-10-11 20:17:12.712024: I tensorflow/stream_executor/cuda/cuda_diagnostics.cc:169] retrieving CUDA diagnostic information for host: gpu22
[[1;32m172.16.240.2.10000[m::[1;35mstderr[m] 2023-10-11 20:17:12.712043: I tensorflow/stream_executor/cuda/cuda_diagnostics.cc:176] hostname: gpu22
[[1;34m172.16.240.2.10001[m::[1;35mstderr[m] 2023-10-11 20:17:12.712020: I tensorflow/stream_executor/cuda/cuda_diagnostics.cc:169] retrieving CUDA diagnostic information for host: gpu22
[[1;34m172.16.240.2.10001[m::[1;35mstderr[m] 2023-10-11 20:17:12.712040: I tensorflow/stream_executor/cuda/cuda_diagnostics.cc:176] hostname: gpu22
[[1;32m172.16.240.2.10000[m::[1;35mstderr[m] 2023-10-11 20:17:12.712265: I tensorflow/stream_executor/cuda/cuda_diagnostics.cc:200] libcuda reported version is: 418.67.0
[[1;34m172.16.240.2.10001[m::[1;35mstderr[m] 2023-10-11 20:17:12.712258: I tensorflow/stream_executor/cuda/cuda_diagnostics.cc:200] libcuda reported version is: 418.67.0
[[1;32m172.16.240.2.10000[m::[1;35mstderr[m] 2023-10-11 20:17:12.712358: I tensorflow/stream_executor/cuda/cuda_diagnostics.cc:204] kernel reported version is: 418.67.0
[[1;34m172.16.240.2.10001[m::[1;35mstderr[m] 2023-10-11 20:17:12.712355: I tensorflow/stream_executor/cuda/cuda_diagnostics.cc:204] kernel reported version is: 418.67.0
[[1;32m172.16.240.2.10000[m::[1;35mstderr[m] 2023-10-11 20:17:12.712379: I tensorflow/stream_executor/cuda/cuda_diagnostics.cc:310] kernel version seems to match DSO: 418.67.0
[[1;34m172.16.240.2.10001[m::[1;35mstderr[m] 2023-10-11 20:17:12.712376: I tensorflow/stream_executor/cuda/cuda_diagnostics.cc:310] kernel version seems to match DSO: 418.67.0
[[1;34m172.16.240.2.10001[m::[1;35mstderr[m] 2023-10-11 20:17:12.713279: I tensorflow/core/platform/cpu_feature_guard.cc:142] This TensorFlow binary is optimized with oneAPI Deep Neural Network Library (oneDNN) to use the following CPU instructions in performance-critical operations:  SSE3 SSE4.1 SSE4.2 AVX AVX2 FMA
[[1;32m172.16.240.2.10000[m::[1;35mstderr[m] 2023-10-11 20:17:12.713279: I tensorflow/core/platform/cpu_feature_guard.cc:142] This TensorFlow binary is optimized with oneAPI Deep Neural Network Library (oneDNN) to use the following CPU instructions in performance-critical operations:  SSE3 SSE4.1 SSE4.2 AVX AVX2 FMA
[[1;34m172.16.240.2.10001[m::[1;35mstderr[m] To enable them in other operations, rebuild TensorFlow with the appropriate compiler flags.
[[1;32m172.16.240.2.10000[m::[1;35mstderr[m] To enable them in other operations, rebuild TensorFlow with the appropriate compiler flags.
[[1;34m172.16.240.2.10001[m::[1;35mstderr[m] 2023-10-11 20:17:12.731803: I tensorflow/core/platform/profile_utils/cpu_utils.cc:112] CPU Frequency: 2600190000 Hz
[[1;32m172.16.240.2.10000[m::[1;35mstderr[m] 2023-10-11 20:17:12.731789: I tensorflow/core/platform/profile_utils/cpu_utils.cc:112] CPU Frequency: 2600190000 Hz
[[1;32m172.16.240.2.10000[m::[1;35mstderr[m] 2023-10-11 20:17:12.734902: I tensorflow/compiler/xla/service/service.cc:168] XLA service 0x51a2ae0 initialized for platform Host (this does not guarantee that XLA will be used). Devices:
[[1;32m172.16.240.2.10000[m::[1;35mstderr[m] 2023-10-11 20:17:12.734923: I tensorflow/compiler/xla/service/service.cc:176]   StreamExecutor device (0): Host, Default Version
[[1;34m172.16.240.2.10001[m::[1;35mstderr[m] 2023-10-11 20:17:12.735664: I tensorflow/compiler/xla/service/service.cc:168] XLA service 0x5141890 initialized for platform Host (this does not guarantee that XLA will be used). Devices:
[[1;34m172.16.240.2.10001[m::[1;35mstderr[m] 2023-10-11 20:17:12.735699: I tensorflow/compiler/xla/service/service.cc:176]   StreamExecutor device (0): Host, Default Version
[[1;32m172.16.240.2.10000[m::[1;35mstderr[m] 2023-10-11 20:17:26.401874: I tensorflow/compiler/mlir/mlir_graph_optimization_pass.cc:116] None of the MLIR optimization passes are enabled (registered 2)
[W] invalid valud of CUDA_VISIBLE_DEVICES: "NoDevFiles"
[W] invalid valud of CUDA_VISIBLE_DEVICES: "NoDevFiles"
[[1;32m172.16.240.2.10000[m::[1;35mstderr[m] 2023-10-11 20:38:32.937095: I tensorflow/stream_executor/platform/default/dso_loader.cc:49] Successfully opened dynamic library libcudart.so.10.1
[[1;34m172.16.240.2.10001[m::[1;35mstderr[m] 2023-10-11 20:38:32.937251: I tensorflow/stream_executor/platform/default/dso_loader.cc:49] Successfully opened dynamic library libcudart.so.10.1
[[1;32m172.16.240.2.10000[m::[1;35mstderr[m] 2023-10-11 20:38:43.229761: I tensorflow/stream_executor/platform/default/dso_loader.cc:49] Successfully opened dynamic library libcuda.so.1
[[1;34m172.16.240.2.10001[m::[1;35mstderr[m] 2023-10-11 20:38:43.229868: I tensorflow/stream_executor/platform/default/dso_loader.cc:49] Successfully opened dynamic library libcuda.so.1
[[1;32m172.16.240.2.10000[m::[1;35mstderr[m] 2023-10-11 20:38:43.266918: E tensorflow/stream_executor/cuda/cuda_driver.cc:328] failed call to cuInit: CUDA_ERROR_NO_DEVICE: no CUDA-capable device is detected
[[1;34m172.16.240.2.10001[m::[1;35mstderr[m] 2023-10-11 20:38:43.266912: E tensorflow/stream_executor/cuda/cuda_driver.cc:328] failed call to cuInit: CUDA_ERROR_NO_DEVICE: no CUDA-capable device is detected
[[1;34m172.16.240.2.10001[m::[1;35mstderr[m] 2023-10-11 20:38:43.267048: I tensorflow/stream_executor/cuda/cuda_diagnostics.cc:169] retrieving CUDA diagnostic information for host: gpu22
[[1;34m172.16.240.2.10001[m::[1;35mstderr[m] 2023-10-11 20:38:43.267102: I tensorflow/stream_executor/cuda/cuda_diagnostics.cc:176] hostname: gpu22
[[1;32m172.16.240.2.10000[m::[1;35mstderr[m] 2023-10-11 20:38:43.267055: I tensorflow/stream_executor/cuda/cuda_diagnostics.cc:169] retrieving CUDA diagnostic information for host: gpu22
[[1;32m172.16.240.2.10000[m::[1;35mstderr[m] 2023-10-11 20:38:43.267120: I tensorflow/stream_executor/cuda/cuda_diagnostics.cc:176] hostname: gpu22
[[1;34m172.16.240.2.10001[m::[1;35mstderr[m] 2023-10-11 20:38:43.267454: I tensorflow/stream_executor/cuda/cuda_diagnostics.cc:200] libcuda reported version is: 418.67.0
[[1;32m172.16.240.2.10000[m::[1;35mstderr[m] 2023-10-11 20:38:43.267459: I tensorflow/stream_executor/cuda/cuda_diagnostics.cc:200] libcuda reported version is: 418.67.0
[[1;34m172.16.240.2.10001[m::[1;35mstderr[m] 2023-10-11 20:38:43.267584: I tensorflow/stream_executor/cuda/cuda_diagnostics.cc:204] kernel reported version is: 418.67.0
[[1;34m172.16.240.2.10001[m::[1;35mstderr[m] 2023-10-11 20:38:43.267608: I tensorflow/stream_executor/cuda/cuda_diagnostics.cc:310] kernel version seems to match DSO: 418.67.0
[[1;32m172.16.240.2.10000[m::[1;35mstderr[m] 2023-10-11 20:38:43.267601: I tensorflow/stream_executor/cuda/cuda_diagnostics.cc:204] kernel reported version is: 418.67.0
[[1;32m172.16.240.2.10000[m::[1;35mstderr[m] 2023-10-11 20:38:43.267623: I tensorflow/stream_executor/cuda/cuda_diagnostics.cc:310] kernel version seems to match DSO: 418.67.0
[[1;34m172.16.240.2.10001[m::[1;35mstderr[m] 2023-10-11 20:38:43.268736: I tensorflow/core/platform/cpu_feature_guard.cc:142] This TensorFlow binary is optimized with oneAPI Deep Neural Network Library (oneDNN) to use the following CPU instructions in performance-critical operations:  SSE3 SSE4.1 SSE4.2 AVX AVX2 FMA
[[1;34m172.16.240.2.10001[m::[1;35mstderr[m] To enable them in other operations, rebuild TensorFlow with the appropriate compiler flags.
[[1;32m172.16.240.2.10000[m::[1;35mstderr[m] 2023-10-11 20:38:43.268731: I tensorflow/core/platform/cpu_feature_guard.cc:142] This TensorFlow binary is optimized with oneAPI Deep Neural Network Library (oneDNN) to use the following CPU instructions in performance-critical operations:  SSE3 SSE4.1 SSE4.2 AVX AVX2 FMA
[[1;32m172.16.240.2.10000[m::[1;35mstderr[m] To enable them in other operations, rebuild TensorFlow with the appropriate compiler flags.
[[1;34m172.16.240.2.10001[m::[1;35mstderr[m] 2023-10-11 20:38:43.286530: I tensorflow/core/platform/profile_utils/cpu_utils.cc:112] CPU Frequency: 2600190000 Hz
[[1;32m172.16.240.2.10000[m::[1;35mstderr[m] 2023-10-11 20:38:43.286517: I tensorflow/core/platform/profile_utils/cpu_utils.cc:112] CPU Frequency: 2600190000 Hz
[[1;34m172.16.240.2.10001[m::[1;35mstderr[m] 2023-10-11 20:38:43.289540: I tensorflow/compiler/xla/service/service.cc:168] XLA service 0x45d95c0 initialized for platform Host (this does not guarantee that XLA will be used). Devices:
[[1;34m172.16.240.2.10001[m::[1;35mstderr[m] 2023-10-11 20:38:43.289564: I tensorflow/compiler/xla/service/service.cc:176]   StreamExecutor device (0): Host, Default Version
[[1;32m172.16.240.2.10000[m::[1;35mstderr[m] 2023-10-11 20:38:43.289858: I tensorflow/compiler/xla/service/service.cc:168] XLA service 0x4a6b540 initialized for platform Host (this does not guarantee that XLA will be used). Devices:
[[1;32m172.16.240.2.10000[m::[1;35mstderr[m] 2023-10-11 20:38:43.289879: I tensorflow/compiler/xla/service/service.cc:176]   StreamExecutor device (0): Host, Default Version
[[1;32m172.16.240.2.10000[m::[1;35mstderr[m] 2023-10-11 20:38:56.860999: I tensorflow/compiler/mlir/mlir_graph_optimization_pass.cc:116] None of the MLIR optimization passes are enabled (registered 2)
