[[1;34m172.16.240.13.10001[m::[1;35mstderr[m] 2023-12-04 15:49:34.372448: I tensorflow/compiler/xla/service/service.cc:171] XLA service 0x64043a0 initialized for platform Host (this does not guarantee that XLA will be used). Devices:
[[1;34m172.16.240.17.10001[m::[1;35mstderr[m] 2023-12-04 15:49:34.372825: I tensorflow/compiler/xla/service/service.cc:171] XLA service 0x67971b0 initialized for platform Host (this does not guarantee that XLA will be used). Devices:
[[1;34m172.16.240.13.10001[m::[1;35mstderr[m] 2023-12-04 15:49:34.372511: I tensorflow/compiler/xla/service/service.cc:179]   StreamExecutor device (0): Host, Default Version
[[1;34m172.16.240.15.10001[m::[1;35mstderr[m] 2023-12-04 15:49:34.374252: I tensorflow/compiler/xla/service/service.cc:171] XLA service 0x53893a0 initialized for platform Host (this does not guarantee that XLA will be used). Devices:
[[1;34m172.16.240.17.10001[m::[1;35mstderr[m] 2023-12-04 15:49:34.372875: I tensorflow/compiler/xla/service/service.cc:179]   StreamExecutor device (0): Host, Default Version
[[1;32m172.16.240.17.10000[m::[1;35mstderr[m] 2023-12-04 15:49:34.373331: I tensorflow/compiler/xla/service/service.cc:171] XLA service 0x5a47310 initialized for platform Host (this does not guarantee that XLA will be used). Devices:
[[1;32m172.16.240.13.10000[m::[1;35mstderr[m] 2023-12-04 15:49:34.374637: I tensorflow/compiler/xla/service/service.cc:171] XLA service 0x52b6270 initialized for platform Host (this does not guarantee that XLA will be used). Devices:
[[1;32m172.16.240.17.10000[m::[1;35mstderr[m] 2023-12-04 15:49:34.373379: I tensorflow/compiler/xla/service/service.cc:179]   StreamExecutor device (0): Host, Default Version
[[1;32m172.16.240.13.10000[m::[1;35mstderr[m] 2023-12-04 15:49:34.374681: I tensorflow/compiler/xla/service/service.cc:179]   StreamExecutor device (0): Host, Default Version
[[1;34m172.16.240.9.10001[m::[1;35mstderr[m] 2023-12-04 15:49:34.376102: I tensorflow/compiler/xla/service/service.cc:171] XLA service 0x57865d0 initialized for platform Host (this does not guarantee that XLA will be used). Devices:
[[1;34m172.16.240.15.10001[m::[1;35mstderr[m] 2023-12-04 15:49:34.374299: I tensorflow/compiler/xla/service/service.cc:179]   StreamExecutor device (0): Host, Default Version
[[1;32m172.16.240.6.10000[m::[1;35mstderr[m] 2023-12-04 15:49:34.376652: I tensorflow/compiler/xla/service/service.cc:171] XLA service 0x658b090 initialized for platform Host (this does not guarantee that XLA will be used). Devices:
[[1;34m172.16.240.9.10001[m::[1;35mstderr[m] 2023-12-04 15:49:34.376154: I tensorflow/compiler/xla/service/service.cc:179]   StreamExecutor device (0): Host, Default Version
[[1;32m172.16.240.15.10000[m::[1;35mstderr[m] 2023-12-04 15:49:34.378592: I tensorflow/compiler/xla/service/service.cc:171] XLA service 0x5602430 initialized for platform Host (this does not guarantee that XLA will be used). Devices:
[[1;32m172.16.240.6.10000[m::[1;35mstderr[m] 2023-12-04 15:49:34.376685: I tensorflow/compiler/xla/service/service.cc:179]   StreamExecutor device (0): Host, Default Version
[[1;32m172.16.240.11.10000[m::[1;35mstderr[m] 2023-12-04 15:49:34.378648: I tensorflow/compiler/xla/service/service.cc:171] XLA service 0x6da8270 initialized for platform Host (this does not guarantee that XLA will be used). Devices:
[[1;32m172.16.240.7.10000[m::[1;35mstderr[m] 2023-12-04 15:49:34.378678: I tensorflow/compiler/xla/service/service.cc:171] XLA service 0x681b310 initialized for platform Host (this does not guarantee that XLA will be used). Devices:
[[1;34m172.16.240.6.10001[m::[1;35mstderr[m] 2023-12-04 15:49:34.377656: I tensorflow/compiler/xla/service/service.cc:171] XLA service 0x54a60b0 initialized for platform Host (this does not guarantee that XLA will be used). Devices:
[[1;34m172.16.240.16.10001[m::[1;35mstderr[m] 2023-12-04 15:49:34.378795: I tensorflow/compiler/xla/service/service.cc:171] XLA service 0x65521c0 initialized for platform Host (this does not guarantee that XLA will be used). Devices:
[[1;32m172.16.240.10.10000[m::[1;35mstderr[m] 2023-12-04 15:49:34.378884: I tensorflow/compiler/xla/service/service.cc:171] XLA service 0x5bba1b0 initialized for platform Host (this does not guarantee that XLA will be used). Devices:
[[1;32m172.16.240.9.10000[m::[1;35mstderr[m] 2023-12-04 15:49:34.379529: I tensorflow/compiler/xla/service/service.cc:171] XLA service 0x5f6d270 initialized for platform Host (this does not guarantee that XLA will be used). Devices:
[[1;34m172.16.240.18.10001[m::[1;35mstderr[m] 2023-12-04 15:49:34.379545: I tensorflow/compiler/xla/service/service.cc:171] XLA service 0x5cac570 initialized for platform Host (this does not guarantee that XLA will be used). Devices:
[[1;32m172.16.240.11.10000[m::[1;35mstderr[m] 2023-12-04 15:49:34.378680: I tensorflow/compiler/xla/service/service.cc:179]   StreamExecutor device (0): Host, Default Version
[[1;32m172.16.240.15.10000[m::[1;35mstderr[m] 2023-12-04 15:49:34.378625: I tensorflow/compiler/xla/service/service.cc:179]   StreamExecutor device (0): Host, Default Version
[[1;34m172.16.240.6.10001[m::[1;35mstderr[m] 2023-12-04 15:49:34.377697: I tensorflow/compiler/xla/service/service.cc:179]   StreamExecutor device (0): Host, Default Version
[[1;34m172.16.240.5.10001[m::[1;35mstderr[m] 2023-12-04 15:49:34.380325: I tensorflow/compiler/xla/service/service.cc:171] XLA service 0x586e680 initialized for platform Host (this does not guarantee that XLA will be used). Devices:
[[1;32m172.16.240.10.10000[m::[1;35mstderr[m] 2023-12-04 15:49:34.378919: I tensorflow/compiler/xla/service/service.cc:179]   StreamExecutor device (0): Host, Default Version
[[1;32m172.16.240.9.10000[m::[1;35mstderr[m] 2023-12-04 15:49:34.379560: I tensorflow/compiler/xla/service/service.cc:179]   StreamExecutor device (0): Host, Default Version
[[1;34m172.16.240.16.10001[m::[1;35mstderr[m] 2023-12-04 15:49:34.378849: I tensorflow/compiler/xla/service/service.cc:179]   StreamExecutor device (0): Host, Default Version
[[1;34m172.16.240.3.10001[m::[1;35mstderr[m] 2023-12-04 15:49:34.380362: I tensorflow/compiler/xla/service/service.cc:171] XLA service 0x616d3c0 initialized for platform Host (this does not guarantee that XLA will be used). Devices:
[[1;32m172.16.240.7.10000[m::[1;35mstderr[m] 2023-12-04 15:49:34.378732: I tensorflow/compiler/xla/service/service.cc:179]   StreamExecutor device (0): Host, Default Version
[[1;34m172.16.240.7.10001[m::[1;35mstderr[m] 2023-12-04 15:49:34.379152: I tensorflow/compiler/xla/service/service.cc:171] XLA service 0x59293c0 initialized for platform Host (this does not guarantee that XLA will be used). Devices:
[[1;34m172.16.240.4.10001[m::[1;35mstderr[m] 2023-12-04 15:49:34.380822: I tensorflow/compiler/xla/service/service.cc:171] XLA service 0x6a97310 initialized for platform Host (this does not guarantee that XLA will be used). Devices:
[[1;34m172.16.240.8.10001[m::[1;35mstderr[m] 2023-12-04 15:49:34.381419: I tensorflow/compiler/xla/service/service.cc:171] XLA service 0x57d23a0 initialized for platform Host (this does not guarantee that XLA will be used). Devices:
[[1;34m172.16.240.7.10001[m::[1;35mstderr[m] 2023-12-04 15:49:34.379198: I tensorflow/compiler/xla/service/service.cc:179]   StreamExecutor device (0): Host, Default Version
[[1;34m172.16.240.12.10001[m::[1;35mstderr[m] 2023-12-04 15:49:34.381537: I tensorflow/compiler/xla/service/service.cc:171] XLA service 0x5795310 initialized for platform Host (this does not guarantee that XLA will be used). Devices:
[[1;34m172.16.240.5.10001[m::[1;35mstderr[m] 2023-12-04 15:49:34.380361: I tensorflow/compiler/xla/service/service.cc:179]   StreamExecutor device (0): Host, Default Version
[[1;34m172.16.240.3.10001[m::[1;35mstderr[m] 2023-12-04 15:49:34.380428: I tensorflow/compiler/xla/service/service.cc:179]   StreamExecutor device (0): Host, Default Version
[[1;32m172.16.240.3.10000[m::[1;35mstderr[m] 2023-12-04 15:49:34.380548: I tensorflow/compiler/xla/service/service.cc:171] XLA service 0x66c6000 initialized for platform Host (this does not guarantee that XLA will be used). Devices:
[[1;32m172.16.240.5.10000[m::[1;35mstderr[m] 2023-12-04 15:49:34.380864: I tensorflow/compiler/xla/service/service.cc:171] XLA service 0x54063a0 initialized for platform Host (this does not guarantee that XLA will be used). Devices:
[[1;34m172.16.240.4.10001[m::[1;35mstderr[m] 2023-12-04 15:49:34.380877: I tensorflow/compiler/xla/service/service.cc:179]   StreamExecutor device (0): Host, Default Version
[[1;34m172.16.240.18.10001[m::[1;35mstderr[m] 2023-12-04 15:49:34.379584: I tensorflow/compiler/xla/service/service.cc:179]   StreamExecutor device (0): Host, Default Version
[[1;32m172.16.240.4.10000[m::[1;35mstderr[m] 2023-12-04 15:49:34.380957: I tensorflow/compiler/xla/service/service.cc:171] XLA service 0x58db110 initialized for platform Host (this does not guarantee that XLA will be used). Devices:
[[1;32m172.16.240.18.10000[m::[1;35mstderr[m] 2023-12-04 15:49:34.379898: I tensorflow/compiler/xla/service/service.cc:171] XLA service 0x61533c0 initialized for platform Host (this does not guarantee that XLA will be used). Devices:
[[1;34m172.16.240.8.10001[m::[1;35mstderr[m] 2023-12-04 15:49:34.381479: I tensorflow/compiler/xla/service/service.cc:179]   StreamExecutor device (0): Host, Default Version
[[1;32m172.16.240.8.10000[m::[1;35mstderr[m] 2023-12-04 15:49:34.381955: I tensorflow/compiler/xla/service/service.cc:171] XLA service 0x4e753a0 initialized for platform Host (this does not guarantee that XLA will be used). Devices:
[[1;34m172.16.240.12.10001[m::[1;35mstderr[m] 2023-12-04 15:49:34.381588: I tensorflow/compiler/xla/service/service.cc:179]   StreamExecutor device (0): Host, Default Version
[[1;32m172.16.240.3.10000[m::[1;35mstderr[m] 2023-12-04 15:49:34.380590: I tensorflow/compiler/xla/service/service.cc:179]   StreamExecutor device (0): Host, Default Version
[[1;32m172.16.240.5.10000[m::[1;35mstderr[m] 2023-12-04 15:49:34.380906: I tensorflow/compiler/xla/service/service.cc:179]   StreamExecutor device (0): Host, Default Version
[[1;32m172.16.240.12.10000[m::[1;35mstderr[m] 2023-12-04 15:49:34.382608: I tensorflow/compiler/xla/service/service.cc:171] XLA service 0x54fa450 initialized for platform Host (this does not guarantee that XLA will be used). Devices:
[[1;34m172.16.240.14.10001[m::[1;35mstderr[m] 2023-12-04 15:49:34.383114: I tensorflow/compiler/xla/service/service.cc:171] XLA service 0x5271270 initialized for platform Host (this does not guarantee that XLA will be used). Devices:
[[1;32m172.16.240.8.10000[m::[1;35mstderr[m] 2023-12-04 15:49:34.382000: I tensorflow/compiler/xla/service/service.cc:179]   StreamExecutor device (0): Host, Default Version
[[1;32m172.16.240.18.10000[m::[1;35mstderr[m] 2023-12-04 15:49:34.379942: I tensorflow/compiler/xla/service/service.cc:179]   StreamExecutor device (0): Host, Default Version
[[1;32m172.16.240.14.10000[m::[1;35mstderr[m] 2023-12-04 15:49:34.383133: I tensorflow/compiler/xla/service/service.cc:171] XLA service 0x59552f0 initialized for platform Host (this does not guarantee that XLA will be used). Devices:
[[1;32m172.16.240.4.10000[m::[1;35mstderr[m] 2023-12-04 15:49:34.380999: I tensorflow/compiler/xla/service/service.cc:179]   StreamExecutor device (0): Host, Default Version
[[1;34m172.16.240.10.10001[m::[1;35mstderr[m] 2023-12-04 15:49:34.383796: I tensorflow/compiler/xla/service/service.cc:171] XLA service 0x5aaa590 initialized for platform Host (this does not guarantee that XLA will be used). Devices:
[[1;32m172.16.240.12.10000[m::[1;35mstderr[m] 2023-12-04 15:49:34.382653: I tensorflow/compiler/xla/service/service.cc:179]   StreamExecutor device (0): Host, Default Version
[[1;32m172.16.240.16.10000[m::[1;35mstderr[m] 2023-12-04 15:49:34.384379: I tensorflow/compiler/xla/service/service.cc:171] XLA service 0x5ff22f0 initialized for platform Host (this does not guarantee that XLA will be used). Devices:
[[1;34m172.16.240.14.10001[m::[1;35mstderr[m] 2023-12-04 15:49:34.383167: I tensorflow/compiler/xla/service/service.cc:179]   StreamExecutor device (0): Host, Default Version
[[1;34m172.16.240.11.10001[m::[1;35mstderr[m] 2023-12-04 15:49:34.385068: I tensorflow/compiler/xla/service/service.cc:171] XLA service 0x5bd53a0 initialized for platform Host (this does not guarantee that XLA will be used). Devices:
[[1;32m172.16.240.14.10000[m::[1;35mstderr[m] 2023-12-04 15:49:34.383177: I tensorflow/compiler/xla/service/service.cc:179]   StreamExecutor device (0): Host, Default Version
[[1;32m172.16.240.16.10000[m::[1;35mstderr[m] 2023-12-04 15:49:34.384424: I tensorflow/compiler/xla/service/service.cc:179]   StreamExecutor device (0): Host, Default Version
[[1;34m172.16.240.11.10001[m::[1;35mstderr[m] 2023-12-04 15:49:34.385114: I tensorflow/compiler/xla/service/service.cc:179]   StreamExecutor device (0): Host, Default Version
[[1;34m172.16.240.10.10001[m::[1;35mstderr[m] 2023-12-04 15:49:34.383851: I tensorflow/compiler/xla/service/service.cc:179]   StreamExecutor device (0): Host, Default Version
[[1;32m172.16.240.7.10000[m::[1;35mstderr[m] 2023-12-04 15:49:34.535801: I tensorflow/compiler/xla/service/service.cc:171] XLA service 0x6895e10 initialized for platform CUDA (this does not guarantee that XLA will be used). Devices:
[[1;32m172.16.240.7.10000[m::[1;35mstderr[m] 2023-12-04 15:49:34.535849: I tensorflow/compiler/xla/service/service.cc:179]   StreamExecutor device (0): Tesla K40m, Compute Capability 3.5
[[1;34m172.16.240.7.10001[m::[1;35mstderr[m] 2023-12-04 15:49:34.537459: I tensorflow/compiler/xla/service/service.cc:171] XLA service 0x59a3eb0 initialized for platform CUDA (this does not guarantee that XLA will be used). Devices:
[[1;34m172.16.240.7.10001[m::[1;35mstderr[m] 2023-12-04 15:49:34.537502: I tensorflow/compiler/xla/service/service.cc:179]   StreamExecutor device (0): Tesla K40m, Compute Capability 3.5
[[1;34m172.16.240.15.10001[m::[1;35mstderr[m] 2023-12-04 15:49:34.647107: I tensorflow/compiler/xla/service/service.cc:171] XLA service 0x5403ea0 initialized for platform CUDA (this does not guarantee that XLA will be used). Devices:
[[1;34m172.16.240.8.10001[m::[1;35mstderr[m] 2023-12-04 15:49:34.647218: I tensorflow/compiler/xla/service/service.cc:171] XLA service 0x584cea0 initialized for platform CUDA (this does not guarantee that XLA will be used). Devices:
[[1;34m172.16.240.8.10001[m::[1;35mstderr[m] 2023-12-04 15:49:34.647268: I tensorflow/compiler/xla/service/service.cc:179]   StreamExecutor device (0): Tesla K40m, Compute Capability 3.5
[[1;34m172.16.240.15.10001[m::[1;35mstderr[m] 2023-12-04 15:49:34.647152: I tensorflow/compiler/xla/service/service.cc:179]   StreamExecutor device (0): Tesla K40m, Compute Capability 3.5
[[1;34m172.16.240.13.10001[m::[1;35mstderr[m] 2023-12-04 15:49:34.648047: I tensorflow/compiler/xla/service/service.cc:171] XLA service 0x647eea0 initialized for platform CUDA (this does not guarantee that XLA will be used). Devices:
[[1;34m172.16.240.13.10001[m::[1;35mstderr[m] 2023-12-04 15:49:34.648093: I tensorflow/compiler/xla/service/service.cc:179]   StreamExecutor device (0): Tesla K40m, Compute Capability 3.5
[[1;34m172.16.240.6.10001[m::[1;35mstderr[m] 2023-12-04 15:49:34.648289: I tensorflow/compiler/xla/service/service.cc:171] XLA service 0x5520b90 initialized for platform CUDA (this does not guarantee that XLA will be used). Devices:
[[1;34m172.16.240.10.10001[m::[1;35mstderr[m] 2023-12-04 15:49:34.648251: I tensorflow/compiler/xla/service/service.cc:171] XLA service 0x5b250b0 initialized for platform CUDA (this does not guarantee that XLA will be used). Devices:
[[1;34m172.16.240.6.10001[m::[1;35mstderr[m] 2023-12-04 15:49:34.648340: I tensorflow/compiler/xla/service/service.cc:179]   StreamExecutor device (0): Tesla K40m, Compute Capability 3.5
[[1;34m172.16.240.10.10001[m::[1;35mstderr[m] 2023-12-04 15:49:34.648300: I tensorflow/compiler/xla/service/service.cc:179]   StreamExecutor device (0): Tesla K40m, Compute Capability 3.5
[[1;34m172.16.240.11.10001[m::[1;35mstderr[m] 2023-12-04 15:49:34.648657: I tensorflow/compiler/xla/service/service.cc:171] XLA service 0x5c4fea0 initialized for platform CUDA (this does not guarantee that XLA will be used). Devices:
[[1;32m172.16.240.14.10000[m::[1;35mstderr[m] 2023-12-04 15:49:34.648523: I tensorflow/compiler/xla/service/service.cc:171] XLA service 0x59cfde0 initialized for platform CUDA (this does not guarantee that XLA will be used). Devices:
[[1;34m172.16.240.11.10001[m::[1;35mstderr[m] 2023-12-04 15:49:34.648712: I tensorflow/compiler/xla/service/service.cc:179]   StreamExecutor device (0): Tesla K40m, Compute Capability 3.5
[[1;34m172.16.240.16.10001[m::[1;35mstderr[m] 2023-12-04 15:49:34.648571: I tensorflow/compiler/xla/service/service.cc:171] XLA service 0x65cccf0 initialized for platform CUDA (this does not guarantee that XLA will be used). Devices:
[[1;34m172.16.240.16.10001[m::[1;35mstderr[m] 2023-12-04 15:49:34.648616: I tensorflow/compiler/xla/service/service.cc:179]   StreamExecutor device (0): Tesla K40m, Compute Capability 3.5
[[1;32m172.16.240.18.10000[m::[1;35mstderr[m] 2023-12-04 15:49:34.648591: I tensorflow/compiler/xla/service/service.cc:171] XLA service 0x61cdeb0 initialized for platform CUDA (this does not guarantee that XLA will be used). Devices:
[[1;32m172.16.240.14.10000[m::[1;35mstderr[m] 2023-12-04 15:49:34.648572: I tensorflow/compiler/xla/service/service.cc:179]   StreamExecutor device (0): Tesla K40m, Compute Capability 3.5
[[1;32m172.16.240.18.10000[m::[1;35mstderr[m] 2023-12-04 15:49:34.648637: I tensorflow/compiler/xla/service/service.cc:179]   StreamExecutor device (0): Tesla K40m, Compute Capability 3.5
[[1;32m172.16.240.9.10000[m::[1;35mstderr[m] 2023-12-04 15:49:34.648740: I tensorflow/compiler/xla/service/service.cc:171] XLA service 0x5fe7d60 initialized for platform CUDA (this does not guarantee that XLA will be used). Devices:
[[1;32m172.16.240.9.10000[m::[1;35mstderr[m] 2023-12-04 15:49:34.648770: I tensorflow/compiler/xla/service/service.cc:179]   StreamExecutor device (0): Tesla K40m, Compute Capability 3.5
[[1;32m172.16.240.3.10000[m::[1;35mstderr[m] 2023-12-04 15:49:34.649091: I tensorflow/compiler/xla/service/service.cc:171] XLA service 0x6740b00 initialized for platform CUDA (this does not guarantee that XLA will be used). Devices:
[[1;32m172.16.240.3.10000[m::[1;35mstderr[m] 2023-12-04 15:49:34.649135: I tensorflow/compiler/xla/service/service.cc:179]   StreamExecutor device (0): Tesla K40m, Compute Capability 3.5
[[1;34m172.16.240.4.10001[m::[1;35mstderr[m] 2023-12-04 15:49:34.649198: I tensorflow/compiler/xla/service/service.cc:171] XLA service 0x6b11e10 initialized for platform CUDA (this does not guarantee that XLA will be used). Devices:
[[1;34m172.16.240.4.10001[m::[1;35mstderr[m] 2023-12-04 15:49:34.649242: I tensorflow/compiler/xla/service/service.cc:179]   StreamExecutor device (0): Tesla K40m, Compute Capability 3.5
[[1;32m172.16.240.4.10000[m::[1;35mstderr[m] 2023-12-04 15:49:34.649254: I tensorflow/compiler/xla/service/service.cc:171] XLA service 0x5955c00 initialized for platform CUDA (this does not guarantee that XLA will be used). Devices:
[[1;32m172.16.240.4.10000[m::[1;35mstderr[m] 2023-12-04 15:49:34.649275: I tensorflow/compiler/xla/service/service.cc:179]   StreamExecutor device (0): Tesla K40m, Compute Capability 3.5
[[1;32m172.16.240.13.10000[m::[1;35mstderr[m] 2023-12-04 15:49:34.649639: I tensorflow/compiler/xla/service/service.cc:171] XLA service 0x5330d60 initialized for platform CUDA (this does not guarantee that XLA will be used). Devices:
[[1;34m172.16.240.5.10001[m::[1;35mstderr[m] 2023-12-04 15:49:34.649839: I tensorflow/compiler/xla/service/service.cc:171] XLA service 0x58e9190 initialized for platform CUDA (this does not guarantee that XLA will be used). Devices:
[[1;34m172.16.240.5.10001[m::[1;35mstderr[m] 2023-12-04 15:49:34.649883: I tensorflow/compiler/xla/service/service.cc:179]   StreamExecutor device (0): Tesla K40m, Compute Capability 3.5
[[1;32m172.16.240.13.10000[m::[1;35mstderr[m] 2023-12-04 15:49:34.649662: I tensorflow/compiler/xla/service/service.cc:179]   StreamExecutor device (0): Tesla K40m, Compute Capability 3.5
[[1;34m172.16.240.12.10001[m::[1;35mstderr[m] 2023-12-04 15:49:34.650298: I tensorflow/compiler/xla/service/service.cc:171] XLA service 0x580fe10 initialized for platform CUDA (this does not guarantee that XLA will be used). Devices:
[[1;34m172.16.240.12.10001[m::[1;35mstderr[m] 2023-12-04 15:49:34.650346: I tensorflow/compiler/xla/service/service.cc:179]   StreamExecutor device (0): Tesla K40m, Compute Capability 3.5
[[1;34m172.16.240.14.10001[m::[1;35mstderr[m] 2023-12-04 15:49:34.650995: I tensorflow/compiler/xla/service/service.cc:171] XLA service 0x52ebd60 initialized for platform CUDA (this does not guarantee that XLA will be used). Devices:
[[1;34m172.16.240.14.10001[m::[1;35mstderr[m] 2023-12-04 15:49:34.651039: I tensorflow/compiler/xla/service/service.cc:179]   StreamExecutor device (0): Tesla K40m, Compute Capability 3.5
[[1;34m172.16.240.3.10001[m::[1;35mstderr[m] 2023-12-04 15:49:34.651691: I tensorflow/compiler/xla/service/service.cc:171] XLA service 0x61e7eb0 initialized for platform CUDA (this does not guarantee that XLA will be used). Devices:
[[1;34m172.16.240.3.10001[m::[1;35mstderr[m] 2023-12-04 15:49:34.651742: I tensorflow/compiler/xla/service/service.cc:179]   StreamExecutor device (0): Tesla K40m, Compute Capability 3.5
[[1;32m172.16.240.15.10000[m::[1;35mstderr[m] 2023-12-04 15:49:34.651786: I tensorflow/compiler/xla/service/service.cc:171] XLA service 0x567cf20 initialized for platform CUDA (this does not guarantee that XLA will be used). Devices:
[[1;32m172.16.240.15.10000[m::[1;35mstderr[m] 2023-12-04 15:49:34.651810: I tensorflow/compiler/xla/service/service.cc:179]   StreamExecutor device (0): Tesla K40m, Compute Capability 3.5
[[1;32m172.16.240.8.10000[m::[1;35mstderr[m] 2023-12-04 15:49:34.652046: I tensorflow/compiler/xla/service/service.cc:171] XLA service 0x4eefea0 initialized for platform CUDA (this does not guarantee that XLA will be used). Devices:
[[1;32m172.16.240.8.10000[m::[1;35mstderr[m] 2023-12-04 15:49:34.652089: I tensorflow/compiler/xla/service/service.cc:179]   StreamExecutor device (0): Tesla K40m, Compute Capability 3.5
[[1;32m172.16.240.5.10000[m::[1;35mstderr[m] 2023-12-04 15:49:34.652399: I tensorflow/compiler/xla/service/service.cc:171] XLA service 0x5480ea0 initialized for platform CUDA (this does not guarantee that XLA will be used). Devices:
[[1;32m172.16.240.5.10000[m::[1;35mstderr[m] 2023-12-04 15:49:34.652429: I tensorflow/compiler/xla/service/service.cc:179]   StreamExecutor device (0): Tesla K40m, Compute Capability 3.5
[[1;32m172.16.240.6.10000[m::[1;35mstderr[m] 2023-12-04 15:49:34.652637: I tensorflow/compiler/xla/service/service.cc:171] XLA service 0x6605b60 initialized for platform CUDA (this does not guarantee that XLA will be used). Devices:
[[1;32m172.16.240.16.10000[m::[1;35mstderr[m] 2023-12-04 15:49:34.652721: I tensorflow/compiler/xla/service/service.cc:171] XLA service 0x606cde0 initialized for platform CUDA (this does not guarantee that XLA will be used). Devices:
[[1;32m172.16.240.6.10000[m::[1;35mstderr[m] 2023-12-04 15:49:34.652681: I tensorflow/compiler/xla/service/service.cc:179]   StreamExecutor device (0): Tesla K40m, Compute Capability 3.5
[[1;34m172.16.240.18.10001[m::[1;35mstderr[m] 2023-12-04 15:49:34.652720: I tensorflow/compiler/xla/service/service.cc:171] XLA service 0x5d27090 initialized for platform CUDA (this does not guarantee that XLA will be used). Devices:
[[1;32m172.16.240.16.10000[m::[1;35mstderr[m] 2023-12-04 15:49:34.652760: I tensorflow/compiler/xla/service/service.cc:179]   StreamExecutor device (0): Tesla K40m, Compute Capability 3.5
[[1;32m172.16.240.12.10000[m::[1;35mstderr[m] 2023-12-04 15:49:34.652744: I tensorflow/compiler/xla/service/service.cc:171] XLA service 0x5574f40 initialized for platform CUDA (this does not guarantee that XLA will be used). Devices:
[[1;34m172.16.240.18.10001[m::[1;35mstderr[m] 2023-12-04 15:49:34.652744: I tensorflow/compiler/xla/service/service.cc:179]   StreamExecutor device (0): Tesla K40m, Compute Capability 3.5
[[1;32m172.16.240.10.10000[m::[1;35mstderr[m] 2023-12-04 15:49:34.652789: I tensorflow/compiler/xla/service/service.cc:171] XLA service 0x5c34ce0 initialized for platform CUDA (this does not guarantee that XLA will be used). Devices:
[[1;32m172.16.240.12.10000[m::[1;35mstderr[m] 2023-12-04 15:49:34.652788: I tensorflow/compiler/xla/service/service.cc:179]   StreamExecutor device (0): Tesla K40m, Compute Capability 3.5
[[1;32m172.16.240.10.10000[m::[1;35mstderr[m] 2023-12-04 15:49:34.652829: I tensorflow/compiler/xla/service/service.cc:179]   StreamExecutor device (0): Tesla K40m, Compute Capability 3.5
[[1;32m172.16.240.11.10000[m::[1;35mstderr[m] 2023-12-04 15:49:34.653287: I tensorflow/compiler/xla/service/service.cc:171] XLA service 0x6e22d60 initialized for platform CUDA (this does not guarantee that XLA will be used). Devices:
[[1;32m172.16.240.11.10000[m::[1;35mstderr[m] 2023-12-04 15:49:34.653319: I tensorflow/compiler/xla/service/service.cc:179]   StreamExecutor device (0): Tesla K40m, Compute Capability 3.5
[[1;34m172.16.240.9.10001[m::[1;35mstderr[m] 2023-12-04 15:49:34.653566: I tensorflow/compiler/xla/service/service.cc:171] XLA service 0x58010f0 initialized for platform CUDA (this does not guarantee that XLA will be used). Devices:
[[1;34m172.16.240.9.10001[m::[1;35mstderr[m] 2023-12-04 15:49:34.653610: I tensorflow/compiler/xla/service/service.cc:179]   StreamExecutor device (0): Tesla K40m, Compute Capability 3.5
[[1;34m172.16.240.17.10001[m::[1;35mstderr[m] 2023-12-04 15:49:34.654831: I tensorflow/compiler/xla/service/service.cc:171] XLA service 0x6811ce0 initialized for platform CUDA (this does not guarantee that XLA will be used). Devices:
[[1;34m172.16.240.17.10001[m::[1;35mstderr[m] 2023-12-04 15:49:34.654880: I tensorflow/compiler/xla/service/service.cc:179]   StreamExecutor device (0): Tesla K40m, Compute Capability 3.5
[[1;32m172.16.240.17.10000[m::[1;35mstderr[m] 2023-12-04 15:49:34.654991: I tensorflow/compiler/xla/service/service.cc:171] XLA service 0x5ac1e10 initialized for platform CUDA (this does not guarantee that XLA will be used). Devices:
[[1;32m172.16.240.17.10000[m::[1;35mstderr[m] 2023-12-04 15:49:34.655033: I tensorflow/compiler/xla/service/service.cc:179]   StreamExecutor device (0): Tesla K40m, Compute Capability 3.5
[[1;34m172.16.240.7.10001[m::[1;35mstderr[m] 2023-12-04 15:49:35.130562: I tensorflow/core/common_runtime/gpu/gpu_device.cc:1525] Created device /job:localhost/replica:0/task:0/device:GPU:0 with 10780 MB memory:  -> device: 0, name: Tesla K40m, pci bus id: 0000:82:00.0, compute capability: 3.5
[[1;32m172.16.240.7.10000[m::[1;35mstderr[m] 2023-12-04 15:49:35.134236: I tensorflow/core/common_runtime/gpu/gpu_device.cc:1525] Created device /job:localhost/replica:0/task:0/device:GPU:0 with 10780 MB memory:  -> device: 0, name: Tesla K40m, pci bus id: 0000:04:00.0, compute capability: 3.5
[[1;32m172.16.240.4.10000[m::[1;35mstderr[m] 2023-12-04 15:49:35.233160: I tensorflow/core/common_runtime/gpu/gpu_device.cc:1525] Created device /job:localhost/replica:0/task:0/device:GPU:0 with 10780 MB memory:  -> device: 0, name: Tesla K40m, pci bus id: 0000:04:00.0, compute capability: 3.5
[[1;32m172.16.240.9.10000[m::[1;35mstderr[m] 2023-12-04 15:49:35.234665: I tensorflow/core/common_runtime/gpu/gpu_device.cc:1525] Created device /job:localhost/replica:0/task:0/device:GPU:0 with 10780 MB memory:  -> device: 0, name: Tesla K40m, pci bus id: 0000:04:00.0, compute capability: 3.5
[[1;34m172.16.240.9.10001[m::[1;35mstderr[m] 2023-12-04 15:49:35.237737: I tensorflow/core/common_runtime/gpu/gpu_device.cc:1525] Created device /job:localhost/replica:0/task:0/device:GPU:0 with 10780 MB memory:  -> device: 0, name: Tesla K40m, pci bus id: 0000:82:00.0, compute capability: 3.5
[[1;32m172.16.240.11.10000[m::[1;35mstderr[m] 2023-12-04 15:49:35.241115: I tensorflow/core/common_runtime/gpu/gpu_device.cc:1525] Created device /job:localhost/replica:0/task:0/device:GPU:0 with 10780 MB memory:  -> device: 0, name: Tesla K40m, pci bus id: 0000:04:00.0, compute capability: 3.5
[[1;32m172.16.240.5.10000[m::[1;35mstderr[m] 2023-12-04 15:49:35.244257: I tensorflow/core/common_runtime/gpu/gpu_device.cc:1525] Created device /job:localhost/replica:0/task:0/device:GPU:0 with 10780 MB memory:  -> device: 0, name: Tesla K40m, pci bus id: 0000:04:00.0, compute capability: 3.5
[[1;34m172.16.240.10.10001[m::[1;35mstderr[m] 2023-12-04 15:49:35.244524: I tensorflow/core/common_runtime/gpu/gpu_device.cc:1525] Created device /job:localhost/replica:0/task:0/device:GPU:0 with 10780 MB memory:  -> device: 0, name: Tesla K40m, pci bus id: 0000:82:00.0, compute capability: 3.5
[[1;34m172.16.240.8.10001[m::[1;35mstderr[m] 2023-12-04 15:49:35.246332: I tensorflow/core/common_runtime/gpu/gpu_device.cc:1525] Created device /job:localhost/replica:0/task:0/device:GPU:0 with 10780 MB memory:  -> device: 0, name: Tesla K40m, pci bus id: 0000:82:00.0, compute capability: 3.5
[[1;32m172.16.240.13.10000[m::[1;35mstderr[m] 2023-12-04 15:49:35.246328: I tensorflow/core/common_runtime/gpu/gpu_device.cc:1525] Created device /job:localhost/replica:0/task:0/device:GPU:0 with 10780 MB memory:  -> device: 0, name: Tesla K40m, pci bus id: 0000:04:00.0, compute capability: 3.5
[[1;32m172.16.240.12.10000[m::[1;35mstderr[m] 2023-12-04 15:49:35.246616: I tensorflow/core/common_runtime/gpu/gpu_device.cc:1525] Created device /job:localhost/replica:0/task:0/device:GPU:0 with 10780 MB memory:  -> device: 0, name: Tesla K40m, pci bus id: 0000:04:00.0, compute capability: 3.5
[[1;32m172.16.240.16.10000[m::[1;35mstderr[m] 2023-12-04 15:49:35.246832: I tensorflow/core/common_runtime/gpu/gpu_device.cc:1525] Created device /job:localhost/replica:0/task:0/device:GPU:0 with 11545 MB memory:  -> device: 0, name: Tesla K40m, pci bus id: 0000:04:00.0, compute capability: 3.5
[[1;34m172.16.240.13.10001[m::[1;35mstderr[m] 2023-12-04 15:49:35.247603: I tensorflow/core/common_runtime/gpu/gpu_device.cc:1525] Created device /job:localhost/replica:0/task:0/device:GPU:0 with 10780 MB memory:  -> device: 0, name: Tesla K40m, pci bus id: 0000:82:00.0, compute capability: 3.5
[[1;32m172.16.240.3.10000[m::[1;35mstderr[m] 2023-12-04 15:49:35.248196: I tensorflow/core/common_runtime/gpu/gpu_device.cc:1525] Created device /job:localhost/replica:0/task:0/device:GPU:0 with 10780 MB memory:  -> device: 0, name: Tesla K40m, pci bus id: 0000:04:00.0, compute capability: 3.5
[[1;34m172.16.240.18.10001[m::[1;35mstderr[m] 2023-12-04 15:49:35.251299: I tensorflow/core/common_runtime/gpu/gpu_device.cc:1525] Created device /job:localhost/replica:0/task:0/device:GPU:0 with 10780 MB memory:  -> device: 0, name: Tesla K40m, pci bus id: 0000:82:00.0, compute capability: 3.5
[[1;34m172.16.240.3.10001[m::[1;35mstderr[m] 2023-12-04 15:49:35.251454: I tensorflow/core/common_runtime/gpu/gpu_device.cc:1525] Created device /job:localhost/replica:0/task:0/device:GPU:0 with 10780 MB memory:  -> device: 0, name: Tesla K40m, pci bus id: 0000:82:00.0, compute capability: 3.5
[[1;32m172.16.240.18.10000[m::[1;35mstderr[m] 2023-12-04 15:49:35.252471: I tensorflow/core/common_runtime/gpu/gpu_device.cc:1525] Created device /job:localhost/replica:0/task:0/device:GPU:0 with 10780 MB memory:  -> device: 0, name: Tesla K40m, pci bus id: 0000:04:00.0, compute capability: 3.5
[[1;34m172.16.240.14.10001[m::[1;35mstderr[m] 2023-12-04 15:49:35.252506: I tensorflow/core/common_runtime/gpu/gpu_device.cc:1525] Created device /job:localhost/replica:0/task:0/device:GPU:0 with 10780 MB memory:  -> device: 0, name: Tesla K40m, pci bus id: 0000:82:00.0, compute capability: 3.5
[[1;32m172.16.240.15.10000[m::[1;35mstderr[m] 2023-12-04 15:49:35.252686: I tensorflow/core/common_runtime/gpu/gpu_device.cc:1525] Created device /job:localhost/replica:0/task:0/device:GPU:0 with 10780 MB memory:  -> device: 0, name: Tesla K40m, pci bus id: 0000:04:00.0, compute capability: 3.5
[[1;34m172.16.240.12.10001[m::[1;35mstderr[m] 2023-12-04 15:49:35.253428: I tensorflow/core/common_runtime/gpu/gpu_device.cc:1525] Created device /job:localhost/replica:0/task:0/device:GPU:0 with 10780 MB memory:  -> device: 0, name: Tesla K40m, pci bus id: 0000:82:00.0, compute capability: 3.5
[[1;34m172.16.240.15.10001[m::[1;35mstderr[m] 2023-12-04 15:49:35.254073: I tensorflow/core/common_runtime/gpu/gpu_device.cc:1525] Created device /job:localhost/replica:0/task:0/device:GPU:0 with 10780 MB memory:  -> device: 0, name: Tesla K40m, pci bus id: 0000:82:00.0, compute capability: 3.5
[[1;34m172.16.240.6.10001[m::[1;35mstderr[m] 2023-12-04 15:49:35.256775: I tensorflow/core/common_runtime/gpu/gpu_device.cc:1525] Created device /job:localhost/replica:0/task:0/device:GPU:0 with 10780 MB memory:  -> device: 0, name: Tesla K40m, pci bus id: 0000:82:00.0, compute capability: 3.5
[[1;32m172.16.240.6.10000[m::[1;35mstderr[m] 2023-12-04 15:49:35.258260: I tensorflow/core/common_runtime/gpu/gpu_device.cc:1525] Created device /job:localhost/replica:0/task:0/device:GPU:0 with 10780 MB memory:  -> device: 0, name: Tesla K40m, pci bus id: 0000:04:00.0, compute capability: 3.5
[[1;32m172.16.240.17.10000[m::[1;35mstderr[m] 2023-12-04 15:49:35.258818: I tensorflow/core/common_runtime/gpu/gpu_device.cc:1525] Created device /job:localhost/replica:0/task:0/device:GPU:0 with 10780 MB memory:  -> device: 0, name: Tesla K40m, pci bus id: 0000:04:00.0, compute capability: 3.5
[[1;34m172.16.240.4.10001[m::[1;35mstderr[m] 2023-12-04 15:49:35.262929: I tensorflow/core/common_runtime/gpu/gpu_device.cc:1525] Created device /job:localhost/replica:0/task:0/device:GPU:0 with 10780 MB memory:  -> device: 0, name: Tesla K40m, pci bus id: 0000:82:00.0, compute capability: 3.5
[[1;34m172.16.240.17.10001[m::[1;35mstderr[m] 2023-12-04 15:49:35.263024: I tensorflow/core/common_runtime/gpu/gpu_device.cc:1525] Created device /job:localhost/replica:0/task:0/device:GPU:0 with 10780 MB memory:  -> device: 0, name: Tesla K40m, pci bus id: 0000:82:00.0, compute capability: 3.5
[[1;34m172.16.240.11.10001[m::[1;35mstderr[m] 2023-12-04 15:49:35.266780: I tensorflow/core/common_runtime/gpu/gpu_device.cc:1525] Created device /job:localhost/replica:0/task:0/device:GPU:0 with 10780 MB memory:  -> device: 0, name: Tesla K40m, pci bus id: 0000:82:00.0, compute capability: 3.5
[[1;34m172.16.240.16.10001[m::[1;35mstderr[m] 2023-12-04 15:49:35.267207: I tensorflow/core/common_runtime/gpu/gpu_device.cc:1525] Created device /job:localhost/replica:0/task:0/device:GPU:0 with 11545 MB memory:  -> device: 0, name: Tesla K40m, pci bus id: 0000:82:00.0, compute capability: 3.5
[[1;34m172.16.240.5.10001[m::[1;35mstderr[m] 2023-12-04 15:49:35.270023: I tensorflow/core/common_runtime/gpu/gpu_device.cc:1525] Created device /job:localhost/replica:0/task:0/device:GPU:0 with 10780 MB memory:  -> device: 0, name: Tesla K40m, pci bus id: 0000:82:00.0, compute capability: 3.5
[[1;32m172.16.240.14.10000[m::[1;35mstderr[m] 2023-12-04 15:49:35.271563: I tensorflow/core/common_runtime/gpu/gpu_device.cc:1525] Created device /job:localhost/replica:0/task:0/device:GPU:0 with 10780 MB memory:  -> device: 0, name: Tesla K40m, pci bus id: 0000:04:00.0, compute capability: 3.5
[[1;32m172.16.240.8.10000[m::[1;35mstderr[m] 2023-12-04 15:49:35.272285: I tensorflow/core/common_runtime/gpu/gpu_device.cc:1525] Created device /job:localhost/replica:0/task:0/device:GPU:0 with 10780 MB memory:  -> device: 0, name: Tesla K40m, pci bus id: 0000:04:00.0, compute capability: 3.5
[[1;32m172.16.240.10.10000[m::[1;35mstderr[m] 2023-12-04 15:49:35.293403: I tensorflow/core/common_runtime/gpu/gpu_device.cc:1525] Created device /job:localhost/replica:0/task:0/device:GPU:0 with 10780 MB memory:  -> device: 0, name: Tesla K40m, pci bus id: 0000:04:00.0, compute capability: 3.5
[[1;34m172.16.240.13.10001[m::[1;35mstderr[m] 2023-12-04 15:49:38.293709: I tensorflow/stream_executor/cuda/cuda_dnn.cc:366] Loaded cuDNN version 7601
[[1;34m172.16.240.6.10001[m::[1;35mstderr[m] 2023-12-04 15:49:38.328301: I tensorflow/stream_executor/cuda/cuda_dnn.cc:366] Loaded cuDNN version 7601
[[1;32m172.16.240.6.10000[m::[1;35mstderr[m] 2023-12-04 15:49:38.329490: I tensorflow/stream_executor/cuda/cuda_dnn.cc:366] Loaded cuDNN version 7601
[[1;32m172.16.240.4.10000[m::[1;35mstderr[m] 2023-12-04 15:49:38.334504: I tensorflow/stream_executor/cuda/cuda_dnn.cc:366] Loaded cuDNN version 7601
[[1;34m172.16.240.18.10001[m::[1;35mstderr[m] 2023-12-04 15:49:38.336052: I tensorflow/stream_executor/cuda/cuda_dnn.cc:366] Loaded cuDNN version 7601
[[1;32m172.16.240.5.10000[m::[1;35mstderr[m] 2023-12-04 15:49:38.341641: I tensorflow/stream_executor/cuda/cuda_dnn.cc:366] Loaded cuDNN version 7601
[[1;32m172.16.240.11.10000[m::[1;35mstderr[m] 2023-12-04 15:49:38.352644: I tensorflow/stream_executor/cuda/cuda_dnn.cc:366] Loaded cuDNN version 7601
[[1;32m172.16.240.18.10000[m::[1;35mstderr[m] 2023-12-04 15:49:38.358311: I tensorflow/stream_executor/cuda/cuda_dnn.cc:366] Loaded cuDNN version 7601
[[1;34m172.16.240.4.10001[m::[1;35mstderr[m] 2023-12-04 15:49:38.365297: I tensorflow/stream_executor/cuda/cuda_dnn.cc:366] Loaded cuDNN version 7601
[[1;32m172.16.240.17.10000[m::[1;35mstderr[m] 2023-12-04 15:49:38.366462: I tensorflow/stream_executor/cuda/cuda_dnn.cc:366] Loaded cuDNN version 7601
[[1;34m172.16.240.11.10001[m::[1;35mstderr[m] 2023-12-04 15:49:38.370354: I tensorflow/stream_executor/cuda/cuda_dnn.cc:366] Loaded cuDNN version 7601
[[1;32m172.16.240.14.10000[m::[1;35mstderr[m] 2023-12-04 15:49:38.376194: I tensorflow/stream_executor/cuda/cuda_dnn.cc:366] Loaded cuDNN version 7601
[[1;32m172.16.240.8.10000[m::[1;35mstderr[m] 2023-12-04 15:49:38.378595: I tensorflow/stream_executor/cuda/cuda_dnn.cc:366] Loaded cuDNN version 7601
[[1;32m172.16.240.12.10000[m::[1;35mstderr[m] 2023-12-04 15:49:38.379344: I tensorflow/stream_executor/cuda/cuda_dnn.cc:366] Loaded cuDNN version 7601
[[1;34m172.16.240.15.10001[m::[1;35mstderr[m] 2023-12-04 15:49:38.382305: I tensorflow/stream_executor/cuda/cuda_dnn.cc:366] Loaded cuDNN version 7601
[[1;32m172.16.240.13.10000[m::[1;35mstderr[m] 2023-12-04 15:49:38.383449: I tensorflow/stream_executor/cuda/cuda_dnn.cc:366] Loaded cuDNN version 7601
[[1;34m172.16.240.12.10001[m::[1;35mstderr[m] 2023-12-04 15:49:38.383783: I tensorflow/stream_executor/cuda/cuda_dnn.cc:366] Loaded cuDNN version 7601
[[1;34m172.16.240.16.10001[m::[1;35mstderr[m] 2023-12-04 15:49:38.385793: I tensorflow/stream_executor/cuda/cuda_dnn.cc:366] Loaded cuDNN version 7601
[[1;34m172.16.240.17.10001[m::[1;35mstderr[m] 2023-12-04 15:49:38.386245: I tensorflow/stream_executor/cuda/cuda_dnn.cc:366] Loaded cuDNN version 7601
[[1;34m172.16.240.5.10001[m::[1;35mstderr[m] 2023-12-04 15:49:38.395190: I tensorflow/stream_executor/cuda/cuda_dnn.cc:366] Loaded cuDNN version 7601
[[1;34m172.16.240.3.10001[m::[1;35mstderr[m] 2023-12-04 15:49:38.395177: I tensorflow/stream_executor/cuda/cuda_dnn.cc:366] Loaded cuDNN version 7601
[[1;32m172.16.240.9.10000[m::[1;35mstderr[m] 2023-12-04 15:49:38.395913: I tensorflow/stream_executor/cuda/cuda_dnn.cc:366] Loaded cuDNN version 7601
[[1;34m172.16.240.9.10001[m::[1;35mstderr[m] 2023-12-04 15:49:38.395914: I tensorflow/stream_executor/cuda/cuda_dnn.cc:366] Loaded cuDNN version 7601
[[1;34m172.16.240.8.10001[m::[1;35mstderr[m] 2023-12-04 15:49:38.396537: I tensorflow/stream_executor/cuda/cuda_dnn.cc:366] Loaded cuDNN version 7601
[[1;32m172.16.240.3.10000[m::[1;35mstderr[m] 2023-12-04 15:49:38.396686: I tensorflow/stream_executor/cuda/cuda_dnn.cc:366] Loaded cuDNN version 7601
[[1;32m172.16.240.16.10000[m::[1;35mstderr[m] 2023-12-04 15:49:38.397191: I tensorflow/stream_executor/cuda/cuda_dnn.cc:366] Loaded cuDNN version 7601
[[1;32m172.16.240.15.10000[m::[1;35mstderr[m] 2023-12-04 15:49:38.399717: I tensorflow/stream_executor/cuda/cuda_dnn.cc:366] Loaded cuDNN version 7601
[[1;32m172.16.240.10.10000[m::[1;35mstderr[m] 2023-12-04 15:49:38.404712: I tensorflow/stream_executor/cuda/cuda_dnn.cc:366] Loaded cuDNN version 7601
[[1;34m172.16.240.14.10001[m::[1;35mstderr[m] 2023-12-04 15:49:38.407298: I tensorflow/stream_executor/cuda/cuda_dnn.cc:366] Loaded cuDNN version 7601
[[1;32m172.16.240.4.10000[m::[1;35mstderr[m] 2023-12-04 15:49:38.420380: W tensorflow/stream_executor/gpu/asm_compiler.cc:111] *** WARNING *** You are using ptxas 10.1.168, which is older than 11.1. ptxas before 11.1 is known to miscompile XLA code, leading to incorrect results or invalid-address errors.
[[1;32m172.16.240.4.10000[m::[1;35mstderr[m] 
[[1;32m172.16.240.4.10000[m::[1;35mstderr[m] You may not need to update to CUDA 11.1; cherry-picking the ptxas binary is often sufficient.
[[1;32m172.16.240.6.10000[m::[1;35mstderr[m] 2023-12-04 15:49:38.420570: W tensorflow/stream_executor/gpu/asm_compiler.cc:111] *** WARNING *** You are using ptxas 10.1.168, which is older than 11.1. ptxas before 11.1 is known to miscompile XLA code, leading to incorrect results or invalid-address errors.
[[1;32m172.16.240.6.10000[m::[1;35mstderr[m] 
[[1;32m172.16.240.6.10000[m::[1;35mstderr[m] You may not need to update to CUDA 11.1; cherry-picking the ptxas binary is often sufficient.
[[1;34m172.16.240.6.10001[m::[1;35mstderr[m] 2023-12-04 15:49:38.421675: W tensorflow/stream_executor/gpu/asm_compiler.cc:111] *** WARNING *** You are using ptxas 10.1.168, which is older than 11.1. ptxas before 11.1 is known to miscompile XLA code, leading to incorrect results or invalid-address errors.
[[1;34m172.16.240.6.10001[m::[1;35mstderr[m] 
[[1;34m172.16.240.6.10001[m::[1;35mstderr[m] You may not need to update to CUDA 11.1; cherry-picking the ptxas binary is often sufficient.
[[1;32m172.16.240.5.10000[m::[1;35mstderr[m] 2023-12-04 15:49:38.423173: W tensorflow/stream_executor/gpu/asm_compiler.cc:111] *** WARNING *** You are using ptxas 10.1.168, which is older than 11.1. ptxas before 11.1 is known to miscompile XLA code, leading to incorrect results or invalid-address errors.
[[1;32m172.16.240.5.10000[m::[1;35mstderr[m] 
[[1;32m172.16.240.5.10000[m::[1;35mstderr[m] You may not need to update to CUDA 11.1; cherry-picking the ptxas binary is often sufficient.
[[1;32m172.16.240.18.10000[m::[1;35mstderr[m] 2023-12-04 15:49:38.423370: W tensorflow/stream_executor/gpu/asm_compiler.cc:111] *** WARNING *** You are using ptxas 10.1.168, which is older than 11.1. ptxas before 11.1 is known to miscompile XLA code, leading to incorrect results or invalid-address errors.
[[1;34m172.16.240.18.10001[m::[1;35mstderr[m] 2023-12-04 15:49:38.423345: W tensorflow/stream_executor/gpu/asm_compiler.cc:111] *** WARNING *** You are using ptxas 10.1.168, which is older than 11.1. ptxas before 11.1 is known to miscompile XLA code, leading to incorrect results or invalid-address errors.
[[1;32m172.16.240.18.10000[m::[1;35mstderr[m] 
[[1;34m172.16.240.18.10001[m::[1;35mstderr[m] 
[[1;32m172.16.240.18.10000[m::[1;35mstderr[m] You may not need to update to CUDA 11.1; cherry-picking the ptxas binary is often sufficient.
[[1;34m172.16.240.18.10001[m::[1;35mstderr[m] You may not need to update to CUDA 11.1; cherry-picking the ptxas binary is often sufficient.
[[1;34m172.16.240.4.10001[m::[1;35mstderr[m] 2023-12-04 15:49:38.425978: W tensorflow/stream_executor/gpu/asm_compiler.cc:111] *** WARNING *** You are using ptxas 10.1.168, which is older than 11.1. ptxas before 11.1 is known to miscompile XLA code, leading to incorrect results or invalid-address errors.
[[1;34m172.16.240.4.10001[m::[1;35mstderr[m] 
[[1;34m172.16.240.4.10001[m::[1;35mstderr[m] You may not need to update to CUDA 11.1; cherry-picking the ptxas binary is often sufficient.
[[1;34m172.16.240.13.10001[m::[1;35mstderr[m] 2023-12-04 15:49:38.427221: W tensorflow/stream_executor/gpu/asm_compiler.cc:111] *** WARNING *** You are using ptxas 10.1.168, which is older than 11.1. ptxas before 11.1 is known to miscompile XLA code, leading to incorrect results or invalid-address errors.
[[1;34m172.16.240.13.10001[m::[1;35mstderr[m] 
[[1;34m172.16.240.13.10001[m::[1;35mstderr[m] You may not need to update to CUDA 11.1; cherry-picking the ptxas binary is often sufficient.
[[1;34m172.16.240.7.10001[m::[1;35mstderr[m] 2023-12-04 15:49:38.433269: I tensorflow/stream_executor/cuda/cuda_dnn.cc:366] Loaded cuDNN version 7601
[[1;34m172.16.240.11.10001[m::[1;35mstderr[m] 2023-12-04 15:49:38.443884: W tensorflow/stream_executor/gpu/asm_compiler.cc:111] *** WARNING *** You are using ptxas 10.1.168, which is older than 11.1. ptxas before 11.1 is known to miscompile XLA code, leading to incorrect results or invalid-address errors.
[[1;34m172.16.240.11.10001[m::[1;35mstderr[m] 
[[1;34m172.16.240.11.10001[m::[1;35mstderr[m] You may not need to update to CUDA 11.1; cherry-picking the ptxas binary is often sufficient.
[[1;32m172.16.240.11.10000[m::[1;35mstderr[m] 2023-12-04 15:49:38.444214: W tensorflow/stream_executor/gpu/asm_compiler.cc:111] *** WARNING *** You are using ptxas 10.1.168, which is older than 11.1. ptxas before 11.1 is known to miscompile XLA code, leading to incorrect results or invalid-address errors.
[[1;32m172.16.240.11.10000[m::[1;35mstderr[m] 
[[1;32m172.16.240.11.10000[m::[1;35mstderr[m] You may not need to update to CUDA 11.1; cherry-picking the ptxas binary is often sufficient.
[[1;34m172.16.240.17.10001[m::[1;35mstderr[m] 2023-12-04 15:49:38.445544: W tensorflow/stream_executor/gpu/asm_compiler.cc:111] *** WARNING *** You are using ptxas 10.1.168, which is older than 11.1. ptxas before 11.1 is known to miscompile XLA code, leading to incorrect results or invalid-address errors.
[[1;32m172.16.240.17.10000[m::[1;35mstderr[m] 2023-12-04 15:49:38.445564: W tensorflow/stream_executor/gpu/asm_compiler.cc:111] *** WARNING *** You are using ptxas 10.1.168, which is older than 11.1. ptxas before 11.1 is known to miscompile XLA code, leading to incorrect results or invalid-address errors.
[[1;34m172.16.240.17.10001[m::[1;35mstderr[m] 
[[1;34m172.16.240.17.10001[m::[1;35mstderr[m] You may not need to update to CUDA 11.1; cherry-picking the ptxas binary is often sufficient.
[[1;32m172.16.240.17.10000[m::[1;35mstderr[m] 
[[1;32m172.16.240.17.10000[m::[1;35mstderr[m] You may not need to update to CUDA 11.1; cherry-picking the ptxas binary is often sufficient.
[[1;32m172.16.240.13.10000[m::[1;35mstderr[m] 2023-12-04 15:49:38.446719: W tensorflow/stream_executor/gpu/asm_compiler.cc:111] *** WARNING *** You are using ptxas 10.1.168, which is older than 11.1. ptxas before 11.1 is known to miscompile XLA code, leading to incorrect results or invalid-address errors.
[[1;32m172.16.240.13.10000[m::[1;35mstderr[m] 
[[1;32m172.16.240.13.10000[m::[1;35mstderr[m] You may not need to update to CUDA 11.1; cherry-picking the ptxas binary is often sufficient.
[[1;34m172.16.240.10.10001[m::[1;35mstderr[m] 2023-12-04 15:49:38.447607: I tensorflow/stream_executor/cuda/cuda_dnn.cc:366] Loaded cuDNN version 7601
[[1;32m172.16.240.7.10000[m::[1;35mstderr[m] 2023-12-04 15:49:38.450571: I tensorflow/stream_executor/cuda/cuda_dnn.cc:366] Loaded cuDNN version 7601
[[1;34m172.16.240.5.10001[m::[1;35mstderr[m] 2023-12-04 15:49:38.457065: W tensorflow/stream_executor/gpu/asm_compiler.cc:111] *** WARNING *** You are using ptxas 10.1.168, which is older than 11.1. ptxas before 11.1 is known to miscompile XLA code, leading to incorrect results or invalid-address errors.
[[1;34m172.16.240.5.10001[m::[1;35mstderr[m] 
[[1;34m172.16.240.5.10001[m::[1;35mstderr[m] You may not need to update to CUDA 11.1; cherry-picking the ptxas binary is often sufficient.
[[1;32m172.16.240.8.10000[m::[1;35mstderr[m] 2023-12-04 15:49:38.460959: W tensorflow/stream_executor/gpu/asm_compiler.cc:111] *** WARNING *** You are using ptxas 10.1.168, which is older than 11.1. ptxas before 11.1 is known to miscompile XLA code, leading to incorrect results or invalid-address errors.
[[1;34m172.16.240.8.10001[m::[1;35mstderr[m] 2023-12-04 15:49:38.460937: W tensorflow/stream_executor/gpu/asm_compiler.cc:111] *** WARNING *** You are using ptxas 10.1.168, which is older than 11.1. ptxas before 11.1 is known to miscompile XLA code, leading to incorrect results or invalid-address errors.
[[1;34m172.16.240.8.10001[m::[1;35mstderr[m] 
[[1;32m172.16.240.8.10000[m::[1;35mstderr[m] 
[[1;34m172.16.240.8.10001[m::[1;35mstderr[m] You may not need to update to CUDA 11.1; cherry-picking the ptxas binary is often sufficient.
[[1;32m172.16.240.8.10000[m::[1;35mstderr[m] You may not need to update to CUDA 11.1; cherry-picking the ptxas binary is often sufficient.
[[1;32m172.16.240.12.10000[m::[1;35mstderr[m] 2023-12-04 15:49:38.462304: W tensorflow/stream_executor/gpu/asm_compiler.cc:111] *** WARNING *** You are using ptxas 10.1.168, which is older than 11.1. ptxas before 11.1 is known to miscompile XLA code, leading to incorrect results or invalid-address errors.
[[1;32m172.16.240.12.10000[m::[1;35mstderr[m] 
[[1;32m172.16.240.12.10000[m::[1;35mstderr[m] You may not need to update to CUDA 11.1; cherry-picking the ptxas binary is often sufficient.
[[1;34m172.16.240.12.10001[m::[1;35mstderr[m] 2023-12-04 15:49:38.462918: W tensorflow/stream_executor/gpu/asm_compiler.cc:111] *** WARNING *** You are using ptxas 10.1.168, which is older than 11.1. ptxas before 11.1 is known to miscompile XLA code, leading to incorrect results or invalid-address errors.
[[1;34m172.16.240.12.10001[m::[1;35mstderr[m] 
[[1;34m172.16.240.12.10001[m::[1;35mstderr[m] You may not need to update to CUDA 11.1; cherry-picking the ptxas binary is often sufficient.
[[1;34m172.16.240.14.10001[m::[1;35mstderr[m] 2023-12-04 15:49:38.463141: W tensorflow/stream_executor/gpu/asm_compiler.cc:111] *** WARNING *** You are using ptxas 10.1.168, which is older than 11.1. ptxas before 11.1 is known to miscompile XLA code, leading to incorrect results or invalid-address errors.
[[1;34m172.16.240.14.10001[m::[1;35mstderr[m] 
[[1;34m172.16.240.14.10001[m::[1;35mstderr[m] You may not need to update to CUDA 11.1; cherry-picking the ptxas binary is often sufficient.
[[1;32m172.16.240.14.10000[m::[1;35mstderr[m] 2023-12-04 15:49:38.463914: W tensorflow/stream_executor/gpu/asm_compiler.cc:111] *** WARNING *** You are using ptxas 10.1.168, which is older than 11.1. ptxas before 11.1 is known to miscompile XLA code, leading to incorrect results or invalid-address errors.
[[1;32m172.16.240.14.10000[m::[1;35mstderr[m] 
[[1;32m172.16.240.14.10000[m::[1;35mstderr[m] You may not need to update to CUDA 11.1; cherry-picking the ptxas binary is often sufficient.
[[1;32m172.16.240.15.10000[m::[1;35mstderr[m] 2023-12-04 15:49:38.467688: W tensorflow/stream_executor/gpu/asm_compiler.cc:111] *** WARNING *** You are using ptxas 10.1.168, which is older than 11.1. ptxas before 11.1 is known to miscompile XLA code, leading to incorrect results or invalid-address errors.
[[1;32m172.16.240.15.10000[m::[1;35mstderr[m] 
[[1;32m172.16.240.15.10000[m::[1;35mstderr[m] You may not need to update to CUDA 11.1; cherry-picking the ptxas binary is often sufficient.
[[1;34m172.16.240.15.10001[m::[1;35mstderr[m] 2023-12-04 15:49:38.468053: W tensorflow/stream_executor/gpu/asm_compiler.cc:111] *** WARNING *** You are using ptxas 10.1.168, which is older than 11.1. ptxas before 11.1 is known to miscompile XLA code, leading to incorrect results or invalid-address errors.
[[1;34m172.16.240.15.10001[m::[1;35mstderr[m] 
[[1;34m172.16.240.15.10001[m::[1;35mstderr[m] You may not need to update to CUDA 11.1; cherry-picking the ptxas binary is often sufficient.
[[1;32m172.16.240.16.10000[m::[1;35mstderr[m] 2023-12-04 15:49:38.470161: W tensorflow/stream_executor/gpu/asm_compiler.cc:111] *** WARNING *** You are using ptxas 10.1.168, which is older than 11.1. ptxas before 11.1 is known to miscompile XLA code, leading to incorrect results or invalid-address errors.
[[1;32m172.16.240.16.10000[m::[1;35mstderr[m] 
[[1;32m172.16.240.16.10000[m::[1;35mstderr[m] You may not need to update to CUDA 11.1; cherry-picking the ptxas binary is often sufficient.
[[1;34m172.16.240.16.10001[m::[1;35mstderr[m] 2023-12-04 15:49:38.471028: W tensorflow/stream_executor/gpu/asm_compiler.cc:111] *** WARNING *** You are using ptxas 10.1.168, which is older than 11.1. ptxas before 11.1 is known to miscompile XLA code, leading to incorrect results or invalid-address errors.
[[1;34m172.16.240.16.10001[m::[1;35mstderr[m] 
[[1;34m172.16.240.16.10001[m::[1;35mstderr[m] You may not need to update to CUDA 11.1; cherry-picking the ptxas binary is often sufficient.
[[1;32m172.16.240.3.10000[m::[1;35mstderr[m] 2023-12-04 15:49:38.472522: W tensorflow/stream_executor/gpu/asm_compiler.cc:111] *** WARNING *** You are using ptxas 10.1.168, which is older than 11.1. ptxas before 11.1 is known to miscompile XLA code, leading to incorrect results or invalid-address errors.
[[1;34m172.16.240.3.10001[m::[1;35mstderr[m] 2023-12-04 15:49:38.472522: W tensorflow/stream_executor/gpu/asm_compiler.cc:111] *** WARNING *** You are using ptxas 10.1.168, which is older than 11.1. ptxas before 11.1 is known to miscompile XLA code, leading to incorrect results or invalid-address errors.
[[1;32m172.16.240.3.10000[m::[1;35mstderr[m] 
[[1;32m172.16.240.3.10000[m::[1;35mstderr[m] You may not need to update to CUDA 11.1; cherry-picking the ptxas binary is often sufficient.
[[1;34m172.16.240.3.10001[m::[1;35mstderr[m] 
[[1;34m172.16.240.3.10001[m::[1;35mstderr[m] You may not need to update to CUDA 11.1; cherry-picking the ptxas binary is often sufficient.
[[1;32m172.16.240.9.10000[m::[1;35mstderr[m] 2023-12-04 15:49:38.481663: W tensorflow/stream_executor/gpu/asm_compiler.cc:111] *** WARNING *** You are using ptxas 10.1.168, which is older than 11.1. ptxas before 11.1 is known to miscompile XLA code, leading to incorrect results or invalid-address errors.
[[1;32m172.16.240.9.10000[m::[1;35mstderr[m] 
[[1;32m172.16.240.9.10000[m::[1;35mstderr[m] You may not need to update to CUDA 11.1; cherry-picking the ptxas binary is often sufficient.
[[1;34m172.16.240.9.10001[m::[1;35mstderr[m] 2023-12-04 15:49:38.481769: W tensorflow/stream_executor/gpu/asm_compiler.cc:111] *** WARNING *** You are using ptxas 10.1.168, which is older than 11.1. ptxas before 11.1 is known to miscompile XLA code, leading to incorrect results or invalid-address errors.
[[1;34m172.16.240.9.10001[m::[1;35mstderr[m] 
[[1;34m172.16.240.9.10001[m::[1;35mstderr[m] You may not need to update to CUDA 11.1; cherry-picking the ptxas binary is often sufficient.
[[1;32m172.16.240.10.10000[m::[1;35mstderr[m] 2023-12-04 15:49:38.482060: W tensorflow/stream_executor/gpu/asm_compiler.cc:111] *** WARNING *** You are using ptxas 10.1.168, which is older than 11.1. ptxas before 11.1 is known to miscompile XLA code, leading to incorrect results or invalid-address errors.
[[1;32m172.16.240.10.10000[m::[1;35mstderr[m] 
[[1;32m172.16.240.10.10000[m::[1;35mstderr[m] You may not need to update to CUDA 11.1; cherry-picking the ptxas binary is often sufficient.
[[1;34m172.16.240.7.10001[m::[1;35mstderr[m] 2023-12-04 15:49:38.507503: W tensorflow/stream_executor/gpu/asm_compiler.cc:111] *** WARNING *** You are using ptxas 10.1.168, which is older than 11.1. ptxas before 11.1 is known to miscompile XLA code, leading to incorrect results or invalid-address errors.
[[1;34m172.16.240.7.10001[m::[1;35mstderr[m] 
[[1;34m172.16.240.7.10001[m::[1;35mstderr[m] You may not need to update to CUDA 11.1; cherry-picking the ptxas binary is often sufficient.
[[1;34m172.16.240.10.10001[m::[1;35mstderr[m] 2023-12-04 15:49:38.509113: W tensorflow/stream_executor/gpu/asm_compiler.cc:111] *** WARNING *** You are using ptxas 10.1.168, which is older than 11.1. ptxas before 11.1 is known to miscompile XLA code, leading to incorrect results or invalid-address errors.
[[1;34m172.16.240.10.10001[m::[1;35mstderr[m] 
[[1;34m172.16.240.10.10001[m::[1;35mstderr[m] You may not need to update to CUDA 11.1; cherry-picking the ptxas binary is often sufficient.
[[1;32m172.16.240.7.10000[m::[1;35mstderr[m] 2023-12-04 15:49:38.510497: W tensorflow/stream_executor/gpu/asm_compiler.cc:111] *** WARNING *** You are using ptxas 10.1.168, which is older than 11.1. ptxas before 11.1 is known to miscompile XLA code, leading to incorrect results or invalid-address errors.
[[1;32m172.16.240.7.10000[m::[1;35mstderr[m] 
[[1;32m172.16.240.7.10000[m::[1;35mstderr[m] You may not need to update to CUDA 11.1; cherry-picking the ptxas binary is often sufficient.
