[W] invalid valud of CUDA_VISIBLE_DEVICES: "NoDevFiles"
[W] invalid valud of CUDA_VISIBLE_DEVICES: "NoDevFiles"
[W] invalid valud of CUDA_VISIBLE_DEVICES: "NoDevFiles"
[W] invalid valud of CUDA_VISIBLE_DEVICES: "NoDevFiles"
[W] invalid valud of CUDA_VISIBLE_DEVICES: "NoDevFiles"
[[1;34m172.16.112.57.10001[m::[1;35mstderr[m] 2023-09-23 23:37:14.536843: I tensorflow/stream_executor/platform/default/dso_loader.cc:49] Successfully opened dynamic library libcudart.so.10.1
[[1;33m172.16.112.57.10002[m::[1;35mstderr[m] 2023-09-23 23:37:14.536843: I tensorflow/stream_executor/platform/default/dso_loader.cc:49] Successfully opened dynamic library libcudart.so.10.1
[[1;32m172.16.112.57.10000[m::[1;35mstderr[m] 2023-09-23 23:37:14.536837: I tensorflow/stream_executor/platform/default/dso_loader.cc:49] Successfully opened dynamic library libcudart.so.10.1
[[1;32m172.16.112.58.10000[m::[1;35mstderr[m] 2023-09-23 23:37:14.549906: I tensorflow/stream_executor/platform/default/dso_loader.cc:49] Successfully opened dynamic library libcudart.so.10.1
[[1;34m172.16.112.58.10001[m::[1;35mstderr[m] 2023-09-23 23:37:14.549906: I tensorflow/stream_executor/platform/default/dso_loader.cc:49] Successfully opened dynamic library libcudart.so.10.1
[[1;33m172.16.112.57.10002[m::[1;35mstderr[m] 2023-09-23 23:37:38.863471: I tensorflow/stream_executor/platform/default/dso_loader.cc:49] Successfully opened dynamic library libcuda.so.1
[[1;32m172.16.112.57.10000[m::[1;35mstderr[m] 2023-09-23 23:37:38.863469: I tensorflow/stream_executor/platform/default/dso_loader.cc:49] Successfully opened dynamic library libcuda.so.1
[[1;34m172.16.112.57.10001[m::[1;35mstderr[m] 2023-09-23 23:37:38.863469: I tensorflow/stream_executor/platform/default/dso_loader.cc:49] Successfully opened dynamic library libcuda.so.1
[[1;32m172.16.112.58.10000[m::[1;35mstderr[m] 2023-09-23 23:37:38.863432: I tensorflow/stream_executor/platform/default/dso_loader.cc:49] Successfully opened dynamic library libcuda.so.1
[[1;34m172.16.112.58.10001[m::[1;35mstderr[m] 2023-09-23 23:37:38.863444: I tensorflow/stream_executor/platform/default/dso_loader.cc:49] Successfully opened dynamic library libcuda.so.1
[[1;32m172.16.112.58.10000[m::[1;35mstderr[m] 2023-09-23 23:37:38.875151: E tensorflow/stream_executor/cuda/cuda_driver.cc:328] failed call to cuInit: CUDA_ERROR_NO_DEVICE: no CUDA-capable device is detected
[[1;32m172.16.112.58.10000[m::[1;35mstderr[m] 2023-09-23 23:37:38.875228: I tensorflow/stream_executor/cuda/cuda_diagnostics.cc:156] kernel driver does not appear to be running on this host (node130): /proc/driver/nvidia/version does not exist
[[1;34m172.16.112.58.10001[m::[1;35mstderr[m] 2023-09-23 23:37:38.875164: E tensorflow/stream_executor/cuda/cuda_driver.cc:328] failed call to cuInit: CUDA_ERROR_NO_DEVICE: no CUDA-capable device is detected
[[1;34m172.16.112.58.10001[m::[1;35mstderr[m] 2023-09-23 23:37:38.875237: I tensorflow/stream_executor/cuda/cuda_diagnostics.cc:156] kernel driver does not appear to be running on this host (node130): /proc/driver/nvidia/version does not exist
[[1;34m172.16.112.58.10001[m::[1;35mstderr[m] 2023-09-23 23:37:38.876063: I tensorflow/core/platform/cpu_feature_guard.cc:142] This TensorFlow binary is optimized with oneAPI Deep Neural Network Library (oneDNN) to use the following CPU instructions in performance-critical operations:  SSE3 SSE4.1 SSE4.2 AVX
[[1;34m172.16.112.58.10001[m::[1;35mstderr[m] To enable them in other operations, rebuild TensorFlow with the appropriate compiler flags.
[[1;32m172.16.112.58.10000[m::[1;35mstderr[m] 2023-09-23 23:37:38.876141: I tensorflow/core/platform/cpu_feature_guard.cc:142] This TensorFlow binary is optimized with oneAPI Deep Neural Network Library (oneDNN) to use the following CPU instructions in performance-critical operations:  SSE3 SSE4.1 SSE4.2 AVX
[[1;32m172.16.112.58.10000[m::[1;35mstderr[m] To enable them in other operations, rebuild TensorFlow with the appropriate compiler flags.
[[1;34m172.16.112.57.10001[m::[1;35mstderr[m] 2023-09-23 23:37:38.877828: E tensorflow/stream_executor/cuda/cuda_driver.cc:328] failed call to cuInit: CUDA_ERROR_NO_DEVICE: no CUDA-capable device is detected
[[1;33m172.16.112.57.10002[m::[1;35mstderr[m] 2023-09-23 23:37:38.877835: E tensorflow/stream_executor/cuda/cuda_driver.cc:328] failed call to cuInit: CUDA_ERROR_NO_DEVICE: no CUDA-capable device is detected
[[1;34m172.16.112.57.10001[m::[1;35mstderr[m] 2023-09-23 23:37:38.877913: I tensorflow/stream_executor/cuda/cuda_diagnostics.cc:156] kernel driver does not appear to be running on this host (node129): /proc/driver/nvidia/version does not exist
[[1;33m172.16.112.57.10002[m::[1;35mstderr[m] 2023-09-23 23:37:38.877907: I tensorflow/stream_executor/cuda/cuda_diagnostics.cc:156] kernel driver does not appear to be running on this host (node129): /proc/driver/nvidia/version does not exist
[[1;32m172.16.112.57.10000[m::[1;35mstderr[m] 2023-09-23 23:37:38.877820: E tensorflow/stream_executor/cuda/cuda_driver.cc:328] failed call to cuInit: CUDA_ERROR_NO_DEVICE: no CUDA-capable device is detected
[[1;32m172.16.112.57.10000[m::[1;35mstderr[m] 2023-09-23 23:37:38.877900: I tensorflow/stream_executor/cuda/cuda_diagnostics.cc:156] kernel driver does not appear to be running on this host (node129): /proc/driver/nvidia/version does not exist
[[1;33m172.16.112.57.10002[m::[1;35mstderr[m] 2023-09-23 23:37:38.878825: I tensorflow/core/platform/cpu_feature_guard.cc:142] This TensorFlow binary is optimized with oneAPI Deep Neural Network Library (oneDNN) to use the following CPU instructions in performance-critical operations:  SSE3 SSE4.1 SSE4.2 AVX
[[1;32m172.16.112.57.10000[m::[1;35mstderr[m] 2023-09-23 23:37:38.878823: I tensorflow/core/platform/cpu_feature_guard.cc:142] This TensorFlow binary is optimized with oneAPI Deep Neural Network Library (oneDNN) to use the following CPU instructions in performance-critical operations:  SSE3 SSE4.1 SSE4.2 AVX
[[1;32m172.16.112.57.10000[m::[1;35mstderr[m] To enable them in other operations, rebuild TensorFlow with the appropriate compiler flags.
[[1;33m172.16.112.57.10002[m::[1;35mstderr[m] To enable them in other operations, rebuild TensorFlow with the appropriate compiler flags.
[[1;34m172.16.112.57.10001[m::[1;35mstderr[m] 2023-09-23 23:37:38.878823: I tensorflow/core/platform/cpu_feature_guard.cc:142] This TensorFlow binary is optimized with oneAPI Deep Neural Network Library (oneDNN) to use the following CPU instructions in performance-critical operations:  SSE3 SSE4.1 SSE4.2 AVX
[[1;34m172.16.112.57.10001[m::[1;35mstderr[m] To enable them in other operations, rebuild TensorFlow with the appropriate compiler flags.
[[1;32m172.16.112.58.10000[m::[1;35mstderr[m] 2023-09-23 23:37:38.889599: I tensorflow/core/platform/profile_utils/cpu_utils.cc:112] CPU Frequency: 2793240000 Hz
[[1;32m172.16.112.58.10000[m::[1;35mstderr[m] 2023-09-23 23:37:38.892175: I tensorflow/compiler/xla/service/service.cc:168] XLA service 0x417f5f0 initialized for platform Host (this does not guarantee that XLA will be used). Devices:
[[1;32m172.16.112.58.10000[m::[1;35mstderr[m] 2023-09-23 23:37:38.892194: I tensorflow/compiler/xla/service/service.cc:176]   StreamExecutor device (0): Host, Default Version
[[1;33m172.16.112.57.10002[m::[1;35mstderr[m] 2023-09-23 23:37:38.892276: I tensorflow/core/platform/profile_utils/cpu_utils.cc:112] CPU Frequency: 2793330000 Hz
[[1;32m172.16.112.57.10000[m::[1;35mstderr[m] 2023-09-23 23:37:38.892411: I tensorflow/core/platform/profile_utils/cpu_utils.cc:112] CPU Frequency: 2793330000 Hz
[[1;34m172.16.112.57.10001[m::[1;35mstderr[m] 2023-09-23 23:37:38.892411: I tensorflow/core/platform/profile_utils/cpu_utils.cc:112] CPU Frequency: 2793330000 Hz
[[1;34m172.16.112.58.10001[m::[1;35mstderr[m] 2023-09-23 23:37:38.894308: I tensorflow/core/platform/profile_utils/cpu_utils.cc:112] CPU Frequency: 2793240000 Hz
[[1;32m172.16.112.57.10000[m::[1;35mstderr[m] 2023-09-23 23:37:38.895869: I tensorflow/compiler/xla/service/service.cc:168] XLA service 0x5182780 initialized for platform Host (this does not guarantee that XLA will be used). Devices:
[[1;32m172.16.112.57.10000[m::[1;35mstderr[m] 2023-09-23 23:37:38.895904: I tensorflow/compiler/xla/service/service.cc:176]   StreamExecutor device (0): Host, Default Version
[[1;33m172.16.112.57.10002[m::[1;35mstderr[m] 2023-09-23 23:37:38.896403: I tensorflow/compiler/xla/service/service.cc:168] XLA service 0x4666570 initialized for platform Host (this does not guarantee that XLA will be used). Devices:
[[1;33m172.16.112.57.10002[m::[1;35mstderr[m] 2023-09-23 23:37:38.896433: I tensorflow/compiler/xla/service/service.cc:176]   StreamExecutor device (0): Host, Default Version
[[1;34m172.16.112.57.10001[m::[1;35mstderr[m] 2023-09-23 23:37:38.896584: I tensorflow/compiler/xla/service/service.cc:168] XLA service 0x4e2d340 initialized for platform Host (this does not guarantee that XLA will be used). Devices:
[[1;34m172.16.112.57.10001[m::[1;35mstderr[m] 2023-09-23 23:37:38.896613: I tensorflow/compiler/xla/service/service.cc:176]   StreamExecutor device (0): Host, Default Version
[[1;34m172.16.112.58.10001[m::[1;35mstderr[m] 2023-09-23 23:37:38.896958: I tensorflow/compiler/xla/service/service.cc:168] XLA service 0x3f4b800 initialized for platform Host (this does not guarantee that XLA will be used). Devices:
[[1;34m172.16.112.58.10001[m::[1;35mstderr[m] 2023-09-23 23:37:38.896977: I tensorflow/compiler/xla/service/service.cc:176]   StreamExecutor device (0): Host, Default Version
[[1;34m172.16.112.57.10001[m::[1;35mstderr[m] 2023-09-23 23:37:42.407300: I tensorflow/compiler/mlir/mlir_graph_optimization_pass.cc:116] None of the MLIR optimization passes are enabled (registered 2)
[[1;34m172.16.112.58.10001[m::[1;35mstderr[m] 2023-09-23 23:37:42.408684: I tensorflow/compiler/mlir/mlir_graph_optimization_pass.cc:116] None of the MLIR optimization passes are enabled (registered 2)
[[1;33m172.16.112.57.10002[m::[1;35mstderr[m] 2023-09-23 23:37:42.409433: I tensorflow/compiler/mlir/mlir_graph_optimization_pass.cc:116] None of the MLIR optimization passes are enabled (registered 2)
[[1;32m172.16.112.58.10000[m::[1;35mstderr[m] 2023-09-23 23:37:42.413693: I tensorflow/compiler/mlir/mlir_graph_optimization_pass.cc:116] None of the MLIR optimization passes are enabled (registered 2)
[[1;32m172.16.112.57.10000[m::[1;35mstderr[m] 2023-09-23 23:37:42.415350: I tensorflow/compiler/mlir/mlir_graph_optimization_pass.cc:116] None of the MLIR optimization passes are enabled (registered 2)
[W] invalid valud of CUDA_VISIBLE_DEVICES: "NoDevFiles"
[W] invalid valud of CUDA_VISIBLE_DEVICES: "NoDevFiles"
[W] invalid valud of CUDA_VISIBLE_DEVICES: "NoDevFiles"
[W] invalid valud of CUDA_VISIBLE_DEVICES: "NoDevFiles"
[W] invalid valud of CUDA_VISIBLE_DEVICES: "NoDevFiles"
[[1;33m172.16.112.57.10002[m::[1;35mstderr[m] 2023-09-24 00:17:53.753910: I tensorflow/stream_executor/platform/default/dso_loader.cc:49] Successfully opened dynamic library libcudart.so.10.1
[[1;34m172.16.112.57.10001[m::[1;35mstderr[m] 2023-09-24 00:17:53.753942: I tensorflow/stream_executor/platform/default/dso_loader.cc:49] Successfully opened dynamic library libcudart.so.10.1
[[1;32m172.16.112.57.10000[m::[1;35mstderr[m] 2023-09-24 00:17:53.753909: I tensorflow/stream_executor/platform/default/dso_loader.cc:49] Successfully opened dynamic library libcudart.so.10.1
[[1;32m172.16.112.58.10000[m::[1;35mstderr[m] 2023-09-24 00:17:53.754948: I tensorflow/stream_executor/platform/default/dso_loader.cc:49] Successfully opened dynamic library libcudart.so.10.1
[[1;34m172.16.112.58.10001[m::[1;35mstderr[m] 2023-09-24 00:17:53.754947: I tensorflow/stream_executor/platform/default/dso_loader.cc:49] Successfully opened dynamic library libcudart.so.10.1
[[1;34m172.16.112.58.10001[m::[1;35mstderr[m] 2023-09-24 00:18:22.709330: I tensorflow/stream_executor/platform/default/dso_loader.cc:49] Successfully opened dynamic library libcuda.so.1
[[1;32m172.16.112.58.10000[m::[1;35mstderr[m] 2023-09-24 00:18:22.709328: I tensorflow/stream_executor/platform/default/dso_loader.cc:49] Successfully opened dynamic library libcuda.so.1
[[1;33m172.16.112.57.10002[m::[1;35mstderr[m] 2023-09-24 00:18:22.713981: I tensorflow/stream_executor/platform/default/dso_loader.cc:49] Successfully opened dynamic library libcuda.so.1
[[1;34m172.16.112.57.10001[m::[1;35mstderr[m] 2023-09-24 00:18:22.713980: I tensorflow/stream_executor/platform/default/dso_loader.cc:49] Successfully opened dynamic library libcuda.so.1
[[1;32m172.16.112.57.10000[m::[1;35mstderr[m] 2023-09-24 00:18:22.713978: I tensorflow/stream_executor/platform/default/dso_loader.cc:49] Successfully opened dynamic library libcuda.so.1
[[1;32m172.16.112.58.10000[m::[1;35mstderr[m] 2023-09-24 00:18:22.721370: E tensorflow/stream_executor/cuda/cuda_driver.cc:328] failed call to cuInit: CUDA_ERROR_NO_DEVICE: no CUDA-capable device is detected
[[1;34m172.16.112.58.10001[m::[1;35mstderr[m] 2023-09-24 00:18:22.721363: E tensorflow/stream_executor/cuda/cuda_driver.cc:328] failed call to cuInit: CUDA_ERROR_NO_DEVICE: no CUDA-capable device is detected
[[1;32m172.16.112.58.10000[m::[1;35mstderr[m] 2023-09-24 00:18:22.721442: I tensorflow/stream_executor/cuda/cuda_diagnostics.cc:156] kernel driver does not appear to be running on this host (node130): /proc/driver/nvidia/version does not exist
[[1;34m172.16.112.58.10001[m::[1;35mstderr[m] 2023-09-24 00:18:22.721441: I tensorflow/stream_executor/cuda/cuda_diagnostics.cc:156] kernel driver does not appear to be running on this host (node130): /proc/driver/nvidia/version does not exist
[[1;34m172.16.112.58.10001[m::[1;35mstderr[m] 2023-09-24 00:18:22.722379: I tensorflow/core/platform/cpu_feature_guard.cc:142] This TensorFlow binary is optimized with oneAPI Deep Neural Network Library (oneDNN) to use the following CPU instructions in performance-critical operations:  SSE3 SSE4.1 SSE4.2 AVX
[[1;32m172.16.112.58.10000[m::[1;35mstderr[m] 2023-09-24 00:18:22.722379: I tensorflow/core/platform/cpu_feature_guard.cc:142] This TensorFlow binary is optimized with oneAPI Deep Neural Network Library (oneDNN) to use the following CPU instructions in performance-critical operations:  SSE3 SSE4.1 SSE4.2 AVX
[[1;34m172.16.112.58.10001[m::[1;35mstderr[m] To enable them in other operations, rebuild TensorFlow with the appropriate compiler flags.
[[1;32m172.16.112.58.10000[m::[1;35mstderr[m] To enable them in other operations, rebuild TensorFlow with the appropriate compiler flags.
[[1;33m172.16.112.57.10002[m::[1;35mstderr[m] 2023-09-24 00:18:22.730795: E tensorflow/stream_executor/cuda/cuda_driver.cc:328] failed call to cuInit: CUDA_ERROR_NO_DEVICE: no CUDA-capable device is detected
[[1;33m172.16.112.57.10002[m::[1;35mstderr[m] 2023-09-24 00:18:22.730825: I tensorflow/stream_executor/cuda/cuda_diagnostics.cc:156] kernel driver does not appear to be running on this host (node129): /proc/driver/nvidia/version does not exist
[[1;32m172.16.112.57.10000[m::[1;35mstderr[m] 2023-09-24 00:18:22.730787: E tensorflow/stream_executor/cuda/cuda_driver.cc:328] failed call to cuInit: CUDA_ERROR_NO_DEVICE: no CUDA-capable device is detected
[[1;34m172.16.112.57.10001[m::[1;35mstderr[m] 2023-09-24 00:18:22.730790: E tensorflow/stream_executor/cuda/cuda_driver.cc:328] failed call to cuInit: CUDA_ERROR_NO_DEVICE: no CUDA-capable device is detected
[[1;32m172.16.112.57.10000[m::[1;35mstderr[m] 2023-09-24 00:18:22.730825: I tensorflow/stream_executor/cuda/cuda_diagnostics.cc:156] kernel driver does not appear to be running on this host (node129): /proc/driver/nvidia/version does not exist
[[1;34m172.16.112.57.10001[m::[1;35mstderr[m] 2023-09-24 00:18:22.730825: I tensorflow/stream_executor/cuda/cuda_diagnostics.cc:156] kernel driver does not appear to be running on this host (node129): /proc/driver/nvidia/version does not exist
[[1;32m172.16.112.57.10000[m::[1;35mstderr[m] 2023-09-24 00:18:22.731261: I tensorflow/core/platform/cpu_feature_guard.cc:142] This TensorFlow binary is optimized with oneAPI Deep Neural Network Library (oneDNN) to use the following CPU instructions in performance-critical operations:  SSE3 SSE4.1 SSE4.2 AVX
[[1;34m172.16.112.57.10001[m::[1;35mstderr[m] 2023-09-24 00:18:22.731261: I tensorflow/core/platform/cpu_feature_guard.cc:142] This TensorFlow binary is optimized with oneAPI Deep Neural Network Library (oneDNN) to use the following CPU instructions in performance-critical operations:  SSE3 SSE4.1 SSE4.2 AVX
[[1;32m172.16.112.57.10000[m::[1;35mstderr[m] To enable them in other operations, rebuild TensorFlow with the appropriate compiler flags.
[[1;33m172.16.112.57.10002[m::[1;35mstderr[m] 2023-09-24 00:18:22.731295: I tensorflow/core/platform/cpu_feature_guard.cc:142] This TensorFlow binary is optimized with oneAPI Deep Neural Network Library (oneDNN) to use the following CPU instructions in performance-critical operations:  SSE3 SSE4.1 SSE4.2 AVX
[[1;34m172.16.112.57.10001[m::[1;35mstderr[m] To enable them in other operations, rebuild TensorFlow with the appropriate compiler flags.
[[1;33m172.16.112.57.10002[m::[1;35mstderr[m] To enable them in other operations, rebuild TensorFlow with the appropriate compiler flags.
[[1;32m172.16.112.58.10000[m::[1;35mstderr[m] 2023-09-24 00:18:22.742572: I tensorflow/core/platform/profile_utils/cpu_utils.cc:112] CPU Frequency: 2793240000 Hz
[[1;34m172.16.112.58.10001[m::[1;35mstderr[m] 2023-09-24 00:18:22.742651: I tensorflow/core/platform/profile_utils/cpu_utils.cc:112] CPU Frequency: 2793240000 Hz
[[1;33m172.16.112.57.10002[m::[1;35mstderr[m] 2023-09-24 00:18:22.744231: I tensorflow/core/platform/profile_utils/cpu_utils.cc:112] CPU Frequency: 2793330000 Hz
[[1;34m172.16.112.57.10001[m::[1;35mstderr[m] 2023-09-24 00:18:22.744232: I tensorflow/core/platform/profile_utils/cpu_utils.cc:112] CPU Frequency: 2793330000 Hz
[[1;32m172.16.112.57.10000[m::[1;35mstderr[m] 2023-09-24 00:18:22.744240: I tensorflow/core/platform/profile_utils/cpu_utils.cc:112] CPU Frequency: 2793330000 Hz
[[1;34m172.16.112.58.10001[m::[1;35mstderr[m] 2023-09-24 00:18:22.746109: I tensorflow/compiler/xla/service/service.cc:168] XLA service 0x41287e0 initialized for platform Host (this does not guarantee that XLA will be used). Devices:
[[1;34m172.16.112.58.10001[m::[1;35mstderr[m] 2023-09-24 00:18:22.746131: I tensorflow/compiler/xla/service/service.cc:176]   StreamExecutor device (0): Host, Default Version
[[1;32m172.16.112.58.10000[m::[1;35mstderr[m] 2023-09-24 00:18:22.746786: I tensorflow/compiler/xla/service/service.cc:168] XLA service 0x4a275e0 initialized for platform Host (this does not guarantee that XLA will be used). Devices:
[[1;32m172.16.112.58.10000[m::[1;35mstderr[m] 2023-09-24 00:18:22.746813: I tensorflow/compiler/xla/service/service.cc:176]   StreamExecutor device (0): Host, Default Version
[[1;33m172.16.112.57.10002[m::[1;35mstderr[m] 2023-09-24 00:18:22.747645: I tensorflow/compiler/xla/service/service.cc:168] XLA service 0x5adf4c0 initialized for platform Host (this does not guarantee that XLA will be used). Devices:
[[1;33m172.16.112.57.10002[m::[1;35mstderr[m] 2023-09-24 00:18:22.747681: I tensorflow/compiler/xla/service/service.cc:176]   StreamExecutor device (0): Host, Default Version
[[1;32m172.16.112.57.10000[m::[1;35mstderr[m] 2023-09-24 00:18:22.747729: I tensorflow/compiler/xla/service/service.cc:168] XLA service 0x555ca40 initialized for platform Host (this does not guarantee that XLA will be used). Devices:
[[1;32m172.16.112.57.10000[m::[1;35mstderr[m] 2023-09-24 00:18:22.747756: I tensorflow/compiler/xla/service/service.cc:176]   StreamExecutor device (0): Host, Default Version
[[1;34m172.16.112.57.10001[m::[1;35mstderr[m] 2023-09-24 00:18:22.747924: I tensorflow/compiler/xla/service/service.cc:168] XLA service 0x4269740 initialized for platform Host (this does not guarantee that XLA will be used). Devices:
[[1;34m172.16.112.57.10001[m::[1;35mstderr[m] 2023-09-24 00:18:22.747953: I tensorflow/compiler/xla/service/service.cc:176]   StreamExecutor device (0): Host, Default Version
[[1;33m172.16.112.57.10002[m::[1;35mstderr[m] 2023-09-24 00:18:26.327099: I tensorflow/compiler/mlir/mlir_graph_optimization_pass.cc:116] None of the MLIR optimization passes are enabled (registered 2)
[[1;34m172.16.112.57.10001[m::[1;35mstderr[m] 2023-09-24 00:18:26.329196: I tensorflow/compiler/mlir/mlir_graph_optimization_pass.cc:116] None of the MLIR optimization passes are enabled (registered 2)
[[1;34m172.16.112.58.10001[m::[1;35mstderr[m] 2023-09-24 00:18:26.335582: I tensorflow/compiler/mlir/mlir_graph_optimization_pass.cc:116] None of the MLIR optimization passes are enabled (registered 2)
[[1;32m172.16.112.57.10000[m::[1;35mstderr[m] 2023-09-24 00:18:26.336480: I tensorflow/compiler/mlir/mlir_graph_optimization_pass.cc:116] None of the MLIR optimization passes are enabled (registered 2)
[[1;32m172.16.112.58.10000[m::[1;35mstderr[m] 2023-09-24 00:18:26.336599: I tensorflow/compiler/mlir/mlir_graph_optimization_pass.cc:116] None of the MLIR optimization passes are enabled (registered 2)
[W] invalid valud of CUDA_VISIBLE_DEVICES: "NoDevFiles"
[W] invalid valud of CUDA_VISIBLE_DEVICES: "NoDevFiles"
[W] invalid valud of CUDA_VISIBLE_DEVICES: "NoDevFiles"
[W] invalid valud of CUDA_VISIBLE_DEVICES: "NoDevFiles"
[W] invalid valud of CUDA_VISIBLE_DEVICES: "NoDevFiles"
[[1;32m172.16.112.57.10000[m::[1;35mstderr[m] 2023-09-24 00:57:10.977805: I tensorflow/stream_executor/platform/default/dso_loader.cc:49] Successfully opened dynamic library libcudart.so.10.1
[[1;34m172.16.112.57.10001[m::[1;35mstderr[m] 2023-09-24 00:57:10.977808: I tensorflow/stream_executor/platform/default/dso_loader.cc:49] Successfully opened dynamic library libcudart.so.10.1
[[1;33m172.16.112.57.10002[m::[1;35mstderr[m] 2023-09-24 00:57:10.977805: I tensorflow/stream_executor/platform/default/dso_loader.cc:49] Successfully opened dynamic library libcudart.so.10.1
[[1;34m172.16.112.58.10001[m::[1;35mstderr[m] 2023-09-24 00:57:10.977689: I tensorflow/stream_executor/platform/default/dso_loader.cc:49] Successfully opened dynamic library libcudart.so.10.1
[[1;32m172.16.112.58.10000[m::[1;35mstderr[m] 2023-09-24 00:57:10.977693: I tensorflow/stream_executor/platform/default/dso_loader.cc:49] Successfully opened dynamic library libcudart.so.10.1
[[1;34m172.16.112.58.10001[m::[1;35mstderr[m] 2023-09-24 00:57:37.306246: I tensorflow/stream_executor/platform/default/dso_loader.cc:49] Successfully opened dynamic library libcuda.so.1
[[1;32m172.16.112.58.10000[m::[1;35mstderr[m] 2023-09-24 00:57:37.306246: I tensorflow/stream_executor/platform/default/dso_loader.cc:49] Successfully opened dynamic library libcuda.so.1
[[1;32m172.16.112.57.10000[m::[1;35mstderr[m] 2023-09-24 00:57:37.313111: I tensorflow/stream_executor/platform/default/dso_loader.cc:49] Successfully opened dynamic library libcuda.so.1
[[1;34m172.16.112.57.10001[m::[1;35mstderr[m] 2023-09-24 00:57:37.313111: I tensorflow/stream_executor/platform/default/dso_loader.cc:49] Successfully opened dynamic library libcuda.so.1
[[1;33m172.16.112.57.10002[m::[1;35mstderr[m] 2023-09-24 00:57:37.313122: I tensorflow/stream_executor/platform/default/dso_loader.cc:49] Successfully opened dynamic library libcuda.so.1
[[1;34m172.16.112.58.10001[m::[1;35mstderr[m] 2023-09-24 00:57:37.318739: E tensorflow/stream_executor/cuda/cuda_driver.cc:328] failed call to cuInit: CUDA_ERROR_NO_DEVICE: no CUDA-capable device is detected
[[1;34m172.16.112.58.10001[m::[1;35mstderr[m] 2023-09-24 00:57:37.318811: I tensorflow/stream_executor/cuda/cuda_diagnostics.cc:156] kernel driver does not appear to be running on this host (node130): /proc/driver/nvidia/version does not exist
[[1;32m172.16.112.58.10000[m::[1;35mstderr[m] 2023-09-24 00:57:37.318731: E tensorflow/stream_executor/cuda/cuda_driver.cc:328] failed call to cuInit: CUDA_ERROR_NO_DEVICE: no CUDA-capable device is detected
[[1;32m172.16.112.58.10000[m::[1;35mstderr[m] 2023-09-24 00:57:37.318815: I tensorflow/stream_executor/cuda/cuda_diagnostics.cc:156] kernel driver does not appear to be running on this host (node130): /proc/driver/nvidia/version does not exist
[[1;34m172.16.112.58.10001[m::[1;35mstderr[m] 2023-09-24 00:57:37.319803: I tensorflow/core/platform/cpu_feature_guard.cc:142] This TensorFlow binary is optimized with oneAPI Deep Neural Network Library (oneDNN) to use the following CPU instructions in performance-critical operations:  SSE3 SSE4.1 SSE4.2 AVX
[[1;34m172.16.112.58.10001[m::[1;35mstderr[m] To enable them in other operations, rebuild TensorFlow with the appropriate compiler flags.
[[1;32m172.16.112.58.10000[m::[1;35mstderr[m] 2023-09-24 00:57:37.319803: I tensorflow/core/platform/cpu_feature_guard.cc:142] This TensorFlow binary is optimized with oneAPI Deep Neural Network Library (oneDNN) to use the following CPU instructions in performance-critical operations:  SSE3 SSE4.1 SSE4.2 AVX
[[1;32m172.16.112.58.10000[m::[1;35mstderr[m] To enable them in other operations, rebuild TensorFlow with the appropriate compiler flags.
[[1;33m172.16.112.57.10002[m::[1;35mstderr[m] 2023-09-24 00:57:37.327945: E tensorflow/stream_executor/cuda/cuda_driver.cc:328] failed call to cuInit: CUDA_ERROR_NO_DEVICE: no CUDA-capable device is detected
[[1;34m172.16.112.57.10001[m::[1;35mstderr[m] 2023-09-24 00:57:37.327931: E tensorflow/stream_executor/cuda/cuda_driver.cc:328] failed call to cuInit: CUDA_ERROR_NO_DEVICE: no CUDA-capable device is detected
[[1;32m172.16.112.57.10000[m::[1;35mstderr[m] 2023-09-24 00:57:37.327925: E tensorflow/stream_executor/cuda/cuda_driver.cc:328] failed call to cuInit: CUDA_ERROR_NO_DEVICE: no CUDA-capable device is detected
[[1;33m172.16.112.57.10002[m::[1;35mstderr[m] 2023-09-24 00:57:37.328019: I tensorflow/stream_executor/cuda/cuda_diagnostics.cc:156] kernel driver does not appear to be running on this host (node129): /proc/driver/nvidia/version does not exist
[[1;34m172.16.112.57.10001[m::[1;35mstderr[m] 2023-09-24 00:57:37.328002: I tensorflow/stream_executor/cuda/cuda_diagnostics.cc:156] kernel driver does not appear to be running on this host (node129): /proc/driver/nvidia/version does not exist
[[1;32m172.16.112.57.10000[m::[1;35mstderr[m] 2023-09-24 00:57:37.328002: I tensorflow/stream_executor/cuda/cuda_diagnostics.cc:156] kernel driver does not appear to be running on this host (node129): /proc/driver/nvidia/version does not exist
[[1;32m172.16.112.57.10000[m::[1;35mstderr[m] 2023-09-24 00:57:37.328902: I tensorflow/core/platform/cpu_feature_guard.cc:142] This TensorFlow binary is optimized with oneAPI Deep Neural Network Library (oneDNN) to use the following CPU instructions in performance-critical operations:  SSE3 SSE4.1 SSE4.2 AVX
[[1;34m172.16.112.57.10001[m::[1;35mstderr[m] 2023-09-24 00:57:37.328902: I tensorflow/core/platform/cpu_feature_guard.cc:142] This TensorFlow binary is optimized with oneAPI Deep Neural Network Library (oneDNN) to use the following CPU instructions in performance-critical operations:  SSE3 SSE4.1 SSE4.2 AVX
[[1;32m172.16.112.57.10000[m::[1;35mstderr[m] To enable them in other operations, rebuild TensorFlow with the appropriate compiler flags.
[[1;33m172.16.112.57.10002[m::[1;35mstderr[m] 2023-09-24 00:57:37.328897: I tensorflow/core/platform/cpu_feature_guard.cc:142] This TensorFlow binary is optimized with oneAPI Deep Neural Network Library (oneDNN) to use the following CPU instructions in performance-critical operations:  SSE3 SSE4.1 SSE4.2 AVX
[[1;34m172.16.112.57.10001[m::[1;35mstderr[m] To enable them in other operations, rebuild TensorFlow with the appropriate compiler flags.
[[1;33m172.16.112.57.10002[m::[1;35mstderr[m] To enable them in other operations, rebuild TensorFlow with the appropriate compiler flags.
[[1;32m172.16.112.58.10000[m::[1;35mstderr[m] 2023-09-24 00:57:37.341735: I tensorflow/core/platform/profile_utils/cpu_utils.cc:112] CPU Frequency: 2793240000 Hz
[[1;34m172.16.112.58.10001[m::[1;35mstderr[m] 2023-09-24 00:57:37.341923: I tensorflow/core/platform/profile_utils/cpu_utils.cc:112] CPU Frequency: 2793240000 Hz
[[1;34m172.16.112.57.10001[m::[1;35mstderr[m] 2023-09-24 00:57:37.343275: I tensorflow/core/platform/profile_utils/cpu_utils.cc:112] CPU Frequency: 2793330000 Hz
[[1;32m172.16.112.57.10000[m::[1;35mstderr[m] 2023-09-24 00:57:37.343559: I tensorflow/core/platform/profile_utils/cpu_utils.cc:112] CPU Frequency: 2793330000 Hz
[[1;32m172.16.112.58.10000[m::[1;35mstderr[m] 2023-09-24 00:57:37.345735: I tensorflow/compiler/xla/service/service.cc:168] XLA service 0x49aec70 initialized for platform Host (this does not guarantee that XLA will be used). Devices:
[[1;32m172.16.112.58.10000[m::[1;35mstderr[m] 2023-09-24 00:57:37.345761: I tensorflow/compiler/xla/service/service.cc:176]   StreamExecutor device (0): Host, Default Version
[[1;34m172.16.112.58.10001[m::[1;35mstderr[m] 2023-09-24 00:57:37.345852: I tensorflow/compiler/xla/service/service.cc:168] XLA service 0x538a980 initialized for platform Host (this does not guarantee that XLA will be used). Devices:
[[1;34m172.16.112.58.10001[m::[1;35mstderr[m] 2023-09-24 00:57:37.345876: I tensorflow/compiler/xla/service/service.cc:176]   StreamExecutor device (0): Host, Default Version
[[1;34m172.16.112.57.10001[m::[1;35mstderr[m] 2023-09-24 00:57:37.345963: I tensorflow/compiler/xla/service/service.cc:168] XLA service 0x5088390 initialized for platform Host (this does not guarantee that XLA will be used). Devices:
[[1;34m172.16.112.57.10001[m::[1;35mstderr[m] 2023-09-24 00:57:37.345988: I tensorflow/compiler/xla/service/service.cc:176]   StreamExecutor device (0): Host, Default Version
[[1;32m172.16.112.57.10000[m::[1;35mstderr[m] 2023-09-24 00:57:37.346101: I tensorflow/compiler/xla/service/service.cc:168] XLA service 0x52d46b0 initialized for platform Host (this does not guarantee that XLA will be used). Devices:
[[1;32m172.16.112.57.10000[m::[1;35mstderr[m] 2023-09-24 00:57:37.346123: I tensorflow/compiler/xla/service/service.cc:176]   StreamExecutor device (0): Host, Default Version
[[1;33m172.16.112.57.10002[m::[1;35mstderr[m] 2023-09-24 00:57:37.346628: I tensorflow/core/platform/profile_utils/cpu_utils.cc:112] CPU Frequency: 2793330000 Hz
[[1;33m172.16.112.57.10002[m::[1;35mstderr[m] 2023-09-24 00:57:37.349006: I tensorflow/compiler/xla/service/service.cc:168] XLA service 0x5a3b560 initialized for platform Host (this does not guarantee that XLA will be used). Devices:
[[1;33m172.16.112.57.10002[m::[1;35mstderr[m] 2023-09-24 00:57:37.349026: I tensorflow/compiler/xla/service/service.cc:176]   StreamExecutor device (0): Host, Default Version
[[1;34m172.16.112.58.10001[m::[1;35mstderr[m] 2023-09-24 00:57:41.029522: I tensorflow/compiler/mlir/mlir_graph_optimization_pass.cc:116] None of the MLIR optimization passes are enabled (registered 2)
[[1;32m172.16.112.58.10000[m::[1;35mstderr[m] 2023-09-24 00:57:41.036915: I tensorflow/compiler/mlir/mlir_graph_optimization_pass.cc:116] None of the MLIR optimization passes are enabled (registered 2)
[[1;33m172.16.112.57.10002[m::[1;35mstderr[m] 2023-09-24 00:57:41.050289: I tensorflow/compiler/mlir/mlir_graph_optimization_pass.cc:116] None of the MLIR optimization passes are enabled (registered 2)
[[1;32m172.16.112.57.10000[m::[1;35mstderr[m] 2023-09-24 00:57:41.051158: I tensorflow/compiler/mlir/mlir_graph_optimization_pass.cc:116] None of the MLIR optimization passes are enabled (registered 2)
[[1;34m172.16.112.57.10001[m::[1;35mstderr[m] 2023-09-24 00:57:41.053553: I tensorflow/compiler/mlir/mlir_graph_optimization_pass.cc:116] None of the MLIR optimization passes are enabled (registered 2)
[W] invalid valud of CUDA_VISIBLE_DEVICES: "NoDevFiles"
[W] invalid valud of CUDA_VISIBLE_DEVICES: "NoDevFiles"
[W] invalid valud of CUDA_VISIBLE_DEVICES: "NoDevFiles"
[W] invalid valud of CUDA_VISIBLE_DEVICES: "NoDevFiles"
[W] invalid valud of CUDA_VISIBLE_DEVICES: "NoDevFiles"
[[1;34m172.16.112.58.10001[m::[1;35mstderr[m] 2023-09-24 01:45:58.266875: I tensorflow/stream_executor/platform/default/dso_loader.cc:49] Successfully opened dynamic library libcudart.so.10.1
[[1;32m172.16.112.58.10000[m::[1;35mstderr[m] 2023-09-24 01:45:58.266875: I tensorflow/stream_executor/platform/default/dso_loader.cc:49] Successfully opened dynamic library libcudart.so.10.1
[[1;33m172.16.112.57.10002[m::[1;35mstderr[m] 2023-09-24 01:45:58.362283: I tensorflow/stream_executor/platform/default/dso_loader.cc:49] Successfully opened dynamic library libcudart.so.10.1
[[1;34m172.16.112.57.10001[m::[1;35mstderr[m] 2023-09-24 01:45:58.362282: I tensorflow/stream_executor/platform/default/dso_loader.cc:49] Successfully opened dynamic library libcudart.so.10.1
[[1;32m172.16.112.57.10000[m::[1;35mstderr[m] 2023-09-24 01:45:58.362284: I tensorflow/stream_executor/platform/default/dso_loader.cc:49] Successfully opened dynamic library libcudart.so.10.1
[[1;32m172.16.112.58.10000[m::[1;35mstderr[m] 2023-09-24 01:46:17.673062: I tensorflow/stream_executor/platform/default/dso_loader.cc:49] Successfully opened dynamic library libcuda.so.1
[[1;34m172.16.112.58.10001[m::[1;35mstderr[m] 2023-09-24 01:46:17.673065: I tensorflow/stream_executor/platform/default/dso_loader.cc:49] Successfully opened dynamic library libcuda.so.1
[[1;32m172.16.112.57.10000[m::[1;35mstderr[m] 2023-09-24 01:46:17.678911: I tensorflow/stream_executor/platform/default/dso_loader.cc:49] Successfully opened dynamic library libcuda.so.1
[[1;33m172.16.112.57.10002[m::[1;35mstderr[m] 2023-09-24 01:46:17.678900: I tensorflow/stream_executor/platform/default/dso_loader.cc:49] Successfully opened dynamic library libcuda.so.1
[[1;34m172.16.112.57.10001[m::[1;35mstderr[m] 2023-09-24 01:46:17.678900: I tensorflow/stream_executor/platform/default/dso_loader.cc:49] Successfully opened dynamic library libcuda.so.1
[[1;34m172.16.112.58.10001[m::[1;35mstderr[m] 2023-09-24 01:46:17.684347: E tensorflow/stream_executor/cuda/cuda_driver.cc:328] failed call to cuInit: CUDA_ERROR_NO_DEVICE: no CUDA-capable device is detected
[[1;34m172.16.112.58.10001[m::[1;35mstderr[m] 2023-09-24 01:46:17.684418: I tensorflow/stream_executor/cuda/cuda_diagnostics.cc:156] kernel driver does not appear to be running on this host (node130): /proc/driver/nvidia/version does not exist
[[1;32m172.16.112.58.10000[m::[1;35mstderr[m] 2023-09-24 01:46:17.684340: E tensorflow/stream_executor/cuda/cuda_driver.cc:328] failed call to cuInit: CUDA_ERROR_NO_DEVICE: no CUDA-capable device is detected
[[1;32m172.16.112.58.10000[m::[1;35mstderr[m] 2023-09-24 01:46:17.684416: I tensorflow/stream_executor/cuda/cuda_diagnostics.cc:156] kernel driver does not appear to be running on this host (node130): /proc/driver/nvidia/version does not exist
[[1;32m172.16.112.58.10000[m::[1;35mstderr[m] 2023-09-24 01:46:17.685353: I tensorflow/core/platform/cpu_feature_guard.cc:142] This TensorFlow binary is optimized with oneAPI Deep Neural Network Library (oneDNN) to use the following CPU instructions in performance-critical operations:  SSE3 SSE4.1 SSE4.2 AVX
[[1;34m172.16.112.58.10001[m::[1;35mstderr[m] 2023-09-24 01:46:17.685353: I tensorflow/core/platform/cpu_feature_guard.cc:142] This TensorFlow binary is optimized with oneAPI Deep Neural Network Library (oneDNN) to use the following CPU instructions in performance-critical operations:  SSE3 SSE4.1 SSE4.2 AVX
[[1;32m172.16.112.58.10000[m::[1;35mstderr[m] To enable them in other operations, rebuild TensorFlow with the appropriate compiler flags.
[[1;34m172.16.112.58.10001[m::[1;35mstderr[m] To enable them in other operations, rebuild TensorFlow with the appropriate compiler flags.
[[1;34m172.16.112.57.10001[m::[1;35mstderr[m] 2023-09-24 01:46:17.693322: E tensorflow/stream_executor/cuda/cuda_driver.cc:328] failed call to cuInit: CUDA_ERROR_NO_DEVICE: no CUDA-capable device is detected
[[1;33m172.16.112.57.10002[m::[1;35mstderr[m] 2023-09-24 01:46:17.693322: E tensorflow/stream_executor/cuda/cuda_driver.cc:328] failed call to cuInit: CUDA_ERROR_NO_DEVICE: no CUDA-capable device is detected
[[1;32m172.16.112.57.10000[m::[1;35mstderr[m] 2023-09-24 01:46:17.693330: E tensorflow/stream_executor/cuda/cuda_driver.cc:328] failed call to cuInit: CUDA_ERROR_NO_DEVICE: no CUDA-capable device is detected
[[1;32m172.16.112.57.10000[m::[1;35mstderr[m] 2023-09-24 01:46:17.693394: I tensorflow/stream_executor/cuda/cuda_diagnostics.cc:156] kernel driver does not appear to be running on this host (node129): /proc/driver/nvidia/version does not exist
[[1;33m172.16.112.57.10002[m::[1;35mstderr[m] 2023-09-24 01:46:17.693361: I tensorflow/stream_executor/cuda/cuda_diagnostics.cc:156] kernel driver does not appear to be running on this host (node129): /proc/driver/nvidia/version does not exist
[[1;34m172.16.112.57.10001[m::[1;35mstderr[m] 2023-09-24 01:46:17.693360: I tensorflow/stream_executor/cuda/cuda_diagnostics.cc:156] kernel driver does not appear to be running on this host (node129): /proc/driver/nvidia/version does not exist
[[1;34m172.16.112.57.10001[m::[1;35mstderr[m] 2023-09-24 01:46:17.694030: I tensorflow/core/platform/cpu_feature_guard.cc:142] This TensorFlow binary is optimized with oneAPI Deep Neural Network Library (oneDNN) to use the following CPU instructions in performance-critical operations:  SSE3 SSE4.1 SSE4.2 AVX
[[1;34m172.16.112.57.10001[m::[1;35mstderr[m] To enable them in other operations, rebuild TensorFlow with the appropriate compiler flags.
[[1;33m172.16.112.57.10002[m::[1;35mstderr[m] 2023-09-24 01:46:17.694028: I tensorflow/core/platform/cpu_feature_guard.cc:142] This TensorFlow binary is optimized with oneAPI Deep Neural Network Library (oneDNN) to use the following CPU instructions in performance-critical operations:  SSE3 SSE4.1 SSE4.2 AVX
[[1;33m172.16.112.57.10002[m::[1;35mstderr[m] To enable them in other operations, rebuild TensorFlow with the appropriate compiler flags.
[[1;32m172.16.112.57.10000[m::[1;35mstderr[m] 2023-09-24 01:46:17.694171: I tensorflow/core/platform/cpu_feature_guard.cc:142] This TensorFlow binary is optimized with oneAPI Deep Neural Network Library (oneDNN) to use the following CPU instructions in performance-critical operations:  SSE3 SSE4.1 SSE4.2 AVX
[[1;32m172.16.112.57.10000[m::[1;35mstderr[m] To enable them in other operations, rebuild TensorFlow with the appropriate compiler flags.
[[1;34m172.16.112.58.10001[m::[1;35mstderr[m] 2023-09-24 01:46:17.704016: I tensorflow/core/platform/profile_utils/cpu_utils.cc:112] CPU Frequency: 2793240000 Hz
[[1;32m172.16.112.58.10000[m::[1;35mstderr[m] 2023-09-24 01:46:17.704132: I tensorflow/core/platform/profile_utils/cpu_utils.cc:112] CPU Frequency: 2793240000 Hz
[[1;34m172.16.112.58.10001[m::[1;35mstderr[m] 2023-09-24 01:46:17.707322: I tensorflow/compiler/xla/service/service.cc:168] XLA service 0x4706910 initialized for platform Host (this does not guarantee that XLA will be used). Devices:
[[1;34m172.16.112.58.10001[m::[1;35mstderr[m] 2023-09-24 01:46:17.707344: I tensorflow/compiler/xla/service/service.cc:176]   StreamExecutor device (0): Host, Default Version
[[1;32m172.16.112.58.10000[m::[1;35mstderr[m] 2023-09-24 01:46:17.707681: I tensorflow/compiler/xla/service/service.cc:168] XLA service 0x4317b10 initialized for platform Host (this does not guarantee that XLA will be used). Devices:
[[1;32m172.16.112.58.10000[m::[1;35mstderr[m] 2023-09-24 01:46:17.707705: I tensorflow/compiler/xla/service/service.cc:176]   StreamExecutor device (0): Host, Default Version
[[1;34m172.16.112.57.10001[m::[1;35mstderr[m] 2023-09-24 01:46:17.707818: I tensorflow/core/platform/profile_utils/cpu_utils.cc:112] CPU Frequency: 2793330000 Hz
[[1;33m172.16.112.57.10002[m::[1;35mstderr[m] 2023-09-24 01:46:17.708009: I tensorflow/core/platform/profile_utils/cpu_utils.cc:112] CPU Frequency: 2793330000 Hz
[[1;34m172.16.112.57.10001[m::[1;35mstderr[m] 2023-09-24 01:46:17.711029: I tensorflow/compiler/xla/service/service.cc:168] XLA service 0x59d24d0 initialized for platform Host (this does not guarantee that XLA will be used). Devices:
[[1;34m172.16.112.57.10001[m::[1;35mstderr[m] 2023-09-24 01:46:17.711053: I tensorflow/compiler/xla/service/service.cc:176]   StreamExecutor device (0): Host, Default Version
[[1;33m172.16.112.57.10002[m::[1;35mstderr[m] 2023-09-24 01:46:17.711213: I tensorflow/compiler/xla/service/service.cc:168] XLA service 0x44707c0 initialized for platform Host (this does not guarantee that XLA will be used). Devices:
[[1;33m172.16.112.57.10002[m::[1;35mstderr[m] 2023-09-24 01:46:17.711236: I tensorflow/compiler/xla/service/service.cc:176]   StreamExecutor device (0): Host, Default Version
[[1;32m172.16.112.57.10000[m::[1;35mstderr[m] 2023-09-24 01:46:17.714329: I tensorflow/core/platform/profile_utils/cpu_utils.cc:112] CPU Frequency: 2793330000 Hz
[[1;32m172.16.112.57.10000[m::[1;35mstderr[m] 2023-09-24 01:46:17.716945: I tensorflow/compiler/xla/service/service.cc:168] XLA service 0x3e35400 initialized for platform Host (this does not guarantee that XLA will be used). Devices:
[[1;32m172.16.112.57.10000[m::[1;35mstderr[m] 2023-09-24 01:46:17.716962: I tensorflow/compiler/xla/service/service.cc:176]   StreamExecutor device (0): Host, Default Version
[[1;32m172.16.112.57.10000[m::[1;35mstderr[m] 2023-09-24 01:46:20.968665: I tensorflow/compiler/mlir/mlir_graph_optimization_pass.cc:116] None of the MLIR optimization passes are enabled (registered 2)
[[1;33m172.16.112.57.10002[m::[1;35mstderr[m] 2023-09-24 01:46:20.969127: I tensorflow/compiler/mlir/mlir_graph_optimization_pass.cc:116] None of the MLIR optimization passes are enabled (registered 2)
[[1;34m172.16.112.57.10001[m::[1;35mstderr[m] 2023-09-24 01:46:20.970903: I tensorflow/compiler/mlir/mlir_graph_optimization_pass.cc:116] None of the MLIR optimization passes are enabled (registered 2)
[[1;34m172.16.112.58.10001[m::[1;35mstderr[m] 2023-09-24 01:46:20.973226: I tensorflow/compiler/mlir/mlir_graph_optimization_pass.cc:116] None of the MLIR optimization passes are enabled (registered 2)
[[1;32m172.16.112.58.10000[m::[1;35mstderr[m] 2023-09-24 01:46:20.975209: I tensorflow/compiler/mlir/mlir_graph_optimization_pass.cc:116] None of the MLIR optimization passes are enabled (registered 2)
[W] invalid valud of CUDA_VISIBLE_DEVICES: "NoDevFiles"
[W] invalid valud of CUDA_VISIBLE_DEVICES: "NoDevFiles"
[W] invalid valud of CUDA_VISIBLE_DEVICES: "NoDevFiles"
[W] invalid valud of CUDA_VISIBLE_DEVICES: "NoDevFiles"
[W] invalid valud of CUDA_VISIBLE_DEVICES: "NoDevFiles"
[[1;33m172.16.112.57.10002[m::[1;35mstderr[m] 2023-09-24 03:07:50.508547: I tensorflow/stream_executor/platform/default/dso_loader.cc:49] Successfully opened dynamic library libcudart.so.10.1
[[1;32m172.16.112.57.10000[m::[1;35mstderr[m] 2023-09-24 03:07:50.508595: I tensorflow/stream_executor/platform/default/dso_loader.cc:49] Successfully opened dynamic library libcudart.so.10.1
[[1;34m172.16.112.57.10001[m::[1;35mstderr[m] 2023-09-24 03:07:50.508595: I tensorflow/stream_executor/platform/default/dso_loader.cc:49] Successfully opened dynamic library libcudart.so.10.1
[[1;32m172.16.112.58.10000[m::[1;35mstderr[m] 2023-09-24 03:07:50.525191: I tensorflow/stream_executor/platform/default/dso_loader.cc:49] Successfully opened dynamic library libcudart.so.10.1
[[1;34m172.16.112.58.10001[m::[1;35mstderr[m] 2023-09-24 03:07:50.525191: I tensorflow/stream_executor/platform/default/dso_loader.cc:49] Successfully opened dynamic library libcudart.so.10.1
[[1;32m172.16.112.57.10000[m::[1;35mstderr[m] 2023-09-24 03:08:10.049746: I tensorflow/stream_executor/platform/default/dso_loader.cc:49] Successfully opened dynamic library libcuda.so.1
[[1;33m172.16.112.57.10002[m::[1;35mstderr[m] 2023-09-24 03:08:10.049746: I tensorflow/stream_executor/platform/default/dso_loader.cc:49] Successfully opened dynamic library libcuda.so.1
[[1;34m172.16.112.57.10001[m::[1;35mstderr[m] 2023-09-24 03:08:10.049746: I tensorflow/stream_executor/platform/default/dso_loader.cc:49] Successfully opened dynamic library libcuda.so.1
[[1;32m172.16.112.58.10000[m::[1;35mstderr[m] 2023-09-24 03:08:10.056613: I tensorflow/stream_executor/platform/default/dso_loader.cc:49] Successfully opened dynamic library libcuda.so.1
[[1;34m172.16.112.58.10001[m::[1;35mstderr[m] 2023-09-24 03:08:10.056611: I tensorflow/stream_executor/platform/default/dso_loader.cc:49] Successfully opened dynamic library libcuda.so.1
[[1;33m172.16.112.57.10002[m::[1;35mstderr[m] 2023-09-24 03:08:10.061059: E tensorflow/stream_executor/cuda/cuda_driver.cc:328] failed call to cuInit: CUDA_ERROR_NO_DEVICE: no CUDA-capable device is detected
[[1;34m172.16.112.57.10001[m::[1;35mstderr[m] 2023-09-24 03:08:10.061053: E tensorflow/stream_executor/cuda/cuda_driver.cc:328] failed call to cuInit: CUDA_ERROR_NO_DEVICE: no CUDA-capable device is detected
[[1;33m172.16.112.57.10002[m::[1;35mstderr[m] 2023-09-24 03:08:10.061092: I tensorflow/stream_executor/cuda/cuda_diagnostics.cc:156] kernel driver does not appear to be running on this host (node129): /proc/driver/nvidia/version does not exist
[[1;34m172.16.112.57.10001[m::[1;35mstderr[m] 2023-09-24 03:08:10.061092: I tensorflow/stream_executor/cuda/cuda_diagnostics.cc:156] kernel driver does not appear to be running on this host (node129): /proc/driver/nvidia/version does not exist
[[1;32m172.16.112.57.10000[m::[1;35mstderr[m] 2023-09-24 03:08:10.061063: E tensorflow/stream_executor/cuda/cuda_driver.cc:328] failed call to cuInit: CUDA_ERROR_NO_DEVICE: no CUDA-capable device is detected
[[1;32m172.16.112.57.10000[m::[1;35mstderr[m] 2023-09-24 03:08:10.061092: I tensorflow/stream_executor/cuda/cuda_diagnostics.cc:156] kernel driver does not appear to be running on this host (node129): /proc/driver/nvidia/version does not exist
[[1;32m172.16.112.57.10000[m::[1;35mstderr[m] 2023-09-24 03:08:10.062035: I tensorflow/core/platform/cpu_feature_guard.cc:142] This TensorFlow binary is optimized with oneAPI Deep Neural Network Library (oneDNN) to use the following CPU instructions in performance-critical operations:  SSE3 SSE4.1 SSE4.2 AVX
[[1;34m172.16.112.57.10001[m::[1;35mstderr[m] 2023-09-24 03:08:10.062035: I tensorflow/core/platform/cpu_feature_guard.cc:142] This TensorFlow binary is optimized with oneAPI Deep Neural Network Library (oneDNN) to use the following CPU instructions in performance-critical operations:  SSE3 SSE4.1 SSE4.2 AVX
[[1;32m172.16.112.57.10000[m::[1;35mstderr[m] To enable them in other operations, rebuild TensorFlow with the appropriate compiler flags.
[[1;33m172.16.112.57.10002[m::[1;35mstderr[m] 2023-09-24 03:08:10.062035: I tensorflow/core/platform/cpu_feature_guard.cc:142] This TensorFlow binary is optimized with oneAPI Deep Neural Network Library (oneDNN) to use the following CPU instructions in performance-critical operations:  SSE3 SSE4.1 SSE4.2 AVX
[[1;34m172.16.112.57.10001[m::[1;35mstderr[m] To enable them in other operations, rebuild TensorFlow with the appropriate compiler flags.
[[1;33m172.16.112.57.10002[m::[1;35mstderr[m] To enable them in other operations, rebuild TensorFlow with the appropriate compiler flags.
[[1;32m172.16.112.58.10000[m::[1;35mstderr[m] 2023-09-24 03:08:10.068564: E tensorflow/stream_executor/cuda/cuda_driver.cc:328] failed call to cuInit: CUDA_ERROR_NO_DEVICE: no CUDA-capable device is detected
[[1;34m172.16.112.58.10001[m::[1;35mstderr[m] 2023-09-24 03:08:10.068556: E tensorflow/stream_executor/cuda/cuda_driver.cc:328] failed call to cuInit: CUDA_ERROR_NO_DEVICE: no CUDA-capable device is detected
[[1;32m172.16.112.58.10000[m::[1;35mstderr[m] 2023-09-24 03:08:10.068656: I tensorflow/stream_executor/cuda/cuda_diagnostics.cc:156] kernel driver does not appear to be running on this host (node130): /proc/driver/nvidia/version does not exist
[[1;34m172.16.112.58.10001[m::[1;35mstderr[m] 2023-09-24 03:08:10.068630: I tensorflow/stream_executor/cuda/cuda_diagnostics.cc:156] kernel driver does not appear to be running on this host (node130): /proc/driver/nvidia/version does not exist
[[1;34m172.16.112.58.10001[m::[1;35mstderr[m] 2023-09-24 03:08:10.069568: I tensorflow/core/platform/cpu_feature_guard.cc:142] This TensorFlow binary is optimized with oneAPI Deep Neural Network Library (oneDNN) to use the following CPU instructions in performance-critical operations:  SSE3 SSE4.1 SSE4.2 AVX
[[1;34m172.16.112.58.10001[m::[1;35mstderr[m] To enable them in other operations, rebuild TensorFlow with the appropriate compiler flags.
[[1;32m172.16.112.58.10000[m::[1;35mstderr[m] 2023-09-24 03:08:10.069568: I tensorflow/core/platform/cpu_feature_guard.cc:142] This TensorFlow binary is optimized with oneAPI Deep Neural Network Library (oneDNN) to use the following CPU instructions in performance-critical operations:  SSE3 SSE4.1 SSE4.2 AVX
[[1;32m172.16.112.58.10000[m::[1;35mstderr[m] To enable them in other operations, rebuild TensorFlow with the appropriate compiler flags.
[[1;34m172.16.112.57.10001[m::[1;35mstderr[m] 2023-09-24 03:08:10.074579: I tensorflow/core/platform/profile_utils/cpu_utils.cc:112] CPU Frequency: 2793330000 Hz
[[1;33m172.16.112.57.10002[m::[1;35mstderr[m] 2023-09-24 03:08:10.074695: I tensorflow/core/platform/profile_utils/cpu_utils.cc:112] CPU Frequency: 2793330000 Hz
[[1;32m172.16.112.57.10000[m::[1;35mstderr[m] 2023-09-24 03:08:10.074710: I tensorflow/core/platform/profile_utils/cpu_utils.cc:112] CPU Frequency: 2793330000 Hz
[[1;34m172.16.112.57.10001[m::[1;35mstderr[m] 2023-09-24 03:08:10.077873: I tensorflow/compiler/xla/service/service.cc:168] XLA service 0x58df6d0 initialized for platform Host (this does not guarantee that XLA will be used). Devices:
[[1;34m172.16.112.57.10001[m::[1;35mstderr[m] 2023-09-24 03:08:10.077905: I tensorflow/compiler/xla/service/service.cc:176]   StreamExecutor device (0): Host, Default Version
[[1;33m172.16.112.57.10002[m::[1;35mstderr[m] 2023-09-24 03:08:10.078016: I tensorflow/compiler/xla/service/service.cc:168] XLA service 0x40cb390 initialized for platform Host (this does not guarantee that XLA will be used). Devices:
[[1;33m172.16.112.57.10002[m::[1;35mstderr[m] 2023-09-24 03:08:10.078045: I tensorflow/compiler/xla/service/service.cc:176]   StreamExecutor device (0): Host, Default Version
[[1;32m172.16.112.57.10000[m::[1;35mstderr[m] 2023-09-24 03:08:10.078831: I tensorflow/compiler/xla/service/service.cc:168] XLA service 0x418f660 initialized for platform Host (this does not guarantee that XLA will be used). Devices:
[[1;32m172.16.112.57.10000[m::[1;35mstderr[m] 2023-09-24 03:08:10.078856: I tensorflow/compiler/xla/service/service.cc:176]   StreamExecutor device (0): Host, Default Version
[[1;32m172.16.112.58.10000[m::[1;35mstderr[m] 2023-09-24 03:08:10.091369: I tensorflow/core/platform/profile_utils/cpu_utils.cc:112] CPU Frequency: 2793240000 Hz
[[1;34m172.16.112.58.10001[m::[1;35mstderr[m] 2023-09-24 03:08:10.091734: I tensorflow/core/platform/profile_utils/cpu_utils.cc:112] CPU Frequency: 2793240000 Hz
[[1;32m172.16.112.58.10000[m::[1;35mstderr[m] 2023-09-24 03:08:10.094750: I tensorflow/compiler/xla/service/service.cc:168] XLA service 0x5a54610 initialized for platform Host (this does not guarantee that XLA will be used). Devices:
[[1;32m172.16.112.58.10000[m::[1;35mstderr[m] 2023-09-24 03:08:10.094772: I tensorflow/compiler/xla/service/service.cc:176]   StreamExecutor device (0): Host, Default Version
[[1;34m172.16.112.58.10001[m::[1;35mstderr[m] 2023-09-24 03:08:10.095164: I tensorflow/compiler/xla/service/service.cc:168] XLA service 0x595b570 initialized for platform Host (this does not guarantee that XLA will be used). Devices:
[[1;34m172.16.112.58.10001[m::[1;35mstderr[m] 2023-09-24 03:08:10.095190: I tensorflow/compiler/xla/service/service.cc:176]   StreamExecutor device (0): Host, Default Version
[[1;33m172.16.112.57.10002[m::[1;35mstderr[m] 2023-09-24 03:08:13.421918: I tensorflow/compiler/mlir/mlir_graph_optimization_pass.cc:116] None of the MLIR optimization passes are enabled (registered 2)
[[1;32m172.16.112.57.10000[m::[1;35mstderr[m] 2023-09-24 03:08:13.423496: I tensorflow/compiler/mlir/mlir_graph_optimization_pass.cc:116] None of the MLIR optimization passes are enabled (registered 2)
[[1;32m172.16.112.58.10000[m::[1;35mstderr[m] 2023-09-24 03:08:13.424482: I tensorflow/compiler/mlir/mlir_graph_optimization_pass.cc:116] None of the MLIR optimization passes are enabled (registered 2)
[[1;34m172.16.112.57.10001[m::[1;35mstderr[m] 2023-09-24 03:08:13.425045: I tensorflow/compiler/mlir/mlir_graph_optimization_pass.cc:116] None of the MLIR optimization passes are enabled (registered 2)
[[1;34m172.16.112.58.10001[m::[1;35mstderr[m] 2023-09-24 03:08:13.435377: I tensorflow/compiler/mlir/mlir_graph_optimization_pass.cc:116] None of the MLIR optimization passes are enabled (registered 2)
[W] invalid valud of CUDA_VISIBLE_DEVICES: "NoDevFiles"
[W] invalid valud of CUDA_VISIBLE_DEVICES: "NoDevFiles"
[W] invalid valud of CUDA_VISIBLE_DEVICES: "NoDevFiles"
[W] invalid valud of CUDA_VISIBLE_DEVICES: "NoDevFiles"
[W] invalid valud of CUDA_VISIBLE_DEVICES: "NoDevFiles"
[[1;32m172.16.112.58.10000[m::[1;35mstderr[m] 2023-09-24 03:53:54.950988: I tensorflow/stream_executor/platform/default/dso_loader.cc:49] Successfully opened dynamic library libcudart.so.10.1
[[1;34m172.16.112.58.10001[m::[1;35mstderr[m] 2023-09-24 03:53:54.951128: I tensorflow/stream_executor/platform/default/dso_loader.cc:49] Successfully opened dynamic library libcudart.so.10.1
[[1;33m172.16.112.57.10002[m::[1;35mstderr[m] 2023-09-24 03:53:54.958135: I tensorflow/stream_executor/platform/default/dso_loader.cc:49] Successfully opened dynamic library libcudart.so.10.1
[[1;34m172.16.112.57.10001[m::[1;35mstderr[m] 2023-09-24 03:53:54.958135: I tensorflow/stream_executor/platform/default/dso_loader.cc:49] Successfully opened dynamic library libcudart.so.10.1
[[1;32m172.16.112.57.10000[m::[1;35mstderr[m] 2023-09-24 03:53:54.958134: I tensorflow/stream_executor/platform/default/dso_loader.cc:49] Successfully opened dynamic library libcudart.so.10.1
[[1;34m172.16.112.58.10001[m::[1;35mstderr[m] 2023-09-24 03:54:23.307123: I tensorflow/stream_executor/platform/default/dso_loader.cc:49] Successfully opened dynamic library libcuda.so.1
[[1;32m172.16.112.58.10000[m::[1;35mstderr[m] 2023-09-24 03:54:23.307123: I tensorflow/stream_executor/platform/default/dso_loader.cc:49] Successfully opened dynamic library libcuda.so.1
[[1;32m172.16.112.57.10000[m::[1;35mstderr[m] 2023-09-24 03:54:23.313013: I tensorflow/stream_executor/platform/default/dso_loader.cc:49] Successfully opened dynamic library libcuda.so.1
[[1;34m172.16.112.57.10001[m::[1;35mstderr[m] 2023-09-24 03:54:23.313013: I tensorflow/stream_executor/platform/default/dso_loader.cc:49] Successfully opened dynamic library libcuda.so.1
[[1;33m172.16.112.57.10002[m::[1;35mstderr[m] 2023-09-24 03:54:23.313033: I tensorflow/stream_executor/platform/default/dso_loader.cc:49] Successfully opened dynamic library libcuda.so.1
[[1;32m172.16.112.58.10000[m::[1;35mstderr[m] 2023-09-24 03:54:23.319042: E tensorflow/stream_executor/cuda/cuda_driver.cc:328] failed call to cuInit: CUDA_ERROR_NO_DEVICE: no CUDA-capable device is detected
[[1;34m172.16.112.58.10001[m::[1;35mstderr[m] 2023-09-24 03:54:23.319030: E tensorflow/stream_executor/cuda/cuda_driver.cc:328] failed call to cuInit: CUDA_ERROR_NO_DEVICE: no CUDA-capable device is detected
[[1;32m172.16.112.58.10000[m::[1;35mstderr[m] 2023-09-24 03:54:23.319110: I tensorflow/stream_executor/cuda/cuda_diagnostics.cc:156] kernel driver does not appear to be running on this host (node130): /proc/driver/nvidia/version does not exist
[[1;34m172.16.112.58.10001[m::[1;35mstderr[m] 2023-09-24 03:54:23.319106: I tensorflow/stream_executor/cuda/cuda_diagnostics.cc:156] kernel driver does not appear to be running on this host (node130): /proc/driver/nvidia/version does not exist
[[1;34m172.16.112.58.10001[m::[1;35mstderr[m] 2023-09-24 03:54:23.320027: I tensorflow/core/platform/cpu_feature_guard.cc:142] This TensorFlow binary is optimized with oneAPI Deep Neural Network Library (oneDNN) to use the following CPU instructions in performance-critical operations:  SSE3 SSE4.1 SSE4.2 AVX
[[1;32m172.16.112.58.10000[m::[1;35mstderr[m] 2023-09-24 03:54:23.320028: I tensorflow/core/platform/cpu_feature_guard.cc:142] This TensorFlow binary is optimized with oneAPI Deep Neural Network Library (oneDNN) to use the following CPU instructions in performance-critical operations:  SSE3 SSE4.1 SSE4.2 AVX
[[1;34m172.16.112.58.10001[m::[1;35mstderr[m] To enable them in other operations, rebuild TensorFlow with the appropriate compiler flags.
[[1;32m172.16.112.58.10000[m::[1;35mstderr[m] To enable them in other operations, rebuild TensorFlow with the appropriate compiler flags.
[[1;34m172.16.112.57.10001[m::[1;35mstderr[m] 2023-09-24 03:54:23.328420: E tensorflow/stream_executor/cuda/cuda_driver.cc:328] failed call to cuInit: CUDA_ERROR_NO_DEVICE: no CUDA-capable device is detected
[[1;33m172.16.112.57.10002[m::[1;35mstderr[m] 2023-09-24 03:54:23.328416: E tensorflow/stream_executor/cuda/cuda_driver.cc:328] failed call to cuInit: CUDA_ERROR_NO_DEVICE: no CUDA-capable device is detected
[[1;32m172.16.112.57.10000[m::[1;35mstderr[m] 2023-09-24 03:54:23.328414: E tensorflow/stream_executor/cuda/cuda_driver.cc:328] failed call to cuInit: CUDA_ERROR_NO_DEVICE: no CUDA-capable device is detected
[[1;33m172.16.112.57.10002[m::[1;35mstderr[m] 2023-09-24 03:54:23.328505: I tensorflow/stream_executor/cuda/cuda_diagnostics.cc:156] kernel driver does not appear to be running on this host (node129): /proc/driver/nvidia/version does not exist
[[1;34m172.16.112.57.10001[m::[1;35mstderr[m] 2023-09-24 03:54:23.328510: I tensorflow/stream_executor/cuda/cuda_diagnostics.cc:156] kernel driver does not appear to be running on this host (node129): /proc/driver/nvidia/version does not exist
[[1;32m172.16.112.57.10000[m::[1;35mstderr[m] 2023-09-24 03:54:23.328504: I tensorflow/stream_executor/cuda/cuda_diagnostics.cc:156] kernel driver does not appear to be running on this host (node129): /proc/driver/nvidia/version does not exist
[[1;33m172.16.112.57.10002[m::[1;35mstderr[m] 2023-09-24 03:54:23.329404: I tensorflow/core/platform/cpu_feature_guard.cc:142] This TensorFlow binary is optimized with oneAPI Deep Neural Network Library (oneDNN) to use the following CPU instructions in performance-critical operations:  SSE3 SSE4.1 SSE4.2 AVX
[[1;32m172.16.112.57.10000[m::[1;35mstderr[m] 2023-09-24 03:54:23.329389: I tensorflow/core/platform/cpu_feature_guard.cc:142] This TensorFlow binary is optimized with oneAPI Deep Neural Network Library (oneDNN) to use the following CPU instructions in performance-critical operations:  SSE3 SSE4.1 SSE4.2 AVX
[[1;34m172.16.112.57.10001[m::[1;35mstderr[m] 2023-09-24 03:54:23.329382: I tensorflow/core/platform/cpu_feature_guard.cc:142] This TensorFlow binary is optimized with oneAPI Deep Neural Network Library (oneDNN) to use the following CPU instructions in performance-critical operations:  SSE3 SSE4.1 SSE4.2 AVX
[[1;32m172.16.112.57.10000[m::[1;35mstderr[m] To enable them in other operations, rebuild TensorFlow with the appropriate compiler flags.
[[1;33m172.16.112.57.10002[m::[1;35mstderr[m] To enable them in other operations, rebuild TensorFlow with the appropriate compiler flags.
[[1;34m172.16.112.57.10001[m::[1;35mstderr[m] To enable them in other operations, rebuild TensorFlow with the appropriate compiler flags.
[[1;34m172.16.112.57.10001[m::[1;35mstderr[m] 2023-09-24 03:54:23.341535: I tensorflow/core/platform/profile_utils/cpu_utils.cc:112] CPU Frequency: 2793330000 Hz
[[1;32m172.16.112.58.10000[m::[1;35mstderr[m] 2023-09-24 03:54:23.341624: I tensorflow/core/platform/profile_utils/cpu_utils.cc:112] CPU Frequency: 2793240000 Hz
[[1;32m172.16.112.57.10000[m::[1;35mstderr[m] 2023-09-24 03:54:23.341969: I tensorflow/core/platform/profile_utils/cpu_utils.cc:112] CPU Frequency: 2793330000 Hz
[[1;34m172.16.112.58.10001[m::[1;35mstderr[m] 2023-09-24 03:54:23.342447: I tensorflow/core/platform/profile_utils/cpu_utils.cc:112] CPU Frequency: 2793240000 Hz
[[1;34m172.16.112.57.10001[m::[1;35mstderr[m] 2023-09-24 03:54:23.344520: I tensorflow/compiler/xla/service/service.cc:168] XLA service 0x40888a0 initialized for platform Host (this does not guarantee that XLA will be used). Devices:
[[1;34m172.16.112.57.10001[m::[1;35mstderr[m] 2023-09-24 03:54:23.344545: I tensorflow/compiler/xla/service/service.cc:176]   StreamExecutor device (0): Host, Default Version
[[1;32m172.16.112.57.10000[m::[1;35mstderr[m] 2023-09-24 03:54:23.344693: I tensorflow/compiler/xla/service/service.cc:168] XLA service 0x59d8660 initialized for platform Host (this does not guarantee that XLA will be used). Devices:
[[1;32m172.16.112.57.10000[m::[1;35mstderr[m] 2023-09-24 03:54:23.344716: I tensorflow/compiler/xla/service/service.cc:176]   StreamExecutor device (0): Host, Default Version
[[1;33m172.16.112.57.10002[m::[1;35mstderr[m] 2023-09-24 03:54:23.344773: I tensorflow/core/platform/profile_utils/cpu_utils.cc:112] CPU Frequency: 2793330000 Hz
[[1;32m172.16.112.58.10000[m::[1;35mstderr[m] 2023-09-24 03:54:23.344934: I tensorflow/compiler/xla/service/service.cc:168] XLA service 0x3e03520 initialized for platform Host (this does not guarantee that XLA will be used). Devices:
[[1;32m172.16.112.58.10000[m::[1;35mstderr[m] 2023-09-24 03:54:23.344960: I tensorflow/compiler/xla/service/service.cc:176]   StreamExecutor device (0): Host, Default Version
[[1;34m172.16.112.58.10001[m::[1;35mstderr[m] 2023-09-24 03:54:23.345867: I tensorflow/compiler/xla/service/service.cc:168] XLA service 0x3e8e8a0 initialized for platform Host (this does not guarantee that XLA will be used). Devices:
[[1;34m172.16.112.58.10001[m::[1;35mstderr[m] 2023-09-24 03:54:23.345893: I tensorflow/compiler/xla/service/service.cc:176]   StreamExecutor device (0): Host, Default Version
[[1;33m172.16.112.57.10002[m::[1;35mstderr[m] 2023-09-24 03:54:23.347439: I tensorflow/compiler/xla/service/service.cc:168] XLA service 0x5966870 initialized for platform Host (this does not guarantee that XLA will be used). Devices:
[[1;33m172.16.112.57.10002[m::[1;35mstderr[m] 2023-09-24 03:54:23.347465: I tensorflow/compiler/xla/service/service.cc:176]   StreamExecutor device (0): Host, Default Version
[[1;34m172.16.112.57.10001[m::[1;35mstderr[m] 2023-09-24 03:54:26.993301: I tensorflow/compiler/mlir/mlir_graph_optimization_pass.cc:116] None of the MLIR optimization passes are enabled (registered 2)
[[1;33m172.16.112.57.10002[m::[1;35mstderr[m] 2023-09-24 03:54:26.996602: I tensorflow/compiler/mlir/mlir_graph_optimization_pass.cc:116] None of the MLIR optimization passes are enabled (registered 2)
[[1;34m172.16.112.58.10001[m::[1;35mstderr[m] 2023-09-24 03:54:26.997100: I tensorflow/compiler/mlir/mlir_graph_optimization_pass.cc:116] None of the MLIR optimization passes are enabled (registered 2)
[[1;32m172.16.112.57.10000[m::[1;35mstderr[m] 2023-09-24 03:54:26.997428: I tensorflow/compiler/mlir/mlir_graph_optimization_pass.cc:116] None of the MLIR optimization passes are enabled (registered 2)
[[1;32m172.16.112.58.10000[m::[1;35mstderr[m] 2023-09-24 03:54:27.014985: I tensorflow/compiler/mlir/mlir_graph_optimization_pass.cc:116] None of the MLIR optimization passes are enabled (registered 2)
[W] invalid valud of CUDA_VISIBLE_DEVICES: "NoDevFiles"
[W] invalid valud of CUDA_VISIBLE_DEVICES: "NoDevFiles"
[W] invalid valud of CUDA_VISIBLE_DEVICES: "NoDevFiles"
[W] invalid valud of CUDA_VISIBLE_DEVICES: "NoDevFiles"
[W] invalid valud of CUDA_VISIBLE_DEVICES: "NoDevFiles"
[[1;33m172.16.112.57.10002[m::[1;35mstderr[m] 2023-09-24 04:39:02.696996: I tensorflow/stream_executor/platform/default/dso_loader.cc:49] Successfully opened dynamic library libcudart.so.10.1
[[1;32m172.16.112.57.10000[m::[1;35mstderr[m] 2023-09-24 04:39:02.696996: I tensorflow/stream_executor/platform/default/dso_loader.cc:49] Successfully opened dynamic library libcudart.so.10.1
[[1;34m172.16.112.57.10001[m::[1;35mstderr[m] 2023-09-24 04:39:02.697199: I tensorflow/stream_executor/platform/default/dso_loader.cc:49] Successfully opened dynamic library libcudart.so.10.1
[[1;34m172.16.112.58.10001[m::[1;35mstderr[m] 2023-09-24 04:39:02.712508: I tensorflow/stream_executor/platform/default/dso_loader.cc:49] Successfully opened dynamic library libcudart.so.10.1
[[1;32m172.16.112.58.10000[m::[1;35mstderr[m] 2023-09-24 04:39:02.712506: I tensorflow/stream_executor/platform/default/dso_loader.cc:49] Successfully opened dynamic library libcudart.so.10.1
[[1;32m172.16.112.58.10000[m::[1;35mstderr[m] 2023-09-24 04:39:32.141399: I tensorflow/stream_executor/platform/default/dso_loader.cc:49] Successfully opened dynamic library libcuda.so.1
[[1;34m172.16.112.58.10001[m::[1;35mstderr[m] 2023-09-24 04:39:32.141399: I tensorflow/stream_executor/platform/default/dso_loader.cc:49] Successfully opened dynamic library libcuda.so.1
[[1;33m172.16.112.57.10002[m::[1;35mstderr[m] 2023-09-24 04:39:32.147881: I tensorflow/stream_executor/platform/default/dso_loader.cc:49] Successfully opened dynamic library libcuda.so.1
[[1;32m172.16.112.57.10000[m::[1;35mstderr[m] 2023-09-24 04:39:32.147883: I tensorflow/stream_executor/platform/default/dso_loader.cc:49] Successfully opened dynamic library libcuda.so.1
[[1;34m172.16.112.57.10001[m::[1;35mstderr[m] 2023-09-24 04:39:32.147885: I tensorflow/stream_executor/platform/default/dso_loader.cc:49] Successfully opened dynamic library libcuda.so.1
[[1;32m172.16.112.58.10000[m::[1;35mstderr[m] 2023-09-24 04:39:32.153066: E tensorflow/stream_executor/cuda/cuda_driver.cc:328] failed call to cuInit: CUDA_ERROR_NO_DEVICE: no CUDA-capable device is detected
[[1;34m172.16.112.58.10001[m::[1;35mstderr[m] 2023-09-24 04:39:32.153057: E tensorflow/stream_executor/cuda/cuda_driver.cc:328] failed call to cuInit: CUDA_ERROR_NO_DEVICE: no CUDA-capable device is detected
[[1;34m172.16.112.58.10001[m::[1;35mstderr[m] 2023-09-24 04:39:32.153135: I tensorflow/stream_executor/cuda/cuda_diagnostics.cc:156] kernel driver does not appear to be running on this host (node130): /proc/driver/nvidia/version does not exist
[[1;32m172.16.112.58.10000[m::[1;35mstderr[m] 2023-09-24 04:39:32.153136: I tensorflow/stream_executor/cuda/cuda_diagnostics.cc:156] kernel driver does not appear to be running on this host (node130): /proc/driver/nvidia/version does not exist
[[1;32m172.16.112.58.10000[m::[1;35mstderr[m] 2023-09-24 04:39:32.154072: I tensorflow/core/platform/cpu_feature_guard.cc:142] This TensorFlow binary is optimized with oneAPI Deep Neural Network Library (oneDNN) to use the following CPU instructions in performance-critical operations:  SSE3 SSE4.1 SSE4.2 AVX
[[1;34m172.16.112.58.10001[m::[1;35mstderr[m] 2023-09-24 04:39:32.154070: I tensorflow/core/platform/cpu_feature_guard.cc:142] This TensorFlow binary is optimized with oneAPI Deep Neural Network Library (oneDNN) to use the following CPU instructions in performance-critical operations:  SSE3 SSE4.1 SSE4.2 AVX
[[1;32m172.16.112.58.10000[m::[1;35mstderr[m] To enable them in other operations, rebuild TensorFlow with the appropriate compiler flags.
[[1;34m172.16.112.58.10001[m::[1;35mstderr[m] To enable them in other operations, rebuild TensorFlow with the appropriate compiler flags.
[[1;33m172.16.112.57.10002[m::[1;35mstderr[m] 2023-09-24 04:39:32.163497: E tensorflow/stream_executor/cuda/cuda_driver.cc:328] failed call to cuInit: CUDA_ERROR_NO_DEVICE: no CUDA-capable device is detected
[[1;32m172.16.112.57.10000[m::[1;35mstderr[m] 2023-09-24 04:39:32.163493: E tensorflow/stream_executor/cuda/cuda_driver.cc:328] failed call to cuInit: CUDA_ERROR_NO_DEVICE: no CUDA-capable device is detected
[[1;33m172.16.112.57.10002[m::[1;35mstderr[m] 2023-09-24 04:39:32.163587: I tensorflow/stream_executor/cuda/cuda_diagnostics.cc:156] kernel driver does not appear to be running on this host (node129): /proc/driver/nvidia/version does not exist
[[1;32m172.16.112.57.10000[m::[1;35mstderr[m] 2023-09-24 04:39:32.163587: I tensorflow/stream_executor/cuda/cuda_diagnostics.cc:156] kernel driver does not appear to be running on this host (node129): /proc/driver/nvidia/version does not exist
[[1;34m172.16.112.57.10001[m::[1;35mstderr[m] 2023-09-24 04:39:32.163508: E tensorflow/stream_executor/cuda/cuda_driver.cc:328] failed call to cuInit: CUDA_ERROR_NO_DEVICE: no CUDA-capable device is detected
[[1;34m172.16.112.57.10001[m::[1;35mstderr[m] 2023-09-24 04:39:32.163589: I tensorflow/stream_executor/cuda/cuda_diagnostics.cc:156] kernel driver does not appear to be running on this host (node129): /proc/driver/nvidia/version does not exist
[[1;33m172.16.112.57.10002[m::[1;35mstderr[m] 2023-09-24 04:39:32.164440: I tensorflow/core/platform/cpu_feature_guard.cc:142] This TensorFlow binary is optimized with oneAPI Deep Neural Network Library (oneDNN) to use the following CPU instructions in performance-critical operations:  SSE3 SSE4.1 SSE4.2 AVX
[[1;33m172.16.112.57.10002[m::[1;35mstderr[m] To enable them in other operations, rebuild TensorFlow with the appropriate compiler flags.
[[1;32m172.16.112.57.10000[m::[1;35mstderr[m] 2023-09-24 04:39:32.164505: I tensorflow/core/platform/cpu_feature_guard.cc:142] This TensorFlow binary is optimized with oneAPI Deep Neural Network Library (oneDNN) to use the following CPU instructions in performance-critical operations:  SSE3 SSE4.1 SSE4.2 AVX
[[1;34m172.16.112.57.10001[m::[1;35mstderr[m] 2023-09-24 04:39:32.164485: I tensorflow/core/platform/cpu_feature_guard.cc:142] This TensorFlow binary is optimized with oneAPI Deep Neural Network Library (oneDNN) to use the following CPU instructions in performance-critical operations:  SSE3 SSE4.1 SSE4.2 AVX
[[1;32m172.16.112.57.10000[m::[1;35mstderr[m] To enable them in other operations, rebuild TensorFlow with the appropriate compiler flags.
[[1;34m172.16.112.57.10001[m::[1;35mstderr[m] To enable them in other operations, rebuild TensorFlow with the appropriate compiler flags.
[[1;34m172.16.112.58.10001[m::[1;35mstderr[m] 2023-09-24 04:39:32.173744: I tensorflow/core/platform/profile_utils/cpu_utils.cc:112] CPU Frequency: 2793240000 Hz
[[1;32m172.16.112.58.10000[m::[1;35mstderr[m] 2023-09-24 04:39:32.173813: I tensorflow/core/platform/profile_utils/cpu_utils.cc:112] CPU Frequency: 2793240000 Hz
[[1;34m172.16.112.58.10001[m::[1;35mstderr[m] 2023-09-24 04:39:32.177410: I tensorflow/compiler/xla/service/service.cc:168] XLA service 0x423cae0 initialized for platform Host (this does not guarantee that XLA will be used). Devices:
[[1;34m172.16.112.58.10001[m::[1;35mstderr[m] 2023-09-24 04:39:32.177439: I tensorflow/compiler/xla/service/service.cc:176]   StreamExecutor device (0): Host, Default Version
[[1;32m172.16.112.58.10000[m::[1;35mstderr[m] 2023-09-24 04:39:32.177622: I tensorflow/compiler/xla/service/service.cc:168] XLA service 0x44598e0 initialized for platform Host (this does not guarantee that XLA will be used). Devices:
[[1;32m172.16.112.58.10000[m::[1;35mstderr[m] 2023-09-24 04:39:32.177647: I tensorflow/compiler/xla/service/service.cc:176]   StreamExecutor device (0): Host, Default Version
[[1;33m172.16.112.57.10002[m::[1;35mstderr[m] 2023-09-24 04:39:32.184197: I tensorflow/core/platform/profile_utils/cpu_utils.cc:112] CPU Frequency: 2793330000 Hz
[[1;34m172.16.112.57.10001[m::[1;35mstderr[m] 2023-09-24 04:39:32.184550: I tensorflow/core/platform/profile_utils/cpu_utils.cc:112] CPU Frequency: 2793330000 Hz
[[1;32m172.16.112.57.10000[m::[1;35mstderr[m] 2023-09-24 04:39:32.184861: I tensorflow/core/platform/profile_utils/cpu_utils.cc:112] CPU Frequency: 2793330000 Hz
[[1;34m172.16.112.57.10001[m::[1;35mstderr[m] 2023-09-24 04:39:32.187202: I tensorflow/compiler/xla/service/service.cc:168] XLA service 0x4374a80 initialized for platform Host (this does not guarantee that XLA will be used). Devices:
[[1;34m172.16.112.57.10001[m::[1;35mstderr[m] 2023-09-24 04:39:32.187223: I tensorflow/compiler/xla/service/service.cc:176]   StreamExecutor device (0): Host, Default Version
[[1;32m172.16.112.57.10000[m::[1;35mstderr[m] 2023-09-24 04:39:32.187454: I tensorflow/compiler/xla/service/service.cc:168] XLA service 0x56dac50 initialized for platform Host (this does not guarantee that XLA will be used). Devices:
[[1;32m172.16.112.57.10000[m::[1;35mstderr[m] 2023-09-24 04:39:32.187472: I tensorflow/compiler/xla/service/service.cc:176]   StreamExecutor device (0): Host, Default Version
[[1;33m172.16.112.57.10002[m::[1;35mstderr[m] 2023-09-24 04:39:32.187596: I tensorflow/compiler/xla/service/service.cc:168] XLA service 0x5796a40 initialized for platform Host (this does not guarantee that XLA will be used). Devices:
[[1;33m172.16.112.57.10002[m::[1;35mstderr[m] 2023-09-24 04:39:32.187617: I tensorflow/compiler/xla/service/service.cc:176]   StreamExecutor device (0): Host, Default Version
[[1;34m172.16.112.57.10001[m::[1;35mstderr[m] 2023-09-24 04:39:35.882668: I tensorflow/compiler/mlir/mlir_graph_optimization_pass.cc:116] None of the MLIR optimization passes are enabled (registered 2)
[[1;32m172.16.112.57.10000[m::[1;35mstderr[m] 2023-09-24 04:39:35.883917: I tensorflow/compiler/mlir/mlir_graph_optimization_pass.cc:116] None of the MLIR optimization passes are enabled (registered 2)
[[1;32m172.16.112.58.10000[m::[1;35mstderr[m] 2023-09-24 04:39:35.890295: I tensorflow/compiler/mlir/mlir_graph_optimization_pass.cc:116] None of the MLIR optimization passes are enabled (registered 2)
[[1;33m172.16.112.57.10002[m::[1;35mstderr[m] 2023-09-24 04:39:35.890716: I tensorflow/compiler/mlir/mlir_graph_optimization_pass.cc:116] None of the MLIR optimization passes are enabled (registered 2)
[[1;34m172.16.112.58.10001[m::[1;35mstderr[m] 2023-09-24 04:39:35.890715: I tensorflow/compiler/mlir/mlir_graph_optimization_pass.cc:116] None of the MLIR optimization passes are enabled (registered 2)
[W] invalid valud of CUDA_VISIBLE_DEVICES: "NoDevFiles"
[W] invalid valud of CUDA_VISIBLE_DEVICES: "NoDevFiles"
[W] invalid valud of CUDA_VISIBLE_DEVICES: "NoDevFiles"
[W] invalid valud of CUDA_VISIBLE_DEVICES: "NoDevFiles"
[W] invalid valud of CUDA_VISIBLE_DEVICES: "NoDevFiles"
[[1;32m172.16.112.58.10000[m::[1;35mstderr[m] 2023-09-24 05:51:31.441787: I tensorflow/stream_executor/platform/default/dso_loader.cc:49] Successfully opened dynamic library libcudart.so.10.1
[[1;34m172.16.112.58.10001[m::[1;35mstderr[m] 2023-09-24 05:51:31.441787: I tensorflow/stream_executor/platform/default/dso_loader.cc:49] Successfully opened dynamic library libcudart.so.10.1
[[1;33m172.16.112.57.10002[m::[1;35mstderr[m] 2023-09-24 05:51:31.452916: I tensorflow/stream_executor/platform/default/dso_loader.cc:49] Successfully opened dynamic library libcudart.so.10.1
[[1;34m172.16.112.57.10001[m::[1;35mstderr[m] 2023-09-24 05:51:31.452916: I tensorflow/stream_executor/platform/default/dso_loader.cc:49] Successfully opened dynamic library libcudart.so.10.1
[[1;32m172.16.112.57.10000[m::[1;35mstderr[m] 2023-09-24 05:51:31.452920: I tensorflow/stream_executor/platform/default/dso_loader.cc:49] Successfully opened dynamic library libcudart.so.10.1
[[1;32m172.16.112.58.10000[m::[1;35mstderr[m] 2023-09-24 05:51:59.117059: I tensorflow/stream_executor/platform/default/dso_loader.cc:49] Successfully opened dynamic library libcuda.so.1
[[1;34m172.16.112.58.10001[m::[1;35mstderr[m] 2023-09-24 05:51:59.117059: I tensorflow/stream_executor/platform/default/dso_loader.cc:49] Successfully opened dynamic library libcuda.so.1
[[1;32m172.16.112.57.10000[m::[1;35mstderr[m] 2023-09-24 05:51:59.120440: I tensorflow/stream_executor/platform/default/dso_loader.cc:49] Successfully opened dynamic library libcuda.so.1
[[1;33m172.16.112.57.10002[m::[1;35mstderr[m] 2023-09-24 05:51:59.120444: I tensorflow/stream_executor/platform/default/dso_loader.cc:49] Successfully opened dynamic library libcuda.so.1
[[1;34m172.16.112.57.10001[m::[1;35mstderr[m] 2023-09-24 05:51:59.120440: I tensorflow/stream_executor/platform/default/dso_loader.cc:49] Successfully opened dynamic library libcuda.so.1
[[1;32m172.16.112.58.10000[m::[1;35mstderr[m] 2023-09-24 05:51:59.128660: E tensorflow/stream_executor/cuda/cuda_driver.cc:328] failed call to cuInit: CUDA_ERROR_NO_DEVICE: no CUDA-capable device is detected
[[1;34m172.16.112.58.10001[m::[1;35mstderr[m] 2023-09-24 05:51:59.128653: E tensorflow/stream_executor/cuda/cuda_driver.cc:328] failed call to cuInit: CUDA_ERROR_NO_DEVICE: no CUDA-capable device is detected
[[1;32m172.16.112.58.10000[m::[1;35mstderr[m] 2023-09-24 05:51:59.128728: I tensorflow/stream_executor/cuda/cuda_diagnostics.cc:156] kernel driver does not appear to be running on this host (node130): /proc/driver/nvidia/version does not exist
[[1;34m172.16.112.58.10001[m::[1;35mstderr[m] 2023-09-24 05:51:59.128727: I tensorflow/stream_executor/cuda/cuda_diagnostics.cc:156] kernel driver does not appear to be running on this host (node130): /proc/driver/nvidia/version does not exist
[[1;32m172.16.112.58.10000[m::[1;35mstderr[m] 2023-09-24 05:51:59.129598: I tensorflow/core/platform/cpu_feature_guard.cc:142] This TensorFlow binary is optimized with oneAPI Deep Neural Network Library (oneDNN) to use the following CPU instructions in performance-critical operations:  SSE3 SSE4.1 SSE4.2 AVX
[[1;34m172.16.112.58.10001[m::[1;35mstderr[m] 2023-09-24 05:51:59.129598: I tensorflow/core/platform/cpu_feature_guard.cc:142] This TensorFlow binary is optimized with oneAPI Deep Neural Network Library (oneDNN) to use the following CPU instructions in performance-critical operations:  SSE3 SSE4.1 SSE4.2 AVX
[[1;32m172.16.112.58.10000[m::[1;35mstderr[m] To enable them in other operations, rebuild TensorFlow with the appropriate compiler flags.
[[1;34m172.16.112.58.10001[m::[1;35mstderr[m] To enable them in other operations, rebuild TensorFlow with the appropriate compiler flags.
[[1;32m172.16.112.57.10000[m::[1;35mstderr[m] 2023-09-24 05:51:59.135278: E tensorflow/stream_executor/cuda/cuda_driver.cc:328] failed call to cuInit: CUDA_ERROR_NO_DEVICE: no CUDA-capable device is detected
[[1;33m172.16.112.57.10002[m::[1;35mstderr[m] 2023-09-24 05:51:59.135271: E tensorflow/stream_executor/cuda/cuda_driver.cc:328] failed call to cuInit: CUDA_ERROR_NO_DEVICE: no CUDA-capable device is detected
[[1;32m172.16.112.57.10000[m::[1;35mstderr[m] 2023-09-24 05:51:59.135357: I tensorflow/stream_executor/cuda/cuda_diagnostics.cc:156] kernel driver does not appear to be running on this host (node129): /proc/driver/nvidia/version does not exist
[[1;34m172.16.112.57.10001[m::[1;35mstderr[m] 2023-09-24 05:51:59.135273: E tensorflow/stream_executor/cuda/cuda_driver.cc:328] failed call to cuInit: CUDA_ERROR_NO_DEVICE: no CUDA-capable device is detected
[[1;33m172.16.112.57.10002[m::[1;35mstderr[m] 2023-09-24 05:51:59.135359: I tensorflow/stream_executor/cuda/cuda_diagnostics.cc:156] kernel driver does not appear to be running on this host (node129): /proc/driver/nvidia/version does not exist
[[1;34m172.16.112.57.10001[m::[1;35mstderr[m] 2023-09-24 05:51:59.135357: I tensorflow/stream_executor/cuda/cuda_diagnostics.cc:156] kernel driver does not appear to be running on this host (node129): /proc/driver/nvidia/version does not exist
[[1;32m172.16.112.57.10000[m::[1;35mstderr[m] 2023-09-24 05:51:59.136315: I tensorflow/core/platform/cpu_feature_guard.cc:142] This TensorFlow binary is optimized with oneAPI Deep Neural Network Library (oneDNN) to use the following CPU instructions in performance-critical operations:  SSE3 SSE4.1 SSE4.2 AVX
[[1;33m172.16.112.57.10002[m::[1;35mstderr[m] 2023-09-24 05:51:59.136313: I tensorflow/core/platform/cpu_feature_guard.cc:142] This TensorFlow binary is optimized with oneAPI Deep Neural Network Library (oneDNN) to use the following CPU instructions in performance-critical operations:  SSE3 SSE4.1 SSE4.2 AVX
[[1;34m172.16.112.57.10001[m::[1;35mstderr[m] 2023-09-24 05:51:59.136313: I tensorflow/core/platform/cpu_feature_guard.cc:142] This TensorFlow binary is optimized with oneAPI Deep Neural Network Library (oneDNN) to use the following CPU instructions in performance-critical operations:  SSE3 SSE4.1 SSE4.2 AVX
[[1;33m172.16.112.57.10002[m::[1;35mstderr[m] To enable them in other operations, rebuild TensorFlow with the appropriate compiler flags.
[[1;34m172.16.112.57.10001[m::[1;35mstderr[m] To enable them in other operations, rebuild TensorFlow with the appropriate compiler flags.
[[1;32m172.16.112.57.10000[m::[1;35mstderr[m] To enable them in other operations, rebuild TensorFlow with the appropriate compiler flags.
[[1;34m172.16.112.58.10001[m::[1;35mstderr[m] 2023-09-24 05:51:59.151494: I tensorflow/core/platform/profile_utils/cpu_utils.cc:112] CPU Frequency: 2793240000 Hz
[[1;32m172.16.112.58.10000[m::[1;35mstderr[m] 2023-09-24 05:51:59.152124: I tensorflow/core/platform/profile_utils/cpu_utils.cc:112] CPU Frequency: 2793240000 Hz
[[1;34m172.16.112.58.10001[m::[1;35mstderr[m] 2023-09-24 05:51:59.154841: I tensorflow/compiler/xla/service/service.cc:168] XLA service 0x54ab790 initialized for platform Host (this does not guarantee that XLA will be used). Devices:
[[1;34m172.16.112.58.10001[m::[1;35mstderr[m] 2023-09-24 05:51:59.154861: I tensorflow/compiler/xla/service/service.cc:176]   StreamExecutor device (0): Host, Default Version
[[1;33m172.16.112.57.10002[m::[1;35mstderr[m] 2023-09-24 05:51:59.155725: I tensorflow/core/platform/profile_utils/cpu_utils.cc:112] CPU Frequency: 2793330000 Hz
[[1;32m172.16.112.57.10000[m::[1;35mstderr[m] 2023-09-24 05:51:59.155749: I tensorflow/core/platform/profile_utils/cpu_utils.cc:112] CPU Frequency: 2793330000 Hz
[[1;32m172.16.112.58.10000[m::[1;35mstderr[m] 2023-09-24 05:51:59.155672: I tensorflow/compiler/xla/service/service.cc:168] XLA service 0x3e9f830 initialized for platform Host (this does not guarantee that XLA will be used). Devices:
[[1;32m172.16.112.58.10000[m::[1;35mstderr[m] 2023-09-24 05:51:59.155698: I tensorflow/compiler/xla/service/service.cc:176]   StreamExecutor device (0): Host, Default Version
[[1;34m172.16.112.57.10001[m::[1;35mstderr[m] 2023-09-24 05:51:59.156227: I tensorflow/core/platform/profile_utils/cpu_utils.cc:112] CPU Frequency: 2793330000 Hz
[[1;33m172.16.112.57.10002[m::[1;35mstderr[m] 2023-09-24 05:51:59.159006: I tensorflow/compiler/xla/service/service.cc:168] XLA service 0x3fa54c0 initialized for platform Host (this does not guarantee that XLA will be used). Devices:
[[1;33m172.16.112.57.10002[m::[1;35mstderr[m] 2023-09-24 05:51:59.159036: I tensorflow/compiler/xla/service/service.cc:176]   StreamExecutor device (0): Host, Default Version
[[1;32m172.16.112.57.10000[m::[1;35mstderr[m] 2023-09-24 05:51:59.159399: I tensorflow/compiler/xla/service/service.cc:168] XLA service 0x421f9e0 initialized for platform Host (this does not guarantee that XLA will be used). Devices:
[[1;32m172.16.112.57.10000[m::[1;35mstderr[m] 2023-09-24 05:51:59.159425: I tensorflow/compiler/xla/service/service.cc:176]   StreamExecutor device (0): Host, Default Version
[[1;34m172.16.112.57.10001[m::[1;35mstderr[m] 2023-09-24 05:51:59.160191: I tensorflow/compiler/xla/service/service.cc:168] XLA service 0x4ca9920 initialized for platform Host (this does not guarantee that XLA will be used). Devices:
[[1;34m172.16.112.57.10001[m::[1;35mstderr[m] 2023-09-24 05:51:59.160220: I tensorflow/compiler/xla/service/service.cc:176]   StreamExecutor device (0): Host, Default Version
[[1;34m172.16.112.57.10001[m::[1;35mstderr[m] 2023-09-24 05:52:02.752972: I tensorflow/compiler/mlir/mlir_graph_optimization_pass.cc:116] None of the MLIR optimization passes are enabled (registered 2)
[[1;32m172.16.112.58.10000[m::[1;35mstderr[m] 2023-09-24 05:52:02.758576: I tensorflow/compiler/mlir/mlir_graph_optimization_pass.cc:116] None of the MLIR optimization passes are enabled (registered 2)
[[1;33m172.16.112.57.10002[m::[1;35mstderr[m] 2023-09-24 05:52:02.762567: I tensorflow/compiler/mlir/mlir_graph_optimization_pass.cc:116] None of the MLIR optimization passes are enabled (registered 2)
[[1;32m172.16.112.57.10000[m::[1;35mstderr[m] 2023-09-24 05:52:02.764668: I tensorflow/compiler/mlir/mlir_graph_optimization_pass.cc:116] None of the MLIR optimization passes are enabled (registered 2)
[[1;34m172.16.112.58.10001[m::[1;35mstderr[m] 2023-09-24 05:52:02.764618: I tensorflow/compiler/mlir/mlir_graph_optimization_pass.cc:116] None of the MLIR optimization passes are enabled (registered 2)
