[W] invalid valud of CUDA_VISIBLE_DEVICES: "NoDevFiles"
[W] invalid valud of CUDA_VISIBLE_DEVICES: "NoDevFiles"
[W] invalid valud of CUDA_VISIBLE_DEVICES: "NoDevFiles"
[W] invalid valud of CUDA_VISIBLE_DEVICES: "NoDevFiles"
[W] invalid valud of CUDA_VISIBLE_DEVICES: "NoDevFiles"
[[1;32m172.16.112.58.10000[m::[1;35mstderr[m] 2023-09-24 09:50:13.705956: I tensorflow/stream_executor/platform/default/dso_loader.cc:49] Successfully opened dynamic library libcudart.so.10.1
[[1;34m172.16.112.58.10001[m::[1;35mstderr[m] 2023-09-24 09:50:13.705958: I tensorflow/stream_executor/platform/default/dso_loader.cc:49] Successfully opened dynamic library libcudart.so.10.1
[[1;33m172.16.112.57.10002[m::[1;35mstderr[m] 2023-09-24 09:50:13.807477: I tensorflow/stream_executor/platform/default/dso_loader.cc:49] Successfully opened dynamic library libcudart.so.10.1
[[1;32m172.16.112.57.10000[m::[1;35mstderr[m] 2023-09-24 09:50:13.807765: I tensorflow/stream_executor/platform/default/dso_loader.cc:49] Successfully opened dynamic library libcudart.so.10.1
[[1;34m172.16.112.57.10001[m::[1;35mstderr[m] 2023-09-24 09:50:13.808501: I tensorflow/stream_executor/platform/default/dso_loader.cc:49] Successfully opened dynamic library libcudart.so.10.1
[[1;32m172.16.112.58.10000[m::[1;35mstderr[m] 2023-09-24 09:50:43.265887: I tensorflow/stream_executor/platform/default/dso_loader.cc:49] Successfully opened dynamic library libcuda.so.1
[[1;34m172.16.112.58.10001[m::[1;35mstderr[m] 2023-09-24 09:50:43.265895: I tensorflow/stream_executor/platform/default/dso_loader.cc:49] Successfully opened dynamic library libcuda.so.1
[[1;32m172.16.112.57.10000[m::[1;35mstderr[m] 2023-09-24 09:50:43.270838: I tensorflow/stream_executor/platform/default/dso_loader.cc:49] Successfully opened dynamic library libcuda.so.1
[[1;33m172.16.112.57.10002[m::[1;35mstderr[m] 2023-09-24 09:50:43.270833: I tensorflow/stream_executor/platform/default/dso_loader.cc:49] Successfully opened dynamic library libcuda.so.1
[[1;34m172.16.112.57.10001[m::[1;35mstderr[m] 2023-09-24 09:50:43.270851: I tensorflow/stream_executor/platform/default/dso_loader.cc:49] Successfully opened dynamic library libcuda.so.1
[[1;34m172.16.112.58.10001[m::[1;35mstderr[m] 2023-09-24 09:50:43.278049: E tensorflow/stream_executor/cuda/cuda_driver.cc:328] failed call to cuInit: CUDA_ERROR_NO_DEVICE: no CUDA-capable device is detected
[[1;32m172.16.112.58.10000[m::[1;35mstderr[m] 2023-09-24 09:50:43.278040: E tensorflow/stream_executor/cuda/cuda_driver.cc:328] failed call to cuInit: CUDA_ERROR_NO_DEVICE: no CUDA-capable device is detected
[[1;34m172.16.112.58.10001[m::[1;35mstderr[m] 2023-09-24 09:50:43.278120: I tensorflow/stream_executor/cuda/cuda_diagnostics.cc:156] kernel driver does not appear to be running on this host (node130): /proc/driver/nvidia/version does not exist
[[1;32m172.16.112.58.10000[m::[1;35mstderr[m] 2023-09-24 09:50:43.278117: I tensorflow/stream_executor/cuda/cuda_diagnostics.cc:156] kernel driver does not appear to be running on this host (node130): /proc/driver/nvidia/version does not exist
[[1;32m172.16.112.58.10000[m::[1;35mstderr[m] 2023-09-24 09:50:43.279115: I tensorflow/core/platform/cpu_feature_guard.cc:142] This TensorFlow binary is optimized with oneAPI Deep Neural Network Library (oneDNN) to use the following CPU instructions in performance-critical operations:  SSE3 SSE4.1 SSE4.2 AVX
[[1;34m172.16.112.58.10001[m::[1;35mstderr[m] 2023-09-24 09:50:43.279115: I tensorflow/core/platform/cpu_feature_guard.cc:142] This TensorFlow binary is optimized with oneAPI Deep Neural Network Library (oneDNN) to use the following CPU instructions in performance-critical operations:  SSE3 SSE4.1 SSE4.2 AVX
[[1;32m172.16.112.58.10000[m::[1;35mstderr[m] To enable them in other operations, rebuild TensorFlow with the appropriate compiler flags.
[[1;34m172.16.112.58.10001[m::[1;35mstderr[m] To enable them in other operations, rebuild TensorFlow with the appropriate compiler flags.
[[1;34m172.16.112.57.10001[m::[1;35mstderr[m] 2023-09-24 09:50:43.285138: E tensorflow/stream_executor/cuda/cuda_driver.cc:328] failed call to cuInit: CUDA_ERROR_NO_DEVICE: no CUDA-capable device is detected
[[1;34m172.16.112.57.10001[m::[1;35mstderr[m] 2023-09-24 09:50:43.285232: I tensorflow/stream_executor/cuda/cuda_diagnostics.cc:156] kernel driver does not appear to be running on this host (node129): /proc/driver/nvidia/version does not exist
[[1;33m172.16.112.57.10002[m::[1;35mstderr[m] 2023-09-24 09:50:43.285143: E tensorflow/stream_executor/cuda/cuda_driver.cc:328] failed call to cuInit: CUDA_ERROR_NO_DEVICE: no CUDA-capable device is detected
[[1;32m172.16.112.57.10000[m::[1;35mstderr[m] 2023-09-24 09:50:43.285154: E tensorflow/stream_executor/cuda/cuda_driver.cc:328] failed call to cuInit: CUDA_ERROR_NO_DEVICE: no CUDA-capable device is detected
[[1;32m172.16.112.57.10000[m::[1;35mstderr[m] 2023-09-24 09:50:43.285229: I tensorflow/stream_executor/cuda/cuda_diagnostics.cc:156] kernel driver does not appear to be running on this host (node129): /proc/driver/nvidia/version does not exist
[[1;33m172.16.112.57.10002[m::[1;35mstderr[m] 2023-09-24 09:50:43.285229: I tensorflow/stream_executor/cuda/cuda_diagnostics.cc:156] kernel driver does not appear to be running on this host (node129): /proc/driver/nvidia/version does not exist
[[1;32m172.16.112.57.10000[m::[1;35mstderr[m] 2023-09-24 09:50:43.287386: I tensorflow/core/platform/cpu_feature_guard.cc:142] This TensorFlow binary is optimized with oneAPI Deep Neural Network Library (oneDNN) to use the following CPU instructions in performance-critical operations:  SSE3 SSE4.1 SSE4.2 AVX
[[1;32m172.16.112.57.10000[m::[1;35mstderr[m] To enable them in other operations, rebuild TensorFlow with the appropriate compiler flags.
[[1;34m172.16.112.57.10001[m::[1;35mstderr[m] 2023-09-24 09:50:43.287398: I tensorflow/core/platform/cpu_feature_guard.cc:142] This TensorFlow binary is optimized with oneAPI Deep Neural Network Library (oneDNN) to use the following CPU instructions in performance-critical operations:  SSE3 SSE4.1 SSE4.2 AVX
[[1;34m172.16.112.57.10001[m::[1;35mstderr[m] To enable them in other operations, rebuild TensorFlow with the appropriate compiler flags.
[[1;33m172.16.112.57.10002[m::[1;35mstderr[m] 2023-09-24 09:50:43.287404: I tensorflow/core/platform/cpu_feature_guard.cc:142] This TensorFlow binary is optimized with oneAPI Deep Neural Network Library (oneDNN) to use the following CPU instructions in performance-critical operations:  SSE3 SSE4.1 SSE4.2 AVX
[[1;33m172.16.112.57.10002[m::[1;35mstderr[m] To enable them in other operations, rebuild TensorFlow with the appropriate compiler flags.
[[1;34m172.16.112.58.10001[m::[1;35mstderr[m] 2023-09-24 09:50:43.290597: I tensorflow/core/platform/profile_utils/cpu_utils.cc:112] CPU Frequency: 2793240000 Hz
[[1;32m172.16.112.58.10000[m::[1;35mstderr[m] 2023-09-24 09:50:43.290870: I tensorflow/core/platform/profile_utils/cpu_utils.cc:112] CPU Frequency: 2793240000 Hz
[[1;34m172.16.112.58.10001[m::[1;35mstderr[m] 2023-09-24 09:50:43.294930: I tensorflow/compiler/xla/service/service.cc:168] XLA service 0x4945a60 initialized for platform Host (this does not guarantee that XLA will be used). Devices:
[[1;34m172.16.112.58.10001[m::[1;35mstderr[m] 2023-09-24 09:50:43.294958: I tensorflow/compiler/xla/service/service.cc:176]   StreamExecutor device (0): Host, Default Version
[[1;32m172.16.112.58.10000[m::[1;35mstderr[m] 2023-09-24 09:50:43.295380: I tensorflow/compiler/xla/service/service.cc:168] XLA service 0x49aac10 initialized for platform Host (this does not guarantee that XLA will be used). Devices:
[[1;32m172.16.112.58.10000[m::[1;35mstderr[m] 2023-09-24 09:50:43.295405: I tensorflow/compiler/xla/service/service.cc:176]   StreamExecutor device (0): Host, Default Version
[[1;33m172.16.112.57.10002[m::[1;35mstderr[m] 2023-09-24 09:50:43.306331: I tensorflow/core/platform/profile_utils/cpu_utils.cc:112] CPU Frequency: 2793330000 Hz
[[1;32m172.16.112.57.10000[m::[1;35mstderr[m] 2023-09-24 09:50:43.306473: I tensorflow/core/platform/profile_utils/cpu_utils.cc:112] CPU Frequency: 2793330000 Hz
[[1;34m172.16.112.57.10001[m::[1;35mstderr[m] 2023-09-24 09:50:43.306776: I tensorflow/core/platform/profile_utils/cpu_utils.cc:112] CPU Frequency: 2793330000 Hz
[[1;32m172.16.112.57.10000[m::[1;35mstderr[m] 2023-09-24 09:50:43.309951: I tensorflow/compiler/xla/service/service.cc:168] XLA service 0x5324870 initialized for platform Host (this does not guarantee that XLA will be used). Devices:
[[1;32m172.16.112.57.10000[m::[1;35mstderr[m] 2023-09-24 09:50:43.309984: I tensorflow/compiler/xla/service/service.cc:176]   StreamExecutor device (0): Host, Default Version
[[1;33m172.16.112.57.10002[m::[1;35mstderr[m] 2023-09-24 09:50:43.310165: I tensorflow/compiler/xla/service/service.cc:168] XLA service 0x50c8700 initialized for platform Host (this does not guarantee that XLA will be used). Devices:
[[1;33m172.16.112.57.10002[m::[1;35mstderr[m] 2023-09-24 09:50:43.310191: I tensorflow/compiler/xla/service/service.cc:176]   StreamExecutor device (0): Host, Default Version
[[1;34m172.16.112.57.10001[m::[1;35mstderr[m] 2023-09-24 09:50:43.310648: I tensorflow/compiler/xla/service/service.cc:168] XLA service 0x4ff20a0 initialized for platform Host (this does not guarantee that XLA will be used). Devices:
[[1;34m172.16.112.57.10001[m::[1;35mstderr[m] 2023-09-24 09:50:43.310673: I tensorflow/compiler/xla/service/service.cc:176]   StreamExecutor device (0): Host, Default Version
[[1;34m172.16.112.57.10001[m::[1;35mstderr[m] 2023-09-24 09:50:45.890292: I tensorflow/compiler/mlir/mlir_graph_optimization_pass.cc:116] None of the MLIR optimization passes are enabled (registered 2)
[[1;32m172.16.112.57.10000[m::[1;35mstderr[m] 2023-09-24 09:50:45.890335: I tensorflow/compiler/mlir/mlir_graph_optimization_pass.cc:116] None of the MLIR optimization passes are enabled (registered 2)
[[1;33m172.16.112.57.10002[m::[1;35mstderr[m] 2023-09-24 09:50:45.895352: I tensorflow/compiler/mlir/mlir_graph_optimization_pass.cc:116] None of the MLIR optimization passes are enabled (registered 2)
[[1;32m172.16.112.58.10000[m::[1;35mstderr[m] 2023-09-24 09:50:45.903510: I tensorflow/compiler/mlir/mlir_graph_optimization_pass.cc:116] None of the MLIR optimization passes are enabled (registered 2)
[[1;34m172.16.112.58.10001[m::[1;35mstderr[m] 2023-09-24 09:50:45.907847: I tensorflow/compiler/mlir/mlir_graph_optimization_pass.cc:116] None of the MLIR optimization passes are enabled (registered 2)
