[W] invalid valud of CUDA_VISIBLE_DEVICES: "NoDevFiles"
[W] invalid valud of CUDA_VISIBLE_DEVICES: "NoDevFiles"
[W] invalid valud of CUDA_VISIBLE_DEVICES: "NoDevFiles"
[W] invalid valud of CUDA_VISIBLE_DEVICES: "NoDevFiles"
[W] invalid valud of CUDA_VISIBLE_DEVICES: "NoDevFiles"
[W] invalid valud of CUDA_VISIBLE_DEVICES: "NoDevFiles"
[W] invalid valud of CUDA_VISIBLE_DEVICES: "NoDevFiles"
[W] invalid valud of CUDA_VISIBLE_DEVICES: "NoDevFiles"
[[1;34m172.16.239.15.10001[m::[1;35mstderr[m] 2023-10-06 19:02:44.001721: I tensorflow/stream_executor/platform/default/dso_loader.cc:49] Successfully opened dynamic library libcudart.so.10.1
[[1;32m172.16.239.15.10000[m::[1;35mstderr[m] 2023-10-06 19:02:44.001789: I tensorflow/stream_executor/platform/default/dso_loader.cc:49] Successfully opened dynamic library libcudart.so.10.1
[[1;34m172.16.239.14.10001[m::[1;35mstderr[m] 2023-10-06 19:02:44.006279: I tensorflow/stream_executor/platform/default/dso_loader.cc:49] Successfully opened dynamic library libcudart.so.10.1
[[1;32m172.16.239.14.10000[m::[1;35mstderr[m] 2023-10-06 19:02:44.006276: I tensorflow/stream_executor/platform/default/dso_loader.cc:49] Successfully opened dynamic library libcudart.so.10.1
[[1;32m172.16.239.13.10000[m::[1;35mstderr[m] 2023-10-06 19:02:44.007752: I tensorflow/stream_executor/platform/default/dso_loader.cc:49] Successfully opened dynamic library libcudart.so.10.1
[[1;34m172.16.239.13.10001[m::[1;35mstderr[m] 2023-10-06 19:02:44.007752: I tensorflow/stream_executor/platform/default/dso_loader.cc:49] Successfully opened dynamic library libcudart.so.10.1
[[1;34m172.16.239.12.10001[m::[1;35mstderr[m] 2023-10-06 19:02:44.258051: I tensorflow/stream_executor/platform/default/dso_loader.cc:49] Successfully opened dynamic library libcudart.so.10.1
[[1;32m172.16.239.12.10000[m::[1;35mstderr[m] 2023-10-06 19:02:44.258190: I tensorflow/stream_executor/platform/default/dso_loader.cc:49] Successfully opened dynamic library libcudart.so.10.1
[[1;32m172.16.239.14.10000[m::[1;35mstderr[m] 2023-10-06 19:03:19.351273: I tensorflow/stream_executor/platform/default/dso_loader.cc:49] Successfully opened dynamic library libcuda.so.1
[[1;34m172.16.239.14.10001[m::[1;35mstderr[m] 2023-10-06 19:03:19.351273: I tensorflow/stream_executor/platform/default/dso_loader.cc:49] Successfully opened dynamic library libcuda.so.1
[[1;32m172.16.239.15.10000[m::[1;35mstderr[m] 2023-10-06 19:03:19.364917: I tensorflow/stream_executor/platform/default/dso_loader.cc:49] Successfully opened dynamic library libcuda.so.1
[[1;34m172.16.239.13.10001[m::[1;35mstderr[m] 2023-10-06 19:03:19.365086: I tensorflow/stream_executor/platform/default/dso_loader.cc:49] Successfully opened dynamic library libcuda.so.1
[[1;34m172.16.239.15.10001[m::[1;35mstderr[m] 2023-10-06 19:03:19.364917: I tensorflow/stream_executor/platform/default/dso_loader.cc:49] Successfully opened dynamic library libcuda.so.1
[[1;32m172.16.239.13.10000[m::[1;35mstderr[m] 2023-10-06 19:03:19.365088: I tensorflow/stream_executor/platform/default/dso_loader.cc:49] Successfully opened dynamic library libcuda.so.1
[[1;34m172.16.239.12.10001[m::[1;35mstderr[m] 2023-10-06 19:03:19.366329: I tensorflow/stream_executor/platform/default/dso_loader.cc:49] Successfully opened dynamic library libcuda.so.1
[[1;32m172.16.239.12.10000[m::[1;35mstderr[m] 2023-10-06 19:03:19.366329: I tensorflow/stream_executor/platform/default/dso_loader.cc:49] Successfully opened dynamic library libcuda.so.1
[[1;34m172.16.239.14.10001[m::[1;35mstderr[m] 2023-10-06 19:03:19.380155: E tensorflow/stream_executor/cuda/cuda_driver.cc:328] failed call to cuInit: CUDA_ERROR_NO_DEVICE: no CUDA-capable device is detected
[[1;34m172.16.239.14.10001[m::[1;35mstderr[m] 2023-10-06 19:03:19.380230: I tensorflow/stream_executor/cuda/cuda_diagnostics.cc:169] retrieving CUDA diagnostic information for host: gpu14
[[1;34m172.16.239.14.10001[m::[1;35mstderr[m] 2023-10-06 19:03:19.380250: I tensorflow/stream_executor/cuda/cuda_diagnostics.cc:176] hostname: gpu14
[[1;32m172.16.239.14.10000[m::[1;35mstderr[m] 2023-10-06 19:03:19.380160: E tensorflow/stream_executor/cuda/cuda_driver.cc:328] failed call to cuInit: CUDA_ERROR_NO_DEVICE: no CUDA-capable device is detected
[[1;32m172.16.239.14.10000[m::[1;35mstderr[m] 2023-10-06 19:03:19.380235: I tensorflow/stream_executor/cuda/cuda_diagnostics.cc:169] retrieving CUDA diagnostic information for host: gpu14
[[1;32m172.16.239.14.10000[m::[1;35mstderr[m] 2023-10-06 19:03:19.380255: I tensorflow/stream_executor/cuda/cuda_diagnostics.cc:176] hostname: gpu14
[[1;32m172.16.239.14.10000[m::[1;35mstderr[m] 2023-10-06 19:03:19.380482: I tensorflow/stream_executor/cuda/cuda_diagnostics.cc:200] libcuda reported version is: 418.67.0
[[1;34m172.16.239.14.10001[m::[1;35mstderr[m] 2023-10-06 19:03:19.380481: I tensorflow/stream_executor/cuda/cuda_diagnostics.cc:200] libcuda reported version is: 418.67.0
[[1;32m172.16.239.14.10000[m::[1;35mstderr[m] 2023-10-06 19:03:19.380583: I tensorflow/stream_executor/cuda/cuda_diagnostics.cc:204] kernel reported version is: 418.67.0
[[1;34m172.16.239.14.10001[m::[1;35mstderr[m] 2023-10-06 19:03:19.380577: I tensorflow/stream_executor/cuda/cuda_diagnostics.cc:204] kernel reported version is: 418.67.0
[[1;32m172.16.239.14.10000[m::[1;35mstderr[m] 2023-10-06 19:03:19.380603: I tensorflow/stream_executor/cuda/cuda_diagnostics.cc:310] kernel version seems to match DSO: 418.67.0
[[1;34m172.16.239.14.10001[m::[1;35mstderr[m] 2023-10-06 19:03:19.380598: I tensorflow/stream_executor/cuda/cuda_diagnostics.cc:310] kernel version seems to match DSO: 418.67.0
[[1;34m172.16.239.14.10001[m::[1;35mstderr[m] 2023-10-06 19:03:19.381475: I tensorflow/core/platform/cpu_feature_guard.cc:142] This TensorFlow binary is optimized with oneAPI Deep Neural Network Library (oneDNN) to use the following CPU instructions in performance-critical operations:  SSE3 SSE4.1 SSE4.2 AVX AVX2 FMA
[[1;32m172.16.239.14.10000[m::[1;35mstderr[m] 2023-10-06 19:03:19.381474: I tensorflow/core/platform/cpu_feature_guard.cc:142] This TensorFlow binary is optimized with oneAPI Deep Neural Network Library (oneDNN) to use the following CPU instructions in performance-critical operations:  SSE3 SSE4.1 SSE4.2 AVX AVX2 FMA
[[1;34m172.16.239.14.10001[m::[1;35mstderr[m] To enable them in other operations, rebuild TensorFlow with the appropriate compiler flags.
[[1;32m172.16.239.14.10000[m::[1;35mstderr[m] To enable them in other operations, rebuild TensorFlow with the appropriate compiler flags.
[[1;34m172.16.239.15.10001[m::[1;35mstderr[m] 2023-10-06 19:03:19.392894: E tensorflow/stream_executor/cuda/cuda_driver.cc:328] failed call to cuInit: CUDA_ERROR_NO_DEVICE: no CUDA-capable device is detected
[[1;34m172.16.239.15.10001[m::[1;35mstderr[m] 2023-10-06 19:03:19.392969: I tensorflow/stream_executor/cuda/cuda_diagnostics.cc:169] retrieving CUDA diagnostic information for host: gpu15
[[1;34m172.16.239.15.10001[m::[1;35mstderr[m] 2023-10-06 19:03:19.392988: I tensorflow/stream_executor/cuda/cuda_diagnostics.cc:176] hostname: gpu15
[[1;32m172.16.239.15.10000[m::[1;35mstderr[m] 2023-10-06 19:03:19.392890: E tensorflow/stream_executor/cuda/cuda_driver.cc:328] failed call to cuInit: CUDA_ERROR_NO_DEVICE: no CUDA-capable device is detected
[[1;32m172.16.239.15.10000[m::[1;35mstderr[m] 2023-10-06 19:03:19.392965: I tensorflow/stream_executor/cuda/cuda_diagnostics.cc:169] retrieving CUDA diagnostic information for host: gpu15
[[1;32m172.16.239.15.10000[m::[1;35mstderr[m] 2023-10-06 19:03:19.392985: I tensorflow/stream_executor/cuda/cuda_diagnostics.cc:176] hostname: gpu15
[[1;32m172.16.239.15.10000[m::[1;35mstderr[m] 2023-10-06 19:03:19.393215: I tensorflow/stream_executor/cuda/cuda_diagnostics.cc:200] libcuda reported version is: 418.67.0
[[1;34m172.16.239.15.10001[m::[1;35mstderr[m] 2023-10-06 19:03:19.393213: I tensorflow/stream_executor/cuda/cuda_diagnostics.cc:200] libcuda reported version is: 418.67.0
[[1;34m172.16.239.15.10001[m::[1;35mstderr[m] 2023-10-06 19:03:19.393307: I tensorflow/stream_executor/cuda/cuda_diagnostics.cc:204] kernel reported version is: 418.67.0
[[1;34m172.16.239.15.10001[m::[1;35mstderr[m] 2023-10-06 19:03:19.393328: I tensorflow/stream_executor/cuda/cuda_diagnostics.cc:310] kernel version seems to match DSO: 418.67.0
[[1;32m172.16.239.15.10000[m::[1;35mstderr[m] 2023-10-06 19:03:19.393315: I tensorflow/stream_executor/cuda/cuda_diagnostics.cc:204] kernel reported version is: 418.67.0
[[1;32m172.16.239.15.10000[m::[1;35mstderr[m] 2023-10-06 19:03:19.393334: I tensorflow/stream_executor/cuda/cuda_diagnostics.cc:310] kernel version seems to match DSO: 418.67.0
[[1;32m172.16.239.13.10000[m::[1;35mstderr[m] 2023-10-06 19:03:19.394241: E tensorflow/stream_executor/cuda/cuda_driver.cc:328] failed call to cuInit: CUDA_ERROR_NO_DEVICE: no CUDA-capable device is detected
[[1;32m172.16.239.15.10000[m::[1;35mstderr[m] 2023-10-06 19:03:19.394205: I tensorflow/core/platform/cpu_feature_guard.cc:142] This TensorFlow binary is optimized with oneAPI Deep Neural Network Library (oneDNN) to use the following CPU instructions in performance-critical operations:  SSE3 SSE4.1 SSE4.2 AVX AVX2 FMA
[[1;32m172.16.239.15.10000[m::[1;35mstderr[m] To enable them in other operations, rebuild TensorFlow with the appropriate compiler flags.
[[1;34m172.16.239.13.10001[m::[1;35mstderr[m] 2023-10-06 19:03:19.394233: E tensorflow/stream_executor/cuda/cuda_driver.cc:328] failed call to cuInit: CUDA_ERROR_NO_DEVICE: no CUDA-capable device is detected
[[1;32m172.16.239.13.10000[m::[1;35mstderr[m] 2023-10-06 19:03:19.394311: I tensorflow/stream_executor/cuda/cuda_diagnostics.cc:169] retrieving CUDA diagnostic information for host: gpu13
[[1;34m172.16.239.15.10001[m::[1;35mstderr[m] 2023-10-06 19:03:19.394205: I tensorflow/core/platform/cpu_feature_guard.cc:142] This TensorFlow binary is optimized with oneAPI Deep Neural Network Library (oneDNN) to use the following CPU instructions in performance-critical operations:  SSE3 SSE4.1 SSE4.2 AVX AVX2 FMA
[[1;32m172.16.239.13.10000[m::[1;35mstderr[m] 2023-10-06 19:03:19.394331: I tensorflow/stream_executor/cuda/cuda_diagnostics.cc:176] hostname: gpu13
[[1;34m172.16.239.13.10001[m::[1;35mstderr[m] 2023-10-06 19:03:19.394307: I tensorflow/stream_executor/cuda/cuda_diagnostics.cc:169] retrieving CUDA diagnostic information for host: gpu13
[[1;34m172.16.239.15.10001[m::[1;35mstderr[m] To enable them in other operations, rebuild TensorFlow with the appropriate compiler flags.
[[1;34m172.16.239.13.10001[m::[1;35mstderr[m] 2023-10-06 19:03:19.394328: I tensorflow/stream_executor/cuda/cuda_diagnostics.cc:176] hostname: gpu13
[[1;34m172.16.239.13.10001[m::[1;35mstderr[m] 2023-10-06 19:03:19.394557: I tensorflow/stream_executor/cuda/cuda_diagnostics.cc:200] libcuda reported version is: 418.67.0
[[1;32m172.16.239.13.10000[m::[1;35mstderr[m] 2023-10-06 19:03:19.394556: I tensorflow/stream_executor/cuda/cuda_diagnostics.cc:200] libcuda reported version is: 418.67.0
[[1;34m172.16.239.13.10001[m::[1;35mstderr[m] 2023-10-06 19:03:19.394660: I tensorflow/stream_executor/cuda/cuda_diagnostics.cc:204] kernel reported version is: 418.67.0
[[1;34m172.16.239.13.10001[m::[1;35mstderr[m] 2023-10-06 19:03:19.394680: I tensorflow/stream_executor/cuda/cuda_diagnostics.cc:310] kernel version seems to match DSO: 418.67.0
[[1;32m172.16.239.13.10000[m::[1;35mstderr[m] 2023-10-06 19:03:19.394654: I tensorflow/stream_executor/cuda/cuda_diagnostics.cc:204] kernel reported version is: 418.67.0
[[1;32m172.16.239.13.10000[m::[1;35mstderr[m] 2023-10-06 19:03:19.394676: I tensorflow/stream_executor/cuda/cuda_diagnostics.cc:310] kernel version seems to match DSO: 418.67.0
[[1;34m172.16.239.13.10001[m::[1;35mstderr[m] 2023-10-06 19:03:19.395546: I tensorflow/core/platform/cpu_feature_guard.cc:142] This TensorFlow binary is optimized with oneAPI Deep Neural Network Library (oneDNN) to use the following CPU instructions in performance-critical operations:  SSE3 SSE4.1 SSE4.2 AVX AVX2 FMA
[[1;32m172.16.239.13.10000[m::[1;35mstderr[m] 2023-10-06 19:03:19.395545: I tensorflow/core/platform/cpu_feature_guard.cc:142] This TensorFlow binary is optimized with oneAPI Deep Neural Network Library (oneDNN) to use the following CPU instructions in performance-critical operations:  SSE3 SSE4.1 SSE4.2 AVX AVX2 FMA
[[1;34m172.16.239.13.10001[m::[1;35mstderr[m] To enable them in other operations, rebuild TensorFlow with the appropriate compiler flags.
[[1;32m172.16.239.13.10000[m::[1;35mstderr[m] To enable them in other operations, rebuild TensorFlow with the appropriate compiler flags.
[[1;32m172.16.239.12.10000[m::[1;35mstderr[m] 2023-10-06 19:03:19.397494: E tensorflow/stream_executor/cuda/cuda_driver.cc:328] failed call to cuInit: CUDA_ERROR_NO_DEVICE: no CUDA-capable device is detected
[[1;34m172.16.239.12.10001[m::[1;35mstderr[m] 2023-10-06 19:03:19.397487: E tensorflow/stream_executor/cuda/cuda_driver.cc:328] failed call to cuInit: CUDA_ERROR_NO_DEVICE: no CUDA-capable device is detected
[[1;32m172.16.239.12.10000[m::[1;35mstderr[m] 2023-10-06 19:03:19.397586: I tensorflow/stream_executor/cuda/cuda_diagnostics.cc:169] retrieving CUDA diagnostic information for host: gpu12
[[1;34m172.16.239.12.10001[m::[1;35mstderr[m] 2023-10-06 19:03:19.397582: I tensorflow/stream_executor/cuda/cuda_diagnostics.cc:169] retrieving CUDA diagnostic information for host: gpu12
[[1;32m172.16.239.12.10000[m::[1;35mstderr[m] 2023-10-06 19:03:19.397607: I tensorflow/stream_executor/cuda/cuda_diagnostics.cc:176] hostname: gpu12
[[1;34m172.16.239.12.10001[m::[1;35mstderr[m] 2023-10-06 19:03:19.397605: I tensorflow/stream_executor/cuda/cuda_diagnostics.cc:176] hostname: gpu12
[[1;34m172.16.239.12.10001[m::[1;35mstderr[m] 2023-10-06 19:03:19.397918: I tensorflow/stream_executor/cuda/cuda_diagnostics.cc:200] libcuda reported version is: 418.67.0
[[1;32m172.16.239.12.10000[m::[1;35mstderr[m] 2023-10-06 19:03:19.397915: I tensorflow/stream_executor/cuda/cuda_diagnostics.cc:200] libcuda reported version is: 418.67.0
[[1;32m172.16.239.12.10000[m::[1;35mstderr[m] 2023-10-06 19:03:19.398031: I tensorflow/stream_executor/cuda/cuda_diagnostics.cc:204] kernel reported version is: 418.67.0
[[1;32m172.16.239.12.10000[m::[1;35mstderr[m] 2023-10-06 19:03:19.398057: I tensorflow/stream_executor/cuda/cuda_diagnostics.cc:310] kernel version seems to match DSO: 418.67.0
[[1;34m172.16.239.12.10001[m::[1;35mstderr[m] 2023-10-06 19:03:19.398044: I tensorflow/stream_executor/cuda/cuda_diagnostics.cc:204] kernel reported version is: 418.67.0
[[1;34m172.16.239.12.10001[m::[1;35mstderr[m] 2023-10-06 19:03:19.398067: I tensorflow/stream_executor/cuda/cuda_diagnostics.cc:310] kernel version seems to match DSO: 418.67.0
[[1;32m172.16.239.14.10000[m::[1;35mstderr[m] 2023-10-06 19:03:19.398571: I tensorflow/core/platform/profile_utils/cpu_utils.cc:112] CPU Frequency: 2600045000 Hz
[[1;34m172.16.239.14.10001[m::[1;35mstderr[m] 2023-10-06 19:03:19.399563: I tensorflow/core/platform/profile_utils/cpu_utils.cc:112] CPU Frequency: 2600045000 Hz
[[1;32m172.16.239.12.10000[m::[1;35mstderr[m] 2023-10-06 19:03:19.399771: I tensorflow/core/platform/cpu_feature_guard.cc:142] This TensorFlow binary is optimized with oneAPI Deep Neural Network Library (oneDNN) to use the following CPU instructions in performance-critical operations:  SSE3 SSE4.1 SSE4.2 AVX AVX2 FMA
[[1;34m172.16.239.12.10001[m::[1;35mstderr[m] 2023-10-06 19:03:19.399767: I tensorflow/core/platform/cpu_feature_guard.cc:142] This TensorFlow binary is optimized with oneAPI Deep Neural Network Library (oneDNN) to use the following CPU instructions in performance-critical operations:  SSE3 SSE4.1 SSE4.2 AVX AVX2 FMA
[[1;32m172.16.239.12.10000[m::[1;35mstderr[m] To enable them in other operations, rebuild TensorFlow with the appropriate compiler flags.
[[1;34m172.16.239.12.10001[m::[1;35mstderr[m] To enable them in other operations, rebuild TensorFlow with the appropriate compiler flags.
[[1;32m172.16.239.14.10000[m::[1;35mstderr[m] 2023-10-06 19:03:19.401377: I tensorflow/compiler/xla/service/service.cc:168] XLA service 0x43f8760 initialized for platform Host (this does not guarantee that XLA will be used). Devices:
[[1;32m172.16.239.14.10000[m::[1;35mstderr[m] 2023-10-06 19:03:19.401406: I tensorflow/compiler/xla/service/service.cc:176]   StreamExecutor device (0): Host, Default Version
[[1;34m172.16.239.14.10001[m::[1;35mstderr[m] 2023-10-06 19:03:19.402370: I tensorflow/compiler/xla/service/service.cc:168] XLA service 0x4ee35b0 initialized for platform Host (this does not guarantee that XLA will be used). Devices:
[[1;34m172.16.239.14.10001[m::[1;35mstderr[m] 2023-10-06 19:03:19.402392: I tensorflow/compiler/xla/service/service.cc:176]   StreamExecutor device (0): Host, Default Version
[[1;34m172.16.239.15.10001[m::[1;35mstderr[m] 2023-10-06 19:03:19.409029: I tensorflow/core/platform/profile_utils/cpu_utils.cc:112] CPU Frequency: 2600035000 Hz
[[1;32m172.16.239.15.10000[m::[1;35mstderr[m] 2023-10-06 19:03:19.412376: I tensorflow/core/platform/profile_utils/cpu_utils.cc:112] CPU Frequency: 2600035000 Hz
[[1;34m172.16.239.15.10001[m::[1;35mstderr[m] 2023-10-06 19:03:19.412550: I tensorflow/compiler/xla/service/service.cc:168] XLA service 0x4c284e0 initialized for platform Host (this does not guarantee that XLA will be used). Devices:
[[1;34m172.16.239.15.10001[m::[1;35mstderr[m] 2023-10-06 19:03:19.412587: I tensorflow/compiler/xla/service/service.cc:176]   StreamExecutor device (0): Host, Default Version
[[1;34m172.16.239.13.10001[m::[1;35mstderr[m] 2023-10-06 19:03:19.413897: I tensorflow/core/platform/profile_utils/cpu_utils.cc:112] CPU Frequency: 2600085000 Hz
[[1;32m172.16.239.13.10000[m::[1;35mstderr[m] 2023-10-06 19:03:19.414476: I tensorflow/core/platform/profile_utils/cpu_utils.cc:112] CPU Frequency: 2600085000 Hz
[[1;32m172.16.239.15.10000[m::[1;35mstderr[m] 2023-10-06 19:03:19.415790: I tensorflow/compiler/xla/service/service.cc:168] XLA service 0x566d3d0 initialized for platform Host (this does not guarantee that XLA will be used). Devices:
[[1;32m172.16.239.15.10000[m::[1;35mstderr[m] 2023-10-06 19:03:19.415825: I tensorflow/compiler/xla/service/service.cc:176]   StreamExecutor device (0): Host, Default Version
[[1;34m172.16.239.13.10001[m::[1;35mstderr[m] 2023-10-06 19:03:19.417540: I tensorflow/compiler/xla/service/service.cc:168] XLA service 0x40084f0 initialized for platform Host (this does not guarantee that XLA will be used). Devices:
[[1;34m172.16.239.13.10001[m::[1;35mstderr[m] 2023-10-06 19:03:19.417575: I tensorflow/compiler/xla/service/service.cc:176]   StreamExecutor device (0): Host, Default Version
[[1;32m172.16.239.13.10000[m::[1;35mstderr[m] 2023-10-06 19:03:19.418027: I tensorflow/compiler/xla/service/service.cc:168] XLA service 0x58e72c0 initialized for platform Host (this does not guarantee that XLA will be used). Devices:
[[1;32m172.16.239.13.10000[m::[1;35mstderr[m] 2023-10-06 19:03:19.418061: I tensorflow/compiler/xla/service/service.cc:176]   StreamExecutor device (0): Host, Default Version
[[1;32m172.16.239.12.10000[m::[1;35mstderr[m] 2023-10-06 19:03:19.421018: I tensorflow/core/platform/profile_utils/cpu_utils.cc:112] CPU Frequency: 2600165000 Hz
[[1;34m172.16.239.12.10001[m::[1;35mstderr[m] 2023-10-06 19:03:19.421843: I tensorflow/core/platform/profile_utils/cpu_utils.cc:112] CPU Frequency: 2600165000 Hz
[[1;32m172.16.239.12.10000[m::[1;35mstderr[m] 2023-10-06 19:03:19.425682: I tensorflow/compiler/xla/service/service.cc:168] XLA service 0x3fda430 initialized for platform Host (this does not guarantee that XLA will be used). Devices:
[[1;32m172.16.239.12.10000[m::[1;35mstderr[m] 2023-10-06 19:03:19.425727: I tensorflow/compiler/xla/service/service.cc:176]   StreamExecutor device (0): Host, Default Version
[[1;34m172.16.239.12.10001[m::[1;35mstderr[m] 2023-10-06 19:03:19.426330: I tensorflow/compiler/xla/service/service.cc:168] XLA service 0x3f7d4c0 initialized for platform Host (this does not guarantee that XLA will be used). Devices:
[[1;34m172.16.239.12.10001[m::[1;35mstderr[m] 2023-10-06 19:03:19.426361: I tensorflow/compiler/xla/service/service.cc:176]   StreamExecutor device (0): Host, Default Version
[[1;34m172.16.239.13.10001[m::[1;35mstderr[m] 2023-10-06 19:03:21.899811: I tensorflow/compiler/mlir/mlir_graph_optimization_pass.cc:116] None of the MLIR optimization passes are enabled (registered 2)
[[1;32m172.16.239.15.10000[m::[1;35mstderr[m] 2023-10-06 19:03:21.901336: I tensorflow/compiler/mlir/mlir_graph_optimization_pass.cc:116] None of the MLIR optimization passes are enabled (registered 2)
[[1;34m172.16.239.15.10001[m::[1;35mstderr[m] 2023-10-06 19:03:21.906327: I tensorflow/compiler/mlir/mlir_graph_optimization_pass.cc:116] None of the MLIR optimization passes are enabled (registered 2)
[[1;34m172.16.239.14.10001[m::[1;35mstderr[m] 2023-10-06 19:03:21.908761: I tensorflow/compiler/mlir/mlir_graph_optimization_pass.cc:116] None of the MLIR optimization passes are enabled (registered 2)
[[1;32m172.16.239.13.10000[m::[1;35mstderr[m] 2023-10-06 19:03:21.910965: I tensorflow/compiler/mlir/mlir_graph_optimization_pass.cc:116] None of the MLIR optimization passes are enabled (registered 2)
[[1;32m172.16.239.14.10000[m::[1;35mstderr[m] 2023-10-06 19:03:21.919070: I tensorflow/compiler/mlir/mlir_graph_optimization_pass.cc:116] None of the MLIR optimization passes are enabled (registered 2)
[[1;34m172.16.239.12.10001[m::[1;35mstderr[m] 2023-10-06 19:03:22.145865: I tensorflow/compiler/mlir/mlir_graph_optimization_pass.cc:116] None of the MLIR optimization passes are enabled (registered 2)
[[1;32m172.16.239.12.10000[m::[1;35mstderr[m] 2023-10-06 19:03:22.149366: I tensorflow/compiler/mlir/mlir_graph_optimization_pass.cc:116] None of the MLIR optimization passes are enabled (registered 2)
[W] invalid valud of CUDA_VISIBLE_DEVICES: "NoDevFiles"
[W] invalid valud of CUDA_VISIBLE_DEVICES: "NoDevFiles"
[W] invalid valud of CUDA_VISIBLE_DEVICES: "NoDevFiles"
[W] invalid valud of CUDA_VISIBLE_DEVICES: "NoDevFiles"
[W] invalid valud of CUDA_VISIBLE_DEVICES: "NoDevFiles"
[W] invalid valud of CUDA_VISIBLE_DEVICES: "NoDevFiles"
[W] invalid valud of CUDA_VISIBLE_DEVICES: "NoDevFiles"
[W] invalid valud of CUDA_VISIBLE_DEVICES: "NoDevFiles"
[[1;32m172.16.239.15.10000[m::[1;35mstderr[m] 2023-10-06 19:08:47.649650: I tensorflow/stream_executor/platform/default/dso_loader.cc:49] Successfully opened dynamic library libcudart.so.10.1
[[1;34m172.16.239.15.10001[m::[1;35mstderr[m] 2023-10-06 19:08:47.649650: I tensorflow/stream_executor/platform/default/dso_loader.cc:49] Successfully opened dynamic library libcudart.so.10.1
[[1;32m172.16.239.14.10000[m::[1;35mstderr[m] 2023-10-06 19:08:47.656798: I tensorflow/stream_executor/platform/default/dso_loader.cc:49] Successfully opened dynamic library libcudart.so.10.1
[[1;34m172.16.239.14.10001[m::[1;35mstderr[m] 2023-10-06 19:08:47.656797: I tensorflow/stream_executor/platform/default/dso_loader.cc:49] Successfully opened dynamic library libcudart.so.10.1
[[1;32m172.16.239.13.10000[m::[1;35mstderr[m] 2023-10-06 19:08:47.668111: I tensorflow/stream_executor/platform/default/dso_loader.cc:49] Successfully opened dynamic library libcudart.so.10.1
[[1;34m172.16.239.13.10001[m::[1;35mstderr[m] 2023-10-06 19:08:47.668111: I tensorflow/stream_executor/platform/default/dso_loader.cc:49] Successfully opened dynamic library libcudart.so.10.1
[[1;32m172.16.239.12.10000[m::[1;35mstderr[m] 2023-10-06 19:08:47.676077: I tensorflow/stream_executor/platform/default/dso_loader.cc:49] Successfully opened dynamic library libcudart.so.10.1
[[1;34m172.16.239.12.10001[m::[1;35mstderr[m] 2023-10-06 19:08:47.676077: I tensorflow/stream_executor/platform/default/dso_loader.cc:49] Successfully opened dynamic library libcudart.so.10.1
[[1;34m172.16.239.14.10001[m::[1;35mstderr[m] 2023-10-06 19:09:21.884099: I tensorflow/stream_executor/platform/default/dso_loader.cc:49] Successfully opened dynamic library libcuda.so.1
[[1;32m172.16.239.15.10000[m::[1;35mstderr[m] 2023-10-06 19:09:21.883921: I tensorflow/stream_executor/platform/default/dso_loader.cc:49] Successfully opened dynamic library libcuda.so.1
[[1;32m172.16.239.14.10000[m::[1;35mstderr[m] 2023-10-06 19:09:21.884101: I tensorflow/stream_executor/platform/default/dso_loader.cc:49] Successfully opened dynamic library libcuda.so.1
[[1;34m172.16.239.15.10001[m::[1;35mstderr[m] 2023-10-06 19:09:21.883919: I tensorflow/stream_executor/platform/default/dso_loader.cc:49] Successfully opened dynamic library libcuda.so.1
[[1;32m172.16.239.13.10000[m::[1;35mstderr[m] 2023-10-06 19:09:21.884108: I tensorflow/stream_executor/platform/default/dso_loader.cc:49] Successfully opened dynamic library libcuda.so.1
[[1;34m172.16.239.13.10001[m::[1;35mstderr[m] 2023-10-06 19:09:21.884108: I tensorflow/stream_executor/platform/default/dso_loader.cc:49] Successfully opened dynamic library libcuda.so.1
[[1;34m172.16.239.12.10001[m::[1;35mstderr[m] 2023-10-06 19:09:21.884812: I tensorflow/stream_executor/platform/default/dso_loader.cc:49] Successfully opened dynamic library libcuda.so.1
[[1;32m172.16.239.12.10000[m::[1;35mstderr[m] 2023-10-06 19:09:21.884822: I tensorflow/stream_executor/platform/default/dso_loader.cc:49] Successfully opened dynamic library libcuda.so.1
[[1;32m172.16.239.15.10000[m::[1;35mstderr[m] 2023-10-06 19:09:21.911724: E tensorflow/stream_executor/cuda/cuda_driver.cc:328] failed call to cuInit: CUDA_ERROR_NO_DEVICE: no CUDA-capable device is detected
[[1;34m172.16.239.15.10001[m::[1;35mstderr[m] 2023-10-06 19:09:21.911719: E tensorflow/stream_executor/cuda/cuda_driver.cc:328] failed call to cuInit: CUDA_ERROR_NO_DEVICE: no CUDA-capable device is detected
[[1;34m172.16.239.15.10001[m::[1;35mstderr[m] 2023-10-06 19:09:21.911794: I tensorflow/stream_executor/cuda/cuda_diagnostics.cc:169] retrieving CUDA diagnostic information for host: gpu15
[[1;34m172.16.239.15.10001[m::[1;35mstderr[m] 2023-10-06 19:09:21.911814: I tensorflow/stream_executor/cuda/cuda_diagnostics.cc:176] hostname: gpu15
[[1;32m172.16.239.15.10000[m::[1;35mstderr[m] 2023-10-06 19:09:21.911797: I tensorflow/stream_executor/cuda/cuda_diagnostics.cc:169] retrieving CUDA diagnostic information for host: gpu15
[[1;32m172.16.239.15.10000[m::[1;35mstderr[m] 2023-10-06 19:09:21.911816: I tensorflow/stream_executor/cuda/cuda_diagnostics.cc:176] hostname: gpu15
[[1;32m172.16.239.15.10000[m::[1;35mstderr[m] 2023-10-06 19:09:21.912031: I tensorflow/stream_executor/cuda/cuda_diagnostics.cc:200] libcuda reported version is: 418.67.0
[[1;34m172.16.239.15.10001[m::[1;35mstderr[m] 2023-10-06 19:09:21.912038: I tensorflow/stream_executor/cuda/cuda_diagnostics.cc:200] libcuda reported version is: 418.67.0
[[1;34m172.16.239.15.10001[m::[1;35mstderr[m] 2023-10-06 19:09:21.912139: I tensorflow/stream_executor/cuda/cuda_diagnostics.cc:204] kernel reported version is: 418.67.0
[[1;34m172.16.239.15.10001[m::[1;35mstderr[m] 2023-10-06 19:09:21.912160: I tensorflow/stream_executor/cuda/cuda_diagnostics.cc:310] kernel version seems to match DSO: 418.67.0
[[1;32m172.16.239.15.10000[m::[1;35mstderr[m] 2023-10-06 19:09:21.912131: I tensorflow/stream_executor/cuda/cuda_diagnostics.cc:204] kernel reported version is: 418.67.0
[[1;32m172.16.239.15.10000[m::[1;35mstderr[m] 2023-10-06 19:09:21.912151: I tensorflow/stream_executor/cuda/cuda_diagnostics.cc:310] kernel version seems to match DSO: 418.67.0
[[1;32m172.16.239.13.10000[m::[1;35mstderr[m] 2023-10-06 19:09:21.912304: E tensorflow/stream_executor/cuda/cuda_driver.cc:328] failed call to cuInit: CUDA_ERROR_NO_DEVICE: no CUDA-capable device is detected
[[1;34m172.16.239.13.10001[m::[1;35mstderr[m] 2023-10-06 19:09:21.912299: E tensorflow/stream_executor/cuda/cuda_driver.cc:328] failed call to cuInit: CUDA_ERROR_NO_DEVICE: no CUDA-capable device is detected
[[1;32m172.16.239.13.10000[m::[1;35mstderr[m] 2023-10-06 19:09:21.912380: I tensorflow/stream_executor/cuda/cuda_diagnostics.cc:169] retrieving CUDA diagnostic information for host: gpu13
[[1;32m172.16.239.13.10000[m::[1;35mstderr[m] 2023-10-06 19:09:21.912399: I tensorflow/stream_executor/cuda/cuda_diagnostics.cc:176] hostname: gpu13
[[1;34m172.16.239.13.10001[m::[1;35mstderr[m] 2023-10-06 19:09:21.912376: I tensorflow/stream_executor/cuda/cuda_diagnostics.cc:169] retrieving CUDA diagnostic information for host: gpu13
[[1;34m172.16.239.13.10001[m::[1;35mstderr[m] 2023-10-06 19:09:21.912397: I tensorflow/stream_executor/cuda/cuda_diagnostics.cc:176] hostname: gpu13
[[1;34m172.16.239.13.10001[m::[1;35mstderr[m] 2023-10-06 19:09:21.912620: I tensorflow/stream_executor/cuda/cuda_diagnostics.cc:200] libcuda reported version is: 418.67.0
[[1;32m172.16.239.13.10000[m::[1;35mstderr[m] 2023-10-06 19:09:21.912618: I tensorflow/stream_executor/cuda/cuda_diagnostics.cc:200] libcuda reported version is: 418.67.0
[[1;32m172.16.239.13.10000[m::[1;35mstderr[m] 2023-10-06 19:09:21.912714: I tensorflow/stream_executor/cuda/cuda_diagnostics.cc:204] kernel reported version is: 418.67.0
[[1;32m172.16.239.13.10000[m::[1;35mstderr[m] 2023-10-06 19:09:21.912736: I tensorflow/stream_executor/cuda/cuda_diagnostics.cc:310] kernel version seems to match DSO: 418.67.0
[[1;34m172.16.239.13.10001[m::[1;35mstderr[m] 2023-10-06 19:09:21.912726: I tensorflow/stream_executor/cuda/cuda_diagnostics.cc:204] kernel reported version is: 418.67.0
[[1;34m172.16.239.13.10001[m::[1;35mstderr[m] 2023-10-06 19:09:21.912746: I tensorflow/stream_executor/cuda/cuda_diagnostics.cc:310] kernel version seems to match DSO: 418.67.0
[[1;32m172.16.239.14.10000[m::[1;35mstderr[m] 2023-10-06 19:09:21.913188: E tensorflow/stream_executor/cuda/cuda_driver.cc:328] failed call to cuInit: CUDA_ERROR_NO_DEVICE: no CUDA-capable device is detected
[[1;34m172.16.239.15.10001[m::[1;35mstderr[m] 2023-10-06 19:09:21.913008: I tensorflow/core/platform/cpu_feature_guard.cc:142] This TensorFlow binary is optimized with oneAPI Deep Neural Network Library (oneDNN) to use the following CPU instructions in performance-critical operations:  SSE3 SSE4.1 SSE4.2 AVX AVX2 FMA
[[1;34m172.16.239.15.10001[m::[1;35mstderr[m] To enable them in other operations, rebuild TensorFlow with the appropriate compiler flags.
[[1;32m172.16.239.14.10000[m::[1;35mstderr[m] 2023-10-06 19:09:21.913261: I tensorflow/stream_executor/cuda/cuda_diagnostics.cc:169] retrieving CUDA diagnostic information for host: gpu14
[[1;32m172.16.239.15.10000[m::[1;35mstderr[m] 2023-10-06 19:09:21.913008: I tensorflow/core/platform/cpu_feature_guard.cc:142] This TensorFlow binary is optimized with oneAPI Deep Neural Network Library (oneDNN) to use the following CPU instructions in performance-critical operations:  SSE3 SSE4.1 SSE4.2 AVX AVX2 FMA
[[1;34m172.16.239.14.10001[m::[1;35mstderr[m] 2023-10-06 19:09:21.913181: E tensorflow/stream_executor/cuda/cuda_driver.cc:328] failed call to cuInit: CUDA_ERROR_NO_DEVICE: no CUDA-capable device is detected
[[1;32m172.16.239.14.10000[m::[1;35mstderr[m] 2023-10-06 19:09:21.913281: I tensorflow/stream_executor/cuda/cuda_diagnostics.cc:176] hostname: gpu14
[[1;34m172.16.239.14.10001[m::[1;35mstderr[m] 2023-10-06 19:09:21.913257: I tensorflow/stream_executor/cuda/cuda_diagnostics.cc:169] retrieving CUDA diagnostic information for host: gpu14
[[1;34m172.16.239.14.10001[m::[1;35mstderr[m] 2023-10-06 19:09:21.913277: I tensorflow/stream_executor/cuda/cuda_diagnostics.cc:176] hostname: gpu14
[[1;32m172.16.239.15.10000[m::[1;35mstderr[m] To enable them in other operations, rebuild TensorFlow with the appropriate compiler flags.
[[1;34m172.16.239.14.10001[m::[1;35mstderr[m] 2023-10-06 19:09:21.913491: I tensorflow/stream_executor/cuda/cuda_diagnostics.cc:200] libcuda reported version is: 418.67.0
[[1;32m172.16.239.14.10000[m::[1;35mstderr[m] 2023-10-06 19:09:21.913521: I tensorflow/stream_executor/cuda/cuda_diagnostics.cc:200] libcuda reported version is: 418.67.0
[[1;34m172.16.239.14.10001[m::[1;35mstderr[m] 2023-10-06 19:09:21.913581: I tensorflow/stream_executor/cuda/cuda_diagnostics.cc:204] kernel reported version is: 418.67.0
[[1;34m172.16.239.14.10001[m::[1;35mstderr[m] 2023-10-06 19:09:21.913602: I tensorflow/stream_executor/cuda/cuda_diagnostics.cc:310] kernel version seems to match DSO: 418.67.0
[[1;32m172.16.239.14.10000[m::[1;35mstderr[m] 2023-10-06 19:09:21.913620: I tensorflow/stream_executor/cuda/cuda_diagnostics.cc:204] kernel reported version is: 418.67.0
[[1;32m172.16.239.14.10000[m::[1;35mstderr[m] 2023-10-06 19:09:21.913667: I tensorflow/stream_executor/cuda/cuda_diagnostics.cc:310] kernel version seems to match DSO: 418.67.0
[[1;32m172.16.239.13.10000[m::[1;35mstderr[m] 2023-10-06 19:09:21.913623: I tensorflow/core/platform/cpu_feature_guard.cc:142] This TensorFlow binary is optimized with oneAPI Deep Neural Network Library (oneDNN) to use the following CPU instructions in performance-critical operations:  SSE3 SSE4.1 SSE4.2 AVX AVX2 FMA
[[1;34m172.16.239.13.10001[m::[1;35mstderr[m] 2023-10-06 19:09:21.913622: I tensorflow/core/platform/cpu_feature_guard.cc:142] This TensorFlow binary is optimized with oneAPI Deep Neural Network Library (oneDNN) to use the following CPU instructions in performance-critical operations:  SSE3 SSE4.1 SSE4.2 AVX AVX2 FMA
[[1;32m172.16.239.13.10000[m::[1;35mstderr[m] To enable them in other operations, rebuild TensorFlow with the appropriate compiler flags.
[[1;34m172.16.239.13.10001[m::[1;35mstderr[m] To enable them in other operations, rebuild TensorFlow with the appropriate compiler flags.
[[1;34m172.16.239.14.10001[m::[1;35mstderr[m] 2023-10-06 19:09:21.914426: I tensorflow/core/platform/cpu_feature_guard.cc:142] This TensorFlow binary is optimized with oneAPI Deep Neural Network Library (oneDNN) to use the following CPU instructions in performance-critical operations:  SSE3 SSE4.1 SSE4.2 AVX AVX2 FMA
[[1;34m172.16.239.14.10001[m::[1;35mstderr[m] To enable them in other operations, rebuild TensorFlow with the appropriate compiler flags.
[[1;32m172.16.239.14.10000[m::[1;35mstderr[m] 2023-10-06 19:09:21.914460: I tensorflow/core/platform/cpu_feature_guard.cc:142] This TensorFlow binary is optimized with oneAPI Deep Neural Network Library (oneDNN) to use the following CPU instructions in performance-critical operations:  SSE3 SSE4.1 SSE4.2 AVX AVX2 FMA
[[1;32m172.16.239.14.10000[m::[1;35mstderr[m] To enable them in other operations, rebuild TensorFlow with the appropriate compiler flags.
[[1;32m172.16.239.12.10000[m::[1;35mstderr[m] 2023-10-06 19:09:21.916272: E tensorflow/stream_executor/cuda/cuda_driver.cc:328] failed call to cuInit: CUDA_ERROR_NO_DEVICE: no CUDA-capable device is detected
[[1;32m172.16.239.12.10000[m::[1;35mstderr[m] 2023-10-06 19:09:21.916359: I tensorflow/stream_executor/cuda/cuda_diagnostics.cc:169] retrieving CUDA diagnostic information for host: gpu12
[[1;34m172.16.239.12.10001[m::[1;35mstderr[m] 2023-10-06 19:09:21.916264: E tensorflow/stream_executor/cuda/cuda_driver.cc:328] failed call to cuInit: CUDA_ERROR_NO_DEVICE: no CUDA-capable device is detected
[[1;32m172.16.239.12.10000[m::[1;35mstderr[m] 2023-10-06 19:09:21.916381: I tensorflow/stream_executor/cuda/cuda_diagnostics.cc:176] hostname: gpu12
[[1;34m172.16.239.12.10001[m::[1;35mstderr[m] 2023-10-06 19:09:21.916353: I tensorflow/stream_executor/cuda/cuda_diagnostics.cc:169] retrieving CUDA diagnostic information for host: gpu12
[[1;34m172.16.239.12.10001[m::[1;35mstderr[m] 2023-10-06 19:09:21.916376: I tensorflow/stream_executor/cuda/cuda_diagnostics.cc:176] hostname: gpu12
[[1;32m172.16.239.12.10000[m::[1;35mstderr[m] 2023-10-06 19:09:21.916625: I tensorflow/stream_executor/cuda/cuda_diagnostics.cc:200] libcuda reported version is: 418.67.0
[[1;34m172.16.239.12.10001[m::[1;35mstderr[m] 2023-10-06 19:09:21.916623: I tensorflow/stream_executor/cuda/cuda_diagnostics.cc:200] libcuda reported version is: 418.67.0
[[1;34m172.16.239.12.10001[m::[1;35mstderr[m] 2023-10-06 19:09:21.916739: I tensorflow/stream_executor/cuda/cuda_diagnostics.cc:204] kernel reported version is: 418.67.0
[[1;34m172.16.239.12.10001[m::[1;35mstderr[m] 2023-10-06 19:09:21.916764: I tensorflow/stream_executor/cuda/cuda_diagnostics.cc:310] kernel version seems to match DSO: 418.67.0
[[1;32m172.16.239.12.10000[m::[1;35mstderr[m] 2023-10-06 19:09:21.916750: I tensorflow/stream_executor/cuda/cuda_diagnostics.cc:204] kernel reported version is: 418.67.0
[[1;32m172.16.239.12.10000[m::[1;35mstderr[m] 2023-10-06 19:09:21.916773: I tensorflow/stream_executor/cuda/cuda_diagnostics.cc:310] kernel version seems to match DSO: 418.67.0
[[1;32m172.16.239.12.10000[m::[1;35mstderr[m] 2023-10-06 19:09:21.917853: I tensorflow/core/platform/cpu_feature_guard.cc:142] This TensorFlow binary is optimized with oneAPI Deep Neural Network Library (oneDNN) to use the following CPU instructions in performance-critical operations:  SSE3 SSE4.1 SSE4.2 AVX AVX2 FMA
[[1;34m172.16.239.12.10001[m::[1;35mstderr[m] 2023-10-06 19:09:21.917853: I tensorflow/core/platform/cpu_feature_guard.cc:142] This TensorFlow binary is optimized with oneAPI Deep Neural Network Library (oneDNN) to use the following CPU instructions in performance-critical operations:  SSE3 SSE4.1 SSE4.2 AVX AVX2 FMA
[[1;32m172.16.239.12.10000[m::[1;35mstderr[m] To enable them in other operations, rebuild TensorFlow with the appropriate compiler flags.
[[1;34m172.16.239.12.10001[m::[1;35mstderr[m] To enable them in other operations, rebuild TensorFlow with the appropriate compiler flags.
[[1;32m172.16.239.15.10000[m::[1;35mstderr[m] 2023-10-06 19:09:21.928236: I tensorflow/core/platform/profile_utils/cpu_utils.cc:112] CPU Frequency: 2600035000 Hz
[[1;34m172.16.239.14.10001[m::[1;35mstderr[m] 2023-10-06 19:09:21.930188: I tensorflow/core/platform/profile_utils/cpu_utils.cc:112] CPU Frequency: 2600045000 Hz
[[1;32m172.16.239.14.10000[m::[1;35mstderr[m] 2023-10-06 19:09:21.931400: I tensorflow/core/platform/profile_utils/cpu_utils.cc:112] CPU Frequency: 2600045000 Hz
[[1;32m172.16.239.15.10000[m::[1;35mstderr[m] 2023-10-06 19:09:21.931158: I tensorflow/compiler/xla/service/service.cc:168] XLA service 0x589e190 initialized for platform Host (this does not guarantee that XLA will be used). Devices:
[[1;32m172.16.239.15.10000[m::[1;35mstderr[m] 2023-10-06 19:09:21.931180: I tensorflow/compiler/xla/service/service.cc:176]   StreamExecutor device (0): Host, Default Version
[[1;34m172.16.239.15.10001[m::[1;35mstderr[m] 2023-10-06 19:09:21.931358: I tensorflow/core/platform/profile_utils/cpu_utils.cc:112] CPU Frequency: 2600035000 Hz
[[1;34m172.16.239.13.10001[m::[1;35mstderr[m] 2023-10-06 19:09:21.932374: I tensorflow/core/platform/profile_utils/cpu_utils.cc:112] CPU Frequency: 2600085000 Hz
[[1;32m172.16.239.13.10000[m::[1;35mstderr[m] 2023-10-06 19:09:21.932853: I tensorflow/core/platform/profile_utils/cpu_utils.cc:112] CPU Frequency: 2600085000 Hz
[[1;34m172.16.239.14.10001[m::[1;35mstderr[m] 2023-10-06 19:09:21.933131: I tensorflow/compiler/xla/service/service.cc:168] XLA service 0x3f9b410 initialized for platform Host (this does not guarantee that XLA will be used). Devices:
[[1;34m172.16.239.14.10001[m::[1;35mstderr[m] 2023-10-06 19:09:21.933153: I tensorflow/compiler/xla/service/service.cc:176]   StreamExecutor device (0): Host, Default Version
[[1;32m172.16.239.14.10000[m::[1;35mstderr[m] 2023-10-06 19:09:21.934982: I tensorflow/compiler/xla/service/service.cc:168] XLA service 0x4095800 initialized for platform Host (this does not guarantee that XLA will be used). Devices:
[[1;32m172.16.239.14.10000[m::[1;35mstderr[m] 2023-10-06 19:09:21.935019: I tensorflow/compiler/xla/service/service.cc:176]   StreamExecutor device (0): Host, Default Version
[[1;34m172.16.239.15.10001[m::[1;35mstderr[m] 2023-10-06 19:09:21.934839: I tensorflow/compiler/xla/service/service.cc:168] XLA service 0x3fde360 initialized for platform Host (this does not guarantee that XLA will be used). Devices:
[[1;34m172.16.239.15.10001[m::[1;35mstderr[m] 2023-10-06 19:09:21.934874: I tensorflow/compiler/xla/service/service.cc:176]   StreamExecutor device (0): Host, Default Version
[[1;34m172.16.239.12.10001[m::[1;35mstderr[m] 2023-10-06 19:09:21.935002: I tensorflow/core/platform/profile_utils/cpu_utils.cc:112] CPU Frequency: 2600165000 Hz
[[1;34m172.16.239.13.10001[m::[1;35mstderr[m] 2023-10-06 19:09:21.936045: I tensorflow/compiler/xla/service/service.cc:168] XLA service 0x3e67160 initialized for platform Host (this does not guarantee that XLA will be used). Devices:
[[1;34m172.16.239.13.10001[m::[1;35mstderr[m] 2023-10-06 19:09:21.936082: I tensorflow/compiler/xla/service/service.cc:176]   StreamExecutor device (0): Host, Default Version
[[1;32m172.16.239.13.10000[m::[1;35mstderr[m] 2023-10-06 19:09:21.936500: I tensorflow/compiler/xla/service/service.cc:168] XLA service 0x3fe63d0 initialized for platform Host (this does not guarantee that XLA will be used). Devices:
[[1;32m172.16.239.13.10000[m::[1;35mstderr[m] 2023-10-06 19:09:21.936533: I tensorflow/compiler/xla/service/service.cc:176]   StreamExecutor device (0): Host, Default Version
[[1;32m172.16.239.12.10000[m::[1;35mstderr[m] 2023-10-06 19:09:21.939307: I tensorflow/core/platform/profile_utils/cpu_utils.cc:112] CPU Frequency: 2600165000 Hz
[[1;34m172.16.239.12.10001[m::[1;35mstderr[m] 2023-10-06 19:09:21.939438: I tensorflow/compiler/xla/service/service.cc:168] XLA service 0x5de9ae0 initialized for platform Host (this does not guarantee that XLA will be used). Devices:
[[1;34m172.16.239.12.10001[m::[1;35mstderr[m] 2023-10-06 19:09:21.939471: I tensorflow/compiler/xla/service/service.cc:176]   StreamExecutor device (0): Host, Default Version
[[1;32m172.16.239.12.10000[m::[1;35mstderr[m] 2023-10-06 19:09:21.944424: I tensorflow/compiler/xla/service/service.cc:168] XLA service 0x41af1e0 initialized for platform Host (this does not guarantee that XLA will be used). Devices:
[[1;32m172.16.239.12.10000[m::[1;35mstderr[m] 2023-10-06 19:09:21.944470: I tensorflow/compiler/xla/service/service.cc:176]   StreamExecutor device (0): Host, Default Version
[[1;32m172.16.239.15.10000[m::[1;35mstderr[m] 2023-10-06 19:09:24.750025: I tensorflow/compiler/mlir/mlir_graph_optimization_pass.cc:116] None of the MLIR optimization passes are enabled (registered 2)
[[1;34m172.16.239.15.10001[m::[1;35mstderr[m] 2023-10-06 19:09:24.800297: I tensorflow/compiler/mlir/mlir_graph_optimization_pass.cc:116] None of the MLIR optimization passes are enabled (registered 2)
[[1;34m172.16.239.14.10001[m::[1;35mstderr[m] 2023-10-06 19:09:24.805743: I tensorflow/compiler/mlir/mlir_graph_optimization_pass.cc:116] None of the MLIR optimization passes are enabled (registered 2)
[[1;32m172.16.239.14.10000[m::[1;35mstderr[m] 2023-10-06 19:09:24.835151: I tensorflow/compiler/mlir/mlir_graph_optimization_pass.cc:116] None of the MLIR optimization passes are enabled (registered 2)
[[1;32m172.16.239.13.10000[m::[1;35mstderr[m] 2023-10-06 19:09:24.867164: I tensorflow/compiler/mlir/mlir_graph_optimization_pass.cc:116] None of the MLIR optimization passes are enabled (registered 2)
[[1;34m172.16.239.13.10001[m::[1;35mstderr[m] 2023-10-06 19:09:24.878998: I tensorflow/compiler/mlir/mlir_graph_optimization_pass.cc:116] None of the MLIR optimization passes are enabled (registered 2)
[[1;32m172.16.239.12.10000[m::[1;35mstderr[m] 2023-10-06 19:09:24.986288: I tensorflow/compiler/mlir/mlir_graph_optimization_pass.cc:116] None of the MLIR optimization passes are enabled (registered 2)
[[1;34m172.16.239.12.10001[m::[1;35mstderr[m] 2023-10-06 19:09:24.999015: I tensorflow/compiler/mlir/mlir_graph_optimization_pass.cc:116] None of the MLIR optimization passes are enabled (registered 2)
srun: Job step aborted: Waiting up to 32 seconds for job step to finish.
[W] terminated trapped
[W] terminated trapped
srun: got SIGCONT
[W] terminated trapped
slurmstepd: error: *** STEP 1537662.0 ON gpu12 CANCELLED AT 2023-10-06T19:10:11 ***
[W] terminated trapped
slurmstepd: error: *** JOB 1537662 ON gpu12 CANCELLED AT 2023-10-06T19:10:11 ***
srun: forcing job termination
[1;35m[E][m #<172.16.239.15.10001> exited with error: signal: killed
[1;35m[E][m #<172.16.239.14.10001> exited with error: signal: killed
[1;35m[E][m #<172.16.239.15.10000> exited with error: signal: killed
[1;35m[E][m #<172.16.239.13.10000> exited with error: signal: killed
srun: error: gpu15: task 3: Terminated
srun: Terminating job step 1537662.0
[1;35m[E][m #<172.16.239.14.10000> exited with error: signal: killed
srun: error: gpu14: task 2: Terminated
[1;35m[E][m #<172.16.239.12.10000> exited with error: signal: killed
[1;35m[E][m #<172.16.239.13.10001> exited with error: signal: killed
srun: error: gpu13: task 1: Terminated
[1;35m[E][m #<172.16.239.12.10001> exited with error: signal: killed
srun: error: gpu12: task 0: Terminated
