[W] invalid valud of CUDA_VISIBLE_DEVICES: "NoDevFiles"
[W] invalid valud of CUDA_VISIBLE_DEVICES: "NoDevFiles"
[W] invalid valud of CUDA_VISIBLE_DEVICES: "NoDevFiles"
[W] invalid valud of CUDA_VISIBLE_DEVICES: "NoDevFiles"
[W] invalid valud of CUDA_VISIBLE_DEVICES: "NoDevFiles"
[[1;34m172.16.112.47.10001[m::[1;35mstderr[m] 2023-09-23 21:47:45.973635: I tensorflow/stream_executor/platform/default/dso_loader.cc:49] Successfully opened dynamic library libcudart.so.10.1
[[1;33m172.16.112.47.10002[m::[1;35mstderr[m] 2023-09-23 21:47:45.973631: I tensorflow/stream_executor/platform/default/dso_loader.cc:49] Successfully opened dynamic library libcudart.so.10.1
[[1;32m172.16.112.47.10000[m::[1;35mstderr[m] 2023-09-23 21:47:45.973631: I tensorflow/stream_executor/platform/default/dso_loader.cc:49] Successfully opened dynamic library libcudart.so.10.1
[[1;34m172.16.112.48.10001[m::[1;35mstderr[m] 2023-09-23 21:47:46.045871: I tensorflow/stream_executor/platform/default/dso_loader.cc:49] Successfully opened dynamic library libcudart.so.10.1
[[1;32m172.16.112.48.10000[m::[1;35mstderr[m] 2023-09-23 21:47:46.045872: I tensorflow/stream_executor/platform/default/dso_loader.cc:49] Successfully opened dynamic library libcudart.so.10.1
[[1;32m172.16.112.48.10000[m::[1;35mstderr[m] 2023-09-23 21:48:08.487863: I tensorflow/stream_executor/platform/default/dso_loader.cc:49] Successfully opened dynamic library libcuda.so.1
[[1;34m172.16.112.48.10001[m::[1;35mstderr[m] 2023-09-23 21:48:08.487867: I tensorflow/stream_executor/platform/default/dso_loader.cc:49] Successfully opened dynamic library libcuda.so.1
[[1;34m172.16.112.47.10001[m::[1;35mstderr[m] 2023-09-23 21:48:08.495051: I tensorflow/stream_executor/platform/default/dso_loader.cc:49] Successfully opened dynamic library libcuda.so.1
[[1;32m172.16.112.47.10000[m::[1;35mstderr[m] 2023-09-23 21:48:08.495060: I tensorflow/stream_executor/platform/default/dso_loader.cc:49] Successfully opened dynamic library libcuda.so.1
[[1;33m172.16.112.47.10002[m::[1;35mstderr[m] 2023-09-23 21:48:08.495061: I tensorflow/stream_executor/platform/default/dso_loader.cc:49] Successfully opened dynamic library libcuda.so.1
[[1;32m172.16.112.48.10000[m::[1;35mstderr[m] 2023-09-23 21:48:08.500165: E tensorflow/stream_executor/cuda/cuda_driver.cc:328] failed call to cuInit: CUDA_ERROR_NO_DEVICE: no CUDA-capable device is detected
[[1;34m172.16.112.48.10001[m::[1;35mstderr[m] 2023-09-23 21:48:08.500157: E tensorflow/stream_executor/cuda/cuda_driver.cc:328] failed call to cuInit: CUDA_ERROR_NO_DEVICE: no CUDA-capable device is detected
[[1;32m172.16.112.48.10000[m::[1;35mstderr[m] 2023-09-23 21:48:08.500245: I tensorflow/stream_executor/cuda/cuda_diagnostics.cc:156] kernel driver does not appear to be running on this host (node120): /proc/driver/nvidia/version does not exist
[[1;34m172.16.112.48.10001[m::[1;35mstderr[m] 2023-09-23 21:48:08.500238: I tensorflow/stream_executor/cuda/cuda_diagnostics.cc:156] kernel driver does not appear to be running on this host (node120): /proc/driver/nvidia/version does not exist
[[1;34m172.16.112.48.10001[m::[1;35mstderr[m] 2023-09-23 21:48:08.502061: I tensorflow/core/platform/cpu_feature_guard.cc:142] This TensorFlow binary is optimized with oneAPI Deep Neural Network Library (oneDNN) to use the following CPU instructions in performance-critical operations:  SSE3 SSE4.1 SSE4.2 AVX
[[1;32m172.16.112.48.10000[m::[1;35mstderr[m] 2023-09-23 21:48:08.502053: I tensorflow/core/platform/cpu_feature_guard.cc:142] This TensorFlow binary is optimized with oneAPI Deep Neural Network Library (oneDNN) to use the following CPU instructions in performance-critical operations:  SSE3 SSE4.1 SSE4.2 AVX
[[1;34m172.16.112.48.10001[m::[1;35mstderr[m] To enable them in other operations, rebuild TensorFlow with the appropriate compiler flags.
[[1;32m172.16.112.48.10000[m::[1;35mstderr[m] To enable them in other operations, rebuild TensorFlow with the appropriate compiler flags.
[[1;32m172.16.112.48.10000[m::[1;35mstderr[m] 2023-09-23 21:48:08.514482: I tensorflow/core/platform/profile_utils/cpu_utils.cc:112] CPU Frequency: 2793205000 Hz
[[1;34m172.16.112.48.10001[m::[1;35mstderr[m] 2023-09-23 21:48:08.514629: I tensorflow/core/platform/profile_utils/cpu_utils.cc:112] CPU Frequency: 2793205000 Hz
[[1;32m172.16.112.48.10000[m::[1;35mstderr[m] 2023-09-23 21:48:08.518322: I tensorflow/compiler/xla/service/service.cc:168] XLA service 0x575ba20 initialized for platform Host (this does not guarantee that XLA will be used). Devices:
[[1;32m172.16.112.48.10000[m::[1;35mstderr[m] 2023-09-23 21:48:08.518383: I tensorflow/compiler/xla/service/service.cc:176]   StreamExecutor device (0): Host, Default Version
[[1;34m172.16.112.48.10001[m::[1;35mstderr[m] 2023-09-23 21:48:08.518645: I tensorflow/compiler/xla/service/service.cc:168] XLA service 0x5926770 initialized for platform Host (this does not guarantee that XLA will be used). Devices:
[[1;34m172.16.112.48.10001[m::[1;35mstderr[m] 2023-09-23 21:48:08.518666: I tensorflow/compiler/xla/service/service.cc:176]   StreamExecutor device (0): Host, Default Version
[[1;33m172.16.112.47.10002[m::[1;35mstderr[m] 2023-09-23 21:48:08.529484: E tensorflow/stream_executor/cuda/cuda_driver.cc:328] failed call to cuInit: CUDA_ERROR_NO_DEVICE: no CUDA-capable device is detected
[[1;34m172.16.112.47.10001[m::[1;35mstderr[m] 2023-09-23 21:48:08.529482: E tensorflow/stream_executor/cuda/cuda_driver.cc:328] failed call to cuInit: CUDA_ERROR_NO_DEVICE: no CUDA-capable device is detected
[[1;32m172.16.112.47.10000[m::[1;35mstderr[m] 2023-09-23 21:48:08.529481: E tensorflow/stream_executor/cuda/cuda_driver.cc:328] failed call to cuInit: CUDA_ERROR_NO_DEVICE: no CUDA-capable device is detected
[[1;33m172.16.112.47.10002[m::[1;35mstderr[m] 2023-09-23 21:48:08.529524: I tensorflow/stream_executor/cuda/cuda_diagnostics.cc:156] kernel driver does not appear to be running on this host (node119): /proc/driver/nvidia/version does not exist
[[1;34m172.16.112.47.10001[m::[1;35mstderr[m] 2023-09-23 21:48:08.529531: I tensorflow/stream_executor/cuda/cuda_diagnostics.cc:156] kernel driver does not appear to be running on this host (node119): /proc/driver/nvidia/version does not exist
[[1;32m172.16.112.47.10000[m::[1;35mstderr[m] 2023-09-23 21:48:08.529523: I tensorflow/stream_executor/cuda/cuda_diagnostics.cc:156] kernel driver does not appear to be running on this host (node119): /proc/driver/nvidia/version does not exist
[[1;34m172.16.112.47.10001[m::[1;35mstderr[m] 2023-09-23 21:48:08.530066: I tensorflow/core/platform/cpu_feature_guard.cc:142] This TensorFlow binary is optimized with oneAPI Deep Neural Network Library (oneDNN) to use the following CPU instructions in performance-critical operations:  SSE3 SSE4.1 SSE4.2 AVX
[[1;34m172.16.112.47.10001[m::[1;35mstderr[m] To enable them in other operations, rebuild TensorFlow with the appropriate compiler flags.
[[1;32m172.16.112.47.10000[m::[1;35mstderr[m] 2023-09-23 21:48:08.530073: I tensorflow/core/platform/cpu_feature_guard.cc:142] This TensorFlow binary is optimized with oneAPI Deep Neural Network Library (oneDNN) to use the following CPU instructions in performance-critical operations:  SSE3 SSE4.1 SSE4.2 AVX
[[1;32m172.16.112.47.10000[m::[1;35mstderr[m] To enable them in other operations, rebuild TensorFlow with the appropriate compiler flags.
[[1;33m172.16.112.47.10002[m::[1;35mstderr[m] 2023-09-23 21:48:08.530073: I tensorflow/core/platform/cpu_feature_guard.cc:142] This TensorFlow binary is optimized with oneAPI Deep Neural Network Library (oneDNN) to use the following CPU instructions in performance-critical operations:  SSE3 SSE4.1 SSE4.2 AVX
[[1;33m172.16.112.47.10002[m::[1;35mstderr[m] To enable them in other operations, rebuild TensorFlow with the appropriate compiler flags.
[[1;33m172.16.112.47.10002[m::[1;35mstderr[m] 2023-09-23 21:48:08.541651: I tensorflow/core/platform/profile_utils/cpu_utils.cc:112] CPU Frequency: 2793035000 Hz
[[1;32m172.16.112.47.10000[m::[1;35mstderr[m] 2023-09-23 21:48:08.541698: I tensorflow/core/platform/profile_utils/cpu_utils.cc:112] CPU Frequency: 2793035000 Hz
[[1;34m172.16.112.47.10001[m::[1;35mstderr[m] 2023-09-23 21:48:08.543231: I tensorflow/core/platform/profile_utils/cpu_utils.cc:112] CPU Frequency: 2793035000 Hz
[[1;33m172.16.112.47.10002[m::[1;35mstderr[m] 2023-09-23 21:48:08.544331: I tensorflow/compiler/xla/service/service.cc:168] XLA service 0x5a5ccd0 initialized for platform Host (this does not guarantee that XLA will be used). Devices:
[[1;33m172.16.112.47.10002[m::[1;35mstderr[m] 2023-09-23 21:48:08.544355: I tensorflow/compiler/xla/service/service.cc:176]   StreamExecutor device (0): Host, Default Version
[[1;32m172.16.112.47.10000[m::[1;35mstderr[m] 2023-09-23 21:48:08.544389: I tensorflow/compiler/xla/service/service.cc:168] XLA service 0x4c419c0 initialized for platform Host (this does not guarantee that XLA will be used). Devices:
[[1;32m172.16.112.47.10000[m::[1;35mstderr[m] 2023-09-23 21:48:08.544411: I tensorflow/compiler/xla/service/service.cc:176]   StreamExecutor device (0): Host, Default Version
[[1;34m172.16.112.47.10001[m::[1;35mstderr[m] 2023-09-23 21:48:08.545714: I tensorflow/compiler/xla/service/service.cc:168] XLA service 0x58f9bf0 initialized for platform Host (this does not guarantee that XLA will be used). Devices:
[[1;34m172.16.112.47.10001[m::[1;35mstderr[m] 2023-09-23 21:48:08.545735: I tensorflow/compiler/xla/service/service.cc:176]   StreamExecutor device (0): Host, Default Version
[[1;33m172.16.112.47.10002[m::[1;35mstderr[m] 2023-09-23 21:48:10.710094: I tensorflow/compiler/mlir/mlir_graph_optimization_pass.cc:116] None of the MLIR optimization passes are enabled (registered 2)
[[1;34m172.16.112.47.10001[m::[1;35mstderr[m] 2023-09-23 21:48:10.717523: I tensorflow/compiler/mlir/mlir_graph_optimization_pass.cc:116] None of the MLIR optimization passes are enabled (registered 2)
[[1;32m172.16.112.47.10000[m::[1;35mstderr[m] 2023-09-23 21:48:10.722983: I tensorflow/compiler/mlir/mlir_graph_optimization_pass.cc:116] None of the MLIR optimization passes are enabled (registered 2)
[[1;32m172.16.112.48.10000[m::[1;35mstderr[m] 2023-09-23 21:48:10.743646: I tensorflow/compiler/mlir/mlir_graph_optimization_pass.cc:116] None of the MLIR optimization passes are enabled (registered 2)
[[1;34m172.16.112.48.10001[m::[1;35mstderr[m] 2023-09-23 21:48:10.745741: I tensorflow/compiler/mlir/mlir_graph_optimization_pass.cc:116] None of the MLIR optimization passes are enabled (registered 2)
[W] invalid valud of CUDA_VISIBLE_DEVICES: "NoDevFiles"
[W] invalid valud of CUDA_VISIBLE_DEVICES: "NoDevFiles"
[W] invalid valud of CUDA_VISIBLE_DEVICES: "NoDevFiles"
[W] invalid valud of CUDA_VISIBLE_DEVICES: "NoDevFiles"
[W] invalid valud of CUDA_VISIBLE_DEVICES: "NoDevFiles"
[[1;32m172.16.112.48.10000[m::[1;35mstderr[m] 2023-09-23 22:15:51.111153: I tensorflow/stream_executor/platform/default/dso_loader.cc:49] Successfully opened dynamic library libcudart.so.10.1
[[1;34m172.16.112.48.10001[m::[1;35mstderr[m] 2023-09-23 22:15:51.111181: I tensorflow/stream_executor/platform/default/dso_loader.cc:49] Successfully opened dynamic library libcudart.so.10.1
[[1;34m172.16.112.47.10001[m::[1;35mstderr[m] 2023-09-23 22:15:51.120310: I tensorflow/stream_executor/platform/default/dso_loader.cc:49] Successfully opened dynamic library libcudart.so.10.1
[[1;32m172.16.112.47.10000[m::[1;35mstderr[m] 2023-09-23 22:15:51.120317: I tensorflow/stream_executor/platform/default/dso_loader.cc:49] Successfully opened dynamic library libcudart.so.10.1
[[1;33m172.16.112.47.10002[m::[1;35mstderr[m] 2023-09-23 22:15:51.120311: I tensorflow/stream_executor/platform/default/dso_loader.cc:49] Successfully opened dynamic library libcudart.so.10.1
[[1;34m172.16.112.47.10001[m::[1;35mstderr[m] 2023-09-23 22:16:11.149305: I tensorflow/stream_executor/platform/default/dso_loader.cc:49] Successfully opened dynamic library libcuda.so.1
[[1;32m172.16.112.47.10000[m::[1;35mstderr[m] 2023-09-23 22:16:11.149305: I tensorflow/stream_executor/platform/default/dso_loader.cc:49] Successfully opened dynamic library libcuda.so.1
[[1;33m172.16.112.47.10002[m::[1;35mstderr[m] 2023-09-23 22:16:11.149294: I tensorflow/stream_executor/platform/default/dso_loader.cc:49] Successfully opened dynamic library libcuda.so.1
[[1;34m172.16.112.47.10001[m::[1;35mstderr[m] 2023-09-23 22:16:11.160724: E tensorflow/stream_executor/cuda/cuda_driver.cc:328] failed call to cuInit: CUDA_ERROR_NO_DEVICE: no CUDA-capable device is detected
[[1;33m172.16.112.47.10002[m::[1;35mstderr[m] 2023-09-23 22:16:11.160723: E tensorflow/stream_executor/cuda/cuda_driver.cc:328] failed call to cuInit: CUDA_ERROR_NO_DEVICE: no CUDA-capable device is detected
[[1;34m172.16.112.47.10001[m::[1;35mstderr[m] 2023-09-23 22:16:11.160767: I tensorflow/stream_executor/cuda/cuda_diagnostics.cc:156] kernel driver does not appear to be running on this host (node119): /proc/driver/nvidia/version does not exist
[[1;32m172.16.112.47.10000[m::[1;35mstderr[m] 2023-09-23 22:16:11.160722: E tensorflow/stream_executor/cuda/cuda_driver.cc:328] failed call to cuInit: CUDA_ERROR_NO_DEVICE: no CUDA-capable device is detected
[[1;33m172.16.112.47.10002[m::[1;35mstderr[m] 2023-09-23 22:16:11.160764: I tensorflow/stream_executor/cuda/cuda_diagnostics.cc:156] kernel driver does not appear to be running on this host (node119): /proc/driver/nvidia/version does not exist
[[1;32m172.16.112.47.10000[m::[1;35mstderr[m] 2023-09-23 22:16:11.160756: I tensorflow/stream_executor/cuda/cuda_diagnostics.cc:156] kernel driver does not appear to be running on this host (node119): /proc/driver/nvidia/version does not exist
[[1;32m172.16.112.47.10000[m::[1;35mstderr[m] 2023-09-23 22:16:11.161263: I tensorflow/core/platform/cpu_feature_guard.cc:142] This TensorFlow binary is optimized with oneAPI Deep Neural Network Library (oneDNN) to use the following CPU instructions in performance-critical operations:  SSE3 SSE4.1 SSE4.2 AVX
[[1;32m172.16.112.47.10000[m::[1;35mstderr[m] To enable them in other operations, rebuild TensorFlow with the appropriate compiler flags.
[[1;34m172.16.112.47.10001[m::[1;35mstderr[m] 2023-09-23 22:16:11.161273: I tensorflow/core/platform/cpu_feature_guard.cc:142] This TensorFlow binary is optimized with oneAPI Deep Neural Network Library (oneDNN) to use the following CPU instructions in performance-critical operations:  SSE3 SSE4.1 SSE4.2 AVX
[[1;33m172.16.112.47.10002[m::[1;35mstderr[m] 2023-09-23 22:16:11.161260: I tensorflow/core/platform/cpu_feature_guard.cc:142] This TensorFlow binary is optimized with oneAPI Deep Neural Network Library (oneDNN) to use the following CPU instructions in performance-critical operations:  SSE3 SSE4.1 SSE4.2 AVX
[[1;34m172.16.112.47.10001[m::[1;35mstderr[m] To enable them in other operations, rebuild TensorFlow with the appropriate compiler flags.
[[1;33m172.16.112.47.10002[m::[1;35mstderr[m] To enable them in other operations, rebuild TensorFlow with the appropriate compiler flags.
[[1;33m172.16.112.47.10002[m::[1;35mstderr[m] 2023-09-23 22:16:11.172129: I tensorflow/core/platform/profile_utils/cpu_utils.cc:112] CPU Frequency: 2793035000 Hz
[[1;32m172.16.112.47.10000[m::[1;35mstderr[m] 2023-09-23 22:16:11.172341: I tensorflow/core/platform/profile_utils/cpu_utils.cc:112] CPU Frequency: 2793035000 Hz
[[1;34m172.16.112.47.10001[m::[1;35mstderr[m] 2023-09-23 22:16:11.172892: I tensorflow/core/platform/profile_utils/cpu_utils.cc:112] CPU Frequency: 2793035000 Hz
[[1;33m172.16.112.47.10002[m::[1;35mstderr[m] 2023-09-23 22:16:11.174706: I tensorflow/compiler/xla/service/service.cc:168] XLA service 0x49a0dd0 initialized for platform Host (this does not guarantee that XLA will be used). Devices:
[[1;33m172.16.112.47.10002[m::[1;35mstderr[m] 2023-09-23 22:16:11.174725: I tensorflow/compiler/xla/service/service.cc:176]   StreamExecutor device (0): Host, Default Version
[[1;32m172.16.112.47.10000[m::[1;35mstderr[m] 2023-09-23 22:16:11.174993: I tensorflow/compiler/xla/service/service.cc:168] XLA service 0x4c87e10 initialized for platform Host (this does not guarantee that XLA will be used). Devices:
[[1;32m172.16.112.47.10000[m::[1;35mstderr[m] 2023-09-23 22:16:11.175016: I tensorflow/compiler/xla/service/service.cc:176]   StreamExecutor device (0): Host, Default Version
[[1;34m172.16.112.47.10001[m::[1;35mstderr[m] 2023-09-23 22:16:11.175428: I tensorflow/compiler/xla/service/service.cc:168] XLA service 0x4b91bd0 initialized for platform Host (this does not guarantee that XLA will be used). Devices:
[[1;34m172.16.112.47.10001[m::[1;35mstderr[m] 2023-09-23 22:16:11.175448: I tensorflow/compiler/xla/service/service.cc:176]   StreamExecutor device (0): Host, Default Version
[[1;32m172.16.112.48.10000[m::[1;35mstderr[m] 2023-09-23 22:16:11.232813: I tensorflow/stream_executor/platform/default/dso_loader.cc:49] Successfully opened dynamic library libcuda.so.1
[[1;34m172.16.112.48.10001[m::[1;35mstderr[m] 2023-09-23 22:16:11.232809: I tensorflow/stream_executor/platform/default/dso_loader.cc:49] Successfully opened dynamic library libcuda.so.1
[[1;34m172.16.112.48.10001[m::[1;35mstderr[m] 2023-09-23 22:16:11.264351: E tensorflow/stream_executor/cuda/cuda_driver.cc:328] failed call to cuInit: CUDA_ERROR_NO_DEVICE: no CUDA-capable device is detected
[[1;32m172.16.112.48.10000[m::[1;35mstderr[m] 2023-09-23 22:16:11.264350: E tensorflow/stream_executor/cuda/cuda_driver.cc:328] failed call to cuInit: CUDA_ERROR_NO_DEVICE: no CUDA-capable device is detected
[[1;34m172.16.112.48.10001[m::[1;35mstderr[m] 2023-09-23 22:16:11.264427: I tensorflow/stream_executor/cuda/cuda_diagnostics.cc:156] kernel driver does not appear to be running on this host (node120): /proc/driver/nvidia/version does not exist
[[1;32m172.16.112.48.10000[m::[1;35mstderr[m] 2023-09-23 22:16:11.264432: I tensorflow/stream_executor/cuda/cuda_diagnostics.cc:156] kernel driver does not appear to be running on this host (node120): /proc/driver/nvidia/version does not exist
[[1;34m172.16.112.48.10001[m::[1;35mstderr[m] 2023-09-23 22:16:11.265483: I tensorflow/core/platform/cpu_feature_guard.cc:142] This TensorFlow binary is optimized with oneAPI Deep Neural Network Library (oneDNN) to use the following CPU instructions in performance-critical operations:  SSE3 SSE4.1 SSE4.2 AVX
[[1;34m172.16.112.48.10001[m::[1;35mstderr[m] To enable them in other operations, rebuild TensorFlow with the appropriate compiler flags.
[[1;32m172.16.112.48.10000[m::[1;35mstderr[m] 2023-09-23 22:16:11.265483: I tensorflow/core/platform/cpu_feature_guard.cc:142] This TensorFlow binary is optimized with oneAPI Deep Neural Network Library (oneDNN) to use the following CPU instructions in performance-critical operations:  SSE3 SSE4.1 SSE4.2 AVX
[[1;32m172.16.112.48.10000[m::[1;35mstderr[m] To enable them in other operations, rebuild TensorFlow with the appropriate compiler flags.
[[1;34m172.16.112.48.10001[m::[1;35mstderr[m] 2023-09-23 22:16:11.285994: I tensorflow/core/platform/profile_utils/cpu_utils.cc:112] CPU Frequency: 2793205000 Hz
[[1;32m172.16.112.48.10000[m::[1;35mstderr[m] 2023-09-23 22:16:11.286081: I tensorflow/core/platform/profile_utils/cpu_utils.cc:112] CPU Frequency: 2793205000 Hz
[[1;32m172.16.112.48.10000[m::[1;35mstderr[m] 2023-09-23 22:16:11.289630: I tensorflow/compiler/xla/service/service.cc:168] XLA service 0x40c6880 initialized for platform Host (this does not guarantee that XLA will be used). Devices:
[[1;32m172.16.112.48.10000[m::[1;35mstderr[m] 2023-09-23 22:16:11.289655: I tensorflow/compiler/xla/service/service.cc:176]   StreamExecutor device (0): Host, Default Version
[[1;34m172.16.112.48.10001[m::[1;35mstderr[m] 2023-09-23 22:16:11.290022: I tensorflow/compiler/xla/service/service.cc:168] XLA service 0x42fdd50 initialized for platform Host (this does not guarantee that XLA will be used). Devices:
[[1;34m172.16.112.48.10001[m::[1;35mstderr[m] 2023-09-23 22:16:11.290046: I tensorflow/compiler/xla/service/service.cc:176]   StreamExecutor device (0): Host, Default Version
[[1;34m172.16.112.47.10001[m::[1;35mstderr[m] 2023-09-23 22:16:13.381833: I tensorflow/compiler/mlir/mlir_graph_optimization_pass.cc:116] None of the MLIR optimization passes are enabled (registered 2)
[[1;33m172.16.112.47.10002[m::[1;35mstderr[m] 2023-09-23 22:16:13.386767: I tensorflow/compiler/mlir/mlir_graph_optimization_pass.cc:116] None of the MLIR optimization passes are enabled (registered 2)
[[1;32m172.16.112.47.10000[m::[1;35mstderr[m] 2023-09-23 22:16:13.392871: I tensorflow/compiler/mlir/mlir_graph_optimization_pass.cc:116] None of the MLIR optimization passes are enabled (registered 2)
[[1;32m172.16.112.48.10000[m::[1;35mstderr[m] 2023-09-23 22:16:13.501045: I tensorflow/compiler/mlir/mlir_graph_optimization_pass.cc:116] None of the MLIR optimization passes are enabled (registered 2)
[[1;34m172.16.112.48.10001[m::[1;35mstderr[m] 2023-09-23 22:16:13.506780: I tensorflow/compiler/mlir/mlir_graph_optimization_pass.cc:116] None of the MLIR optimization passes are enabled (registered 2)
[W] invalid valud of CUDA_VISIBLE_DEVICES: "NoDevFiles"
[W] invalid valud of CUDA_VISIBLE_DEVICES: "NoDevFiles"
[W] invalid valud of CUDA_VISIBLE_DEVICES: "NoDevFiles"
[W] invalid valud of CUDA_VISIBLE_DEVICES: "NoDevFiles"
[W] invalid valud of CUDA_VISIBLE_DEVICES: "NoDevFiles"
[[1;32m172.16.112.47.10000[m::[1;35mstderr[m] 2023-09-23 22:41:46.837584: I tensorflow/stream_executor/platform/default/dso_loader.cc:49] Successfully opened dynamic library libcudart.so.10.1
[[1;34m172.16.112.47.10001[m::[1;35mstderr[m] 2023-09-23 22:41:46.839661: I tensorflow/stream_executor/platform/default/dso_loader.cc:49] Successfully opened dynamic library libcudart.so.10.1
[[1;33m172.16.112.47.10002[m::[1;35mstderr[m] 2023-09-23 22:41:46.839661: I tensorflow/stream_executor/platform/default/dso_loader.cc:49] Successfully opened dynamic library libcudart.so.10.1
[[1;32m172.16.112.48.10000[m::[1;35mstderr[m] 2023-09-23 22:41:46.956791: I tensorflow/stream_executor/platform/default/dso_loader.cc:49] Successfully opened dynamic library libcudart.so.10.1
[[1;34m172.16.112.48.10001[m::[1;35mstderr[m] 2023-09-23 22:41:46.956791: I tensorflow/stream_executor/platform/default/dso_loader.cc:49] Successfully opened dynamic library libcudart.so.10.1
[[1;32m172.16.112.47.10000[m::[1;35mstderr[m] 2023-09-23 22:41:59.179446: I tensorflow/stream_executor/platform/default/dso_loader.cc:49] Successfully opened dynamic library libcuda.so.1
[[1;33m172.16.112.47.10002[m::[1;35mstderr[m] 2023-09-23 22:41:59.179442: I tensorflow/stream_executor/platform/default/dso_loader.cc:49] Successfully opened dynamic library libcuda.so.1
[[1;34m172.16.112.47.10001[m::[1;35mstderr[m] 2023-09-23 22:41:59.179442: I tensorflow/stream_executor/platform/default/dso_loader.cc:49] Successfully opened dynamic library libcuda.so.1
[[1;32m172.16.112.48.10000[m::[1;35mstderr[m] 2023-09-23 22:41:59.181112: I tensorflow/stream_executor/platform/default/dso_loader.cc:49] Successfully opened dynamic library libcuda.so.1
[[1;34m172.16.112.48.10001[m::[1;35mstderr[m] 2023-09-23 22:41:59.181104: I tensorflow/stream_executor/platform/default/dso_loader.cc:49] Successfully opened dynamic library libcuda.so.1
[[1;34m172.16.112.48.10001[m::[1;35mstderr[m] 2023-09-23 22:41:59.192685: E tensorflow/stream_executor/cuda/cuda_driver.cc:328] failed call to cuInit: CUDA_ERROR_NO_DEVICE: no CUDA-capable device is detected
[[1;34m172.16.112.48.10001[m::[1;35mstderr[m] 2023-09-23 22:41:59.192762: I tensorflow/stream_executor/cuda/cuda_diagnostics.cc:156] kernel driver does not appear to be running on this host (node120): /proc/driver/nvidia/version does not exist
[[1;32m172.16.112.48.10000[m::[1;35mstderr[m] 2023-09-23 22:41:59.192698: E tensorflow/stream_executor/cuda/cuda_driver.cc:328] failed call to cuInit: CUDA_ERROR_NO_DEVICE: no CUDA-capable device is detected
[[1;32m172.16.112.48.10000[m::[1;35mstderr[m] 2023-09-23 22:41:59.192772: I tensorflow/stream_executor/cuda/cuda_diagnostics.cc:156] kernel driver does not appear to be running on this host (node120): /proc/driver/nvidia/version does not exist
[[1;33m172.16.112.47.10002[m::[1;35mstderr[m] 2023-09-23 22:41:59.193540: E tensorflow/stream_executor/cuda/cuda_driver.cc:328] failed call to cuInit: CUDA_ERROR_NO_DEVICE: no CUDA-capable device is detected
[[1;34m172.16.112.47.10001[m::[1;35mstderr[m] 2023-09-23 22:41:59.193547: E tensorflow/stream_executor/cuda/cuda_driver.cc:328] failed call to cuInit: CUDA_ERROR_NO_DEVICE: no CUDA-capable device is detected
[[1;32m172.16.112.47.10000[m::[1;35mstderr[m] 2023-09-23 22:41:59.193539: E tensorflow/stream_executor/cuda/cuda_driver.cc:328] failed call to cuInit: CUDA_ERROR_NO_DEVICE: no CUDA-capable device is detected
[[1;33m172.16.112.47.10002[m::[1;35mstderr[m] 2023-09-23 22:41:59.193616: I tensorflow/stream_executor/cuda/cuda_diagnostics.cc:156] kernel driver does not appear to be running on this host (node119): /proc/driver/nvidia/version does not exist
[[1;32m172.16.112.47.10000[m::[1;35mstderr[m] 2023-09-23 22:41:59.193615: I tensorflow/stream_executor/cuda/cuda_diagnostics.cc:156] kernel driver does not appear to be running on this host (node119): /proc/driver/nvidia/version does not exist
[[1;34m172.16.112.47.10001[m::[1;35mstderr[m] 2023-09-23 22:41:59.193621: I tensorflow/stream_executor/cuda/cuda_diagnostics.cc:156] kernel driver does not appear to be running on this host (node119): /proc/driver/nvidia/version does not exist
[[1;33m172.16.112.47.10002[m::[1;35mstderr[m] 2023-09-23 22:41:59.194728: I tensorflow/core/platform/cpu_feature_guard.cc:142] This TensorFlow binary is optimized with oneAPI Deep Neural Network Library (oneDNN) to use the following CPU instructions in performance-critical operations:  SSE3 SSE4.1 SSE4.2 AVX
[[1;34m172.16.112.47.10001[m::[1;35mstderr[m] 2023-09-23 22:41:59.194724: I tensorflow/core/platform/cpu_feature_guard.cc:142] This TensorFlow binary is optimized with oneAPI Deep Neural Network Library (oneDNN) to use the following CPU instructions in performance-critical operations:  SSE3 SSE4.1 SSE4.2 AVX
[[1;33m172.16.112.47.10002[m::[1;35mstderr[m] To enable them in other operations, rebuild TensorFlow with the appropriate compiler flags.
[[1;34m172.16.112.47.10001[m::[1;35mstderr[m] To enable them in other operations, rebuild TensorFlow with the appropriate compiler flags.
[[1;32m172.16.112.47.10000[m::[1;35mstderr[m] 2023-09-23 22:41:59.194721: I tensorflow/core/platform/cpu_feature_guard.cc:142] This TensorFlow binary is optimized with oneAPI Deep Neural Network Library (oneDNN) to use the following CPU instructions in performance-critical operations:  SSE3 SSE4.1 SSE4.2 AVX
[[1;32m172.16.112.47.10000[m::[1;35mstderr[m] To enable them in other operations, rebuild TensorFlow with the appropriate compiler flags.
[[1;34m172.16.112.48.10001[m::[1;35mstderr[m] 2023-09-23 22:41:59.194730: I tensorflow/core/platform/cpu_feature_guard.cc:142] This TensorFlow binary is optimized with oneAPI Deep Neural Network Library (oneDNN) to use the following CPU instructions in performance-critical operations:  SSE3 SSE4.1 SSE4.2 AVX
[[1;34m172.16.112.48.10001[m::[1;35mstderr[m] To enable them in other operations, rebuild TensorFlow with the appropriate compiler flags.
[[1;32m172.16.112.48.10000[m::[1;35mstderr[m] 2023-09-23 22:41:59.194744: I tensorflow/core/platform/cpu_feature_guard.cc:142] This TensorFlow binary is optimized with oneAPI Deep Neural Network Library (oneDNN) to use the following CPU instructions in performance-critical operations:  SSE3 SSE4.1 SSE4.2 AVX
[[1;32m172.16.112.48.10000[m::[1;35mstderr[m] To enable them in other operations, rebuild TensorFlow with the appropriate compiler flags.
[[1;33m172.16.112.47.10002[m::[1;35mstderr[m] 2023-09-23 22:41:59.214295: I tensorflow/core/platform/profile_utils/cpu_utils.cc:112] CPU Frequency: 2793035000 Hz
[[1;34m172.16.112.47.10001[m::[1;35mstderr[m] 2023-09-23 22:41:59.214328: I tensorflow/core/platform/profile_utils/cpu_utils.cc:112] CPU Frequency: 2793035000 Hz
[[1;32m172.16.112.47.10000[m::[1;35mstderr[m] 2023-09-23 22:41:59.214328: I tensorflow/core/platform/profile_utils/cpu_utils.cc:112] CPU Frequency: 2793035000 Hz
[[1;32m172.16.112.48.10000[m::[1;35mstderr[m] 2023-09-23 22:41:59.215163: I tensorflow/core/platform/profile_utils/cpu_utils.cc:112] CPU Frequency: 2793205000 Hz
[[1;34m172.16.112.48.10001[m::[1;35mstderr[m] 2023-09-23 22:41:59.215619: I tensorflow/core/platform/profile_utils/cpu_utils.cc:112] CPU Frequency: 2793205000 Hz
[[1;33m172.16.112.47.10002[m::[1;35mstderr[m] 2023-09-23 22:41:59.217802: I tensorflow/compiler/xla/service/service.cc:168] XLA service 0x4bb1c50 initialized for platform Host (this does not guarantee that XLA will be used). Devices:
[[1;33m172.16.112.47.10002[m::[1;35mstderr[m] 2023-09-23 22:41:59.217833: I tensorflow/compiler/xla/service/service.cc:176]   StreamExecutor device (0): Host, Default Version
[[1;32m172.16.112.48.10000[m::[1;35mstderr[m] 2023-09-23 22:41:59.217855: I tensorflow/compiler/xla/service/service.cc:168] XLA service 0x5d959f0 initialized for platform Host (this does not guarantee that XLA will be used). Devices:
[[1;34m172.16.112.47.10001[m::[1;35mstderr[m] 2023-09-23 22:41:59.217992: I tensorflow/compiler/xla/service/service.cc:168] XLA service 0x4abbc60 initialized for platform Host (this does not guarantee that XLA will be used). Devices:
[[1;34m172.16.112.47.10001[m::[1;35mstderr[m] 2023-09-23 22:41:59.218024: I tensorflow/compiler/xla/service/service.cc:176]   StreamExecutor device (0): Host, Default Version
[[1;32m172.16.112.48.10000[m::[1;35mstderr[m] 2023-09-23 22:41:59.217875: I tensorflow/compiler/xla/service/service.cc:176]   StreamExecutor device (0): Host, Default Version
[[1;34m172.16.112.48.10001[m::[1;35mstderr[m] 2023-09-23 22:41:59.218393: I tensorflow/compiler/xla/service/service.cc:168] XLA service 0x4f0c920 initialized for platform Host (this does not guarantee that XLA will be used). Devices:
[[1;34m172.16.112.48.10001[m::[1;35mstderr[m] 2023-09-23 22:41:59.218413: I tensorflow/compiler/xla/service/service.cc:176]   StreamExecutor device (0): Host, Default Version
[[1;32m172.16.112.47.10000[m::[1;35mstderr[m] 2023-09-23 22:41:59.218763: I tensorflow/compiler/xla/service/service.cc:168] XLA service 0x5406b50 initialized for platform Host (this does not guarantee that XLA will be used). Devices:
[[1;32m172.16.112.47.10000[m::[1;35mstderr[m] 2023-09-23 22:41:59.218794: I tensorflow/compiler/xla/service/service.cc:176]   StreamExecutor device (0): Host, Default Version
[[1;34m172.16.112.48.10001[m::[1;35mstderr[m] 2023-09-23 22:42:01.507041: I tensorflow/compiler/mlir/mlir_graph_optimization_pass.cc:116] None of the MLIR optimization passes are enabled (registered 2)
[[1;32m172.16.112.48.10000[m::[1;35mstderr[m] 2023-09-23 22:42:01.511842: I tensorflow/compiler/mlir/mlir_graph_optimization_pass.cc:116] None of the MLIR optimization passes are enabled (registered 2)
[[1;32m172.16.112.47.10000[m::[1;35mstderr[m] 2023-09-23 22:42:01.544472: I tensorflow/compiler/mlir/mlir_graph_optimization_pass.cc:116] None of the MLIR optimization passes are enabled (registered 2)
[[1;33m172.16.112.47.10002[m::[1;35mstderr[m] 2023-09-23 22:42:01.557365: I tensorflow/compiler/mlir/mlir_graph_optimization_pass.cc:116] None of the MLIR optimization passes are enabled (registered 2)
[[1;34m172.16.112.47.10001[m::[1;35mstderr[m] 2023-09-23 22:42:01.558302: I tensorflow/compiler/mlir/mlir_graph_optimization_pass.cc:116] None of the MLIR optimization passes are enabled (registered 2)
[W] invalid valud of CUDA_VISIBLE_DEVICES: "NoDevFiles"
[W] invalid valud of CUDA_VISIBLE_DEVICES: "NoDevFiles"
[W] invalid valud of CUDA_VISIBLE_DEVICES: "NoDevFiles"
[W] invalid valud of CUDA_VISIBLE_DEVICES: "NoDevFiles"
[W] invalid valud of CUDA_VISIBLE_DEVICES: "NoDevFiles"
[[1;33m172.16.112.47.10002[m::[1;35mstderr[m] 2023-09-23 23:18:38.044792: I tensorflow/stream_executor/platform/default/dso_loader.cc:49] Successfully opened dynamic library libcudart.so.10.1
[[1;32m172.16.112.47.10000[m::[1;35mstderr[m] 2023-09-23 23:18:38.044805: I tensorflow/stream_executor/platform/default/dso_loader.cc:49] Successfully opened dynamic library libcudart.so.10.1
[[1;34m172.16.112.47.10001[m::[1;35mstderr[m] 2023-09-23 23:18:38.044794: I tensorflow/stream_executor/platform/default/dso_loader.cc:49] Successfully opened dynamic library libcudart.so.10.1
[[1;32m172.16.112.48.10000[m::[1;35mstderr[m] 2023-09-23 23:18:38.051048: I tensorflow/stream_executor/platform/default/dso_loader.cc:49] Successfully opened dynamic library libcudart.so.10.1
[[1;34m172.16.112.48.10001[m::[1;35mstderr[m] 2023-09-23 23:18:38.051056: I tensorflow/stream_executor/platform/default/dso_loader.cc:49] Successfully opened dynamic library libcudart.so.10.1
[[1;33m172.16.112.47.10002[m::[1;35mstderr[m] 2023-09-23 23:19:06.880358: I tensorflow/stream_executor/platform/default/dso_loader.cc:49] Successfully opened dynamic library libcuda.so.1
[[1;32m172.16.112.47.10000[m::[1;35mstderr[m] 2023-09-23 23:19:06.880359: I tensorflow/stream_executor/platform/default/dso_loader.cc:49] Successfully opened dynamic library libcuda.so.1
[[1;34m172.16.112.47.10001[m::[1;35mstderr[m] 2023-09-23 23:19:06.880359: I tensorflow/stream_executor/platform/default/dso_loader.cc:49] Successfully opened dynamic library libcuda.so.1
[[1;32m172.16.112.48.10000[m::[1;35mstderr[m] 2023-09-23 23:19:06.887015: I tensorflow/stream_executor/platform/default/dso_loader.cc:49] Successfully opened dynamic library libcuda.so.1
[[1;34m172.16.112.48.10001[m::[1;35mstderr[m] 2023-09-23 23:19:06.887023: I tensorflow/stream_executor/platform/default/dso_loader.cc:49] Successfully opened dynamic library libcuda.so.1
[[1;32m172.16.112.48.10000[m::[1;35mstderr[m] 2023-09-23 23:19:06.907877: E tensorflow/stream_executor/cuda/cuda_driver.cc:328] failed call to cuInit: CUDA_ERROR_NO_DEVICE: no CUDA-capable device is detected
[[1;34m172.16.112.48.10001[m::[1;35mstderr[m] 2023-09-23 23:19:06.907869: E tensorflow/stream_executor/cuda/cuda_driver.cc:328] failed call to cuInit: CUDA_ERROR_NO_DEVICE: no CUDA-capable device is detected
[[1;34m172.16.112.48.10001[m::[1;35mstderr[m] 2023-09-23 23:19:06.907946: I tensorflow/stream_executor/cuda/cuda_diagnostics.cc:156] kernel driver does not appear to be running on this host (node120): /proc/driver/nvidia/version does not exist
[[1;32m172.16.112.48.10000[m::[1;35mstderr[m] 2023-09-23 23:19:06.907947: I tensorflow/stream_executor/cuda/cuda_diagnostics.cc:156] kernel driver does not appear to be running on this host (node120): /proc/driver/nvidia/version does not exist
[[1;34m172.16.112.48.10001[m::[1;35mstderr[m] 2023-09-23 23:19:06.909035: I tensorflow/core/platform/cpu_feature_guard.cc:142] This TensorFlow binary is optimized with oneAPI Deep Neural Network Library (oneDNN) to use the following CPU instructions in performance-critical operations:  SSE3 SSE4.1 SSE4.2 AVX
[[1;34m172.16.112.48.10001[m::[1;35mstderr[m] To enable them in other operations, rebuild TensorFlow with the appropriate compiler flags.
[[1;32m172.16.112.48.10000[m::[1;35mstderr[m] 2023-09-23 23:19:06.909035: I tensorflow/core/platform/cpu_feature_guard.cc:142] This TensorFlow binary is optimized with oneAPI Deep Neural Network Library (oneDNN) to use the following CPU instructions in performance-critical operations:  SSE3 SSE4.1 SSE4.2 AVX
[[1;32m172.16.112.48.10000[m::[1;35mstderr[m] To enable them in other operations, rebuild TensorFlow with the appropriate compiler flags.
[[1;33m172.16.112.47.10002[m::[1;35mstderr[m] 2023-09-23 23:19:06.910755: E tensorflow/stream_executor/cuda/cuda_driver.cc:328] failed call to cuInit: CUDA_ERROR_NO_DEVICE: no CUDA-capable device is detected
[[1;34m172.16.112.47.10001[m::[1;35mstderr[m] 2023-09-23 23:19:06.910771: E tensorflow/stream_executor/cuda/cuda_driver.cc:328] failed call to cuInit: CUDA_ERROR_NO_DEVICE: no CUDA-capable device is detected
[[1;32m172.16.112.47.10000[m::[1;35mstderr[m] 2023-09-23 23:19:06.910762: E tensorflow/stream_executor/cuda/cuda_driver.cc:328] failed call to cuInit: CUDA_ERROR_NO_DEVICE: no CUDA-capable device is detected
[[1;33m172.16.112.47.10002[m::[1;35mstderr[m] 2023-09-23 23:19:06.910853: I tensorflow/stream_executor/cuda/cuda_diagnostics.cc:156] kernel driver does not appear to be running on this host (node119): /proc/driver/nvidia/version does not exist
[[1;34m172.16.112.47.10001[m::[1;35mstderr[m] 2023-09-23 23:19:06.910856: I tensorflow/stream_executor/cuda/cuda_diagnostics.cc:156] kernel driver does not appear to be running on this host (node119): /proc/driver/nvidia/version does not exist
[[1;32m172.16.112.47.10000[m::[1;35mstderr[m] 2023-09-23 23:19:06.910853: I tensorflow/stream_executor/cuda/cuda_diagnostics.cc:156] kernel driver does not appear to be running on this host (node119): /proc/driver/nvidia/version does not exist
[[1;32m172.16.112.47.10000[m::[1;35mstderr[m] 2023-09-23 23:19:06.912002: I tensorflow/core/platform/cpu_feature_guard.cc:142] This TensorFlow binary is optimized with oneAPI Deep Neural Network Library (oneDNN) to use the following CPU instructions in performance-critical operations:  SSE3 SSE4.1 SSE4.2 AVX
[[1;34m172.16.112.47.10001[m::[1;35mstderr[m] 2023-09-23 23:19:06.912002: I tensorflow/core/platform/cpu_feature_guard.cc:142] This TensorFlow binary is optimized with oneAPI Deep Neural Network Library (oneDNN) to use the following CPU instructions in performance-critical operations:  SSE3 SSE4.1 SSE4.2 AVX
[[1;32m172.16.112.47.10000[m::[1;35mstderr[m] To enable them in other operations, rebuild TensorFlow with the appropriate compiler flags.
[[1;33m172.16.112.47.10002[m::[1;35mstderr[m] 2023-09-23 23:19:06.912002: I tensorflow/core/platform/cpu_feature_guard.cc:142] This TensorFlow binary is optimized with oneAPI Deep Neural Network Library (oneDNN) to use the following CPU instructions in performance-critical operations:  SSE3 SSE4.1 SSE4.2 AVX
[[1;34m172.16.112.47.10001[m::[1;35mstderr[m] To enable them in other operations, rebuild TensorFlow with the appropriate compiler flags.
[[1;33m172.16.112.47.10002[m::[1;35mstderr[m] To enable them in other operations, rebuild TensorFlow with the appropriate compiler flags.
[[1;34m172.16.112.48.10001[m::[1;35mstderr[m] 2023-09-23 23:19:06.927225: I tensorflow/core/platform/profile_utils/cpu_utils.cc:112] CPU Frequency: 2793205000 Hz
[[1;33m172.16.112.47.10002[m::[1;35mstderr[m] 2023-09-23 23:19:06.927203: I tensorflow/core/platform/profile_utils/cpu_utils.cc:112] CPU Frequency: 2793035000 Hz
[[1;32m172.16.112.48.10000[m::[1;35mstderr[m] 2023-09-23 23:19:06.927393: I tensorflow/core/platform/profile_utils/cpu_utils.cc:112] CPU Frequency: 2793205000 Hz
[[1;34m172.16.112.47.10001[m::[1;35mstderr[m] 2023-09-23 23:19:06.927248: I tensorflow/core/platform/profile_utils/cpu_utils.cc:112] CPU Frequency: 2793035000 Hz
[[1;32m172.16.112.47.10000[m::[1;35mstderr[m] 2023-09-23 23:19:06.928114: I tensorflow/core/platform/profile_utils/cpu_utils.cc:112] CPU Frequency: 2793035000 Hz
[[1;34m172.16.112.48.10001[m::[1;35mstderr[m] 2023-09-23 23:19:06.930685: I tensorflow/compiler/xla/service/service.cc:168] XLA service 0x42a0040 initialized for platform Host (this does not guarantee that XLA will be used). Devices:
[[1;34m172.16.112.48.10001[m::[1;35mstderr[m] 2023-09-23 23:19:06.930708: I tensorflow/compiler/xla/service/service.cc:176]   StreamExecutor device (0): Host, Default Version
[[1;32m172.16.112.48.10000[m::[1;35mstderr[m] 2023-09-23 23:19:06.930940: I tensorflow/compiler/xla/service/service.cc:168] XLA service 0x4bfbc20 initialized for platform Host (this does not guarantee that XLA will be used). Devices:
[[1;32m172.16.112.48.10000[m::[1;35mstderr[m] 2023-09-23 23:19:06.930963: I tensorflow/compiler/xla/service/service.cc:176]   StreamExecutor device (0): Host, Default Version
[[1;32m172.16.112.47.10000[m::[1;35mstderr[m] 2023-09-23 23:19:06.931379: I tensorflow/compiler/xla/service/service.cc:168] XLA service 0x5a60a00 initialized for platform Host (this does not guarantee that XLA will be used). Devices:
[[1;32m172.16.112.47.10000[m::[1;35mstderr[m] 2023-09-23 23:19:06.931418: I tensorflow/compiler/xla/service/service.cc:176]   StreamExecutor device (0): Host, Default Version
[[1;33m172.16.112.47.10002[m::[1;35mstderr[m] 2023-09-23 23:19:06.931769: I tensorflow/compiler/xla/service/service.cc:168] XLA service 0x5038cf0 initialized for platform Host (this does not guarantee that XLA will be used). Devices:
[[1;33m172.16.112.47.10002[m::[1;35mstderr[m] 2023-09-23 23:19:06.931798: I tensorflow/compiler/xla/service/service.cc:176]   StreamExecutor device (0): Host, Default Version
[[1;34m172.16.112.47.10001[m::[1;35mstderr[m] 2023-09-23 23:19:06.932150: I tensorflow/compiler/xla/service/service.cc:168] XLA service 0x4730cf0 initialized for platform Host (this does not guarantee that XLA will be used). Devices:
[[1;34m172.16.112.47.10001[m::[1;35mstderr[m] 2023-09-23 23:19:06.932198: I tensorflow/compiler/xla/service/service.cc:176]   StreamExecutor device (0): Host, Default Version
[[1;32m172.16.112.48.10000[m::[1;35mstderr[m] 2023-09-23 23:19:09.275127: I tensorflow/compiler/mlir/mlir_graph_optimization_pass.cc:116] None of the MLIR optimization passes are enabled (registered 2)
[[1;34m172.16.112.47.10001[m::[1;35mstderr[m] 2023-09-23 23:19:09.276578: I tensorflow/compiler/mlir/mlir_graph_optimization_pass.cc:116] None of the MLIR optimization passes are enabled (registered 2)
[[1;33m172.16.112.47.10002[m::[1;35mstderr[m] 2023-09-23 23:19:09.277464: I tensorflow/compiler/mlir/mlir_graph_optimization_pass.cc:116] None of the MLIR optimization passes are enabled (registered 2)
[[1;34m172.16.112.48.10001[m::[1;35mstderr[m] 2023-09-23 23:19:09.278047: I tensorflow/compiler/mlir/mlir_graph_optimization_pass.cc:116] None of the MLIR optimization passes are enabled (registered 2)
[[1;32m172.16.112.47.10000[m::[1;35mstderr[m] 2023-09-23 23:19:09.278259: I tensorflow/compiler/mlir/mlir_graph_optimization_pass.cc:116] None of the MLIR optimization passes are enabled (registered 2)
